2019-02-27 20:00:59,752 - BrowserEngine -INFO -You had select Chrome browser.
2019-02-27 20:00:59,752 - BrowserEngine -INFO -You had select Chrome browser.
2019-02-27 20:00:59,752 - BrowserEngine -INFO -You had select Chrome browser.
2019-02-27 20:00:59,753 - BrowserEngine -INFO -The text url is http://127.0.0.1/forum.php.
2019-02-27 20:00:59,753 - BrowserEngine -INFO -The text url is http://127.0.0.1/forum.php.
2019-02-27 20:00:59,753 - BrowserEngine -INFO -The text url is http://127.0.0.1/forum.php.
2019-02-27 20:01:02,916 - BrowserEngine -INFO -Starting Chrome browser.
2019-02-27 20:01:02,916 - BrowserEngine -INFO -Starting Chrome browser.
2019-02-27 20:01:02,916 - BrowserEngine -INFO -Starting Chrome browser.
2019-02-27 20:01:03,306 - BrowserEngine -INFO -Open url: http://127.0.0.1/forum.php.
2019-02-27 20:01:03,306 - BrowserEngine -INFO -Open url: http://127.0.0.1/forum.php.
2019-02-27 20:01:03,306 - BrowserEngine -INFO -Open url: http://127.0.0.1/forum.php.
2019-02-27 20:01:04,420 - BrowserEngine -INFO -Maximize the current window
2019-02-27 20:01:04,420 - BrowserEngine -INFO -Maximize the current window
2019-02-27 20:01:04,420 - BrowserEngine -INFO -Maximize the current window
2019-02-27 20:01:04,421 - BrowserEngine -INFO -Set implicitly wait 10 seconds.
2019-02-27 20:01:04,421 - BrowserEngine -INFO -Set implicitly wait 10 seconds.
2019-02-27 20:01:04,421 - BrowserEngine -INFO -Set implicitly wait 10 seconds.
2019-02-27 20:01:04,451 - BasePage -INFO -找到页面元素--('id', 'ls_username')
2019-02-27 20:01:04,451 - BasePage -INFO -找到页面元素--('id', 'ls_username')
2019-02-27 20:01:04,451 - BasePage -INFO -找到页面元素--('id', 'ls_username')
2019-02-27 20:01:04,531 - BasePage -INFO -输入内容：123456
2019-02-27 20:01:04,531 - BasePage -INFO -输入内容：123456
2019-02-27 20:01:04,531 - BasePage -INFO -输入内容：123456
2019-02-27 20:01:04,559 - BasePage -INFO -找到页面元素--('id', 'ls_password')
2019-02-27 20:01:04,559 - BasePage -INFO -找到页面元素--('id', 'ls_password')
2019-02-27 20:01:04,559 - BasePage -INFO -找到页面元素--('id', 'ls_password')
2019-02-27 20:01:04,613 - BasePage -INFO -输入内容：123456
2019-02-27 20:01:04,613 - BasePage -INFO -输入内容：123456
2019-02-27 20:01:04,613 - BasePage -INFO -输入内容：123456
2019-02-27 20:01:04,642 - BasePage -INFO -找到页面元素--('css selector', 'tbody tr:nth-child(2) td:nth-child(3) button')
2019-02-27 20:01:04,642 - BasePage -INFO -找到页面元素--('css selector', 'tbody tr:nth-child(2) td:nth-child(3) button')
2019-02-27 20:01:04,642 - BasePage -INFO -找到页面元素--('css selector', 'tbody tr:nth-child(2) td:nth-child(3) button')
2019-02-27 20:01:04,693 - BasePage -INFO -点击按钮:('css selector', 'tbody tr:nth-child(2) td:nth-child(3) button')
2019-02-27 20:01:04,693 - BasePage -INFO -点击按钮:('css selector', 'tbody tr:nth-child(2) td:nth-child(3) button')
2019-02-27 20:01:04,693 - BasePage -INFO -点击按钮:('css selector', 'tbody tr:nth-child(2) td:nth-child(3) button')
2019-02-27 20:01:04,698 - BasePage -INFO -激活当前窗口成功
2019-02-27 20:01:04,698 - BasePage -INFO -激活当前窗口成功
2019-02-27 20:01:04,698 - BasePage -INFO -激活当前窗口成功
2019-02-27 20:01:07,731 - BasePage -INFO -找到页面元素--('xpath', '//*[@id="category_1"]/table/tbody/tr[1]/td[2]/h2/a')
2019-02-27 20:01:07,731 - BasePage -INFO -找到页面元素--('xpath', '//*[@id="category_1"]/table/tbody/tr[1]/td[2]/h2/a')
2019-02-27 20:01:07,731 - BasePage -INFO -找到页面元素--('xpath', '//*[@id="category_1"]/table/tbody/tr[1]/td[2]/h2/a')
2019-02-27 20:01:08,054 - BasePage -INFO -点击按钮:('xpath', '//*[@id="category_1"]/table/tbody/tr[1]/td[2]/h2/a')
2019-02-27 20:01:08,054 - BasePage -INFO -点击按钮:('xpath', '//*[@id="category_1"]/table/tbody/tr[1]/td[2]/h2/a')
2019-02-27 20:01:08,054 - BasePage -INFO -点击按钮:('xpath', '//*[@id="category_1"]/table/tbody/tr[1]/td[2]/h2/a')
2019-02-27 20:01:08,096 - BasePage -INFO -找到页面元素--('id', 'newspecial')
2019-02-27 20:01:08,096 - BasePage -INFO -找到页面元素--('id', 'newspecial')
2019-02-27 20:01:08,096 - BasePage -INFO -找到页面元素--('id', 'newspecial')
2019-02-27 20:01:08,125 - BasePage -INFO -悬停成功
2019-02-27 20:01:08,125 - BasePage -INFO -悬停成功
2019-02-27 20:01:08,125 - BasePage -INFO -悬停成功
2019-02-27 20:01:08,157 - BasePage -INFO -找到页面元素--('css selector', '#newspecial_menu > li.poll > a')
2019-02-27 20:01:08,157 - BasePage -INFO -找到页面元素--('css selector', '#newspecial_menu > li.poll > a')
2019-02-27 20:01:08,157 - BasePage -INFO -找到页面元素--('css selector', '#newspecial_menu > li.poll > a')
2019-02-27 20:01:08,521 - BasePage -INFO -点击按钮:('css selector', '#newspecial_menu > li.poll > a')
2019-02-27 20:01:08,521 - BasePage -INFO -点击按钮:('css selector', '#newspecial_menu > li.poll > a')
2019-02-27 20:01:08,521 - BasePage -INFO -点击按钮:('css selector', '#newspecial_menu > li.poll > a')
2019-02-27 20:01:08,529 - BasePage -INFO -激活当前窗口成功
2019-02-27 20:01:08,529 - BasePage -INFO -激活当前窗口成功
2019-02-27 20:01:08,529 - BasePage -INFO -激活当前窗口成功
2019-02-27 20:01:08,532 - BasePage -ERROR -<pageobjects.discuz04.FourDiscuz object at 0x000001CF3A3B2630>页面中没有找到('subject',)元素
2019-02-27 20:01:08,532 - BasePage -ERROR -<pageobjects.discuz04.FourDiscuz object at 0x000001CF3A3B2630>页面中没有找到('subject',)元素
2019-02-27 20:01:08,532 - BasePage -ERROR -<pageobjects.discuz04.FourDiscuz object at 0x000001CF3A3B2630>页面中没有找到('subject',)元素
2019-02-27 20:01:08,532 - BasePage -ERROR -failed输入内容：'NoneType' object has no attribute 'send_keys'
2019-02-27 20:01:08,532 - BasePage -ERROR -failed输入内容：'NoneType' object has no attribute 'send_keys'
2019-02-27 20:01:08,532 - BasePage -ERROR -failed输入内容：'NoneType' object has no attribute 'send_keys'
2019-02-27 20:01:08,536 - BasePage -ERROR -<pageobjects.discuz04.FourDiscuz object at 0x000001CF3A3B2630>页面中没有找到('#pollm_c_1 > p:nth-child(1) > input',)元素
2019-02-27 20:01:08,536 - BasePage -ERROR -<pageobjects.discuz04.FourDiscuz object at 0x000001CF3A3B2630>页面中没有找到('#pollm_c_1 > p:nth-child(1) > input',)元素
2019-02-27 20:01:08,536 - BasePage -ERROR -<pageobjects.discuz04.FourDiscuz object at 0x000001CF3A3B2630>页面中没有找到('#pollm_c_1 > p:nth-child(1) > input',)元素
2019-02-27 20:01:08,536 - BasePage -ERROR -failed输入内容：'NoneType' object has no attribute 'send_keys'
2019-02-27 20:01:08,536 - BasePage -ERROR -failed输入内容：'NoneType' object has no attribute 'send_keys'
2019-02-27 20:01:08,536 - BasePage -ERROR -failed输入内容：'NoneType' object has no attribute 'send_keys'
2019-02-27 20:01:08,541 - BasePage -ERROR -<pageobjects.discuz04.FourDiscuz object at 0x000001CF3A3B2630>页面中没有找到('#pollm_c_1 > p:nth-child(2) > input',)元素
2019-02-27 20:01:08,541 - BasePage -ERROR -<pageobjects.discuz04.FourDiscuz object at 0x000001CF3A3B2630>页面中没有找到('#pollm_c_1 > p:nth-child(2) > input',)元素
2019-02-27 20:01:08,541 - BasePage -ERROR -<pageobjects.discuz04.FourDiscuz object at 0x000001CF3A3B2630>页面中没有找到('#pollm_c_1 > p:nth-child(2) > input',)元素
2019-02-27 20:01:08,541 - BasePage -ERROR -failed输入内容：'NoneType' object has no attribute 'send_keys'
2019-02-27 20:01:08,541 - BasePage -ERROR -failed输入内容：'NoneType' object has no attribute 'send_keys'
2019-02-27 20:01:08,541 - BasePage -ERROR -failed输入内容：'NoneType' object has no attribute 'send_keys'
2019-02-27 20:01:08,544 - BasePage -ERROR -<pageobjects.discuz04.FourDiscuz object at 0x000001CF3A3B2630>页面中没有找到('#pollm_c_1 > p:nth-child(3) > input',)元素
2019-02-27 20:01:08,544 - BasePage -ERROR -<pageobjects.discuz04.FourDiscuz object at 0x000001CF3A3B2630>页面中没有找到('#pollm_c_1 > p:nth-child(3) > input',)元素
2019-02-27 20:01:08,544 - BasePage -ERROR -<pageobjects.discuz04.FourDiscuz object at 0x000001CF3A3B2630>页面中没有找到('#pollm_c_1 > p:nth-child(3) > input',)元素
2019-02-27 20:01:08,545 - BasePage -ERROR -failed输入内容：'NoneType' object has no attribute 'send_keys'
2019-02-27 20:01:08,545 - BasePage -ERROR -failed输入内容：'NoneType' object has no attribute 'send_keys'
2019-02-27 20:01:08,545 - BasePage -ERROR -failed输入内容：'NoneType' object has no attribute 'send_keys'
2019-02-27 20:01:08,581 - BasePage -INFO -找到页面元素--('id', 'postsubmit')
2019-02-27 20:01:08,581 - BasePage -INFO -找到页面元素--('id', 'postsubmit')
2019-02-27 20:01:08,581 - BasePage -INFO -找到页面元素--('id', 'postsubmit')
2019-02-27 20:01:08,716 - BasePage -INFO -点击按钮:('id', 'postsubmit')
2019-02-27 20:01:08,716 - BasePage -INFO -点击按钮:('id', 'postsubmit')
2019-02-27 20:01:08,716 - BasePage -INFO -点击按钮:('id', 'postsubmit')
2019-02-27 20:01:15,812 - BasePage -ERROR -<pageobjects.discuz04.FourDiscuz object at 0x000001CF3A3B2630>页面中没有找到('id', 'option_1')元素
2019-02-27 20:01:15,812 - BasePage -ERROR -<pageobjects.discuz04.FourDiscuz object at 0x000001CF3A3B2630>页面中没有找到('id', 'option_1')元素
2019-02-27 20:01:15,812 - BasePage -ERROR -<pageobjects.discuz04.FourDiscuz object at 0x000001CF3A3B2630>页面中没有找到('id', 'option_1')元素
2019-02-27 20:01:15,812 - BasePage -ERROR -点击按钮失败:('id', 'option_1')
2019-02-27 20:01:15,812 - BasePage -ERROR -点击按钮失败:('id', 'option_1')
2019-02-27 20:01:15,812 - BasePage -ERROR -点击按钮失败:('id', 'option_1')
2019-02-27 20:01:18,312 - BasePage -ERROR -<pageobjects.discuz04.FourDiscuz object at 0x000001CF3A3B2630>页面中没有找到('name', 'pollsubmit')元素
2019-02-27 20:01:18,312 - BasePage -ERROR -<pageobjects.discuz04.FourDiscuz object at 0x000001CF3A3B2630>页面中没有找到('name', 'pollsubmit')元素
2019-02-27 20:01:18,312 - BasePage -ERROR -<pageobjects.discuz04.FourDiscuz object at 0x000001CF3A3B2630>页面中没有找到('name', 'pollsubmit')元素
2019-02-27 20:01:18,312 - BasePage -ERROR -点击按钮失败:('name', 'pollsubmit')
2019-02-27 20:01:18,312 - BasePage -ERROR -点击按钮失败:('name', 'pollsubmit')
2019-02-27 20:01:18,312 - BasePage -ERROR -点击按钮失败:('name', 'pollsubmit')
2019-02-27 20:01:18,314 - BasePage -ERROR -激活当前窗口失败
2019-02-27 20:01:18,314 - BasePage -ERROR -激活当前窗口失败
2019-02-27 20:01:18,314 - BasePage -ERROR -激活当前窗口失败
2019-02-27 20:01:18,318 - BasePage -ERROR -<pageobjects.discuz04.FourDiscuz object at 0x000001CF3A3B2630>页面中没有找到('id', 'thread_subject')元素
2019-02-27 20:01:18,318 - BasePage -ERROR -<pageobjects.discuz04.FourDiscuz object at 0x000001CF3A3B2630>页面中没有找到('id', 'thread_subject')元素
2019-02-27 20:01:18,318 - BasePage -ERROR -<pageobjects.discuz04.FourDiscuz object at 0x000001CF3A3B2630>页面中没有找到('id', 'thread_subject')元素
2019-02-27 20:01:18,319 - BasePage -ERROR -获取('id', 'thread_subject')元素text失败。
2019-02-27 20:01:18,319 - BasePage -ERROR -获取('id', 'thread_subject')元素text失败。
2019-02-27 20:01:18,319 - BasePage -ERROR -获取('id', 'thread_subject')元素text失败。
2019-02-27 20:01:18,321 - BasePage -ERROR -<pageobjects.discuz04.FourDiscuz object at 0x000001CF3A3B2630>页面中没有找到('css selector', 'td.pvt label')元素
2019-02-27 20:01:18,321 - BasePage -ERROR -<pageobjects.discuz04.FourDiscuz object at 0x000001CF3A3B2630>页面中没有找到('css selector', 'td.pvt label')元素
2019-02-27 20:01:18,321 - BasePage -ERROR -<pageobjects.discuz04.FourDiscuz object at 0x000001CF3A3B2630>页面中没有找到('css selector', 'td.pvt label')元素
2019-02-27 20:01:18,324 - BasePage -ERROR -<pageobjects.discuz04.FourDiscuz object at 0x000001CF3A3B2630>页面中没有找到('css selector', 'div.pcbs form  tr > td:nth-child(2)')元素
2019-02-27 20:01:18,324 - BasePage -ERROR -<pageobjects.discuz04.FourDiscuz object at 0x000001CF3A3B2630>页面中没有找到('css selector', 'div.pcbs form  tr > td:nth-child(2)')元素
2019-02-27 20:01:18,324 - BasePage -ERROR -<pageobjects.discuz04.FourDiscuz object at 0x000001CF3A3B2630>页面中没有找到('css selector', 'div.pcbs form  tr > td:nth-child(2)')元素
2019-02-27 20:01:18,324 - BrowserEngine -INFO -Now Close and quit the browser.
2019-02-27 20:01:18,324 - BrowserEngine -INFO -Now Close and quit the browser.
2019-02-27 20:01:18,324 - BrowserEngine -INFO -Now Close and quit the browser.
