2019-02-27 09:17:30,564 - BrowserEngine -INFO -You had select Chrome browser.
2019-02-27 09:17:30,564 - BrowserEngine -INFO -The text url is http://127.0.0.1/forum.php.
2019-02-27 09:17:33,794 - BrowserEngine -INFO -Starting Chrome browser.
2019-02-27 09:17:34,282 - BrowserEngine -INFO -Open url: http://127.0.0.1/forum.php.
2019-02-27 09:17:35,404 - BrowserEngine -INFO -Maximize the current window
2019-02-27 09:17:35,406 - BrowserEngine -INFO -Set implicitly wait 10 seconds.
2019-02-27 09:17:35,457 - BasePage -INFO -找到页面元素--('id', 'ls_username')
2019-02-27 09:17:35,523 - BasePage -INFO -输入内容：123456
2019-02-27 09:17:35,551 - BasePage -INFO -找到页面元素--('id', 'ls_password')
2019-02-27 09:17:35,607 - BasePage -INFO -输入内容：123456
2019-02-27 09:17:35,637 - BasePage -INFO -找到页面元素--('css selector', 'tbody tr:nth-child(2) td:nth-child(3) button')
2019-02-27 09:17:35,687 - BasePage -INFO -点击按钮:('css selector', 'tbody tr:nth-child(2) td:nth-child(3) button')
2019-02-27 09:17:35,692 - BasePage -INFO -激活当前窗口成功
2019-02-27 09:17:38,723 - BasePage -INFO -找到页面元素--('xpath', '//*[@id="category_1"]/table/tbody/tr[1]/td[2]/h2/a')
2019-02-27 09:17:39,009 - BasePage -INFO -点击按钮:('xpath', '//*[@id="category_1"]/table/tbody/tr[1]/td[2]/h2/a')
2019-02-27 09:17:39,086 - BasePage -INFO -找到页面元素--('id', 'newspecial')
2019-02-27 09:17:39,449 - BasePage -INFO -点击按钮:('id', 'newspecial')
2019-02-27 09:17:39,485 - BasePage -INFO -找到页面元素--('name', 'subject')
2019-02-27 09:17:39,554 - BasePage -INFO -输入内容：新帖1
2019-02-27 09:17:39,569 - BasePage -INFO -发现frame
2019-02-27 09:17:39,598 - BasePage -INFO -找到页面元素--('css selector', 'body')
2019-02-27 09:17:39,656 - BasePage -INFO -输入内容：新帖的内容
2019-02-27 09:17:39,660 - BasePage -INFO -激活当前窗口成功
2019-02-27 09:17:39,690 - BasePage -INFO -找到页面元素--('id', 'postsubmit')
2019-02-27 09:17:39,792 - BasePage -INFO -点击按钮:('id', 'postsubmit')
2019-02-27 09:17:39,795 - BrowserEngine -INFO -Now Close and quit the browser.
