2019-02-27 20:48:39,579 - BrowserEngine -INFO -You had select Chrome browser.
2019-02-27 20:48:39,579 - BrowserEngine -INFO -The text url is http://127.0.0.1/forum.php.
2019-02-27 20:48:42,808 - BrowserEngine -INFO -Starting Chrome browser.
2019-02-27 20:48:43,237 - BrowserEngine -INFO -Open url: http://127.0.0.1/forum.php.
2019-02-27 20:48:44,351 - BrowserEngine -INFO -Maximize the current window
2019-02-27 20:48:44,352 - BrowserEngine -INFO -Set implicitly wait 10 seconds.
2019-02-27 20:48:44,383 - BasePage -INFO -找到页面元素--('id', 'ls_username')
2019-02-27 20:48:44,456 - BasePage -INFO -输入内容：123456
2019-02-27 20:48:44,485 - BasePage -INFO -找到页面元素--('id', 'ls_password')
2019-02-27 20:48:44,555 - BasePage -INFO -输入内容：123456
2019-02-27 20:48:44,589 - BasePage -INFO -找到页面元素--('css selector', 'tbody tr:nth-child(2) td:nth-child(3) button')
2019-02-27 20:48:44,655 - BasePage -INFO -点击按钮:('css selector', 'tbody tr:nth-child(2) td:nth-child(3) button')
2019-02-27 20:48:48,702 - BasePage -INFO -找到页面元素--('css selector', '#scbar_txt')
2019-02-27 20:48:48,762 - BasePage -INFO -输入内容：haotest
2019-02-27 20:48:48,789 - BasePage -INFO -找到页面元素--('id', 'scbar_btn')
2019-02-27 20:48:48,860 - BasePage -INFO -点击按钮:('id', 'scbar_btn')
2019-02-27 20:48:48,864 - BasePage -INFO -激活第1个窗口成功
2019-02-27 20:48:48,871 - BasePage -INFO -激活当前窗口成功
2019-02-27 20:48:49,920 - BasePage -INFO -找到页面元素--('css selector', 'h3 a')
2019-02-27 20:48:49,988 - BasePage -INFO -点击按钮:('css selector', 'h3 a')
2019-02-27 20:48:49,993 - BasePage -INFO -激活第2个窗口成功
2019-02-27 20:48:49,997 - BasePage -INFO -激活当前窗口成功
2019-02-27 20:48:51,091 - BasePage -INFO -找到页面元素--('id', 'thread_subject')
2019-02-27 20:48:51,114 - BasePage -INFO -获取<selenium.webdriver.remote.webelement.WebElement (session="637edcffd68cf113bfc6f2372ff3f354", element="0.4210506548150321-1")>元素text成功。
2019-02-27 20:48:51,114 - BrowserEngine -INFO -Now Close and quit the browser.
