2019-02-27 14:02:15,531 - BrowserEngine -INFO -You had select Chrome browser.
2019-02-27 14:02:15,531 - BrowserEngine -INFO -The text url is http://127.0.0.1/forum.php.
2019-02-27 14:02:18,808 - BrowserEngine -INFO -Starting Chrome browser.
2019-02-27 14:02:19,200 - BrowserEngine -INFO -Open url: http://127.0.0.1/forum.php.
2019-02-27 14:02:20,363 - BrowserEngine -INFO -Maximize the current window
2019-02-27 14:02:20,363 - BrowserEngine -INFO -Set implicitly wait 10 seconds.
2019-02-27 14:02:20,425 - BasePage -INFO -找到页面元素--('id', 'ls_username')
2019-02-27 14:02:20,500 - BasePage -INFO -输入内容：admin
2019-02-27 14:02:20,530 - BasePage -INFO -找到页面元素--('id', 'ls_password')
2019-02-27 14:02:20,588 - BasePage -INFO -输入内容：admin
2019-02-27 14:02:20,616 - BasePage -INFO -找到页面元素--('css selector', 'tbody tr:nth-child(2) td:nth-child(3) button')
2019-02-27 14:02:20,662 - BasePage -INFO -点击按钮:('css selector', 'tbody tr:nth-child(2) td:nth-child(3) button')
2019-02-27 14:02:20,667 - BasePage -INFO -激活当前窗口成功
2019-02-27 14:02:23,692 - BasePage -INFO -找到页面元素--('xpath', '//*[@id="category_1"]/table/tbody/tr[1]/td[2]/h2/a')
2019-02-27 14:02:24,047 - BasePage -INFO -点击按钮:('xpath', '//*[@id="category_1"]/table/tbody/tr[1]/td[2]/h2/a')
2019-02-27 14:02:24,053 - BasePage -INFO -激活当前窗口成功
2019-02-27 14:02:27,095 - BasePage -INFO -找到页面元素--('name', 'moderate[]')
2019-02-27 14:02:27,146 - BasePage -INFO -点击按钮:('name', 'moderate[]')
2019-02-27 14:02:27,182 - BasePage -INFO -找到页面元素--('css selector', '#mdly > p:nth-child(6) > strong:nth-child(1) > a')
2019-02-27 14:02:27,337 - BasePage -INFO -点击按钮:('css selector', '#mdly > p:nth-child(6) > strong:nth-child(1) > a')
2019-02-27 14:02:27,382 - BasePage -INFO -找到页面元素--('name', 'modsubmit')
2019-02-27 14:02:27,736 - BasePage -INFO -点击按钮:('name', 'modsubmit')
2019-02-27 14:02:27,741 - BasePage -INFO -激活当前窗口成功
2019-02-27 14:02:27,779 - BasePage -INFO -找到页面元素--('xpath', '//*[@id="um"]/p[1]/a[6]')
2019-02-27 14:02:27,865 - BasePage -INFO -点击按钮:('xpath', '//*[@id="um"]/p[1]/a[6]')
2019-02-27 14:02:27,871 - BasePage -INFO -激活第1个窗口成功
2019-02-27 14:02:27,876 - BasePage -INFO -激活当前窗口成功
2019-02-27 14:02:28,939 - BasePage -INFO -找到页面元素--('id', 'header_forum')
2019-02-27 14:02:28,994 - BasePage -INFO -点击按钮:('id', 'header_forum')
2019-02-27 14:02:28,998 - BasePage -INFO -激活当前窗口成功
2019-02-27 14:02:29,014 - BasePage -INFO -发现frame
2019-02-27 14:02:29,233 - BasePage -INFO -找到页面元素--('css selector', '#cpform > table > tbody:nth-child(3) > tr > td:nth-child(2) > div > a')
2019-02-27 14:02:29,330 - BasePage -INFO -点击按钮:('css selector', '#cpform > table > tbody:nth-child(3) > tr > td:nth-child(2) > div > a')
2019-02-27 14:02:29,360 - BasePage -INFO -找到页面元素--('id', 'submit_editsubmit')
2019-02-27 14:02:29,562 - BasePage -INFO -点击按钮:('id', 'submit_editsubmit')
2019-02-27 14:02:29,565 - BasePage -INFO -激活当前窗口成功
2019-02-27 14:02:29,592 - BasePage -INFO -找到页面元素--('css selector', '#frameuinfo> p:nth-child(1) > a')
2019-02-27 14:02:29,850 - BasePage -INFO -点击按钮:('css selector', '#frameuinfo> p:nth-child(1) > a')
2019-02-27 14:02:29,856 - BasePage -INFO -激活当前窗口成功
2019-02-27 14:02:36,907 - BasePage -ERROR -<pageobjects.discuz02.TwoDiscuz object at 0x0000020BF64E54A8>页面中没有找到('css selector', 'um > p:nth-child(2) > a:nth-child(18)')元素
2019-02-27 14:02:36,907 - BasePage -ERROR -点击按钮失败:('css selector', 'um > p:nth-child(2) > a:nth-child(18)')
2019-02-27 14:02:43,989 - BasePage -ERROR -<pageobjects.discuz01.OneDiscuz object at 0x0000020BF64F55C0>页面中没有找到('id', 'ls_username')元素
2019-02-27 14:02:43,989 - BasePage -ERROR -failed输入内容：'NoneType' object has no attribute 'send_keys'
2019-02-27 14:02:51,098 - BasePage -ERROR -<pageobjects.discuz01.OneDiscuz object at 0x0000020BF64F55C0>页面中没有找到('id', 'ls_password')元素
2019-02-27 14:02:51,098 - BasePage -ERROR -failed输入内容：'NoneType' object has no attribute 'send_keys'
2019-02-27 14:02:58,219 - BasePage -ERROR -<pageobjects.discuz01.OneDiscuz object at 0x0000020BF64F55C0>页面中没有找到('css selector', 'tbody tr:nth-child(2) td:nth-child(3) button')元素
2019-02-27 14:02:58,219 - BasePage -ERROR -点击按钮失败:('css selector', 'tbody tr:nth-child(2) td:nth-child(3) button')
2019-02-27 14:02:58,221 - BrowserEngine -INFO -Now Close and quit the browser.
