2019-02-28 09:02:54,942 - BrowserEngine -INFO -You had select Chrome browser.
2019-02-28 09:02:54,942 - BrowserEngine -INFO -The text url is http://127.0.0.1/forum.php.
2019-02-28 09:02:58,229 - BrowserEngine -INFO -Starting Chrome browser.
2019-02-28 09:02:58,624 - BrowserEngine -INFO -Open url: http://127.0.0.1/forum.php.
2019-02-28 09:02:59,768 - BrowserEngine -INFO -Maximize the current window
2019-02-28 09:02:59,772 - BrowserEngine -INFO -Set implicitly wait 10 seconds.
2019-02-28 09:02:59,866 - BasePage -INFO -找到页面元素--('id', 'ls_username')
2019-02-28 09:02:59,963 - BasePage -INFO -输入内容：admin
2019-02-28 09:02:59,995 - BasePage -INFO -找到页面元素--('id', 'ls_password')
2019-02-28 09:03:00,065 - BasePage -INFO -输入内容：admin
2019-02-28 09:03:00,105 - BasePage -INFO -找到页面元素--('css selector', 'tbody tr:nth-child(2) td:nth-child(3) button')
2019-02-28 09:03:00,164 - BasePage -INFO -点击按钮:('css selector', 'tbody tr:nth-child(2) td:nth-child(3) button')
2019-02-28 09:03:00,172 - BasePage -INFO -激活当前窗口成功
2019-02-28 09:03:03,249 - BasePage -INFO -找到页面元素--('xpath', '//*[@id="category_1"]/table/tbody/tr[1]/td[2]/h2/a')
2019-02-28 09:03:03,553 - BasePage -INFO -点击按钮:('xpath', '//*[@id="category_1"]/table/tbody/tr[1]/td[2]/h2/a')
2019-02-28 09:03:03,557 - BasePage -INFO -激活当前窗口成功
2019-02-28 09:03:06,659 - BasePage -INFO -找到页面元素--('name', 'moderate[]')
2019-02-28 09:03:06,739 - BasePage -INFO -点击按钮:('name', 'moderate[]')
2019-02-28 09:03:06,783 - BasePage -INFO -找到页面元素--('css selector', '#mdly > p:nth-child(6) > strong:nth-child(1) > a')
2019-02-28 09:03:06,964 - BasePage -INFO -点击按钮:('css selector', '#mdly > p:nth-child(6) > strong:nth-child(1) > a')
2019-02-28 09:03:07,008 - BasePage -INFO -找到页面元素--('name', 'modsubmit')
2019-02-28 09:03:07,458 - BasePage -INFO -点击按钮:('name', 'modsubmit')
2019-02-28 09:03:07,466 - BasePage -INFO -激活当前窗口成功
2019-02-28 09:03:07,512 - BasePage -INFO -找到页面元素--('xpath', '//*[@id="um"]/p[1]/a[6]')
2019-02-28 09:03:07,600 - BasePage -INFO -点击按钮:('xpath', '//*[@id="um"]/p[1]/a[6]')
2019-02-28 09:03:07,604 - BasePage -INFO -激活第1个窗口成功
2019-02-28 09:03:08,666 - BasePage -INFO -找到页面元素--('name', 'admin_password')
2019-02-28 09:03:08,714 - BasePage -INFO -输入内容：admin
2019-02-28 09:03:08,742 - BasePage -INFO -找到页面元素--('name', 'submit')
2019-02-28 09:03:31,656 - BasePage -INFO -点击按钮:('name', 'submit')
2019-02-28 09:03:31,660 - BasePage -INFO -激活当前窗口成功
2019-02-28 09:03:31,685 - BasePage -INFO -找到页面元素--('id', 'header_forum')
2019-02-28 09:03:31,910 - BasePage -INFO -点击按钮:('id', 'header_forum')
2019-02-28 09:03:31,914 - BasePage -INFO -激活当前窗口成功
2019-02-28 09:03:31,930 - BasePage -INFO -发现frame
2019-02-28 09:03:31,962 - BasePage -INFO -找到页面元素--('css selector', '#cpform > table > tbody:nth-child(3) > tr > td:nth-child(2) > div > a')
2019-02-28 09:03:32,074 - BasePage -INFO -点击按钮:('css selector', '#cpform > table > tbody:nth-child(3) > tr > td:nth-child(2) > div > a')
2019-02-28 09:03:32,102 - BasePage -INFO -找到页面元素--('id', 'submit_editsubmit')
2019-02-28 09:03:32,311 - BasePage -INFO -点击按钮:('id', 'submit_editsubmit')
2019-02-28 09:03:32,315 - BasePage -INFO -激活当前窗口成功
2019-02-28 09:03:32,343 - BasePage -INFO -找到页面元素--('css selector', '#frameuinfo> p:nth-child(1) > a')
2019-02-28 09:03:32,680 - BasePage -INFO -点击按钮:('css selector', '#frameuinfo> p:nth-child(1) > a')
2019-02-28 09:03:32,684 - BasePage -INFO -激活当前窗口成功
2019-02-28 09:03:32,712 - BasePage -INFO -找到页面元素--('css selector', '#um > p:nth-child(2) > a:nth-child(18)')
2019-02-28 09:03:32,946 - BasePage -INFO -点击按钮:('css selector', '#um > p:nth-child(2) > a:nth-child(18)')
2019-02-28 09:03:35,215 - BasePage -INFO -找到页面元素--('id', 'ls_username')
2019-02-28 09:03:35,272 - BasePage -INFO -输入内容：123456
2019-02-28 09:03:35,296 - BasePage -INFO -找到页面元素--('id', 'ls_password')
2019-02-28 09:03:35,352 - BasePage -INFO -输入内容：123456
2019-02-28 09:03:35,380 - BasePage -INFO -找到页面元素--('css selector', 'tbody tr:nth-child(2) td:nth-child(3) button')
2019-02-28 09:03:35,425 - BasePage -INFO -点击按钮:('css selector', 'tbody tr:nth-child(2) td:nth-child(3) button')
2019-02-28 09:03:38,435 - BasePage -INFO -激活当前窗口成功
2019-02-28 09:03:38,512 - BasePage -INFO -找到页面元素--('css selector', '#category_1 > table > tbody > tr:nth-child(1) > td:nth-child(2) > h2 > a')
2019-02-28 09:03:38,727 - BasePage -INFO -点击按钮:('css selector', '#category_1 > table > tbody > tr:nth-child(1) > td:nth-child(2) > h2 > a')
2019-02-28 09:03:38,759 - BasePage -INFO -找到页面元素--('id', 'newspecial')
2019-02-28 09:03:39,076 - BasePage -INFO -点击按钮:('id', 'newspecial')
2019-02-28 09:03:39,107 - BasePage -INFO -找到页面元素--('name', 'subject')
2019-02-28 09:03:39,167 - BasePage -INFO -输入内容：新帖2
2019-02-28 09:03:39,183 - BasePage -INFO -发现frame
2019-02-28 09:03:39,207 - BasePage -INFO -找到页面元素--('css selector', 'body')
2019-02-28 09:03:39,278 - BasePage -INFO -输入内容：新帖2的内容
2019-02-28 09:03:39,282 - BasePage -INFO -激活当前窗口成功
2019-02-28 09:03:39,314 - BasePage -INFO -找到页面元素--('id', 'postsubmit')
2019-02-28 09:03:39,404 - BasePage -INFO -点击按钮:('id', 'postsubmit')
2019-02-28 09:03:39,408 - BasePage -INFO -激活当前窗口成功
2019-02-28 09:03:40,452 - BasePage -INFO -找到页面元素--('id', 'fastpostmessage')
2019-02-28 09:03:40,594 - BasePage -INFO -输入内容：新帖2的回复内容
2019-02-28 09:03:40,622 - BasePage -INFO -找到页面元素--('id', 'fastpostsubmit')
2019-02-28 09:03:40,850 - BasePage -INFO -点击按钮:('id', 'fastpostsubmit')
2019-02-28 09:03:40,850 - BrowserEngine -INFO -Now Close and quit the browser.
