2019-02-28 09:03:59,593 - BrowserEngine -INFO -You had select Chrome browser.
2019-02-28 09:03:59,593 - BrowserEngine -INFO -The text url is http://127.0.0.1/forum.php.
2019-02-28 09:04:02,937 - BrowserEngine -INFO -Starting Chrome browser.
2019-02-28 09:04:03,328 - BrowserEngine -INFO -Open url: http://127.0.0.1/forum.php.
2019-02-28 09:04:04,466 - BrowserEngine -INFO -Maximize the current window
2019-02-28 09:04:04,466 - BrowserEngine -INFO -Set implicitly wait 10 seconds.
2019-02-28 09:04:04,482 - BasePage -INFO -找到页面元素--('id', 'ls_username')
2019-02-28 09:04:04,556 - BasePage -INFO -输入内容：123456
2019-02-28 09:04:04,588 - BasePage -INFO -找到页面元素--('id', 'ls_password')
2019-02-28 09:04:04,642 - BasePage -INFO -输入内容：123456
2019-02-28 09:04:04,670 - BasePage -INFO -找到页面元素--('css selector', 'tbody tr:nth-child(2) td:nth-child(3) button')
2019-02-28 09:04:04,723 - BasePage -INFO -点击按钮:('css selector', 'tbody tr:nth-child(2) td:nth-child(3) button')
2019-02-28 09:04:08,797 - BasePage -INFO -找到页面元素--('css selector', '#scbar_txt')
2019-02-28 09:04:08,858 - BasePage -INFO -输入内容：haotest
2019-02-28 09:04:08,886 - BasePage -INFO -找到页面元素--('id', 'scbar_btn')
2019-02-28 09:04:08,949 - BasePage -INFO -点击按钮:('id', 'scbar_btn')
2019-02-28 09:04:08,957 - BasePage -INFO -激活第1个窗口成功
2019-02-28 09:04:08,961 - BasePage -INFO -激活当前窗口成功
2019-02-28 09:04:10,018 - BasePage -INFO -找到页面元素--('css selector', 'h3 a')
2019-02-28 09:04:10,085 - BasePage -INFO -点击按钮:('css selector', 'h3 a')
2019-02-28 09:04:10,089 - BasePage -INFO -激活第2个窗口成功
2019-02-28 09:04:10,093 - BasePage -INFO -激活当前窗口成功
2019-02-28 09:04:11,143 - BasePage -INFO -找到页面元素--('id', 'thread_subject')
2019-02-28 09:04:11,175 - BasePage -INFO -获取<selenium.webdriver.remote.webelement.WebElement (session="2eef4b2bc72657fe8667862b4c49874e", element="0.2215368428791129-1")>元素text成功。
2019-02-28 09:04:11,175 - BrowserEngine -INFO -Now Close and quit the browser.
