2019-02-27 09:24:21,436 - BrowserEngine -INFO -You had select Chrome browser.
2019-02-27 09:24:21,436 - BrowserEngine -INFO -The text url is http://127.0.0.1/forum.php.
2019-02-27 09:24:24,711 - BrowserEngine -INFO -Starting Chrome browser.
2019-02-27 09:24:25,157 - BrowserEngine -INFO -Open url: http://127.0.0.1/forum.php.
2019-02-27 09:24:26,272 - BrowserEngine -INFO -Maximize the current window
2019-02-27 09:24:26,274 - BrowserEngine -INFO -Set implicitly wait 10 seconds.
2019-02-27 09:24:26,309 - BasePage -INFO -找到页面元素--('id', 'ls_username')
2019-02-27 09:24:26,377 - BasePage -INFO -输入内容：123456
2019-02-27 09:24:26,406 - BasePage -INFO -找到页面元素--('id', 'ls_password')
2019-02-27 09:24:26,460 - BasePage -INFO -输入内容：123456
2019-02-27 09:24:26,492 - BasePage -INFO -找到页面元素--('css selector', 'tbody tr:nth-child(2) td:nth-child(3) button')
2019-02-27 09:24:26,543 - BasePage -INFO -点击按钮:('css selector', 'tbody tr:nth-child(2) td:nth-child(3) button')
2019-02-27 09:24:26,548 - BasePage -INFO -激活当前窗口成功
2019-02-27 09:24:35,569 - BasePage -ERROR -<pageobjects.discuz01.OneDiscuz object at 0x000002BBD08172B0>页面中没有找到('xpath', '//*[@id="category_1"]/table/tbody/tr[1]/td[2]/h2/a')元素
2019-02-27 09:24:35,570 - BrowserEngine -INFO -Now Close and quit the browser.
2019-02-27 09:24:50,149 - BrowserEngine -INFO -You had select Chrome browser.
2019-02-27 09:24:50,149 - BrowserEngine -INFO -The text url is http://127.0.0.1/forum.php.
2019-02-27 09:24:53,374 - BrowserEngine -INFO -Starting Chrome browser.
2019-02-27 09:24:53,820 - BrowserEngine -INFO -Open url: http://127.0.0.1/forum.php.
2019-02-27 09:24:54,935 - BrowserEngine -INFO -Maximize the current window
2019-02-27 09:24:54,937 - BrowserEngine -INFO -Set implicitly wait 10 seconds.
2019-02-27 09:24:54,974 - BasePage -INFO -找到页面元素--('id', 'ls_username')
2019-02-27 09:24:55,058 - BasePage -INFO -输入内容：123456
2019-02-27 09:24:55,096 - BasePage -INFO -找到页面元素--('id', 'ls_password')
2019-02-27 09:24:55,163 - BasePage -INFO -输入内容：123456
2019-02-27 09:24:55,202 - BasePage -INFO -找到页面元素--('css selector', 'tbody tr:nth-child(2) td:nth-child(3) button')
2019-02-27 09:24:55,263 - BasePage -INFO -点击按钮:('css selector', 'tbody tr:nth-child(2) td:nth-child(3) button')
2019-02-27 09:24:55,268 - BasePage -INFO -激活当前窗口成功
2019-02-27 09:24:58,309 - BasePage -INFO -找到页面元素--('xpath', '//*[@id="category_1"]/table/tbody/tr[1]/td[2]/h2/a')
2019-02-27 09:24:58,573 - BasePage -INFO -点击按钮:('xpath', '//*[@id="category_1"]/table/tbody/tr[1]/td[2]/h2/a')
2019-02-27 09:24:58,604 - BasePage -INFO -找到页面元素--('id', 'newspecial')
2019-02-27 09:24:59,007 - BasePage -INFO -点击按钮:('id', 'newspecial')
2019-02-27 09:24:59,046 - BasePage -INFO -找到页面元素--('name', 'subject')
2019-02-27 09:24:59,101 - BasePage -INFO -输入内容：新帖1
2019-02-27 09:24:59,114 - BasePage -INFO -发现frame
2019-02-27 09:24:59,147 - BasePage -INFO -找到页面元素--('css selector', 'body')
2019-02-27 09:24:59,231 - BasePage -INFO -输入内容：新帖的内容
2019-02-27 09:24:59,237 - BasePage -INFO -激活当前窗口成功
2019-02-27 09:24:59,270 - BasePage -INFO -找到页面元素--('id', 'postsubmit')
2019-02-27 09:24:59,378 - BasePage -INFO -点击按钮:('id', 'postsubmit')
2019-02-27 09:24:59,398 - BasePage -INFO -激活当前窗口成功
2019-02-27 09:25:00,468 - BasePage -INFO -找到页面元素--('id', 'fastpostmessage')
2019-02-27 09:25:00,535 - BasePage -INFO -输入内容：回复内容
2019-02-27 09:25:00,577 - BasePage -INFO -找到页面元素--('id', 'fastpostsubmit')
2019-02-27 09:25:00,679 - BasePage -INFO -点击按钮:('id', 'fastpostsubmit')
2019-02-27 09:25:00,680 - BrowserEngine -INFO -Now Close and quit the browser.
