2019-02-27 15:00:32,636 - BrowserEngine -INFO -You had select Chrome browser.
2019-02-27 15:00:32,636 - BrowserEngine -INFO -The text url is http://127.0.0.1/forum.php.
2019-02-27 15:00:35,974 - BrowserEngine -INFO -Starting Chrome browser.
2019-02-27 15:00:36,377 - BrowserEngine -INFO -Open url: http://127.0.0.1/forum.php.
2019-02-27 15:00:37,540 - BrowserEngine -INFO -Maximize the current window
2019-02-27 15:00:37,540 - BrowserEngine -INFO -Set implicitly wait 10 seconds.
2019-02-27 15:00:37,571 - BasePage -INFO -找到页面元素--('id', 'ls_username')
2019-02-27 15:00:37,637 - BasePage -INFO -输入内容：admin
2019-02-27 15:00:37,665 - BasePage -INFO -找到页面元素--('id', 'ls_password')
2019-02-27 15:00:37,716 - BasePage -INFO -输入内容：admin
2019-02-27 15:00:37,744 - BasePage -INFO -找到页面元素--('css selector', 'tbody tr:nth-child(2) td:nth-child(3) button')
2019-02-27 15:00:37,794 - BasePage -INFO -点击按钮:('css selector', 'tbody tr:nth-child(2) td:nth-child(3) button')
2019-02-27 15:00:37,798 - BasePage -INFO -激活当前窗口成功
2019-02-27 15:00:40,821 - BasePage -INFO -找到页面元素--('xpath', '//*[@id="category_1"]/table/tbody/tr[1]/td[2]/h2/a')
2019-02-27 15:00:41,111 - BasePage -INFO -点击按钮:('xpath', '//*[@id="category_1"]/table/tbody/tr[1]/td[2]/h2/a')
2019-02-27 15:00:41,114 - BasePage -INFO -激活当前窗口成功
2019-02-27 15:00:44,161 - BasePage -INFO -找到页面元素--('name', 'moderate[]')
2019-02-27 15:00:44,220 - BasePage -INFO -点击按钮:('name', 'moderate[]')
2019-02-27 15:00:44,263 - BasePage -INFO -找到页面元素--('css selector', '#mdly > p:nth-child(6) > strong:nth-child(1) > a')
2019-02-27 15:00:44,473 - BasePage -INFO -点击按钮:('css selector', '#mdly > p:nth-child(6) > strong:nth-child(1) > a')
2019-02-27 15:00:44,524 - BasePage -INFO -找到页面元素--('name', 'modsubmit')
2019-02-27 15:00:44,989 - BasePage -INFO -点击按钮:('name', 'modsubmit')
2019-02-27 15:00:44,993 - BasePage -INFO -激活当前窗口成功
2019-02-27 15:00:45,064 - BasePage -INFO -找到页面元素--('xpath', '//*[@id="um"]/p[1]/a[6]')
2019-02-27 15:00:45,187 - BasePage -INFO -点击按钮:('xpath', '//*[@id="um"]/p[1]/a[6]')
2019-02-27 15:00:45,192 - BasePage -INFO -激活第1个窗口成功
2019-02-27 15:00:46,259 - BasePage -INFO -找到页面元素--('name', 'admin_password')
2019-02-27 15:00:46,306 - BasePage -INFO -输入内容：admin
2019-02-27 15:00:46,336 - BasePage -INFO -找到页面元素--('name', 'submit')
2019-02-27 15:01:06,534 - BasePage -INFO -点击按钮:('name', 'submit')
2019-02-27 15:01:06,543 - BasePage -INFO -激活当前窗口成功
2019-02-27 15:01:06,570 - BasePage -INFO -找到页面元素--('id', 'header_forum')
2019-02-27 15:01:06,779 - BasePage -INFO -点击按钮:('id', 'header_forum')
2019-02-27 15:01:06,784 - BasePage -INFO -激活当前窗口成功
2019-02-27 15:01:06,795 - BasePage -INFO -发现frame
2019-02-27 15:01:06,821 - BasePage -INFO -找到页面元素--('css selector', '#cpform > table > tbody:nth-child(3) > tr > td:nth-child(2) > div > a')
2019-02-27 15:01:06,931 - BasePage -INFO -点击按钮:('css selector', '#cpform > table > tbody:nth-child(3) > tr > td:nth-child(2) > div > a')
2019-02-27 15:01:06,959 - BasePage -INFO -找到页面元素--('id', 'submit_editsubmit')
2019-02-27 15:01:07,162 - BasePage -INFO -点击按钮:('id', 'submit_editsubmit')
2019-02-27 15:01:07,165 - BasePage -INFO -激活当前窗口成功
2019-02-27 15:01:07,192 - BasePage -INFO -找到页面元素--('css selector', '#frameuinfo> p:nth-child(1) > a')
2019-02-27 15:01:07,453 - BasePage -INFO -点击按钮:('css selector', '#frameuinfo> p:nth-child(1) > a')
2019-02-27 15:01:07,457 - BasePage -INFO -激活当前窗口成功
2019-02-27 15:01:07,492 - BasePage -INFO -找到页面元素--('css selector', '#um > p:nth-child(2) > a:nth-child(18)')
2019-02-27 15:01:07,678 - BasePage -INFO -点击按钮:('css selector', '#um > p:nth-child(2) > a:nth-child(18)')
2019-02-27 15:01:09,855 - BasePage -INFO -找到页面元素--('id', 'ls_username')
2019-02-27 15:01:09,914 - BasePage -INFO -输入内容：123456
2019-02-27 15:01:09,941 - BasePage -INFO -找到页面元素--('id', 'ls_password')
2019-02-27 15:01:09,991 - BasePage -INFO -输入内容：123456
2019-02-27 15:01:10,017 - BasePage -INFO -找到页面元素--('css selector', 'tbody tr:nth-child(2) td:nth-child(3) button')
2019-02-27 15:01:10,063 - BasePage -INFO -点击按钮:('css selector', 'tbody tr:nth-child(2) td:nth-child(3) button')
2019-02-27 15:01:13,069 - BasePage -INFO -激活当前窗口成功
2019-02-27 15:01:13,116 - BasePage -INFO -找到页面元素--('css selector', '#category_1 > table > tbody > tr:nth-child(1) > td:nth-child(2) > h2 > a')
2019-02-27 15:01:13,367 - BasePage -INFO -点击按钮:('css selector', '#category_1 > table > tbody > tr:nth-child(1) > td:nth-child(2) > h2 > a')
2019-02-27 15:01:13,396 - BasePage -INFO -找到页面元素--('id', 'newspecial')
2019-02-27 15:01:13,720 - BasePage -INFO -点击按钮:('id', 'newspecial')
2019-02-27 15:01:13,749 - BasePage -INFO -找到页面元素--('name', 'subject')
2019-02-27 15:01:13,802 - BasePage -INFO -输入内容：新帖2
2019-02-27 15:01:13,818 - BasePage -INFO -发现frame
2019-02-27 15:01:13,844 - BasePage -INFO -找到页面元素--('css selector', 'body')
2019-02-27 15:01:13,904 - BasePage -INFO -输入内容：新帖2的内容
2019-02-27 15:01:13,908 - BasePage -INFO -激活当前窗口成功
2019-02-27 15:01:13,941 - BasePage -INFO -找到页面元素--('id', 'postsubmit')
2019-02-27 15:01:14,041 - BasePage -INFO -点击按钮:('id', 'postsubmit')
2019-02-27 15:01:14,046 - BasePage -INFO -激活当前窗口成功
2019-02-27 15:01:46,637 - BasePage -INFO -找到页面元素--('id', 'fastpostmessage')
2019-02-27 15:01:46,684 - BasePage -INFO -输入内容：新帖2的回复内容
2019-02-27 15:01:46,715 - BasePage -INFO -找到页面元素--('id', 'fastpostsubmit')
2019-02-27 15:01:51,972 - BasePage -INFO -点击按钮:('id', 'fastpostsubmit')
2019-02-27 15:01:51,972 - BrowserEngine -INFO -Now Close and quit the browser.
