2019-02-27 19:59:29,332 - BrowserEngine -INFO -You had select Chrome browser.
2019-02-27 19:59:29,332 - BrowserEngine -INFO -You had select Chrome browser.
2019-02-27 19:59:29,332 - BrowserEngine -INFO -You had select Chrome browser.
2019-02-27 19:59:29,332 - BrowserEngine -INFO -The text url is http://127.0.0.1/forum.php.
2019-02-27 19:59:29,332 - BrowserEngine -INFO -The text url is http://127.0.0.1/forum.php.
2019-02-27 19:59:29,332 - BrowserEngine -INFO -The text url is http://127.0.0.1/forum.php.
2019-02-27 19:59:32,546 - BrowserEngine -INFO -Starting Chrome browser.
2019-02-27 19:59:32,546 - BrowserEngine -INFO -Starting Chrome browser.
2019-02-27 19:59:32,546 - BrowserEngine -INFO -Starting Chrome browser.
2019-02-27 19:59:32,935 - BrowserEngine -INFO -Open url: http://127.0.0.1/forum.php.
2019-02-27 19:59:32,935 - BrowserEngine -INFO -Open url: http://127.0.0.1/forum.php.
2019-02-27 19:59:32,935 - BrowserEngine -INFO -Open url: http://127.0.0.1/forum.php.
2019-02-27 19:59:34,070 - BrowserEngine -INFO -Maximize the current window
2019-02-27 19:59:34,070 - BrowserEngine -INFO -Maximize the current window
2019-02-27 19:59:34,070 - BrowserEngine -INFO -Maximize the current window
2019-02-27 19:59:34,072 - BrowserEngine -INFO -Set implicitly wait 10 seconds.
2019-02-27 19:59:34,072 - BrowserEngine -INFO -Set implicitly wait 10 seconds.
2019-02-27 19:59:34,072 - BrowserEngine -INFO -Set implicitly wait 10 seconds.
2019-02-27 19:59:34,107 - BasePage -INFO -找到页面元素--('id', 'ls_username')
2019-02-27 19:59:34,107 - BasePage -INFO -找到页面元素--('id', 'ls_username')
2019-02-27 19:59:34,107 - BasePage -INFO -找到页面元素--('id', 'ls_username')
2019-02-27 19:59:34,174 - BasePage -INFO -输入内容：123456
2019-02-27 19:59:34,174 - BasePage -INFO -输入内容：123456
2019-02-27 19:59:34,174 - BasePage -INFO -输入内容：123456
2019-02-27 19:59:34,201 - BasePage -INFO -找到页面元素--('id', 'ls_password')
2019-02-27 19:59:34,201 - BasePage -INFO -找到页面元素--('id', 'ls_password')
2019-02-27 19:59:34,201 - BasePage -INFO -找到页面元素--('id', 'ls_password')
2019-02-27 19:59:34,255 - BasePage -INFO -输入内容：123456
2019-02-27 19:59:34,255 - BasePage -INFO -输入内容：123456
2019-02-27 19:59:34,255 - BasePage -INFO -输入内容：123456
2019-02-27 19:59:34,284 - BasePage -INFO -找到页面元素--('css selector', 'tbody tr:nth-child(2) td:nth-child(3) button')
2019-02-27 19:59:34,284 - BasePage -INFO -找到页面元素--('css selector', 'tbody tr:nth-child(2) td:nth-child(3) button')
2019-02-27 19:59:34,284 - BasePage -INFO -找到页面元素--('css selector', 'tbody tr:nth-child(2) td:nth-child(3) button')
2019-02-27 19:59:34,336 - BasePage -INFO -点击按钮:('css selector', 'tbody tr:nth-child(2) td:nth-child(3) button')
2019-02-27 19:59:34,336 - BasePage -INFO -点击按钮:('css selector', 'tbody tr:nth-child(2) td:nth-child(3) button')
2019-02-27 19:59:34,336 - BasePage -INFO -点击按钮:('css selector', 'tbody tr:nth-child(2) td:nth-child(3) button')
2019-02-27 19:59:41,370 - BasePage -ERROR -<pageobjects.discuz04.FourDiscuz object at 0x000001DDEC3B2668>页面中没有找到('id', 'newspecial')元素
2019-02-27 19:59:41,370 - BasePage -ERROR -<pageobjects.discuz04.FourDiscuz object at 0x000001DDEC3B2668>页面中没有找到('id', 'newspecial')元素
2019-02-27 19:59:41,370 - BasePage -ERROR -<pageobjects.discuz04.FourDiscuz object at 0x000001DDEC3B2668>页面中没有找到('id', 'newspecial')元素
2019-02-27 19:59:41,370 - BasePage -ERROR -悬停失败
2019-02-27 19:59:41,370 - BasePage -ERROR -悬停失败
2019-02-27 19:59:41,370 - BasePage -ERROR -悬停失败
2019-02-27 19:59:48,443 - BasePage -ERROR -<pageobjects.discuz04.FourDiscuz object at 0x000001DDEC3B2668>页面中没有找到('css selector', '#newspecial_menu > li.poll > a')元素
2019-02-27 19:59:48,443 - BasePage -ERROR -<pageobjects.discuz04.FourDiscuz object at 0x000001DDEC3B2668>页面中没有找到('css selector', '#newspecial_menu > li.poll > a')元素
2019-02-27 19:59:48,443 - BasePage -ERROR -<pageobjects.discuz04.FourDiscuz object at 0x000001DDEC3B2668>页面中没有找到('css selector', '#newspecial_menu > li.poll > a')元素
2019-02-27 19:59:48,445 - BasePage -ERROR -点击按钮失败:('css selector', '#newspecial_menu > li.poll > a')
2019-02-27 19:59:48,445 - BasePage -ERROR -点击按钮失败:('css selector', '#newspecial_menu > li.poll > a')
2019-02-27 19:59:48,445 - BasePage -ERROR -点击按钮失败:('css selector', '#newspecial_menu > li.poll > a')
2019-02-27 19:59:48,455 - BasePage -INFO -激活当前窗口成功
2019-02-27 19:59:48,455 - BasePage -INFO -激活当前窗口成功
2019-02-27 19:59:48,455 - BasePage -INFO -激活当前窗口成功
2019-02-27 19:59:48,462 - BasePage -ERROR -<pageobjects.discuz04.FourDiscuz object at 0x000001DDEC3B2668>页面中没有找到('subject',)元素
2019-02-27 19:59:48,462 - BasePage -ERROR -<pageobjects.discuz04.FourDiscuz object at 0x000001DDEC3B2668>页面中没有找到('subject',)元素
2019-02-27 19:59:48,462 - BasePage -ERROR -<pageobjects.discuz04.FourDiscuz object at 0x000001DDEC3B2668>页面中没有找到('subject',)元素
2019-02-27 19:59:48,462 - BasePage -ERROR -failed输入内容：'NoneType' object has no attribute 'send_keys'
2019-02-27 19:59:48,462 - BasePage -ERROR -failed输入内容：'NoneType' object has no attribute 'send_keys'
2019-02-27 19:59:48,462 - BasePage -ERROR -failed输入内容：'NoneType' object has no attribute 'send_keys'
2019-02-27 19:59:48,467 - BasePage -ERROR -<pageobjects.discuz04.FourDiscuz object at 0x000001DDEC3B2668>页面中没有找到('#pollm_c_1 > p:nth-child(1) > input',)元素
2019-02-27 19:59:48,467 - BasePage -ERROR -<pageobjects.discuz04.FourDiscuz object at 0x000001DDEC3B2668>页面中没有找到('#pollm_c_1 > p:nth-child(1) > input',)元素
2019-02-27 19:59:48,467 - BasePage -ERROR -<pageobjects.discuz04.FourDiscuz object at 0x000001DDEC3B2668>页面中没有找到('#pollm_c_1 > p:nth-child(1) > input',)元素
2019-02-27 19:59:48,467 - BasePage -ERROR -failed输入内容：'NoneType' object has no attribute 'send_keys'
2019-02-27 19:59:48,467 - BasePage -ERROR -failed输入内容：'NoneType' object has no attribute 'send_keys'
2019-02-27 19:59:48,467 - BasePage -ERROR -failed输入内容：'NoneType' object has no attribute 'send_keys'
2019-02-27 19:59:48,472 - BasePage -ERROR -<pageobjects.discuz04.FourDiscuz object at 0x000001DDEC3B2668>页面中没有找到('#pollm_c_1 > p:nth-child(2) > input',)元素
2019-02-27 19:59:48,472 - BasePage -ERROR -<pageobjects.discuz04.FourDiscuz object at 0x000001DDEC3B2668>页面中没有找到('#pollm_c_1 > p:nth-child(2) > input',)元素
2019-02-27 19:59:48,472 - BasePage -ERROR -<pageobjects.discuz04.FourDiscuz object at 0x000001DDEC3B2668>页面中没有找到('#pollm_c_1 > p:nth-child(2) > input',)元素
2019-02-27 19:59:48,472 - BasePage -ERROR -failed输入内容：'NoneType' object has no attribute 'send_keys'
2019-02-27 19:59:48,472 - BasePage -ERROR -failed输入内容：'NoneType' object has no attribute 'send_keys'
2019-02-27 19:59:48,472 - BasePage -ERROR -failed输入内容：'NoneType' object has no attribute 'send_keys'
2019-02-27 19:59:48,476 - BasePage -ERROR -<pageobjects.discuz04.FourDiscuz object at 0x000001DDEC3B2668>页面中没有找到('#pollm_c_1 > p:nth-child(3) > input',)元素
2019-02-27 19:59:48,476 - BasePage -ERROR -<pageobjects.discuz04.FourDiscuz object at 0x000001DDEC3B2668>页面中没有找到('#pollm_c_1 > p:nth-child(3) > input',)元素
2019-02-27 19:59:48,476 - BasePage -ERROR -<pageobjects.discuz04.FourDiscuz object at 0x000001DDEC3B2668>页面中没有找到('#pollm_c_1 > p:nth-child(3) > input',)元素
2019-02-27 19:59:48,476 - BasePage -ERROR -failed输入内容：'NoneType' object has no attribute 'send_keys'
2019-02-27 19:59:48,476 - BasePage -ERROR -failed输入内容：'NoneType' object has no attribute 'send_keys'
2019-02-27 19:59:48,476 - BasePage -ERROR -failed输入内容：'NoneType' object has no attribute 'send_keys'
2019-02-27 19:59:55,562 - BasePage -ERROR -<pageobjects.discuz04.FourDiscuz object at 0x000001DDEC3B2668>页面中没有找到('id', 'postsubmit')元素
2019-02-27 19:59:55,562 - BasePage -ERROR -<pageobjects.discuz04.FourDiscuz object at 0x000001DDEC3B2668>页面中没有找到('id', 'postsubmit')元素
2019-02-27 19:59:55,562 - BasePage -ERROR -<pageobjects.discuz04.FourDiscuz object at 0x000001DDEC3B2668>页面中没有找到('id', 'postsubmit')元素
2019-02-27 19:59:55,563 - BasePage -ERROR -点击按钮失败:('id', 'postsubmit')
2019-02-27 19:59:55,563 - BasePage -ERROR -点击按钮失败:('id', 'postsubmit')
2019-02-27 19:59:55,563 - BasePage -ERROR -点击按钮失败:('id', 'postsubmit')
2019-02-27 20:00:02,648 - BasePage -ERROR -<pageobjects.discuz04.FourDiscuz object at 0x000001DDEC3B2668>页面中没有找到('id', 'option_1')元素
2019-02-27 20:00:02,648 - BasePage -ERROR -<pageobjects.discuz04.FourDiscuz object at 0x000001DDEC3B2668>页面中没有找到('id', 'option_1')元素
2019-02-27 20:00:02,648 - BasePage -ERROR -<pageobjects.discuz04.FourDiscuz object at 0x000001DDEC3B2668>页面中没有找到('id', 'option_1')元素
2019-02-27 20:00:02,648 - BasePage -ERROR -点击按钮失败:('id', 'option_1')
2019-02-27 20:00:02,648 - BasePage -ERROR -点击按钮失败:('id', 'option_1')
2019-02-27 20:00:02,648 - BasePage -ERROR -点击按钮失败:('id', 'option_1')
2019-02-27 20:00:06,587 - BasePage -ERROR -<pageobjects.discuz04.FourDiscuz object at 0x000001DDEC3B2668>页面中没有找到('name', 'pollsubmit')元素
2019-02-27 20:00:06,587 - BasePage -ERROR -<pageobjects.discuz04.FourDiscuz object at 0x000001DDEC3B2668>页面中没有找到('name', 'pollsubmit')元素
2019-02-27 20:00:06,587 - BasePage -ERROR -<pageobjects.discuz04.FourDiscuz object at 0x000001DDEC3B2668>页面中没有找到('name', 'pollsubmit')元素
2019-02-27 20:00:06,588 - BasePage -ERROR -点击按钮失败:('name', 'pollsubmit')
2019-02-27 20:00:06,588 - BasePage -ERROR -点击按钮失败:('name', 'pollsubmit')
2019-02-27 20:00:06,588 - BasePage -ERROR -点击按钮失败:('name', 'pollsubmit')
2019-02-27 20:00:06,839 - BasePage -ERROR -激活当前窗口失败
2019-02-27 20:00:06,839 - BasePage -ERROR -激活当前窗口失败
2019-02-27 20:00:06,839 - BasePage -ERROR -激活当前窗口失败
2019-02-27 20:00:12,854 - BasePage -ERROR -<pageobjects.discuz04.FourDiscuz object at 0x000001DDEC3B2668>页面中没有找到('id', 'thread_subject')元素
2019-02-27 20:00:12,854 - BasePage -ERROR -<pageobjects.discuz04.FourDiscuz object at 0x000001DDEC3B2668>页面中没有找到('id', 'thread_subject')元素
2019-02-27 20:00:12,854 - BasePage -ERROR -<pageobjects.discuz04.FourDiscuz object at 0x000001DDEC3B2668>页面中没有找到('id', 'thread_subject')元素
2019-02-27 20:00:12,854 - BasePage -ERROR -获取('id', 'thread_subject')元素text失败。
2019-02-27 20:00:12,854 - BasePage -ERROR -获取('id', 'thread_subject')元素text失败。
2019-02-27 20:00:12,854 - BasePage -ERROR -获取('id', 'thread_subject')元素text失败。
2019-02-27 20:00:18,864 - BasePage -ERROR -<pageobjects.discuz04.FourDiscuz object at 0x000001DDEC3B2668>页面中没有找到('css selector', 'td.pvt label')元素
2019-02-27 20:00:18,864 - BasePage -ERROR -<pageobjects.discuz04.FourDiscuz object at 0x000001DDEC3B2668>页面中没有找到('css selector', 'td.pvt label')元素
2019-02-27 20:00:18,864 - BasePage -ERROR -<pageobjects.discuz04.FourDiscuz object at 0x000001DDEC3B2668>页面中没有找到('css selector', 'td.pvt label')元素
2019-02-27 20:00:24,879 - BasePage -ERROR -<pageobjects.discuz04.FourDiscuz object at 0x000001DDEC3B2668>页面中没有找到('css selector', 'div.pcbs form  tr > td:nth-child(2)')元素
2019-02-27 20:00:24,879 - BasePage -ERROR -<pageobjects.discuz04.FourDiscuz object at 0x000001DDEC3B2668>页面中没有找到('css selector', 'div.pcbs form  tr > td:nth-child(2)')元素
2019-02-27 20:00:24,879 - BasePage -ERROR -<pageobjects.discuz04.FourDiscuz object at 0x000001DDEC3B2668>页面中没有找到('css selector', 'div.pcbs form  tr > td:nth-child(2)')元素
2019-02-27 20:00:24,879 - BrowserEngine -INFO -Now Close and quit the browser.
2019-02-27 20:00:24,879 - BrowserEngine -INFO -Now Close and quit the browser.
2019-02-27 20:00:24,879 - BrowserEngine -INFO -Now Close and quit the browser.
