2019-02-27 09:04:57,975 - BrowserEngine -INFO -You had select Chrome browser.
2019-02-27 09:04:57,975 - BrowserEngine -INFO -The text url is http://127.0.0.1/forum.php.
2019-02-27 09:05:01,214 - BrowserEngine -INFO -Starting Chrome browser.
2019-02-27 09:05:01,681 - BrowserEngine -INFO -Open url: http://127.0.0.1/forum.php.
2019-02-27 09:05:02,820 - BrowserEngine -INFO -Maximize the current window
2019-02-27 09:05:02,822 - BrowserEngine -INFO -Set implicitly wait 10 seconds.
2019-02-27 09:05:02,875 - BasePage -INFO -找到页面元素--('id', 'ls_username')
2019-02-27 09:05:02,967 - BasePage -INFO -输入内容：123456
2019-02-27 09:05:02,999 - BasePage -INFO -找到页面元素--('id', 'ls_password')
2019-02-27 09:05:03,058 - BasePage -INFO -输入内容：123456
2019-02-27 09:05:03,086 - BasePage -INFO -找到页面元素--('css selector', 'tbody tr:nth-child(2) td:nth-child(3) button')
2019-02-27 09:05:03,134 - BasePage -INFO -点击按钮:('css selector', 'tbody tr:nth-child(2) td:nth-child(3) button')
2019-02-27 09:05:03,139 - BasePage -INFO -激活当前窗口成功
2019-02-27 09:05:06,199 - BasePage -INFO -找到页面元素--('xpath', '//*[@id="category_1"]/table/tbody/tr[1]/td[2]/h2/a')
2019-02-27 09:05:06,446 - BasePage -INFO -点击按钮:('xpath', '//*[@id="category_1"]/table/tbody/tr[1]/td[2]/h2/a')
2019-02-27 09:05:06,508 - BasePage -INFO -找到页面元素--('id', 'newspecial')
2019-02-27 09:05:06,845 - BasePage -INFO -点击按钮:('id', 'newspecial')
2019-02-27 09:05:06,884 - BasePage -INFO -找到页面元素--('name', 'subject')
2019-02-27 09:05:06,954 - BasePage -INFO -输入内容：新帖1
2019-02-27 09:05:06,972 - BasePage -INFO -发现frame
2019-02-27 09:05:07,001 - BasePage -INFO -找到页面元素--('css selector', 'body')
2019-02-27 09:05:07,069 - BasePage -INFO -输入内容：新帖的内容
2019-02-27 09:05:14,173 - BasePage -ERROR -<pageobjects.discuz01.OneDiscuz object at 0x000002A9B7618240>页面中没有找到('xpath', '//*[@id="postsubmit"]')元素
2019-02-27 09:05:14,173 - BrowserEngine -INFO -Now Close and quit the browser.
