2019-03-01 11:12:30,733 - BrowserEngine -INFO -You had select Chrome browser.
2019-03-01 11:12:30,734 - BrowserEngine -INFO -The text url is http://127.0.0.1/forum.php.
2019-03-01 11:12:33,965 - BrowserEngine -INFO -Starting Chrome browser.
2019-03-01 11:12:34,344 - BrowserEngine -INFO -Open url: http://127.0.0.1/forum.php.
2019-03-01 11:12:35,463 - BrowserEngine -INFO -Maximize the current window
2019-03-01 11:12:35,467 - BrowserEngine -INFO -Set implicitly wait 10 seconds.
2019-03-01 11:12:35,527 - BasePage -INFO -找到页面元素--('id', 'ls_username')
2019-03-01 11:12:35,602 - BasePage -INFO -输入内容：123456
2019-03-01 11:12:35,634 - BasePage -INFO -找到页面元素--('id', 'ls_password')
2019-03-01 11:12:35,691 - BasePage -INFO -输入内容：123456
2019-03-01 11:12:35,719 - BasePage -INFO -找到页面元素--('css selector', 'tbody tr:nth-child(2) td:nth-child(3) button')
2019-03-01 11:12:35,766 - BasePage -INFO -点击按钮:('css selector', 'tbody tr:nth-child(2) td:nth-child(3) button')
2019-03-01 11:12:35,771 - BasePage -INFO -激活当前窗口成功
2019-03-01 11:12:36,209 - BasePage -INFO -找到页面元素--('css selector', '#um > p:nth-child(2) > strong > a')
2019-03-01 11:12:36,233 - BasePage -INFO -获取<selenium.webdriver.remote.webelement.WebElement (session="04791d81652f5c13cac657c89c442630", element="0.15433736491442307-1")>元素text成功。
2019-03-01 11:12:39,260 - BasePage -INFO -找到页面元素--('xpath', '//*[@id="category_1"]/table/tbody/tr[1]/td[2]/h2/a')
2019-03-01 11:12:39,283 - BasePage -INFO -获取<selenium.webdriver.remote.webelement.WebElement (session="04791d81652f5c13cac657c89c442630", element="0.15433736491442307-2")>元素text成功。
2019-03-01 11:12:39,297 - BasePage -INFO -找到页面元素--('xpath', '//*[@id="category_1"]/table/tbody/tr[1]/td[2]/h2/a')
2019-03-01 11:12:39,625 - BasePage -INFO -点击按钮:('xpath', '//*[@id="category_1"]/table/tbody/tr[1]/td[2]/h2/a')
2019-03-01 11:12:39,628 - BasePage -INFO -激活当前窗口成功
2019-03-01 11:12:39,664 - BasePage -INFO -找到页面元素--('css selector', '#ct > div > div.bm.bml.pbn > div > h1 > a')
2019-03-01 11:12:39,686 - BasePage -INFO -获取<selenium.webdriver.remote.webelement.WebElement (session="04791d81652f5c13cac657c89c442630", element="0.9550578767648885-1")>元素text成功。
2019-03-01 11:12:39,711 - BasePage -INFO -找到页面元素--('id', 'newspecial')
2019-03-01 11:12:39,737 - BasePage -INFO -悬停成功
2019-03-01 11:12:39,771 - BasePage -INFO -找到页面元素--('css selector', '#newspecial_menu > li:nth-child(1) > a')
2019-03-01 11:12:40,141 - BasePage -INFO -点击按钮:('css selector', '#newspecial_menu > li:nth-child(1) > a')
2019-03-01 11:12:40,172 - BasePage -INFO -找到页面元素--('name', 'subject')
2019-03-01 11:12:40,240 - BasePage -INFO -输入内容：新帖1
2019-03-01 11:12:40,252 - BasePage -INFO -发现frame
2019-03-01 11:12:40,276 - BasePage -INFO -找到页面元素--('css selector', 'body')
2019-03-01 11:12:40,331 - BasePage -INFO -输入内容：新帖的内容
2019-03-01 11:12:40,335 - BasePage -INFO -激活当前窗口成功
2019-03-01 11:12:40,365 - BasePage -INFO -找到页面元素--('id', 'postsubmit')
2019-03-01 11:12:40,475 - BasePage -INFO -点击按钮:('id', 'postsubmit')
2019-03-01 11:12:40,483 - BasePage -INFO -激活当前窗口成功
2019-03-01 11:12:42,178 - BasePage -INFO -找到页面元素--('id', 'thread_subject')
2019-03-01 11:12:42,218 - BasePage -INFO -获取<selenium.webdriver.remote.webelement.WebElement (session="04791d81652f5c13cac657c89c442630", element="0.5019729124165231-1")>元素text成功。
2019-03-01 11:12:58,230 - BasePage -INFO -激活当前窗口成功
2019-03-01 11:12:58,266 - BasePage -INFO -找到页面元素--('id', 'fastpostmessage')
2019-03-01 11:12:58,347 - BasePage -INFO -输入内容：回复新帖1内容....
2019-03-01 11:12:58,382 - BasePage -INFO -找到页面元素--('id', 'fastpostsubmit')
2019-03-01 11:12:58,631 - BasePage -INFO -点击按钮:('id', 'fastpostsubmit')
2019-03-01 11:13:05,699 - BasePage -ERROR -<pageobjects.discuz01.OneDiscuz object at 0x000002304A1D9518>页面中没有找到('css selector', '#postmessage_92')元素
2019-03-01 11:13:05,949 - BasePage -INFO -获得截图并保存到：/screenshorts中
2019-03-01 11:13:05,950 - BrowserEngine -INFO -Now Close and quit the browser.
