2019-03-01 11:08:00,525 - BrowserEngine -INFO -You had select Chrome browser.
2019-03-01 11:08:00,525 - BrowserEngine -INFO -The text url is http://127.0.0.1/forum.php.
2019-03-01 11:08:03,811 - BrowserEngine -INFO -Starting Chrome browser.
2019-03-01 11:08:04,198 - BrowserEngine -INFO -Open url: http://127.0.0.1/forum.php.
2019-03-01 11:08:05,315 - BrowserEngine -INFO -Maximize the current window
2019-03-01 11:08:05,316 - BrowserEngine -INFO -Set implicitly wait 10 seconds.
2019-03-01 11:08:05,352 - BasePage -INFO -找到页面元素--('id', 'ls_username')
2019-03-01 11:08:05,417 - BasePage -INFO -输入内容：123456
2019-03-01 11:08:05,446 - BasePage -INFO -找到页面元素--('id', 'ls_password')
2019-03-01 11:08:05,500 - BasePage -INFO -输入内容：123456
2019-03-01 11:08:05,529 - BasePage -INFO -找到页面元素--('css selector', 'tbody tr:nth-child(2) td:nth-child(3) button')
2019-03-01 11:08:05,579 - BasePage -INFO -点击按钮:('css selector', 'tbody tr:nth-child(2) td:nth-child(3) button')
2019-03-01 11:08:05,583 - BasePage -INFO -激活当前窗口成功
2019-03-01 11:08:05,986 - BasePage -INFO -找到页面元素--('css selector', '#um > p:nth-child(2) > strong > a')
2019-03-01 11:08:06,013 - BasePage -INFO -获取<selenium.webdriver.remote.webelement.WebElement (session="b3ef2243826aa9bf85f6ee9c3b0cb370", element="0.8420279950421576-1")>元素text成功。
2019-03-01 11:08:09,041 - BasePage -INFO -找到页面元素--('xpath', '//*[@id="category_1"]/table/tbody/tr[1]/td[2]/h2/a')
2019-03-01 11:08:09,067 - BasePage -INFO -获取<selenium.webdriver.remote.webelement.WebElement (session="b3ef2243826aa9bf85f6ee9c3b0cb370", element="0.8420279950421576-2")>元素text成功。
2019-03-01 11:08:09,082 - BasePage -INFO -找到页面元素--('xpath', '//*[@id="category_1"]/table/tbody/tr[1]/td[2]/h2/a')
2019-03-01 11:08:09,434 - BasePage -INFO -点击按钮:('xpath', '//*[@id="category_1"]/table/tbody/tr[1]/td[2]/h2/a')
2019-03-01 11:08:09,438 - BasePage -INFO -激活当前窗口成功
2019-03-01 11:08:09,497 - BasePage -INFO -找到页面元素--('css selector', '#ct > div > div.bm.bml.pbn > div > h1 > a')
2019-03-01 11:08:09,531 - BasePage -INFO -获取<selenium.webdriver.remote.webelement.WebElement (session="b3ef2243826aa9bf85f6ee9c3b0cb370", element="0.5578458203042664-1")>元素text成功。
2019-03-01 11:08:09,567 - BasePage -INFO -找到页面元素--('id', 'newspecial')
2019-03-01 11:08:09,602 - BasePage -INFO -悬停成功
2019-03-01 11:08:09,648 - BasePage -INFO -找到页面元素--('css selector', '#newspecial_menu > li:nth-child(1) > a')
2019-03-01 11:08:10,093 - BasePage -INFO -点击按钮:('css selector', '#newspecial_menu > li:nth-child(1) > a')
2019-03-01 11:08:10,146 - BasePage -INFO -找到页面元素--('name', 'subject')
2019-03-01 11:08:10,234 - BasePage -INFO -输入内容：新帖1
2019-03-01 11:08:10,252 - BasePage -INFO -发现frame
2019-03-01 11:08:10,286 - BasePage -INFO -找到页面元素--('css selector', 'body')
2019-03-01 11:08:10,356 - BasePage -INFO -输入内容：新帖的内容
2019-03-01 11:08:10,362 - BasePage -INFO -激活当前窗口成功
2019-03-01 11:08:10,397 - BasePage -INFO -找到页面元素--('id', 'postsubmit')
2019-03-01 11:08:10,546 - BasePage -INFO -点击按钮:('id', 'postsubmit')
2019-03-01 11:08:10,552 - BasePage -INFO -激活当前窗口成功
2019-03-01 11:08:11,831 - BasePage -INFO -找到页面元素--('id', 'thread_subject')
2019-03-01 11:08:11,857 - BasePage -INFO -获取<selenium.webdriver.remote.webelement.WebElement (session="b3ef2243826aa9bf85f6ee9c3b0cb370", element="0.017766021685607036-1")>元素text成功。
2019-03-01 11:08:27,872 - BasePage -INFO -激活当前窗口成功
2019-03-01 11:08:27,918 - BasePage -INFO -找到页面元素--('id', 'fastpostmessage')
2019-03-01 11:08:27,992 - BasePage -INFO -输入内容：回复新帖1内容....
2019-03-01 11:08:28,026 - BasePage -INFO -找到页面元素--('id', 'fastpostsubmit')
2019-03-01 11:08:28,294 - BasePage -INFO -点击按钮:('id', 'fastpostsubmit')
2019-03-01 11:08:28,297 - BasePage -INFO -激活当前窗口成功
2019-03-01 11:08:35,402 - BasePage -ERROR -<pageobjects.discuz01.OneDiscuz object at 0x0000013EBFBA9518>页面中没有找到('css selector', '#pid92 > tbody > tr:nth-child(1) > td.plc > div.pct > div > div.t_fsz')元素
2019-03-01 11:08:35,693 - BasePage -INFO -获得截图并保存到：/screenshorts中
2019-03-01 11:08:35,693 - BrowserEngine -INFO -Now Close and quit the browser.
