2019-02-28 08:57:12,048 - BrowserEngine -INFO -You had select Chrome browser.
2019-02-28 08:57:12,048 - BrowserEngine -INFO -The text url is http://127.0.0.1/forum.php.
2019-02-28 08:57:16,049 - BrowserEngine -INFO -Starting Chrome browser.
2019-02-28 08:57:17,472 - BrowserEngine -INFO -Open url: http://127.0.0.1/forum.php.
2019-02-28 08:57:18,649 - BrowserEngine -INFO -Maximize the current window
2019-02-28 08:57:18,649 - BrowserEngine -INFO -Set implicitly wait 10 seconds.
2019-02-28 08:57:19,796 - BasePage -ERROR -<pageobjects.discuz01.OneDiscuz object at 0x0000019220056080>页面中没有找到('id', 'ls_username')元素
2019-02-28 08:57:19,906 - BasePage -ERROR -failed输入内容：'NoneType' object has no attribute 'send_keys'
2019-02-28 08:57:19,906 - BasePage -ERROR -<pageobjects.discuz01.OneDiscuz object at 0x0000019220056080>页面中没有找到('id', 'ls_password')元素
2019-02-28 08:57:19,906 - BasePage -ERROR -failed输入内容：'NoneType' object has no attribute 'send_keys'
2019-02-28 08:57:19,906 - BasePage -ERROR -<pageobjects.discuz01.OneDiscuz object at 0x0000019220056080>页面中没有找到('css selector', 'tbody tr:nth-child(2) td:nth-child(3) button')元素
2019-02-28 08:57:19,906 - BasePage -ERROR -点击按钮失败:('css selector', 'tbody tr:nth-child(2) td:nth-child(3) button')
2019-02-28 08:57:19,906 - BasePage -ERROR -激活当前窗口失败
2019-02-28 08:57:22,906 - BasePage -ERROR -<pageobjects.discuz01.OneDiscuz object at 0x0000019220056080>页面中没有找到('xpath', '//*[@id="category_1"]/table/tbody/tr[1]/td[2]/h2/a')元素
2019-02-28 08:57:22,906 - BasePage -ERROR -点击按钮失败:('xpath', '//*[@id="category_1"]/table/tbody/tr[1]/td[2]/h2/a')
2019-02-28 08:57:22,906 - BasePage -ERROR -<pageobjects.discuz01.OneDiscuz object at 0x0000019220056080>页面中没有找到('id', 'newspecial')元素
2019-02-28 08:57:22,906 - BasePage -ERROR -点击按钮失败:('id', 'newspecial')
2019-02-28 08:57:22,906 - BasePage -ERROR -<pageobjects.discuz01.OneDiscuz object at 0x0000019220056080>页面中没有找到('name', 'subject')元素
2019-02-28 08:57:22,906 - BasePage -ERROR -failed输入内容：'NoneType' object has no attribute 'send_keys'
2019-02-28 08:57:22,906 - BrowserEngine -INFO -Now Close and quit the browser.
2019-02-28 08:57:33,955 - BrowserEngine -INFO -You had select Chrome browser.
2019-02-28 08:57:33,955 - BrowserEngine -INFO -The text url is http://127.0.0.1/forum.php.
2019-02-28 08:57:37,252 - BrowserEngine -INFO -Starting Chrome browser.
2019-02-28 08:57:37,749 - BrowserEngine -INFO -Open url: http://127.0.0.1/forum.php.
2019-02-28 08:57:38,908 - BrowserEngine -INFO -Maximize the current window
2019-02-28 08:57:38,908 - BrowserEngine -INFO -Set implicitly wait 10 seconds.
2019-02-28 08:57:38,955 - BasePage -INFO -找到页面元素--('id', 'ls_username')
2019-02-28 08:57:39,057 - BasePage -INFO -输入内容：123456
2019-02-28 08:57:39,085 - BasePage -INFO -找到页面元素--('id', 'ls_password')
2019-02-28 08:57:39,149 - BasePage -INFO -输入内容：123456
2019-02-28 08:57:39,185 - BasePage -INFO -找到页面元素--('css selector', 'tbody tr:nth-child(2) td:nth-child(3) button')
2019-02-28 08:57:39,234 - BasePage -INFO -点击按钮:('css selector', 'tbody tr:nth-child(2) td:nth-child(3) button')
2019-02-28 08:57:39,238 - BasePage -INFO -激活当前窗口成功
2019-02-28 08:57:42,325 - BasePage -INFO -找到页面元素--('xpath', '//*[@id="category_1"]/table/tbody/tr[1]/td[2]/h2/a')
2019-02-28 08:57:42,660 - BasePage -INFO -点击按钮:('xpath', '//*[@id="category_1"]/table/tbody/tr[1]/td[2]/h2/a')
2019-02-28 08:57:42,724 - BasePage -INFO -找到页面元素--('id', 'newspecial')
2019-02-28 08:57:43,438 - BasePage -INFO -点击按钮:('id', 'newspecial')
2019-02-28 08:57:43,470 - BasePage -INFO -找到页面元素--('name', 'subject')
2019-02-28 08:57:43,530 - BasePage -INFO -输入内容：新帖1
2019-02-28 08:57:43,546 - BasePage -INFO -发现frame
2019-02-28 08:57:43,570 - BasePage -INFO -找到页面元素--('css selector', 'body')
2019-02-28 08:57:43,666 - BasePage -INFO -输入内容：新帖的内容
2019-02-28 08:57:43,670 - BasePage -INFO -激活当前窗口成功
2019-02-28 08:57:43,702 - BasePage -INFO -找到页面元素--('id', 'postsubmit')
2019-02-28 08:57:43,794 - BasePage -INFO -点击按钮:('id', 'postsubmit')
2019-02-28 08:57:59,799 - BasePage -INFO -激活当前窗口成功
2019-02-28 08:57:59,877 - BasePage -INFO -找到页面元素--('id', 'fastpostmessage')
2019-02-28 08:57:59,968 - BasePage -INFO -输入内容：回复新帖1内容....
2019-02-28 08:57:59,996 - BasePage -INFO -找到页面元素--('id', 'fastpostsubmit')
2019-02-28 08:58:00,304 - BasePage -INFO -点击按钮:('id', 'fastpostsubmit')
2019-02-28 08:58:00,308 - BasePage -INFO -激活当前窗口成功
2019-02-28 08:58:07,389 - BasePage -ERROR -<pageobjects.discuz01.OneDiscuz object at 0x000001A75C6760F0>页面中没有找到('css selector', 'um > p:nth-child(2) > a:nth-child(12)')元素
2019-02-28 08:58:07,389 - BasePage -ERROR -点击按钮失败:('css selector', 'um > p:nth-child(2) > a:nth-child(12)')
2019-02-28 08:58:07,389 - BrowserEngine -INFO -Now Close and quit the browser.
