2019-02-28 10:39:23,005 - BrowserEngine -INFO -You had select Chrome browser.
2019-02-28 10:39:23,005 - BrowserEngine -INFO -The text url is http://127.0.0.1/forum.php.
2019-02-28 10:39:26,302 - BrowserEngine -INFO -Starting Chrome browser.
2019-02-28 10:39:26,778 - BrowserEngine -INFO -Open url: http://127.0.0.1/forum.php.
2019-02-28 10:39:27,898 - BrowserEngine -INFO -Maximize the current window
2019-02-28 10:39:27,898 - BrowserEngine -INFO -Set implicitly wait 10 seconds.
2019-02-28 10:39:27,926 - BasePage -INFO -找到页面元素--('id', 'ls_username')
2019-02-28 10:39:27,994 - BasePage -INFO -输入内容：123456
2019-02-28 10:39:28,026 - BasePage -INFO -找到页面元素--('id', 'ls_password')
2019-02-28 10:39:28,078 - BasePage -INFO -输入内容：123456
2019-02-28 10:39:28,110 - BasePage -INFO -找到页面元素--('css selector', 'tbody tr:nth-child(2) td:nth-child(3) button')
2019-02-28 10:39:28,162 - BasePage -INFO -点击按钮:('css selector', 'tbody tr:nth-child(2) td:nth-child(3) button')
2019-02-28 10:39:28,166 - BasePage -INFO -激活当前窗口成功
2019-02-28 10:39:31,238 - BasePage -INFO -找到页面元素--('xpath', '//*[@id="category_1"]/table/tbody/tr[1]/td[2]/h2/a')
2019-02-28 10:39:31,506 - BasePage -INFO -点击按钮:('xpath', '//*[@id="category_1"]/table/tbody/tr[1]/td[2]/h2/a')
2019-02-28 10:39:31,574 - BasePage -INFO -找到页面元素--('id', 'newspecial')
2019-02-28 10:39:31,602 - BasePage -INFO -悬停成功
2019-02-28 10:39:31,638 - BasePage -INFO -找到页面元素--('css selector', '#newspecial_menu > li.poll > a')
2019-02-28 10:39:31,958 - BasePage -INFO -点击按钮:('css selector', '#newspecial_menu > li.poll > a')
2019-02-28 10:39:31,966 - BasePage -INFO -激活当前窗口成功
2019-02-28 10:39:31,998 - BasePage -INFO -找到页面元素--('name', 'subject')
2019-02-28 10:39:32,066 - BasePage -INFO -输入内容：学习
2019-02-28 10:39:32,098 - BasePage -INFO -找到页面元素--('css selector', '#pollm_c_1 > p:nth-child(1) > input')
2019-02-28 10:39:32,158 - BasePage -INFO -输入内容：python
2019-02-28 10:39:32,182 - BasePage -INFO -找到页面元素--('css selector', '#pollm_c_1 > p:nth-child(2) > input')
2019-02-28 10:39:32,238 - BasePage -INFO -输入内容：软件测试
2019-02-28 10:39:32,270 - BasePage -INFO -找到页面元素--('css selector', '#pollm_c_1 > p:nth-child(3) > input')
2019-02-28 10:39:32,342 - BasePage -INFO -输入内容：UI自动化测试
2019-02-28 10:39:32,366 - BasePage -INFO -找到页面元素--('id', 'postsubmit')
2019-02-28 10:39:32,458 - BasePage -INFO -点击按钮:('id', 'postsubmit')
2019-02-28 10:39:33,482 - BasePage -INFO -找到页面元素--('id', 'option_1')
2019-02-28 10:39:33,598 - BasePage -INFO -点击按钮:('id', 'option_1')
2019-02-28 10:39:33,634 - BasePage -INFO -找到页面元素--('name', 'pollsubmit')
2019-02-28 10:39:34,198 - BasePage -INFO -点击按钮:('name', 'pollsubmit')
2019-02-28 10:39:34,202 - BasePage -INFO -激活当前窗口成功
2019-02-28 10:39:34,230 - BasePage -INFO -找到页面元素--('id', 'thread_subject')
2019-02-28 10:39:34,254 - BasePage -INFO -获取<selenium.webdriver.remote.webelement.WebElement (session="14d9c9531bc953725043f37bf2d636c7", element="0.7106546749492813-1")>元素text成功。
2019-02-28 10:39:34,306 - BasePage -INFO -找到页面元素--('css selector', 'td.pvt label')
2019-02-28 10:39:34,406 - BasePage -INFO -找到页面元素--('css selector', 'div.pcbs form  tr > td:nth-child(2)')
2019-02-28 10:39:34,430 - BasePage -INFO -获取<selenium.webdriver.remote.webelement.WebElement (session="14d9c9531bc953725043f37bf2d636c7", element="0.7106546749492813-2")>元素text成功。
2019-02-28 10:39:34,446 - BasePage -INFO -获取<selenium.webdriver.remote.webelement.WebElement (session="14d9c9531bc953725043f37bf2d636c7", element="0.7106546749492813-6")>元素text成功。
2019-02-28 10:39:34,462 - BasePage -INFO -获取<selenium.webdriver.remote.webelement.WebElement (session="14d9c9531bc953725043f37bf2d636c7", element="0.7106546749492813-3")>元素text成功。
2019-02-28 10:39:34,478 - BasePage -INFO -获取<selenium.webdriver.remote.webelement.WebElement (session="14d9c9531bc953725043f37bf2d636c7", element="0.7106546749492813-8")>元素text成功。
2019-02-28 10:39:34,494 - BasePage -INFO -获取<selenium.webdriver.remote.webelement.WebElement (session="14d9c9531bc953725043f37bf2d636c7", element="0.7106546749492813-4")>元素text成功。
2019-02-28 10:39:34,514 - BasePage -INFO -获取<selenium.webdriver.remote.webelement.WebElement (session="14d9c9531bc953725043f37bf2d636c7", element="0.7106546749492813-10")>元素text成功。
2019-02-28 10:39:34,514 - BrowserEngine -INFO -Now Close and quit the browser.
