2019-03-01 09:02:09,944 - BrowserEngine -INFO -You had select Chrome browser.
2019-03-01 09:02:09,944 - BrowserEngine -INFO -The text url is http://127.0.0.1/forum.php.
2019-03-01 09:02:13,178 - BrowserEngine -INFO -Starting Chrome browser.
2019-03-01 09:02:13,561 - BrowserEngine -INFO -Open url: http://127.0.0.1/forum.php.
2019-03-01 09:02:14,696 - BrowserEngine -INFO -Maximize the current window
2019-03-01 09:02:14,696 - BrowserEngine -INFO -Set implicitly wait 10 seconds.
2019-03-01 09:02:14,765 - BasePage -INFO -找到页面元素--('id', 'ls_username')
2019-03-01 09:02:14,831 - BasePage -INFO -输入内容：123456
2019-03-01 09:02:14,859 - BasePage -INFO -找到页面元素--('id', 'ls_password')
2019-03-01 09:02:14,914 - BasePage -INFO -输入内容：123456
2019-03-01 09:02:14,942 - BasePage -INFO -找到页面元素--('css selector', 'tbody tr:nth-child(2) td:nth-child(3) button')
2019-03-01 09:02:14,993 - BasePage -INFO -点击按钮:('css selector', 'tbody tr:nth-child(2) td:nth-child(3) button')
2019-03-01 09:02:15,001 - BasePage -INFO -激活当前窗口成功
2019-03-01 09:02:15,389 - BasePage -INFO -找到页面元素--('css selector', '#um > p:nth-child(2) > strong > a')
2019-03-01 09:02:15,409 - BasePage -INFO -获取<selenium.webdriver.remote.webelement.WebElement (session="02bad09e4feaba9079f1e0832131f993", element="0.6076804466008692-1")>元素text成功。
2019-03-01 09:02:18,446 - BasePage -INFO -找到页面元素--('xpath', '//*[@id="category_1"]/table/tbody/tr[1]/td[2]/h2/a')
2019-03-01 09:02:18,478 - BasePage -INFO -获取<selenium.webdriver.remote.webelement.WebElement (session="02bad09e4feaba9079f1e0832131f993", element="0.6076804466008692-2")>元素text成功。
2019-03-01 09:02:18,493 - BasePage -INFO -找到页面元素--('xpath', '//*[@id="category_1"]/table/tbody/tr[1]/td[2]/h2/a')
2019-03-01 09:02:18,881 - BasePage -INFO -点击按钮:('xpath', '//*[@id="category_1"]/table/tbody/tr[1]/td[2]/h2/a')
2019-03-01 09:02:18,889 - BasePage -INFO -激活当前窗口成功
2019-03-01 09:02:18,933 - BasePage -INFO -找到页面元素--('css selector', '#ct > div > div.bm.bml.pbn > div > h1 > a')
2019-03-01 09:02:18,964 - BasePage -INFO -获取<selenium.webdriver.remote.webelement.WebElement (session="02bad09e4feaba9079f1e0832131f993", element="0.5061614804604613-1")>元素text成功。
2019-03-01 09:02:18,995 - BasePage -INFO -找到页面元素--('id', 'newspecial')
2019-03-01 09:02:19,035 - BasePage -INFO -悬停成功
2019-03-01 09:02:19,071 - BasePage -INFO -找到页面元素--('css selector', '#newspecial_menu > li:nth-child(1) > a')
2019-03-01 09:02:19,586 - BasePage -INFO -点击按钮:('css selector', '#newspecial_menu > li:nth-child(1) > a')
2019-03-01 09:02:19,626 - BasePage -INFO -找到页面元素--('name', 'subject')
2019-03-01 09:02:19,662 - BasePage -INFO -获取<selenium.webdriver.remote.webelement.WebElement (session="02bad09e4feaba9079f1e0832131f993", element="0.7575256605983751-1")>元素text成功。
2019-03-01 09:02:19,678 - BasePage -INFO -找到页面元素--('name', 'subject')
2019-03-01 09:02:19,726 - BasePage -INFO -输入内容：新帖1
2019-03-01 09:02:19,742 - BasePage -INFO -发现frame
2019-03-01 09:02:19,766 - BasePage -INFO -找到页面元素--('css selector', 'body')
2019-03-01 09:02:19,834 - BasePage -INFO -输入内容：新帖的内容
2019-03-01 09:02:19,838 - BasePage -INFO -激活当前窗口成功
2019-03-01 09:02:19,869 - BasePage -INFO -找到页面元素--('id', 'postsubmit')
2019-03-01 09:02:19,965 - BasePage -INFO -点击按钮:('id', 'postsubmit')
2019-03-01 09:02:19,973 - BasePage -INFO -激活当前窗口成功
2019-03-01 09:02:21,086 - BasePage -INFO -找到页面元素--('id', 'thread_subject')
2019-03-01 09:02:21,106 - BasePage -INFO -获取<selenium.webdriver.remote.webelement.WebElement (session="02bad09e4feaba9079f1e0832131f993", element="0.35716984089438664-1")>元素text成功。
2019-03-01 09:02:21,106 - BrowserEngine -INFO -Now Close and quit the browser.
2019-03-01 09:02:48,029 - BrowserEngine -INFO -You had select Chrome browser.
2019-03-01 09:02:48,029 - BrowserEngine -INFO -The text url is http://127.0.0.1/forum.php.
2019-03-01 09:02:51,300 - BrowserEngine -INFO -Starting Chrome browser.
2019-03-01 09:02:51,667 - BrowserEngine -INFO -Open url: http://127.0.0.1/forum.php.
2019-03-01 09:02:52,826 - BrowserEngine -INFO -Maximize the current window
2019-03-01 09:02:52,830 - BrowserEngine -INFO -Set implicitly wait 10 seconds.
2019-03-01 09:02:52,928 - BasePage -INFO -找到页面元素--('id', 'ls_username')
2019-03-01 09:02:53,040 - BasePage -INFO -输入内容：123456
2019-03-01 09:02:53,076 - BasePage -INFO -找到页面元素--('id', 'ls_password')
2019-03-01 09:02:53,138 - BasePage -INFO -输入内容：123456
2019-03-01 09:02:53,174 - BasePage -INFO -找到页面元素--('css selector', 'tbody tr:nth-child(2) td:nth-child(3) button')
2019-03-01 09:02:53,232 - BasePage -INFO -点击按钮:('css selector', 'tbody tr:nth-child(2) td:nth-child(3) button')
2019-03-01 09:02:53,236 - BasePage -INFO -激活当前窗口成功
2019-03-01 09:02:53,650 - BasePage -INFO -找到页面元素--('css selector', '#um > p:nth-child(2) > strong > a')
2019-03-01 09:02:53,674 - BasePage -INFO -获取<selenium.webdriver.remote.webelement.WebElement (session="7dc69b6076cb1b8bf75af506d2937d81", element="0.6664616283780305-1")>元素text成功。
2019-03-01 09:02:56,694 - BasePage -INFO -找到页面元素--('xpath', '//*[@id="category_1"]/table/tbody/tr[1]/td[2]/h2/a')
2019-03-01 09:02:56,725 - BasePage -INFO -获取<selenium.webdriver.remote.webelement.WebElement (session="7dc69b6076cb1b8bf75af506d2937d81", element="0.6664616283780305-2")>元素text成功。
2019-03-01 09:02:56,725 - BasePage -INFO -找到页面元素--('xpath', '//*[@id="category_1"]/table/tbody/tr[1]/td[2]/h2/a')
2019-03-01 09:02:57,027 - BasePage -INFO -点击按钮:('xpath', '//*[@id="category_1"]/table/tbody/tr[1]/td[2]/h2/a')
2019-03-01 09:02:57,031 - BasePage -INFO -激活当前窗口成功
2019-03-01 09:02:57,111 - BasePage -INFO -找到页面元素--('css selector', '#ct > div > div.bm.bml.pbn > div > h1 > a')
2019-03-01 09:02:57,136 - BasePage -INFO -获取<selenium.webdriver.remote.webelement.WebElement (session="7dc69b6076cb1b8bf75af506d2937d81", element="0.5710089934537044-1")>元素text成功。
2019-03-01 09:02:57,151 - BasePage -INFO -找到页面元素--('id', 'newspecial')
2019-03-01 09:02:57,188 - BasePage -INFO -悬停成功
2019-03-01 09:02:57,224 - BasePage -INFO -找到页面元素--('css selector', '#newspecial_menu > li:nth-child(1) > a')
2019-03-01 09:02:57,577 - BasePage -INFO -点击按钮:('css selector', '#newspecial_menu > li:nth-child(1) > a')
2019-03-01 09:02:57,625 - BasePage -INFO -找到页面元素--('name', 'subject')
2019-03-01 09:02:57,670 - BasePage -INFO -获取<selenium.webdriver.remote.webelement.WebElement (session="7dc69b6076cb1b8bf75af506d2937d81", element="0.9318207100256868-1")>元素text成功。
2019-03-01 09:02:57,692 - BasePage -INFO -找到页面元素--('name', 'subject')
2019-03-01 09:02:57,744 - BasePage -INFO -输入内容：新帖1
2019-03-01 09:02:57,756 - BasePage -INFO -发现frame
2019-03-01 09:02:57,784 - BasePage -INFO -找到页面元素--('css selector', 'body')
2019-03-01 09:02:57,841 - BasePage -INFO -输入内容：新帖的内容
2019-03-01 09:02:57,845 - BasePage -INFO -激活当前窗口成功
2019-03-01 09:02:57,873 - BasePage -INFO -找到页面元素--('id', 'postsubmit')
2019-03-01 09:02:57,977 - BasePage -INFO -点击按钮:('id', 'postsubmit')
2019-03-01 09:02:57,981 - BasePage -INFO -激活当前窗口成功
2019-03-01 09:02:58,925 - BasePage -INFO -找到页面元素--('id', 'thread_subject')
2019-03-01 09:02:58,949 - BasePage -INFO -获取<selenium.webdriver.remote.webelement.WebElement (session="7dc69b6076cb1b8bf75af506d2937d81", element="0.4750596548343613-1")>元素text成功。
2019-03-01 09:02:58,949 - BrowserEngine -INFO -Now Close and quit the browser.
