2019-02-27 14:56:33,565 - BrowserEngine -INFO -You had select Chrome browser.
2019-02-27 14:56:33,565 - BrowserEngine -INFO -The text url is http://127.0.0.1/forum.php.
2019-02-27 14:56:36,769 - BrowserEngine -INFO -Starting Chrome browser.
2019-02-27 14:56:37,152 - BrowserEngine -INFO -Open url: http://127.0.0.1/forum.php.
2019-02-27 14:56:38,315 - BrowserEngine -INFO -Maximize the current window
2019-02-27 14:56:38,315 - BrowserEngine -INFO -Set implicitly wait 10 seconds.
2019-02-27 14:56:38,345 - BasePage -INFO -找到页面元素--('id', 'ls_username')
2019-02-27 14:56:38,418 - BasePage -INFO -输入内容：admin
2019-02-27 14:56:38,446 - BasePage -INFO -找到页面元素--('id', 'ls_password')
2019-02-27 14:56:38,496 - BasePage -INFO -输入内容：admin
2019-02-27 14:56:38,524 - BasePage -INFO -找到页面元素--('css selector', 'tbody tr:nth-child(2) td:nth-child(3) button')
2019-02-27 14:56:38,573 - BasePage -INFO -点击按钮:('css selector', 'tbody tr:nth-child(2) td:nth-child(3) button')
2019-02-27 14:56:38,578 - BasePage -INFO -激活当前窗口成功
2019-02-27 14:56:41,595 - BasePage -INFO -找到页面元素--('xpath', '//*[@id="category_1"]/table/tbody/tr[1]/td[2]/h2/a')
2019-02-27 14:56:42,028 - BasePage -INFO -点击按钮:('xpath', '//*[@id="category_1"]/table/tbody/tr[1]/td[2]/h2/a')
2019-02-27 14:56:42,036 - BasePage -INFO -激活当前窗口成功
2019-02-27 14:56:45,083 - BasePage -INFO -找到页面元素--('name', 'moderate[]')
2019-02-27 14:56:45,131 - BasePage -INFO -点击按钮:('name', 'moderate[]')
2019-02-27 14:56:45,167 - BasePage -INFO -找到页面元素--('css selector', '#mdly > p:nth-child(6) > strong:nth-child(1) > a')
2019-02-27 14:56:45,331 - BasePage -INFO -点击按钮:('css selector', '#mdly > p:nth-child(6) > strong:nth-child(1) > a')
2019-02-27 14:56:45,386 - BasePage -INFO -找到页面元素--('name', 'modsubmit')
2019-02-27 14:56:45,762 - BasePage -INFO -点击按钮:('name', 'modsubmit')
2019-02-27 14:56:45,767 - BasePage -INFO -激活当前窗口成功
2019-02-27 14:56:45,820 - BasePage -INFO -找到页面元素--('xpath', '//*[@id="um"]/p[1]/a[6]')
2019-02-27 14:56:45,922 - BasePage -INFO -点击按钮:('xpath', '//*[@id="um"]/p[1]/a[6]')
2019-02-27 14:56:45,937 - BasePage -INFO -激活当前窗口成功
2019-02-27 14:56:53,054 - BasePage -ERROR -<pageobjects.discuz02.TwoDiscuz object at 0x0000021B34019B38>页面中没有找到('name', 'admin_password')元素
2019-02-27 14:56:53,054 - BasePage -ERROR -failed输入内容：'NoneType' object has no attribute 'send_keys'
2019-02-27 14:57:00,096 - BasePage -ERROR -<pageobjects.discuz02.TwoDiscuz object at 0x0000021B34019B38>页面中没有找到('name', 'submit')元素
2019-02-27 14:57:00,096 - BasePage -ERROR -点击按钮失败:('name', 'submit')
2019-02-27 14:57:00,131 - BasePage -INFO -激活第1个窗口成功
2019-02-27 14:57:00,137 - BasePage -INFO -激活当前窗口成功
2019-02-27 14:57:08,209 - BasePage -ERROR -<pageobjects.discuz02.TwoDiscuz object at 0x0000021B34019B38>页面中没有找到('id', 'header_forum')元素
2019-02-27 14:57:08,209 - BasePage -ERROR -点击按钮失败:('id', 'header_forum')
2019-02-27 14:57:08,224 - BasePage -INFO -激活当前窗口成功
2019-02-27 14:57:08,238 - BrowserEngine -INFO -Now Close and quit the browser.
