2019-02-28 20:59:14,716 - BrowserEngine -INFO -You had select Chrome browser.
2019-02-28 20:59:14,716 - BrowserEngine -INFO -The text url is http://127.0.0.1/forum.php.
2019-02-28 20:59:17,974 - BrowserEngine -INFO -Starting Chrome browser.
2019-02-28 20:59:18,520 - BrowserEngine -INFO -Open url: http://127.0.0.1/forum.php.
2019-02-28 20:59:19,650 - BrowserEngine -INFO -Maximize the current window
2019-02-28 20:59:19,652 - BrowserEngine -INFO -Set implicitly wait 10 seconds.
2019-02-28 20:59:19,680 - BasePage -INFO -找到页面元素--('id', 'ls_username')
2019-02-28 20:59:19,768 - BasePage -INFO -输入内容：123456
2019-02-28 20:59:19,798 - BasePage -INFO -找到页面元素--('id', 'ls_password')
2019-02-28 20:59:19,851 - BasePage -INFO -输入内容：123456
2019-02-28 20:59:19,882 - BasePage -INFO -找到页面元素--('css selector', 'tbody tr:nth-child(2) td:nth-child(3) button')
2019-02-28 20:59:19,932 - BasePage -INFO -点击按钮:('css selector', 'tbody tr:nth-child(2) td:nth-child(3) button')
2019-02-28 20:59:19,937 - BasePage -INFO -激活当前窗口成功
2019-02-28 20:59:20,365 - BasePage -INFO -找到页面元素--('css selector', '#um > p:nth-child(2) > strong > a')
2019-02-28 20:59:20,397 - BasePage -INFO -获取<selenium.webdriver.remote.webelement.WebElement (session="fabbe973bf1eaf7417393fcc234f0ba9", element="0.9095940356964336-1")>元素text成功。
2019-02-28 20:59:23,432 - BasePage -INFO -找到页面元素--('xpath', '//*[@id="category_1"]/table/tbody/tr[1]/td[2]/h2/a')
2019-02-28 20:59:23,455 - BasePage -INFO -获取<selenium.webdriver.remote.webelement.WebElement (session="fabbe973bf1eaf7417393fcc234f0ba9", element="0.9095940356964336-2")>元素text成功。
2019-02-28 20:59:23,470 - BasePage -INFO -找到页面元素--('xpath', '//*[@id="category_1"]/table/tbody/tr[1]/td[2]/h2/a')
2019-02-28 20:59:23,756 - BasePage -INFO -点击按钮:('xpath', '//*[@id="category_1"]/table/tbody/tr[1]/td[2]/h2/a')
2019-02-28 20:59:23,759 - BasePage -INFO -激活当前窗口成功
2019-02-28 20:59:23,850 - BasePage -INFO -找到页面元素--('css selector', '#ct > div > div.bm.bml.pbn > div > h1 > a')
2019-02-28 20:59:23,877 - BasePage -INFO -获取<selenium.webdriver.remote.webelement.WebElement (session="fabbe973bf1eaf7417393fcc234f0ba9", element="0.8149227708901765-1")>元素text成功。
2019-02-28 20:59:23,910 - BasePage -INFO -找到页面元素--('id', 'newspecial')
2019-02-28 20:59:23,944 - BasePage -INFO -悬停成功
2019-02-28 20:59:23,989 - BasePage -INFO -找到页面元素--('css selector', '#newspecial_menu > li:nth-child(1) > a')
2019-02-28 20:59:24,338 - BasePage -INFO -点击按钮:('css selector', '#newspecial_menu > li:nth-child(1) > a')
2019-02-28 20:59:24,368 - BasePage -INFO -找到页面元素--('name', 'subject')
2019-02-28 20:59:24,435 - BasePage -INFO -输入内容：新帖1
2019-02-28 20:59:24,452 - BasePage -INFO -找到页面元素--('name', 'subject')
2019-02-28 20:59:24,474 - BasePage -INFO -获取<selenium.webdriver.remote.webelement.WebElement (session="fabbe973bf1eaf7417393fcc234f0ba9", element="0.09564800732373047-1")>元素text成功。
2019-02-28 20:59:24,487 - BasePage -INFO -发现frame
2019-02-28 20:59:24,512 - BasePage -INFO -找到页面元素--('css selector', 'body')
2019-02-28 20:59:24,572 - BasePage -INFO -输入内容：新帖的内容
2019-02-28 20:59:24,575 - BasePage -INFO -激活当前窗口成功
2019-02-28 20:59:24,604 - BasePage -INFO -找到页面元素--('id', 'postsubmit')
2019-02-28 20:59:24,699 - BasePage -INFO -点击按钮:('id', 'postsubmit')
2019-02-28 20:59:24,708 - BasePage -INFO -激活当前窗口成功
2019-02-28 20:59:26,003 - BasePage -INFO -找到页面元素--('id', 'thread_subject')
2019-02-28 20:59:26,027 - BasePage -INFO -获取<selenium.webdriver.remote.webelement.WebElement (session="fabbe973bf1eaf7417393fcc234f0ba9", element="0.21611419337049043-1")>元素text成功。
2019-02-28 20:59:26,027 - BrowserEngine -INFO -Now Close and quit the browser.
