2019-02-27 14:19:46,360 - BrowserEngine -INFO -You had select Chrome browser.
2019-02-27 14:19:46,360 - BrowserEngine -INFO -The text url is http://127.0.0.1/forum.php.
2019-02-27 14:19:49,595 - BrowserEngine -INFO -Starting Chrome browser.
2019-02-27 14:19:50,017 - BrowserEngine -INFO -Open url: http://127.0.0.1/forum.php.
2019-02-27 14:19:51,132 - BrowserEngine -INFO -Maximize the current window
2019-02-27 14:19:51,132 - BrowserEngine -INFO -Set implicitly wait 10 seconds.
2019-02-27 14:19:51,147 - BasePage -INFO -找到页面元素--('id', 'ls_username')
2019-02-27 14:19:51,227 - BasePage -INFO -输入内容：admin
2019-02-27 14:19:51,261 - BasePage -INFO -找到页面元素--('id', 'ls_password')
2019-02-27 14:19:51,321 - BasePage -INFO -输入内容：admin
2019-02-27 14:19:51,350 - BasePage -INFO -找到页面元素--('css selector', 'tbody tr:nth-child(2) td:nth-child(3) button')
2019-02-27 14:19:51,408 - BasePage -INFO -点击按钮:('css selector', 'tbody tr:nth-child(2) td:nth-child(3) button')
2019-02-27 14:19:51,413 - BasePage -INFO -激活当前窗口成功
2019-02-27 14:19:54,446 - BasePage -INFO -找到页面元素--('xpath', '//*[@id="category_1"]/table/tbody/tr[1]/td[2]/h2/a')
2019-02-27 14:19:54,773 - BasePage -INFO -点击按钮:('xpath', '//*[@id="category_1"]/table/tbody/tr[1]/td[2]/h2/a')
2019-02-27 14:19:54,778 - BasePage -INFO -激活当前窗口成功
2019-02-27 14:20:04,887 - BasePage -ERROR -<pageobjects.discuz02.TwoDiscuz object at 0x00000212BDF46F28>页面中没有找到('name', 'moderate[]')元素
2019-02-27 14:20:04,887 - BasePage -ERROR -点击按钮失败:('name', 'moderate[]')
2019-02-27 14:20:12,028 - BasePage -ERROR -<pageobjects.discuz02.TwoDiscuz object at 0x00000212BDF46F28>页面中没有找到('css selector', '#mdly > p:nth-child(6) > strong:nth-child(1) > a')元素
2019-02-27 14:20:12,028 - BasePage -ERROR -点击按钮失败:('css selector', '#mdly > p:nth-child(6) > strong:nth-child(1) > a')
2019-02-27 14:20:19,127 - BasePage -ERROR -<pageobjects.discuz02.TwoDiscuz object at 0x00000212BDF46F28>页面中没有找到('name', 'modsubmit')元素
2019-02-27 14:20:19,127 - BasePage -ERROR -点击按钮失败:('name', 'modsubmit')
2019-02-27 14:20:19,127 - BasePage -INFO -激活当前窗口成功
2019-02-27 14:20:19,168 - BasePage -INFO -找到页面元素--('xpath', '//*[@id="um"]/p[1]/a[6]')
2019-02-27 14:20:19,240 - BasePage -INFO -点击按钮:('xpath', '//*[@id="um"]/p[1]/a[6]')
2019-02-27 14:20:19,244 - BasePage -INFO -激活第1个窗口成功
2019-02-27 14:20:19,251 - BasePage -INFO -激活当前窗口成功
2019-02-27 14:20:20,321 - BasePage -INFO -找到页面元素--('id', 'header_forum')
2019-02-27 14:20:20,376 - BasePage -INFO -点击按钮:('id', 'header_forum')
2019-02-27 14:20:20,380 - BasePage -INFO -激活当前窗口成功
2019-02-27 14:20:20,394 - BasePage -INFO -发现frame
2019-02-27 14:20:20,704 - BasePage -INFO -找到页面元素--('css selector', '#cpform > table > tbody:nth-child(3) > tr > td:nth-child(2) > div > a')
2019-02-27 14:20:20,807 - BasePage -INFO -点击按钮:('css selector', '#cpform > table > tbody:nth-child(3) > tr > td:nth-child(2) > div > a')
2019-02-27 14:20:20,839 - BasePage -INFO -找到页面元素--('id', 'submit_editsubmit')
2019-02-27 14:20:21,061 - BasePage -INFO -点击按钮:('id', 'submit_editsubmit')
2019-02-27 14:20:21,067 - BasePage -INFO -激活当前窗口成功
2019-02-27 14:20:21,098 - BasePage -INFO -找到页面元素--('css selector', '#frameuinfo> p:nth-child(1) > a')
2019-02-27 14:20:21,374 - BasePage -INFO -点击按钮:('css selector', '#frameuinfo> p:nth-child(1) > a')
2019-02-27 14:20:21,397 - BasePage -INFO -Closing and quit the browser
2019-02-27 14:20:21,403 - BasePage -INFO -激活第0个窗口成功
2019-02-27 14:20:28,514 - BasePage -ERROR -<pageobjects.discuz02.TwoDiscuz object at 0x00000212BDF46F28>页面中没有找到('css selector', 'um > p:nth-child(2) > a:nth-child(18)')元素
2019-02-27 14:20:28,514 - BasePage -ERROR -点击按钮失败:('css selector', 'um > p:nth-child(2) > a:nth-child(18)')
2019-02-27 14:20:35,579 - BasePage -ERROR -<pageobjects.discuz01.OneDiscuz object at 0x00000212BDF46630>页面中没有找到('id', 'ls_username')元素
2019-02-27 14:20:35,581 - BasePage -ERROR -failed输入内容：'NoneType' object has no attribute 'send_keys'
2019-02-27 14:20:42,628 - BasePage -ERROR -<pageobjects.discuz01.OneDiscuz object at 0x00000212BDF46630>页面中没有找到('id', 'ls_password')元素
2019-02-27 14:20:42,628 - BasePage -ERROR -failed输入内容：'NoneType' object has no attribute 'send_keys'
2019-02-27 14:20:43,154 - BasePage -ERROR -<pageobjects.discuz01.OneDiscuz object at 0x00000212BDF46630>页面中没有找到('css selector', 'tbody tr:nth-child(2) td:nth-child(3) button')元素
2019-02-27 14:20:43,154 - BasePage -ERROR -点击按钮失败:('css selector', 'tbody tr:nth-child(2) td:nth-child(3) button')
2019-02-27 14:20:43,169 - BasePage -ERROR -激活当前窗口失败
2019-02-27 14:20:43,169 - BasePage -ERROR -<pageobjects.discuz02.TwoDiscuz object at 0x00000212BDF46F28>页面中没有找到('css selector', '#category_1 > table > tbody > tr:nth-child(2) > td:nth-child(2) > h2 > a')元素
2019-02-27 14:20:43,169 - BasePage -ERROR -点击按钮失败:('css selector', '#category_1 > table > tbody > tr:nth-child(2) > td:nth-child(2) > h2 > a')
2019-02-27 14:20:43,169 - BasePage -ERROR -<pageobjects.discuz01.OneDiscuz object at 0x00000212BDF46630>页面中没有找到('id', 'newspecial')元素
2019-02-27 14:20:43,169 - BasePage -ERROR -点击按钮失败:('id', 'newspecial')
2019-02-27 14:20:43,169 - BasePage -ERROR -<pageobjects.discuz01.OneDiscuz object at 0x00000212BDF46630>页面中没有找到('name', 'subject')元素
2019-02-27 14:20:43,169 - BasePage -ERROR -failed输入内容：'NoneType' object has no attribute 'send_keys'
2019-02-27 14:20:43,169 - BrowserEngine -INFO -Now Close and quit the browser.
