2019-02-27 10:43:53,620 - BrowserEngine -INFO -You had select Chrome browser.
2019-02-27 10:43:53,620 - BrowserEngine -INFO -The text url is http://127.0.0.1/forum.php.
2019-02-27 10:43:56,852 - BrowserEngine -INFO -Starting Chrome browser.
2019-02-27 10:43:57,242 - BrowserEngine -INFO -Open url: http://127.0.0.1/forum.php.
2019-02-27 10:43:58,365 - BrowserEngine -INFO -Maximize the current window
2019-02-27 10:43:58,366 - BrowserEngine -INFO -Set implicitly wait 10 seconds.
2019-02-27 10:43:58,398 - BasePage -INFO -找到页面元素--('id', 'ls_username')
2019-02-27 10:43:58,460 - BasePage -INFO -输入内容：admin
2019-02-27 10:43:58,489 - BasePage -INFO -找到页面元素--('id', 'ls_password')
2019-02-27 10:43:58,541 - BasePage -INFO -输入内容：admin
2019-02-27 10:43:58,568 - BasePage -INFO -找到页面元素--('css selector', 'tbody tr:nth-child(2) td:nth-child(3) button')
2019-02-27 10:43:58,617 - BasePage -INFO -点击按钮:('css selector', 'tbody tr:nth-child(2) td:nth-child(3) button')
2019-02-27 10:43:58,623 - BasePage -INFO -激活当前窗口成功
2019-02-27 10:44:01,663 - BasePage -INFO -找到页面元素--('xpath', '//*[@id="category_1"]/table/tbody/tr[1]/td[2]/h2/a')
2019-02-27 10:44:01,961 - BasePage -INFO -点击按钮:('xpath', '//*[@id="category_1"]/table/tbody/tr[1]/td[2]/h2/a')
2019-02-27 10:44:01,964 - BasePage -INFO -激活当前窗口成功
2019-02-27 10:44:09,010 - BasePage -ERROR -<pageobjects.discuz02.TwoDiscuz object at 0x000001FDD7E87F28>页面中没有找到('css selector', 'normalthread_19 > tr > td.o > input[type="checkbox"]')元素
2019-02-27 10:44:09,010 - BasePage -ERROR -点击按钮失败:('css selector', 'normalthread_19 > tr > td.o > input[type="checkbox"]')
2019-02-27 10:44:14,359 - BasePage -ERROR -<pageobjects.discuz02.TwoDiscuz object at 0x000001FDD7E87F28>页面中没有找到('css selector', '#mdly > p:nth-child(6) > strong:nth-child(1) > a')元素
2019-02-27 10:44:14,360 - BasePage -ERROR -点击按钮失败:('css selector', '#mdly > p:nth-child(6) > strong:nth-child(1) > a')
2019-02-27 10:44:21,495 - BasePage -ERROR -<pageobjects.discuz02.TwoDiscuz object at 0x000001FDD7E87F28>页面中没有找到('name', 'modsubmit')元素
2019-02-27 10:44:21,495 - BasePage -ERROR -点击按钮失败:('name', 'modsubmit')
2019-02-27 10:44:21,496 - BrowserEngine -INFO -Now Close and quit the browser.
