2019-02-27 14:35:43,207 - BrowserEngine -INFO -You had select Chrome browser.
2019-02-27 14:35:43,207 - BrowserEngine -INFO -The text url is http://127.0.0.1/forum.php.
2019-02-27 14:35:46,431 - BrowserEngine -INFO -Starting Chrome browser.
2019-02-27 14:35:46,836 - BrowserEngine -INFO -Open url: http://127.0.0.1/forum.php.
2019-02-27 14:35:47,983 - BrowserEngine -INFO -Maximize the current window
2019-02-27 14:35:47,983 - BrowserEngine -INFO -Set implicitly wait 10 seconds.
2019-02-27 14:35:48,029 - BasePage -INFO -找到页面元素--('id', 'ls_username')
2019-02-27 14:35:48,094 - BasePage -INFO -输入内容：admin
2019-02-27 14:35:48,123 - BasePage -INFO -找到页面元素--('id', 'ls_password')
2019-02-27 14:35:48,173 - BasePage -INFO -输入内容：admin
2019-02-27 14:35:48,201 - BasePage -INFO -找到页面元素--('css selector', 'tbody tr:nth-child(2) td:nth-child(3) button')
2019-02-27 14:35:48,252 - BasePage -INFO -点击按钮:('css selector', 'tbody tr:nth-child(2) td:nth-child(3) button')
2019-02-27 14:35:48,256 - BasePage -INFO -激活当前窗口成功
2019-02-27 14:35:51,280 - BasePage -INFO -找到页面元素--('xpath', '//*[@id="category_1"]/table/tbody/tr[1]/td[2]/h2/a')
2019-02-27 14:35:51,578 - BasePage -INFO -点击按钮:('xpath', '//*[@id="category_1"]/table/tbody/tr[1]/td[2]/h2/a')
2019-02-27 14:35:51,582 - BasePage -INFO -激活当前窗口成功
2019-02-27 14:35:54,600 - BasePage -INFO -找到页面元素--('name', 'moderate[]')
2019-02-27 14:35:54,675 - BasePage -INFO -点击按钮:('name', 'moderate[]')
2019-02-27 14:35:54,714 - BasePage -INFO -找到页面元素--('css selector', '#mdly > p:nth-child(6) > strong:nth-child(1) > a')
2019-02-27 14:35:54,888 - BasePage -INFO -点击按钮:('css selector', '#mdly > p:nth-child(6) > strong:nth-child(1) > a')
2019-02-27 14:35:54,941 - BasePage -INFO -找到页面元素--('name', 'modsubmit')
2019-02-27 14:35:55,355 - BasePage -INFO -点击按钮:('name', 'modsubmit')
2019-02-27 14:35:55,362 - BasePage -INFO -激活当前窗口成功
2019-02-27 14:35:55,435 - BasePage -INFO -找到页面元素--('xpath', '//*[@id="um"]/p[1]/a[6]')
2019-02-27 14:35:55,565 - BasePage -INFO -点击按钮:('xpath', '//*[@id="um"]/p[1]/a[6]')
2019-02-27 14:35:55,580 - BasePage -INFO -激活第1个窗口成功
2019-02-27 14:35:55,584 - BasePage -INFO -激活当前窗口成功
2019-02-27 14:36:18,002 - BasePage -INFO -找到页面元素--('id', 'header_forum')
2019-02-27 14:36:18,183 - BasePage -INFO -点击按钮:('id', 'header_forum')
2019-02-27 14:36:18,187 - BasePage -INFO -激活当前窗口成功
2019-02-27 14:36:18,199 - BasePage -INFO -发现frame
2019-02-27 14:36:18,213 - BasePage -INFO -找到页面元素--('css selector', '#cpform > table > tbody:nth-child(3) > tr > td:nth-child(2) > div > a')
2019-02-27 14:36:18,327 - BasePage -INFO -点击按钮:('css selector', '#cpform > table > tbody:nth-child(3) > tr > td:nth-child(2) > div > a')
2019-02-27 14:36:18,356 - BasePage -INFO -找到页面元素--('id', 'submit_editsubmit')
2019-02-27 14:36:18,556 - BasePage -INFO -点击按钮:('id', 'submit_editsubmit')
2019-02-27 14:36:18,560 - BasePage -INFO -激活当前窗口成功
2019-02-27 14:36:18,587 - BasePage -INFO -找到页面元素--('css selector', '#frameuinfo> p:nth-child(1) > a')
2019-02-27 14:36:18,915 - BasePage -INFO -点击按钮:('css selector', '#frameuinfo> p:nth-child(1) > a')
2019-02-27 14:36:18,919 - BasePage -INFO -激活当前窗口成功
2019-02-27 14:36:18,947 - BasePage -INFO -找到页面元素--('css selector', '#um > p:nth-child(2) > a:nth-child(18)')
2019-02-27 14:36:19,144 - BasePage -INFO -点击按钮:('css selector', '#um > p:nth-child(2) > a:nth-child(18)')
2019-02-27 14:36:21,309 - BasePage -INFO -找到页面元素--('id', 'ls_username')
2019-02-27 14:36:21,377 - BasePage -INFO -输入内容：123456
2019-02-27 14:36:21,409 - BasePage -INFO -找到页面元素--('id', 'ls_password')
2019-02-27 14:36:21,461 - BasePage -INFO -输入内容：123456
2019-02-27 14:36:21,488 - BasePage -INFO -找到页面元素--('css selector', 'tbody tr:nth-child(2) td:nth-child(3) button')
2019-02-27 14:36:21,534 - BasePage -INFO -点击按钮:('css selector', 'tbody tr:nth-child(2) td:nth-child(3) button')
2019-02-27 14:36:21,539 - BasePage -INFO -激活当前窗口成功
2019-02-27 14:36:21,565 - BasePage -INFO -找到页面元素--('css selector', '#category_1 > table > tbody > tr:nth-child(1) > td:nth-child(2) > h2 > a')
2019-02-27 14:36:21,906 - BasePage -INFO -点击按钮:('css selector', '#category_1 > table > tbody > tr:nth-child(1) > td:nth-child(2) > h2 > a')
2019-02-27 14:36:28,975 - BasePage -ERROR -<pageobjects.discuz01.OneDiscuz object at 0x00000235DABF9710>页面中没有找到('id', 'newspecial')元素
2019-02-27 14:36:28,975 - BasePage -ERROR -点击按钮失败:('id', 'newspecial')
2019-02-27 14:36:36,039 - BasePage -ERROR -<pageobjects.discuz01.OneDiscuz object at 0x00000235DABF9710>页面中没有找到('name', 'subject')元素
2019-02-27 14:36:36,039 - BasePage -ERROR -failed输入内容：'NoneType' object has no attribute 'send_keys'
2019-02-27 14:36:36,044 - BrowserEngine -INFO -Now Close and quit the browser.
