2019-02-27 20:18:16,948 - BrowserEngine -INFO -You had select Chrome browser.
2019-02-27 20:18:16,949 - BrowserEngine -INFO -The text url is http://127.0.0.1/forum.php.
2019-02-27 20:18:20,300 - BrowserEngine -INFO -Starting Chrome browser.
2019-02-27 20:18:20,683 - BrowserEngine -INFO -Open url: http://127.0.0.1/forum.php.
2019-02-27 20:18:21,799 - BrowserEngine -INFO -Maximize the current window
2019-02-27 20:18:21,801 - BrowserEngine -INFO -Set implicitly wait 10 seconds.
2019-02-27 20:18:21,839 - BasePage -INFO -找到页面元素--('id', 'ls_username')
2019-02-27 20:18:21,903 - BasePage -INFO -输入内容：123456
2019-02-27 20:18:21,932 - BasePage -INFO -找到页面元素--('id', 'ls_password')
2019-02-27 20:18:21,985 - BasePage -INFO -输入内容：123456
2019-02-27 20:18:22,014 - BasePage -INFO -找到页面元素--('css selector', 'tbody tr:nth-child(2) td:nth-child(3) button')
2019-02-27 20:18:22,061 - BasePage -INFO -点击按钮:('css selector', 'tbody tr:nth-child(2) td:nth-child(3) button')
2019-02-27 20:18:22,066 - BasePage -INFO -激活当前窗口成功
2019-02-27 20:18:25,100 - BasePage -INFO -找到页面元素--('xpath', '//*[@id="category_1"]/table/tbody/tr[1]/td[2]/h2/a')
2019-02-27 20:18:25,456 - BasePage -INFO -点击按钮:('xpath', '//*[@id="category_1"]/table/tbody/tr[1]/td[2]/h2/a')
2019-02-27 20:18:25,491 - BasePage -INFO -找到页面元素--('id', 'newspecial')
2019-02-27 20:18:25,518 - BasePage -INFO -悬停成功
2019-02-27 20:18:25,543 - BasePage -INFO -找到页面元素--('css selector', '#newspecial_menu > li.poll > a')
2019-02-27 20:18:25,880 - BasePage -INFO -点击按钮:('css selector', '#newspecial_menu > li.poll > a')
2019-02-27 20:18:25,885 - BasePage -INFO -激活当前窗口成功
2019-02-27 20:18:25,918 - BasePage -INFO -找到页面元素--('name', 'subject')
2019-02-27 20:18:25,975 - BasePage -INFO -输入内容：学习
2019-02-27 20:18:26,004 - BasePage -INFO -找到页面元素--('css selector', '#pollm_c_1 > p:nth-child(1) > input')
2019-02-27 20:18:26,068 - BasePage -INFO -输入内容：python
2019-02-27 20:18:26,098 - BasePage -INFO -找到页面元素--('css selector', '#pollm_c_1 > p:nth-child(2) > input')
2019-02-27 20:18:26,155 - BasePage -INFO -输入内容：软件测试
2019-02-27 20:18:26,183 - BasePage -INFO -找到页面元素--('css selector', '#pollm_c_1 > p:nth-child(3) > input')
2019-02-27 20:18:26,251 - BasePage -INFO -输入内容：UI自动化测试
2019-02-27 20:18:26,278 - BasePage -INFO -找到页面元素--('id', 'postsubmit')
2019-02-27 20:18:26,376 - BasePage -INFO -点击按钮:('id', 'postsubmit')
2019-02-27 20:18:27,345 - BasePage -INFO -找到页面元素--('id', 'option_1')
2019-02-27 20:18:27,440 - BasePage -INFO -点击按钮:('id', 'option_1')
2019-02-27 20:18:27,490 - BasePage -INFO -找到页面元素--('name', 'pollsubmit')
2019-02-27 20:18:28,157 - BasePage -INFO -点击按钮:('name', 'pollsubmit')
2019-02-27 20:18:28,161 - BasePage -INFO -激活当前窗口成功
2019-02-27 20:18:28,188 - BasePage -INFO -找到页面元素--('id', 'thread_subject')
2019-02-27 20:18:28,213 - BasePage -INFO -获取<selenium.webdriver.remote.webelement.WebElement (session="ae924c89c3049d26530e0374fe4a7fab", element="0.9918302351838504-1")>元素text成功。
2019-02-27 20:18:28,270 - BasePage -INFO -找到页面元素--('css selector', 'td.pvt label')
2019-02-27 20:18:28,371 - BasePage -INFO -找到页面元素--('css selector', 'div.pcbs form  tr > td:nth-child(2)')
2019-02-27 20:18:28,396 - BasePage -INFO -获取<selenium.webdriver.remote.webelement.WebElement (session="ae924c89c3049d26530e0374fe4a7fab", element="0.9918302351838504-2")>元素text成功。
2019-02-27 20:18:28,413 - BasePage -INFO -获取<selenium.webdriver.remote.webelement.WebElement (session="ae924c89c3049d26530e0374fe4a7fab", element="0.9918302351838504-6")>元素text成功。
2019-02-27 20:18:28,436 - BasePage -INFO -获取<selenium.webdriver.remote.webelement.WebElement (session="ae924c89c3049d26530e0374fe4a7fab", element="0.9918302351838504-3")>元素text成功。
2019-02-27 20:18:28,456 - BasePage -INFO -获取<selenium.webdriver.remote.webelement.WebElement (session="ae924c89c3049d26530e0374fe4a7fab", element="0.9918302351838504-7")>元素text成功。
2019-02-27 20:18:28,472 - BasePage -INFO -获取<selenium.webdriver.remote.webelement.WebElement (session="ae924c89c3049d26530e0374fe4a7fab", element="0.9918302351838504-4")>元素text成功。
2019-02-27 20:18:28,491 - BasePage -INFO -获取<selenium.webdriver.remote.webelement.WebElement (session="ae924c89c3049d26530e0374fe4a7fab", element="0.9918302351838504-8")>元素text成功。
2019-02-27 20:18:28,492 - BrowserEngine -INFO -Now Close and quit the browser.
