2019-02-28 20:52:12,731 - BrowserEngine -INFO -You had select Chrome browser.
2019-02-28 20:52:12,731 - BrowserEngine -INFO -The text url is http://127.0.0.1/forum.php.
2019-02-28 20:52:15,930 - BrowserEngine -INFO -Starting Chrome browser.
2019-02-28 20:52:16,309 - BrowserEngine -INFO -Open url: http://127.0.0.1/forum.php.
2019-02-28 20:52:17,426 - BrowserEngine -INFO -Maximize the current window
2019-02-28 20:52:17,428 - BrowserEngine -INFO -Set implicitly wait 10 seconds.
2019-02-28 20:52:17,460 - BasePage -INFO -找到页面元素--('id', 'ls_username')
2019-02-28 20:52:17,544 - BasePage -INFO -输入内容：123456
2019-02-28 20:52:17,576 - BasePage -INFO -找到页面元素--('id', 'ls_password')
2019-02-28 20:52:17,628 - BasePage -INFO -输入内容：123456
2019-02-28 20:52:17,660 - BasePage -INFO -找到页面元素--('css selector', 'tbody tr:nth-child(2) td:nth-child(3) button')
2019-02-28 20:52:17,710 - BasePage -INFO -点击按钮:('css selector', 'tbody tr:nth-child(2) td:nth-child(3) button')
2019-02-28 20:52:17,714 - BasePage -INFO -激活当前窗口成功
2019-02-28 20:52:18,117 - BasePage -INFO -找到页面元素--('css selector', '#um > p:nth-child(2) > strong > a')
2019-02-28 20:52:18,146 - BasePage -INFO -获取<selenium.webdriver.remote.webelement.WebElement (session="a223c83898c79729230b65a1964a5bf8", element="0.11067807469896085-1")>元素text成功。
2019-02-28 20:52:21,176 - BasePage -INFO -找到页面元素--('xpath', '//*[@id="category_1"]/table/tbody/tr[1]/td[2]/h2/a')
2019-02-28 20:52:21,199 - BasePage -INFO -获取<selenium.webdriver.remote.webelement.WebElement (session="a223c83898c79729230b65a1964a5bf8", element="0.11067807469896085-2")>元素text成功。
2019-02-28 20:52:21,214 - BasePage -INFO -找到页面元素--('xpath', '//*[@id="category_1"]/table/tbody/tr[1]/td[2]/h2/a')
2019-02-28 20:52:21,454 - BasePage -INFO -点击按钮:('xpath', '//*[@id="category_1"]/table/tbody/tr[1]/td[2]/h2/a')
2019-02-28 20:52:21,459 - BasePage -INFO -激活当前窗口成功
2019-02-28 20:52:21,546 - BasePage -INFO -找到页面元素--('css selector', '#ct > div > div.bm.bml.pbn > div > h1 > a')
2019-02-28 20:52:21,575 - BasePage -INFO -获取<selenium.webdriver.remote.webelement.WebElement (session="a223c83898c79729230b65a1964a5bf8", element="0.7960523733645473-1")>元素text成功。
2019-02-28 20:52:21,604 - BasePage -INFO -找到页面元素--('css selector', '#um > p:nth-child(2) > a:nth-child(12)')
2019-02-28 20:52:21,782 - BasePage -INFO -点击按钮:('css selector', '#um > p:nth-child(2) > a:nth-child(12)')
2019-02-28 20:52:21,783 - BrowserEngine -INFO -Now Close and quit the browser.
