2019-02-27 21:08:46,956 - BrowserEngine -INFO -You had select Chrome browser.
2019-02-27 21:08:46,956 - BrowserEngine -INFO -The text url is http://127.0.0.1/forum.php.
2019-02-27 21:08:50,225 - BrowserEngine -INFO -Starting Chrome browser.
2019-02-27 21:08:50,815 - BrowserEngine -INFO -Open url: http://127.0.0.1/forum.php.
2019-02-27 21:08:51,946 - BrowserEngine -INFO -Maximize the current window
2019-02-27 21:08:51,947 - BrowserEngine -INFO -Set implicitly wait 10 seconds.
2019-02-27 21:08:51,985 - BasePage -INFO -找到页面元素--('id', 'ls_username')
2019-02-27 21:08:52,057 - BasePage -INFO -输入内容：123456
2019-02-27 21:08:52,085 - BasePage -INFO -找到页面元素--('id', 'ls_password')
2019-02-27 21:08:52,141 - BasePage -INFO -输入内容：123456
2019-02-27 21:08:52,170 - BasePage -INFO -找到页面元素--('css selector', 'tbody tr:nth-child(2) td:nth-child(3) button')
2019-02-27 21:08:52,218 - BasePage -INFO -点击按钮:('css selector', 'tbody tr:nth-child(2) td:nth-child(3) button')
2019-02-27 21:08:52,222 - BasePage -INFO -激活当前窗口成功
2019-02-27 21:08:55,252 - BasePage -INFO -找到页面元素--('xpath', '//*[@id="category_1"]/table/tbody/tr[1]/td[2]/h2/a')
2019-02-27 21:08:55,590 - BasePage -INFO -点击按钮:('xpath', '//*[@id="category_1"]/table/tbody/tr[1]/td[2]/h2/a')
2019-02-27 21:08:55,633 - BasePage -INFO -找到页面元素--('id', 'newspecial')
2019-02-27 21:08:56,008 - BasePage -INFO -点击按钮:('id', 'newspecial')
2019-02-27 21:08:56,045 - BasePage -INFO -找到页面元素--('name', 'subject')
2019-02-27 21:08:56,118 - BasePage -INFO -输入内容：新帖1
2019-02-27 21:08:56,130 - BasePage -INFO -发现frame
2019-02-27 21:08:56,156 - BasePage -INFO -找到页面元素--('css selector', 'body')
2019-02-27 21:08:56,219 - BasePage -INFO -输入内容：新帖的内容
2019-02-27 21:08:56,223 - BasePage -INFO -激活当前窗口成功
2019-02-27 21:08:56,251 - BasePage -INFO -找到页面元素--('id', 'postsubmit')
2019-02-27 21:08:56,362 - BasePage -INFO -点击按钮:('id', 'postsubmit')
2019-02-27 21:09:11,378 - BasePage -INFO -激活当前窗口成功
2019-02-27 21:09:11,443 - BasePage -INFO -找到页面元素--('id', 'fastpostmessage')
2019-02-27 21:09:11,520 - BasePage -INFO -输入内容：回复新帖1内容....
2019-02-27 21:09:11,550 - BasePage -INFO -找到页面元素--('id', 'fastpostsubmit')
2019-02-27 21:09:11,752 - BasePage -INFO -点击按钮:('id', 'fastpostsubmit')
2019-02-27 21:09:11,757 - BasePage -INFO -激活当前窗口成功
2019-02-27 21:09:18,832 - BasePage -ERROR -<pageobjects.discuz01.OneDiscuz object at 0x000001C755327160>页面中没有找到('css selector', 'um > p:nth-child(2) > a:nth-child(12)')元素
2019-02-27 21:09:18,833 - BasePage -ERROR -点击按钮失败:('css selector', 'um > p:nth-child(2) > a:nth-child(12)')
2019-02-27 21:09:18,838 - BrowserEngine -INFO -Now Close and quit the browser.
