2019-02-27 14:06:28,020 - BrowserEngine -INFO -You had select Chrome browser.
2019-02-27 14:06:28,020 - BrowserEngine -INFO -The text url is http://127.0.0.1/forum.php.
2019-02-27 14:06:31,242 - BrowserEngine -INFO -Starting Chrome browser.
2019-02-27 14:06:31,722 - BrowserEngine -INFO -Open url: http://127.0.0.1/forum.php.
2019-02-27 14:06:32,837 - BrowserEngine -INFO -Maximize the current window
2019-02-27 14:06:32,837 - BrowserEngine -INFO -Set implicitly wait 10 seconds.
2019-02-27 14:06:32,868 - BasePage -INFO -找到页面元素--('id', 'ls_username')
2019-02-27 14:06:32,936 - BasePage -INFO -输入内容：admin
2019-02-27 14:06:32,964 - BasePage -INFO -找到页面元素--('id', 'ls_password')
2019-02-27 14:06:33,018 - BasePage -INFO -输入内容：admin
2019-02-27 14:06:33,051 - BasePage -INFO -找到页面元素--('css selector', 'tbody tr:nth-child(2) td:nth-child(3) button')
2019-02-27 14:06:33,099 - BasePage -INFO -点击按钮:('css selector', 'tbody tr:nth-child(2) td:nth-child(3) button')
2019-02-27 14:06:33,104 - BasePage -INFO -激活当前窗口成功
2019-02-27 14:06:36,138 - BasePage -INFO -找到页面元素--('xpath', '//*[@id="category_1"]/table/tbody/tr[1]/td[2]/h2/a')
2019-02-27 14:06:36,545 - BasePage -INFO -点击按钮:('xpath', '//*[@id="category_1"]/table/tbody/tr[1]/td[2]/h2/a')
2019-02-27 14:06:36,550 - BasePage -INFO -激活当前窗口成功
2019-02-27 14:06:39,580 - BasePage -INFO -找到页面元素--('name', 'moderate[]')
2019-02-27 14:06:39,630 - BasePage -INFO -点击按钮:('name', 'moderate[]')
2019-02-27 14:06:39,671 - BasePage -INFO -找到页面元素--('css selector', '#mdly > p:nth-child(6) > strong:nth-child(1) > a')
2019-02-27 14:06:39,872 - BasePage -INFO -点击按钮:('css selector', '#mdly > p:nth-child(6) > strong:nth-child(1) > a')
2019-02-27 14:06:39,927 - BasePage -INFO -找到页面元素--('name', 'modsubmit')
2019-02-27 14:06:40,322 - BasePage -INFO -点击按钮:('name', 'modsubmit')
2019-02-27 14:06:40,327 - BasePage -INFO -激活当前窗口成功
2019-02-27 14:06:40,367 - BasePage -INFO -找到页面元素--('xpath', '//*[@id="um"]/p[1]/a[6]')
2019-02-27 14:06:40,455 - BasePage -INFO -点击按钮:('xpath', '//*[@id="um"]/p[1]/a[6]')
2019-02-27 14:06:40,461 - BasePage -INFO -激活第1个窗口成功
2019-02-27 14:06:40,467 - BasePage -INFO -激活当前窗口成功
2019-02-27 14:07:02,729 - BasePage -INFO -找到页面元素--('id', 'header_forum')
2019-02-27 14:07:02,918 - BasePage -INFO -点击按钮:('id', 'header_forum')
2019-02-27 14:07:02,923 - BasePage -INFO -激活当前窗口成功
2019-02-27 14:07:02,935 - BasePage -INFO -发现frame
2019-02-27 14:07:02,965 - BasePage -INFO -找到页面元素--('css selector', '#cpform > table > tbody:nth-child(3) > tr > td:nth-child(2) > div > a')
2019-02-27 14:07:03,073 - BasePage -INFO -点击按钮:('css selector', '#cpform > table > tbody:nth-child(3) > tr > td:nth-child(2) > div > a')
2019-02-27 14:07:03,099 - BasePage -INFO -找到页面元素--('id', 'submit_editsubmit')
2019-02-27 14:07:03,307 - BasePage -INFO -点击按钮:('id', 'submit_editsubmit')
2019-02-27 14:07:03,311 - BasePage -INFO -激活当前窗口成功
2019-02-27 14:07:03,337 - BasePage -INFO -找到页面元素--('css selector', '#frameuinfo> p:nth-child(1) > a')
2019-02-27 14:07:03,615 - BasePage -INFO -点击按钮:('css selector', '#frameuinfo> p:nth-child(1) > a')
2019-02-27 14:07:03,638 - BasePage -INFO -Closing and quit the browser
2019-02-27 14:07:06,641 - BasePage -ERROR -激活当前窗口失败
2019-02-27 14:07:06,642 - BasePage -ERROR -<pageobjects.discuz02.TwoDiscuz object at 0x000001C06DEF5F28>页面中没有找到('css selector', 'um > p:nth-child(2) > a:nth-child(18)')元素
2019-02-27 14:07:06,642 - BasePage -ERROR -点击按钮失败:('css selector', 'um > p:nth-child(2) > a:nth-child(18)')
2019-02-27 14:07:06,643 - BasePage -ERROR -<pageobjects.discuz01.OneDiscuz object at 0x000001C06DEF5630>页面中没有找到('id', 'ls_username')元素
2019-02-27 14:07:06,643 - BasePage -ERROR -failed输入内容：'NoneType' object has no attribute 'send_keys'
2019-02-27 14:07:06,644 - BasePage -ERROR -<pageobjects.discuz01.OneDiscuz object at 0x000001C06DEF5630>页面中没有找到('id', 'ls_password')元素
2019-02-27 14:07:06,645 - BasePage -ERROR -failed输入内容：'NoneType' object has no attribute 'send_keys'
2019-02-27 14:07:06,646 - BasePage -ERROR -<pageobjects.discuz01.OneDiscuz object at 0x000001C06DEF5630>页面中没有找到('css selector', 'tbody tr:nth-child(2) td:nth-child(3) button')元素
2019-02-27 14:07:06,646 - BasePage -ERROR -点击按钮失败:('css selector', 'tbody tr:nth-child(2) td:nth-child(3) button')
2019-02-27 14:07:06,647 - BrowserEngine -INFO -Now Close and quit the browser.
