2019-02-27 09:33:48,077 - BrowserEngine -INFO -You had select Chrome browser.
2019-02-27 09:33:48,078 - BrowserEngine -INFO -The text url is http://127.0.0.1/forum.php.
2019-02-27 09:33:51,401 - BrowserEngine -INFO -Starting Chrome browser.
2019-02-27 09:33:51,880 - BrowserEngine -INFO -Open url: http://127.0.0.1/forum.php.
2019-02-27 09:33:52,995 - BrowserEngine -INFO -Maximize the current window
2019-02-27 09:33:52,997 - BrowserEngine -INFO -Set implicitly wait 10 seconds.
2019-02-27 09:33:53,028 - BasePage -INFO -找到页面元素--('id', 'ls_username')
2019-02-27 09:33:53,104 - BasePage -INFO -输入内容：123456
2019-02-27 09:33:53,137 - BasePage -INFO -找到页面元素--('id', 'ls_password')
2019-02-27 09:33:53,189 - BasePage -INFO -输入内容：123456
2019-02-27 09:33:53,232 - BasePage -INFO -找到页面元素--('css selector', 'tbody tr:nth-child(2) td:nth-child(3) button')
2019-02-27 09:33:53,292 - BasePage -INFO -点击按钮:('css selector', 'tbody tr:nth-child(2) td:nth-child(3) button')
2019-02-27 09:33:53,296 - BasePage -INFO -激活当前窗口成功
2019-02-27 09:33:56,329 - BasePage -INFO -找到页面元素--('xpath', '//*[@id="category_1"]/table/tbody/tr[1]/td[2]/h2/a')
2019-02-27 09:33:56,640 - BasePage -INFO -点击按钮:('xpath', '//*[@id="category_1"]/table/tbody/tr[1]/td[2]/h2/a')
2019-02-27 09:33:56,671 - BasePage -INFO -找到页面元素--('id', 'newspecial')
2019-02-27 09:33:57,022 - BasePage -INFO -点击按钮:('id', 'newspecial')
2019-02-27 09:33:57,051 - BasePage -INFO -找到页面元素--('name', 'subject')
2019-02-27 09:33:57,117 - BasePage -INFO -输入内容：新帖1
2019-02-27 09:33:57,130 - BasePage -INFO -发现frame
2019-02-27 09:33:57,156 - BasePage -INFO -找到页面元素--('css selector', 'body')
2019-02-27 09:33:57,208 - BasePage -INFO -输入内容：新帖的内容
2019-02-27 09:33:57,211 - BasePage -INFO -激活当前窗口成功
2019-02-27 09:33:57,238 - BasePage -INFO -找到页面元素--('id', 'postsubmit')
2019-02-27 09:33:57,335 - BasePage -INFO -点击按钮:('id', 'postsubmit')
2019-02-27 09:33:57,340 - BasePage -INFO -激活当前窗口成功
2019-02-27 09:33:58,325 - BasePage -INFO -找到页面元素--('id', 'fastpostmessage')
2019-02-27 09:33:58,408 - BasePage -INFO -输入内容：回复内容
2019-02-27 09:33:58,446 - BasePage -INFO -找到页面元素--('id', 'fastpostsubmit')
2019-02-27 09:33:58,519 - BasePage -INFO -点击按钮:('id', 'fastpostsubmit')
2019-02-27 09:34:05,586 - BasePage -ERROR -<pageobjects.discuz01.OneDiscuz object at 0x000001D0F3547390>页面中没有找到('css selector', 'um > p:nth-child(2) > a:nth-child(12)')元素
2019-02-27 09:34:05,586 - BrowserEngine -INFO -Now Close and quit the browser.
