2019-02-28 14:54:03,252-BrowerseEngine-INFO-打开Chrome浏览器
2019-02-28 14:54:03,252-BrowerseEngine-INFO-打开的url为：http://127.0.0.1/forum.php
2019-02-28 14:54:05,491-BrowerseEngine-INFO-Starting Chrome browers
2019-02-28 14:54:06,205-BrowerseEngine-INFO-Open url:http://127.0.0.1/forum.php
2019-02-28 14:54:07,320-BrowerseEngine-INFO-Maximize the current window
2019-02-28 14:54:07,321-BrowerseEngine-INFO-Set implicitly wait 10 seconds
2019-02-28 14:54:07,358-BasePage-INFO-找到页面元素('id', 'ls_username')
2019-02-28 14:54:07,469-BasePage-INFO-输入内容:admin
2019-02-28 14:54:07,507-BasePage-INFO-找到页面元素('id', 'ls_password')
2019-02-28 14:54:07,585-BasePage-INFO-输入内容:111111
2019-02-28 14:54:07,618-BasePage-INFO-找到页面元素('tag name', 'em')
2019-02-28 14:54:07,668-BasePage-INFO-The element was click 
2019-02-28 14:54:12,723-BasePage-INFO-找到页面元素('xpath', '//tbody//h2/a')
2019-02-28 14:54:13,103-BasePage-INFO-The element was click 
2019-02-28 14:54:18,155-BasePage-INFO-找到页面元素('css selector', '#newspecial img')
2019-02-28 14:54:18,615-BasePage-INFO-The element was click 
2019-02-28 14:54:23,664-BasePage-INFO-找到页面元素('css selector', '.bm .tb .a a')
2019-02-28 14:54:24,008-BasePage-INFO-The element was click 
2019-02-28 14:54:29,066-BasePage-INFO-找到页面元素('css selector', '.pbt .z .px')
2019-02-28 14:54:29,225-BasePage-INFO-输入内容:你最喜欢吃的水果
2019-02-28 14:54:29,254-BasePage-INFO-找到页面元素('css selector', '.mbm p:nth-child(3)  input')
2019-02-28 14:54:29,338-BasePage-INFO-输入内容:草莓
2019-02-28 14:54:29,367-BasePage-INFO-找到页面元素('css selector', '.mbm p:nth-child(2)  input')
2019-02-28 14:54:29,447-BasePage-INFO-输入内容:哈密瓜
2019-02-28 14:54:29,476-BasePage-INFO-找到页面元素('css selector', '.mbm p:nth-child(1)  input')
2019-02-28 14:54:29,548-BasePage-INFO-输入内容:香蕉
2019-02-28 14:54:29,582-BasePage-INFO-找到页面元素('xpath', '//div/button/span')
2019-02-28 14:54:29,694-BasePage-INFO-The element was click 
2019-02-28 14:54:37,717-BasePage-INFO-找到页面元素('css selector', '.pcht table tr:nth-child(1) td:nth-child(1) input')
2019-02-28 14:54:37,770-BasePage-INFO-The element was click 
2019-02-28 14:54:37,816-BasePage-INFO-找到页面元素('xpath', '//button/span')
2019-02-28 14:54:38,948-BasePage-INFO-The element was click 
2019-02-28 14:54:43,995-BasePage-INFO-找到页面元素('css selector', '.pcht table tr:nth-child(1) td:nth-child(1) label')
2019-02-28 14:54:44,031-BasePage-INFO-找到页面元素('css selector', '.pcht table tr:nth-child(3) td:nth-child(1) label')
2019-02-28 14:54:44,071-BasePage-INFO-找到页面元素('css selector', '.pcht table tr:nth-child(5) td:nth-child(1) label')
2019-02-28 14:54:44,117-BasePage-INFO-找到页面元素('css selector', '.pcht table tr:nth-child(2) td:nth-child(2) ')
2019-02-28 14:54:44,155-BasePage-INFO-找到页面元素('css selector', '.pcht table tr:nth-child(4) td:nth-child(2) ')
2019-02-28 14:54:44,196-BasePage-INFO-找到页面元素('css selector', '.pcht table tr:nth-child(6) td:nth-child(2) ')
2019-02-28 14:54:44,234-BasePage-INFO-找到页面元素('xpath', '//h1/span')
2019-02-28 14:54:44,262-BasePage-INFO-取得的内容:<selenium.webdriver.remote.webelement.WebElement (session="0ae72a8909e0b637a146c77bc0d5ee58", element="0.6891996832679823-1")>
2019-02-28 14:54:44,278-BasePage-INFO-取得的内容:<selenium.webdriver.remote.webelement.WebElement (session="0ae72a8909e0b637a146c77bc0d5ee58", element="0.6891996832679823-2")>
2019-02-28 14:54:44,295-BasePage-INFO-取得的内容:<selenium.webdriver.remote.webelement.WebElement (session="0ae72a8909e0b637a146c77bc0d5ee58", element="0.6891996832679823-3")>
2019-02-28 14:54:44,319-BasePage-INFO-取得的内容:<selenium.webdriver.remote.webelement.WebElement (session="0ae72a8909e0b637a146c77bc0d5ee58", element="0.6891996832679823-4")>
2019-02-28 14:54:44,336-BasePage-INFO-取得的内容:<selenium.webdriver.remote.webelement.WebElement (session="0ae72a8909e0b637a146c77bc0d5ee58", element="0.6891996832679823-5")>
2019-02-28 14:54:44,354-BasePage-INFO-取得的内容:<selenium.webdriver.remote.webelement.WebElement (session="0ae72a8909e0b637a146c77bc0d5ee58", element="0.6891996832679823-6")>
2019-02-28 14:54:44,371-BasePage-INFO-取得的内容:<selenium.webdriver.remote.webelement.WebElement (session="0ae72a8909e0b637a146c77bc0d5ee58", element="0.6891996832679823-7")>
