2019-02-27 10:41:07,843 - BrowserEngine -INFO -You had select Chrome browser.
2019-02-27 10:41:07,843 - BrowserEngine -INFO -You had select Chrome browser.
2019-02-27 10:41:07,844 - BrowserEngine -INFO -The text url is http://127.0.0.1/forum.php.
2019-02-27 10:41:07,844 - BrowserEngine -INFO -The text url is http://127.0.0.1/forum.php.
2019-02-27 10:41:11,129 - BrowserEngine -INFO -Starting Chrome browser.
2019-02-27 10:41:11,129 - BrowserEngine -INFO -Starting Chrome browser.
2019-02-27 10:41:11,666 - BrowserEngine -INFO -Open url: http://127.0.0.1/forum.php.
2019-02-27 10:41:11,666 - BrowserEngine -INFO -Open url: http://127.0.0.1/forum.php.
2019-02-27 10:41:12,801 - BrowserEngine -INFO -Maximize the current window
2019-02-27 10:41:12,801 - BrowserEngine -INFO -Maximize the current window
2019-02-27 10:41:12,804 - BrowserEngine -INFO -Set implicitly wait 10 seconds.
2019-02-27 10:41:12,804 - BrowserEngine -INFO -Set implicitly wait 10 seconds.
2019-02-27 10:41:12,877 - BasePage -INFO -找到页面元素--('id', 'ls_username')
2019-02-27 10:41:12,877 - BasePage -INFO -找到页面元素--('id', 'ls_username')
2019-02-27 10:41:12,975 - BasePage -INFO -输入内容：admin
2019-02-27 10:41:12,975 - BasePage -INFO -输入内容：admin
2019-02-27 10:41:13,003 - BasePage -INFO -找到页面元素--('id', 'ls_password')
2019-02-27 10:41:13,003 - BasePage -INFO -找到页面元素--('id', 'ls_password')
2019-02-27 10:41:13,056 - BasePage -INFO -输入内容：admin
2019-02-27 10:41:13,056 - BasePage -INFO -输入内容：admin
2019-02-27 10:41:13,086 - BasePage -INFO -找到页面元素--('css selector', 'tbody tr:nth-child(2) td:nth-child(3) button')
2019-02-27 10:41:13,086 - BasePage -INFO -找到页面元素--('css selector', 'tbody tr:nth-child(2) td:nth-child(3) button')
2019-02-27 10:41:13,136 - BasePage -INFO -点击按钮:('css selector', 'tbody tr:nth-child(2) td:nth-child(3) button')
2019-02-27 10:41:13,136 - BasePage -INFO -点击按钮:('css selector', 'tbody tr:nth-child(2) td:nth-child(3) button')
2019-02-27 10:41:13,140 - BasePage -INFO -激活当前窗口成功
2019-02-27 10:41:13,140 - BasePage -INFO -激活当前窗口成功
2019-02-27 10:41:16,172 - BasePage -INFO -找到页面元素--('xpath', '//*[@id="category_1"]/table/tbody/tr[1]/td[2]/h2/a')
2019-02-27 10:41:16,172 - BasePage -INFO -找到页面元素--('xpath', '//*[@id="category_1"]/table/tbody/tr[1]/td[2]/h2/a')
2019-02-27 10:41:16,470 - BasePage -INFO -点击按钮:('xpath', '//*[@id="category_1"]/table/tbody/tr[1]/td[2]/h2/a')
2019-02-27 10:41:16,470 - BasePage -INFO -点击按钮:('xpath', '//*[@id="category_1"]/table/tbody/tr[1]/td[2]/h2/a')
2019-02-27 10:41:23,538 - BasePage -ERROR -<pageobjects.discuz02.TwoDiscuz object at 0x000002118DC87F28>页面中没有找到('css selector', 'normalthread_19 > tr > td.o > input[type="checkbox"]')元素
2019-02-27 10:41:23,538 - BasePage -ERROR -<pageobjects.discuz02.TwoDiscuz object at 0x000002118DC87F28>页面中没有找到('css selector', 'normalthread_19 > tr > td.o > input[type="checkbox"]')元素
2019-02-27 10:41:23,539 - BasePage -ERROR -点击按钮失败:('css selector', 'normalthread_19 > tr > td.o > input[type="checkbox"]')
2019-02-27 10:41:23,539 - BasePage -ERROR -点击按钮失败:('css selector', 'normalthread_19 > tr > td.o > input[type="checkbox"]')
2019-02-27 10:41:28,981 - BasePage -ERROR -<pageobjects.discuz02.TwoDiscuz object at 0x000002118DC87F28>页面中没有找到('css selector', '#mdly > p:nth-child(6) > strong:nth-child(1) > a')元素
2019-02-27 10:41:28,981 - BasePage -ERROR -<pageobjects.discuz02.TwoDiscuz object at 0x000002118DC87F28>页面中没有找到('css selector', '#mdly > p:nth-child(6) > strong:nth-child(1) > a')元素
2019-02-27 10:41:28,982 - BasePage -ERROR -点击按钮失败:('css selector', '#mdly > p:nth-child(6) > strong:nth-child(1) > a')
2019-02-27 10:41:28,982 - BasePage -ERROR -点击按钮失败:('css selector', '#mdly > p:nth-child(6) > strong:nth-child(1) > a')
2019-02-27 10:41:36,068 - BasePage -ERROR -<pageobjects.discuz02.TwoDiscuz object at 0x000002118DC87F28>页面中没有找到('name', 'modsubmit')元素
2019-02-27 10:41:36,068 - BasePage -ERROR -<pageobjects.discuz02.TwoDiscuz object at 0x000002118DC87F28>页面中没有找到('name', 'modsubmit')元素
2019-02-27 10:41:36,071 - BasePage -ERROR -点击按钮失败:('name', 'modsubmit')
2019-02-27 10:41:36,071 - BasePage -ERROR -点击按钮失败:('name', 'modsubmit')
2019-02-27 10:41:36,087 - BasePage -INFO -激活当前窗口成功
2019-02-27 10:41:36,087 - BasePage -INFO -激活当前窗口成功
2019-02-27 10:41:36,088 - BrowserEngine -INFO -Now Close and quit the browser.
2019-02-27 10:41:36,088 - BrowserEngine -INFO -Now Close and quit the browser.
