2019-02-27 14:42:04,589 - BrowserEngine -INFO -You had select Chrome browser.
2019-02-27 14:42:04,589 - BrowserEngine -INFO -The text url is http://127.0.0.1/forum.php.
2019-02-27 14:42:07,811 - BrowserEngine -INFO -Starting Chrome browser.
2019-02-27 14:42:08,404 - BrowserEngine -INFO -Open url: http://127.0.0.1/forum.php.
2019-02-27 14:42:09,537 - BrowserEngine -INFO -Maximize the current window
2019-02-27 14:42:09,537 - BrowserEngine -INFO -Set implicitly wait 10 seconds.
2019-02-27 14:42:09,573 - BasePage -INFO -找到页面元素--('id', 'ls_username')
2019-02-27 14:42:09,639 - BasePage -INFO -输入内容：admin
2019-02-27 14:42:09,668 - BasePage -INFO -找到页面元素--('id', 'ls_password')
2019-02-27 14:42:09,722 - BasePage -INFO -输入内容：admin
2019-02-27 14:42:09,753 - BasePage -INFO -找到页面元素--('css selector', 'tbody tr:nth-child(2) td:nth-child(3) button')
2019-02-27 14:42:09,807 - BasePage -INFO -点击按钮:('css selector', 'tbody tr:nth-child(2) td:nth-child(3) button')
2019-02-27 14:42:09,812 - BasePage -INFO -激活当前窗口成功
2019-02-27 14:42:12,851 - BasePage -INFO -找到页面元素--('xpath', '//*[@id="category_1"]/table/tbody/tr[1]/td[2]/h2/a')
2019-02-27 14:42:13,164 - BasePage -INFO -点击按钮:('xpath', '//*[@id="category_1"]/table/tbody/tr[1]/td[2]/h2/a')
2019-02-27 14:42:13,169 - BasePage -INFO -激活当前窗口成功
2019-02-27 14:42:16,224 - BasePage -INFO -找到页面元素--('name', 'moderate[]')
2019-02-27 14:42:16,281 - BasePage -INFO -点击按钮:('name', 'moderate[]')
2019-02-27 14:42:16,309 - BasePage -INFO -找到页面元素--('css selector', '#mdly > p:nth-child(6) > strong:nth-child(1) > a')
2019-02-27 14:42:16,470 - BasePage -INFO -点击按钮:('css selector', '#mdly > p:nth-child(6) > strong:nth-child(1) > a')
2019-02-27 14:42:16,513 - BasePage -INFO -找到页面元素--('name', 'modsubmit')
2019-02-27 14:42:16,948 - BasePage -INFO -点击按钮:('name', 'modsubmit')
2019-02-27 14:42:16,953 - BasePage -INFO -激活当前窗口成功
2019-02-27 14:42:17,001 - BasePage -INFO -找到页面元素--('xpath', '//*[@id="um"]/p[1]/a[6]')
2019-02-27 14:42:17,103 - BasePage -INFO -点击按钮:('xpath', '//*[@id="um"]/p[1]/a[6]')
2019-02-27 14:42:17,110 - BasePage -INFO -激活第1个窗口成功
2019-02-27 14:42:17,113 - BasePage -INFO -激活当前窗口成功
2019-02-27 14:43:17,058 - BasePage -INFO -找到页面元素--('id', 'header_forum')
2019-02-27 14:43:17,243 - BasePage -INFO -点击按钮:('id', 'header_forum')
2019-02-27 14:43:17,247 - BasePage -INFO -激活当前窗口成功
2019-02-27 14:43:17,260 - BasePage -INFO -发现frame
2019-02-27 14:43:17,290 - BasePage -INFO -找到页面元素--('css selector', '#cpform > table > tbody:nth-child(3) > tr > td:nth-child(2) > div > a')
2019-02-27 14:43:17,395 - BasePage -INFO -点击按钮:('css selector', '#cpform > table > tbody:nth-child(3) > tr > td:nth-child(2) > div > a')
2019-02-27 14:43:17,425 - BasePage -INFO -找到页面元素--('id', 'submit_editsubmit')
2019-02-27 14:43:17,626 - BasePage -INFO -点击按钮:('id', 'submit_editsubmit')
2019-02-27 14:43:17,629 - BasePage -INFO -激活当前窗口成功
2019-02-27 14:43:17,657 - BasePage -INFO -找到页面元素--('css selector', '#frameuinfo> p:nth-child(1) > a')
2019-02-27 14:43:18,012 - BasePage -INFO -点击按钮:('css selector', '#frameuinfo> p:nth-child(1) > a')
2019-02-27 14:43:18,015 - BasePage -INFO -激活当前窗口成功
2019-02-27 14:43:18,043 - BasePage -INFO -找到页面元素--('css selector', '#um > p:nth-child(2) > a:nth-child(18)')
2019-02-27 14:43:18,251 - BasePage -INFO -点击按钮:('css selector', '#um > p:nth-child(2) > a:nth-child(18)')
2019-02-27 14:43:20,427 - BasePage -INFO -找到页面元素--('id', 'ls_username')
2019-02-27 14:43:20,484 - BasePage -INFO -输入内容：123456
2019-02-27 14:43:20,512 - BasePage -INFO -找到页面元素--('id', 'ls_password')
2019-02-27 14:43:20,565 - BasePage -INFO -输入内容：123456
2019-02-27 14:43:20,591 - BasePage -INFO -找到页面元素--('css selector', 'tbody tr:nth-child(2) td:nth-child(3) button')
2019-02-27 14:43:20,640 - BasePage -INFO -点击按钮:('css selector', 'tbody tr:nth-child(2) td:nth-child(3) button')
2019-02-27 14:43:20,646 - BasePage -INFO -激活当前窗口成功
2019-02-27 14:43:20,672 - BasePage -INFO -找到页面元素--('css selector', '#category_1 > table > tbody > tr:nth-child(1) > td:nth-child(2) > h2 > a')
2019-02-27 14:43:21,009 - BasePage -INFO -点击按钮:('css selector', '#category_1 > table > tbody > tr:nth-child(1) > td:nth-child(2) > h2 > a')
2019-02-27 14:43:28,106 - BasePage -ERROR -<pageobjects.discuz01.OneDiscuz object at 0x0000020B596199B0>页面中没有找到('css selector', '#newspecial')元素
2019-02-27 14:43:28,106 - BasePage -ERROR -点击按钮失败:('css selector', '#newspecial')
2019-02-27 14:43:35,193 - BasePage -ERROR -<pageobjects.discuz01.OneDiscuz object at 0x0000020B596199B0>页面中没有找到('name', 'subject')元素
2019-02-27 14:43:35,193 - BasePage -ERROR -failed输入内容：'NoneType' object has no attribute 'send_keys'
2019-02-27 14:43:35,208 - BrowserEngine -INFO -Now Close and quit the browser.
