2019-02-27 20:11:12,208 - BrowserEngine -INFO -You had select Chrome browser.
2019-02-27 20:11:12,208 - BrowserEngine -INFO -You had select Chrome browser.
2019-02-27 20:11:12,208 - BrowserEngine -INFO -The text url is http://127.0.0.1/forum.php.
2019-02-27 20:11:12,208 - BrowserEngine -INFO -The text url is http://127.0.0.1/forum.php.
2019-02-27 20:11:14,979 - BrowserEngine -INFO -Starting Chrome browser.
2019-02-27 20:11:14,979 - BrowserEngine -INFO -Starting Chrome browser.
2019-02-27 20:11:15,422 - BrowserEngine -INFO -Open url: http://127.0.0.1/forum.php.
2019-02-27 20:11:15,422 - BrowserEngine -INFO -Open url: http://127.0.0.1/forum.php.
2019-02-27 20:11:16,561 - BrowserEngine -INFO -Maximize the current window
2019-02-27 20:11:16,561 - BrowserEngine -INFO -Maximize the current window
2019-02-27 20:11:16,563 - BrowserEngine -INFO -Set implicitly wait 10 seconds.
2019-02-27 20:11:16,563 - BrowserEngine -INFO -Set implicitly wait 10 seconds.
2019-02-27 20:11:16,616 - BasePage -INFO -找到页面元素--('id', 'ls_username')
2019-02-27 20:11:16,616 - BasePage -INFO -找到页面元素--('id', 'ls_username')
2019-02-27 20:11:16,690 - BasePage -INFO -输入内容：123456
2019-02-27 20:11:16,690 - BasePage -INFO -输入内容：123456
2019-02-27 20:11:16,719 - BasePage -INFO -找到页面元素--('id', 'ls_password')
2019-02-27 20:11:16,719 - BasePage -INFO -找到页面元素--('id', 'ls_password')
2019-02-27 20:11:16,778 - BasePage -INFO -输入内容：123456
2019-02-27 20:11:16,778 - BasePage -INFO -输入内容：123456
2019-02-27 20:11:16,812 - BasePage -INFO -找到页面元素--('css selector', 'tbody tr:nth-child(2) td:nth-child(3) button')
2019-02-27 20:11:16,812 - BasePage -INFO -找到页面元素--('css selector', 'tbody tr:nth-child(2) td:nth-child(3) button')
2019-02-27 20:11:16,859 - BasePage -INFO -点击按钮:('css selector', 'tbody tr:nth-child(2) td:nth-child(3) button')
2019-02-27 20:11:16,859 - BasePage -INFO -点击按钮:('css selector', 'tbody tr:nth-child(2) td:nth-child(3) button')
2019-02-27 20:11:16,864 - BasePage -INFO -激活当前窗口成功
2019-02-27 20:11:16,864 - BasePage -INFO -激活当前窗口成功
2019-02-27 20:11:19,893 - BasePage -INFO -找到页面元素--('xpath', '//*[@id="category_1"]/table/tbody/tr[1]/td[2]/h2/a')
2019-02-27 20:11:19,893 - BasePage -INFO -找到页面元素--('xpath', '//*[@id="category_1"]/table/tbody/tr[1]/td[2]/h2/a')
2019-02-27 20:11:20,171 - BasePage -INFO -点击按钮:('xpath', '//*[@id="category_1"]/table/tbody/tr[1]/td[2]/h2/a')
2019-02-27 20:11:20,171 - BasePage -INFO -点击按钮:('xpath', '//*[@id="category_1"]/table/tbody/tr[1]/td[2]/h2/a')
2019-02-27 20:11:20,203 - BasePage -INFO -找到页面元素--('id', 'newspecial')
2019-02-27 20:11:20,203 - BasePage -INFO -找到页面元素--('id', 'newspecial')
2019-02-27 20:11:20,289 - BasePage -INFO -悬停成功
2019-02-27 20:11:20,289 - BasePage -INFO -悬停成功
2019-02-27 20:11:20,320 - BasePage -INFO -找到页面元素--('css selector', '#newspecial_menu > li.poll > a')
2019-02-27 20:11:20,320 - BasePage -INFO -找到页面元素--('css selector', '#newspecial_menu > li.poll > a')
2019-02-27 20:11:20,792 - BasePage -INFO -点击按钮:('css selector', '#newspecial_menu > li.poll > a')
2019-02-27 20:11:20,792 - BasePage -INFO -点击按钮:('css selector', '#newspecial_menu > li.poll > a')
2019-02-27 20:11:20,797 - BasePage -INFO -激活当前窗口成功
2019-02-27 20:11:20,797 - BasePage -INFO -激活当前窗口成功
2019-02-27 20:11:20,857 - BasePage -INFO -找到页面元素--('name', 'subject')
2019-02-27 20:11:20,857 - BasePage -INFO -找到页面元素--('name', 'subject')
2019-02-27 20:11:20,926 - BasePage -INFO -输入内容：学习
2019-02-27 20:11:20,926 - BasePage -INFO -输入内容：学习
2019-02-27 20:11:20,968 - BasePage -INFO -找到页面元素--('css selector', '#pollm_c_1 > p:nth-child(1) > input')
2019-02-27 20:11:20,968 - BasePage -INFO -找到页面元素--('css selector', '#pollm_c_1 > p:nth-child(1) > input')
2019-02-27 20:11:21,079 - BasePage -INFO -输入内容：python
2019-02-27 20:11:21,079 - BasePage -INFO -输入内容：python
2019-02-27 20:11:21,139 - BasePage -INFO -找到页面元素--('css selector', '#pollm_c_1 > p:nth-child(2) > input')
2019-02-27 20:11:21,139 - BasePage -INFO -找到页面元素--('css selector', '#pollm_c_1 > p:nth-child(2) > input')
2019-02-27 20:11:21,226 - BasePage -INFO -输入内容：软件测试
2019-02-27 20:11:21,226 - BasePage -INFO -输入内容：软件测试
2019-02-27 20:11:21,276 - BasePage -INFO -找到页面元素--('css selector', '#pollm_c_1 > p:nth-child(3) > input')
2019-02-27 20:11:21,276 - BasePage -INFO -找到页面元素--('css selector', '#pollm_c_1 > p:nth-child(3) > input')
2019-02-27 20:11:21,387 - BasePage -INFO -输入内容：UI自动化测试
2019-02-27 20:11:21,387 - BasePage -INFO -输入内容：UI自动化测试
2019-02-27 20:11:21,422 - BasePage -INFO -找到页面元素--('id', 'postsubmit')
2019-02-27 20:11:21,422 - BasePage -INFO -找到页面元素--('id', 'postsubmit')
2019-02-27 20:11:21,530 - BasePage -INFO -点击按钮:('id', 'postsubmit')
2019-02-27 20:11:21,530 - BasePage -INFO -点击按钮:('id', 'postsubmit')
2019-02-27 20:11:23,021 - BasePage -INFO -找到页面元素--('id', 'option_1')
2019-02-27 20:11:23,021 - BasePage -INFO -找到页面元素--('id', 'option_1')
2019-02-27 20:11:23,077 - BasePage -INFO -点击按钮:('id', 'option_1')
2019-02-27 20:11:23,077 - BasePage -INFO -点击按钮:('id', 'option_1')
2019-02-27 20:11:23,112 - BasePage -INFO -找到页面元素--('name', 'pollsubmit')
2019-02-27 20:11:23,112 - BasePage -INFO -找到页面元素--('name', 'pollsubmit')
2019-02-27 20:11:23,843 - BasePage -INFO -点击按钮:('name', 'pollsubmit')
2019-02-27 20:11:23,843 - BasePage -INFO -点击按钮:('name', 'pollsubmit')
2019-02-27 20:11:23,848 - BasePage -INFO -激活当前窗口成功
2019-02-27 20:11:23,848 - BasePage -INFO -激活当前窗口成功
2019-02-27 20:11:23,883 - BasePage -INFO -找到页面元素--('id', 'thread_subject')
2019-02-27 20:11:23,883 - BasePage -INFO -找到页面元素--('id', 'thread_subject')
2019-02-27 20:11:23,945 - BasePage -ERROR -获取('id', 'thread_subject')元素text失败。
2019-02-27 20:11:23,945 - BasePage -ERROR -获取('id', 'thread_subject')元素text失败。
2019-02-27 20:11:24,001 - BasePage -INFO -找到页面元素--('css selector', 'td.pvt label')
2019-02-27 20:11:24,001 - BasePage -INFO -找到页面元素--('css selector', 'td.pvt label')
2019-02-27 20:11:24,114 - BasePage -INFO -找到页面元素--('css selector', 'div.pcbs form  tr > td:nth-child(2)')
2019-02-27 20:11:24,114 - BasePage -INFO -找到页面元素--('css selector', 'div.pcbs form  tr > td:nth-child(2)')
2019-02-27 20:11:24,125 - BasePage -ERROR -<pageobjects.discuz04.FourDiscuz object at 0x000001B94A4C0D30>页面中没有找到(<selenium.webdriver.remote.webelement.WebElement (session="c151768aa780b0b128ef24d53c25af11", element="0.22256060548914336-2")>,)元素
2019-02-27 20:11:24,125 - BasePage -ERROR -<pageobjects.discuz04.FourDiscuz object at 0x000001B94A4C0D30>页面中没有找到(<selenium.webdriver.remote.webelement.WebElement (session="c151768aa780b0b128ef24d53c25af11", element="0.22256060548914336-2")>,)元素
2019-02-27 20:11:24,126 - BasePage -ERROR -获取(<selenium.webdriver.remote.webelement.WebElement (session="c151768aa780b0b128ef24d53c25af11", element="0.22256060548914336-2")>,)元素text失败。
2019-02-27 20:11:24,126 - BasePage -ERROR -获取(<selenium.webdriver.remote.webelement.WebElement (session="c151768aa780b0b128ef24d53c25af11", element="0.22256060548914336-2")>,)元素text失败。
2019-02-27 20:11:24,129 - BasePage -ERROR -<pageobjects.discuz04.FourDiscuz object at 0x000001B94A4C0D30>页面中没有找到(<selenium.webdriver.remote.webelement.WebElement (session="c151768aa780b0b128ef24d53c25af11", element="0.22256060548914336-6")>,)元素
2019-02-27 20:11:24,129 - BasePage -ERROR -<pageobjects.discuz04.FourDiscuz object at 0x000001B94A4C0D30>页面中没有找到(<selenium.webdriver.remote.webelement.WebElement (session="c151768aa780b0b128ef24d53c25af11", element="0.22256060548914336-6")>,)元素
2019-02-27 20:11:24,129 - BasePage -ERROR -获取(<selenium.webdriver.remote.webelement.WebElement (session="c151768aa780b0b128ef24d53c25af11", element="0.22256060548914336-6")>,)元素text失败。
2019-02-27 20:11:24,129 - BasePage -ERROR -获取(<selenium.webdriver.remote.webelement.WebElement (session="c151768aa780b0b128ef24d53c25af11", element="0.22256060548914336-6")>,)元素text失败。
2019-02-27 20:11:24,132 - BasePage -ERROR -<pageobjects.discuz04.FourDiscuz object at 0x000001B94A4C0D30>页面中没有找到(<selenium.webdriver.remote.webelement.WebElement (session="c151768aa780b0b128ef24d53c25af11", element="0.22256060548914336-3")>,)元素
2019-02-27 20:11:24,132 - BasePage -ERROR -<pageobjects.discuz04.FourDiscuz object at 0x000001B94A4C0D30>页面中没有找到(<selenium.webdriver.remote.webelement.WebElement (session="c151768aa780b0b128ef24d53c25af11", element="0.22256060548914336-3")>,)元素
2019-02-27 20:11:24,133 - BasePage -ERROR -获取(<selenium.webdriver.remote.webelement.WebElement (session="c151768aa780b0b128ef24d53c25af11", element="0.22256060548914336-3")>,)元素text失败。
2019-02-27 20:11:24,133 - BasePage -ERROR -获取(<selenium.webdriver.remote.webelement.WebElement (session="c151768aa780b0b128ef24d53c25af11", element="0.22256060548914336-3")>,)元素text失败。
2019-02-27 20:11:24,136 - BasePage -ERROR -<pageobjects.discuz04.FourDiscuz object at 0x000001B94A4C0D30>页面中没有找到(<selenium.webdriver.remote.webelement.WebElement (session="c151768aa780b0b128ef24d53c25af11", element="0.22256060548914336-7")>,)元素
2019-02-27 20:11:24,136 - BasePage -ERROR -<pageobjects.discuz04.FourDiscuz object at 0x000001B94A4C0D30>页面中没有找到(<selenium.webdriver.remote.webelement.WebElement (session="c151768aa780b0b128ef24d53c25af11", element="0.22256060548914336-7")>,)元素
2019-02-27 20:11:24,136 - BasePage -ERROR -获取(<selenium.webdriver.remote.webelement.WebElement (session="c151768aa780b0b128ef24d53c25af11", element="0.22256060548914336-7")>,)元素text失败。
2019-02-27 20:11:24,136 - BasePage -ERROR -获取(<selenium.webdriver.remote.webelement.WebElement (session="c151768aa780b0b128ef24d53c25af11", element="0.22256060548914336-7")>,)元素text失败。
2019-02-27 20:11:24,140 - BasePage -ERROR -<pageobjects.discuz04.FourDiscuz object at 0x000001B94A4C0D30>页面中没有找到(<selenium.webdriver.remote.webelement.WebElement (session="c151768aa780b0b128ef24d53c25af11", element="0.22256060548914336-4")>,)元素
2019-02-27 20:11:24,140 - BasePage -ERROR -<pageobjects.discuz04.FourDiscuz object at 0x000001B94A4C0D30>页面中没有找到(<selenium.webdriver.remote.webelement.WebElement (session="c151768aa780b0b128ef24d53c25af11", element="0.22256060548914336-4")>,)元素
2019-02-27 20:11:24,141 - BasePage -ERROR -获取(<selenium.webdriver.remote.webelement.WebElement (session="c151768aa780b0b128ef24d53c25af11", element="0.22256060548914336-4")>,)元素text失败。
2019-02-27 20:11:24,141 - BasePage -ERROR -获取(<selenium.webdriver.remote.webelement.WebElement (session="c151768aa780b0b128ef24d53c25af11", element="0.22256060548914336-4")>,)元素text失败。
2019-02-27 20:11:24,144 - BasePage -ERROR -<pageobjects.discuz04.FourDiscuz object at 0x000001B94A4C0D30>页面中没有找到(<selenium.webdriver.remote.webelement.WebElement (session="c151768aa780b0b128ef24d53c25af11", element="0.22256060548914336-8")>,)元素
2019-02-27 20:11:24,144 - BasePage -ERROR -<pageobjects.discuz04.FourDiscuz object at 0x000001B94A4C0D30>页面中没有找到(<selenium.webdriver.remote.webelement.WebElement (session="c151768aa780b0b128ef24d53c25af11", element="0.22256060548914336-8")>,)元素
2019-02-27 20:11:24,144 - BasePage -ERROR -获取(<selenium.webdriver.remote.webelement.WebElement (session="c151768aa780b0b128ef24d53c25af11", element="0.22256060548914336-8")>,)元素text失败。
2019-02-27 20:11:24,144 - BasePage -ERROR -获取(<selenium.webdriver.remote.webelement.WebElement (session="c151768aa780b0b128ef24d53c25af11", element="0.22256060548914336-8")>,)元素text失败。
2019-02-27 20:11:24,144 - BrowserEngine -INFO -Now Close and quit the browser.
2019-02-27 20:11:24,144 - BrowserEngine -INFO -Now Close and quit the browser.
