2019-02-27 21:05:46,563 - BrowserEngine -INFO -You had select Chrome browser.
2019-02-27 21:05:46,563 - BrowserEngine -INFO -The text url is http://127.0.0.1/forum.php.
2019-02-27 21:05:49,741 - BrowserEngine -INFO -Starting Chrome browser.
2019-02-27 21:05:50,130 - BrowserEngine -INFO -Open url: http://127.0.0.1/forum.php.
2019-02-27 21:05:51,249 - BrowserEngine -INFO -Maximize the current window
2019-02-27 21:05:51,253 - BrowserEngine -INFO -Set implicitly wait 10 seconds.
2019-02-27 21:05:51,315 - BasePage -INFO -找到页面元素--('id', 'ls_username')
2019-02-27 21:05:51,379 - BasePage -INFO -输入内容：123456
2019-02-27 21:05:51,407 - BasePage -INFO -找到页面元素--('id', 'ls_password')
2019-02-27 21:05:51,460 - BasePage -INFO -输入内容：123456
2019-02-27 21:05:51,488 - BasePage -INFO -找到页面元素--('css selector', 'tbody tr:nth-child(2) td:nth-child(3) button')
2019-02-27 21:05:51,542 - BasePage -INFO -点击按钮:('css selector', 'tbody tr:nth-child(2) td:nth-child(3) button')
2019-02-27 21:05:51,546 - BasePage -INFO -激活当前窗口成功
2019-02-27 21:05:54,581 - BasePage -INFO -找到页面元素--('xpath', '//*[@id="category_1"]/table/tbody/tr[1]/td[2]/h2/a')
2019-02-27 21:05:54,921 - BasePage -INFO -点击按钮:('xpath', '//*[@id="category_1"]/table/tbody/tr[1]/td[2]/h2/a')
2019-02-27 21:05:55,013 - BasePage -INFO -找到页面元素--('id', 'newspecial')
2019-02-27 21:05:55,393 - BasePage -INFO -点击按钮:('id', 'newspecial')
2019-02-27 21:05:55,437 - BasePage -INFO -找到页面元素--('name', 'subject')
2019-02-27 21:05:55,514 - BasePage -INFO -输入内容：新帖1
2019-02-27 21:05:55,529 - BasePage -INFO -发现frame
2019-02-27 21:05:55,561 - BasePage -INFO -找到页面元素--('css selector', 'body')
2019-02-27 21:05:55,629 - BasePage -INFO -输入内容：新帖的内容
2019-02-27 21:05:55,632 - BasePage -INFO -激活当前窗口成功
2019-02-27 21:05:55,668 - BasePage -INFO -找到页面元素--('id', 'postsubmit')
2019-02-27 21:05:55,811 - BasePage -INFO -点击按钮:('id', 'postsubmit')
2019-02-27 21:05:55,819 - BasePage -INFO -激活当前窗口成功
2019-02-27 21:05:56,765 - BasePage -INFO -找到页面元素--('id', 'fastpostmessage')
2019-02-27 21:05:56,849 - BasePage -INFO -输入内容：回复新帖1内容....
2019-02-27 21:05:56,879 - BasePage -INFO -找到页面元素--('id', 'fastpostsubmit')
2019-02-27 21:05:57,111 - BasePage -INFO -点击按钮:('id', 'fastpostsubmit')
2019-02-27 21:05:57,114 - BasePage -INFO -激活当前窗口成功
2019-02-27 21:06:04,183 - BasePage -ERROR -<pageobjects.discuz01.OneDiscuz object at 0x000001C3579A7400>页面中没有找到('css selector', 'um > p:nth-child(2) > a:nth-child(13)')元素
2019-02-27 21:06:04,183 - BasePage -ERROR -点击按钮失败:('css selector', 'um > p:nth-child(2) > a:nth-child(13)')
2019-02-27 21:06:04,184 - BrowserEngine -INFO -Now Close and quit the browser.
