2019-02-27 09:10:23,992 - BrowserEngine -INFO -You had select Chrome browser.
2019-02-27 09:10:23,992 - BrowserEngine -INFO -The text url is http://127.0.0.1/forum.php.
2019-02-27 09:10:27,241 - BrowserEngine -INFO -Starting Chrome browser.
2019-02-27 09:10:27,680 - BrowserEngine -INFO -Open url: http://127.0.0.1/forum.php.
2019-02-27 09:10:28,794 - BrowserEngine -INFO -Maximize the current window
2019-02-27 09:10:28,796 - BrowserEngine -INFO -Set implicitly wait 10 seconds.
2019-02-27 09:10:28,827 - BasePage -INFO -找到页面元素--('id', 'ls_username')
2019-02-27 09:10:28,903 - BasePage -INFO -输入内容：123456
2019-02-27 09:10:28,933 - BasePage -INFO -找到页面元素--('id', 'ls_password')
2019-02-27 09:10:28,986 - BasePage -INFO -输入内容：123456
2019-02-27 09:10:29,018 - BasePage -INFO -找到页面元素--('css selector', 'tbody tr:nth-child(2) td:nth-child(3) button')
2019-02-27 09:10:29,069 - BasePage -INFO -点击按钮:('css selector', 'tbody tr:nth-child(2) td:nth-child(3) button')
2019-02-27 09:10:29,075 - BasePage -INFO -激活当前窗口成功
2019-02-27 09:10:32,110 - BasePage -INFO -找到页面元素--('xpath', '//*[@id="category_1"]/table/tbody/tr[1]/td[2]/h2/a')
2019-02-27 09:10:32,492 - BasePage -INFO -点击按钮:('xpath', '//*[@id="category_1"]/table/tbody/tr[1]/td[2]/h2/a')
2019-02-27 09:10:32,533 - BasePage -INFO -找到页面元素--('id', 'newspecial')
2019-02-27 09:10:32,874 - BasePage -INFO -点击按钮:('id', 'newspecial')
2019-02-27 09:10:32,909 - BasePage -INFO -找到页面元素--('name', 'subject')
2019-02-27 09:10:32,980 - BasePage -INFO -输入内容：新帖1
2019-02-27 09:10:32,994 - BasePage -INFO -发现frame
2019-02-27 09:10:33,019 - BasePage -INFO -找到页面元素--('css selector', 'body')
2019-02-27 09:10:33,088 - BasePage -INFO -输入内容：新帖的内容
2019-02-27 09:10:40,162 - BasePage -ERROR -<pageobjects.discuz01.OneDiscuz object at 0x0000027EDCEE81D0>页面中没有找到('id', 'postsubmit')元素
2019-02-27 09:10:40,162 - BrowserEngine -INFO -Now Close and quit the browser.
