2019-02-27 20:08:59,990 - BrowserEngine -INFO -You had select Chrome browser.
2019-02-27 20:08:59,990 - BrowserEngine -INFO -You had select Chrome browser.
2019-02-27 20:08:59,990 - BrowserEngine -INFO -You had select Chrome browser.
2019-02-27 20:08:59,991 - BrowserEngine -INFO -The text url is http://127.0.0.1/forum.php.
2019-02-27 20:08:59,991 - BrowserEngine -INFO -The text url is http://127.0.0.1/forum.php.
2019-02-27 20:08:59,991 - BrowserEngine -INFO -The text url is http://127.0.0.1/forum.php.
2019-02-27 20:09:03,207 - BrowserEngine -INFO -Starting Chrome browser.
2019-02-27 20:09:03,207 - BrowserEngine -INFO -Starting Chrome browser.
2019-02-27 20:09:03,207 - BrowserEngine -INFO -Starting Chrome browser.
2019-02-27 20:09:03,678 - BrowserEngine -INFO -Open url: http://127.0.0.1/forum.php.
2019-02-27 20:09:03,678 - BrowserEngine -INFO -Open url: http://127.0.0.1/forum.php.
2019-02-27 20:09:03,678 - BrowserEngine -INFO -Open url: http://127.0.0.1/forum.php.
2019-02-27 20:09:04,793 - BrowserEngine -INFO -Maximize the current window
2019-02-27 20:09:04,793 - BrowserEngine -INFO -Maximize the current window
2019-02-27 20:09:04,793 - BrowserEngine -INFO -Maximize the current window
2019-02-27 20:09:04,795 - BrowserEngine -INFO -Set implicitly wait 10 seconds.
2019-02-27 20:09:04,795 - BrowserEngine -INFO -Set implicitly wait 10 seconds.
2019-02-27 20:09:04,795 - BrowserEngine -INFO -Set implicitly wait 10 seconds.
2019-02-27 20:09:04,826 - BasePage -INFO -找到页面元素--('id', 'ls_username')
2019-02-27 20:09:04,826 - BasePage -INFO -找到页面元素--('id', 'ls_username')
2019-02-27 20:09:04,826 - BasePage -INFO -找到页面元素--('id', 'ls_username')
2019-02-27 20:09:04,896 - BasePage -INFO -输入内容：123456
2019-02-27 20:09:04,896 - BasePage -INFO -输入内容：123456
2019-02-27 20:09:04,896 - BasePage -INFO -输入内容：123456
2019-02-27 20:09:04,924 - BasePage -INFO -找到页面元素--('id', 'ls_password')
2019-02-27 20:09:04,924 - BasePage -INFO -找到页面元素--('id', 'ls_password')
2019-02-27 20:09:04,924 - BasePage -INFO -找到页面元素--('id', 'ls_password')
2019-02-27 20:09:04,979 - BasePage -INFO -输入内容：123456
2019-02-27 20:09:04,979 - BasePage -INFO -输入内容：123456
2019-02-27 20:09:04,979 - BasePage -INFO -输入内容：123456
2019-02-27 20:09:05,017 - BasePage -INFO -找到页面元素--('css selector', 'tbody tr:nth-child(2) td:nth-child(3) button')
2019-02-27 20:09:05,017 - BasePage -INFO -找到页面元素--('css selector', 'tbody tr:nth-child(2) td:nth-child(3) button')
2019-02-27 20:09:05,017 - BasePage -INFO -找到页面元素--('css selector', 'tbody tr:nth-child(2) td:nth-child(3) button')
2019-02-27 20:09:05,077 - BasePage -INFO -点击按钮:('css selector', 'tbody tr:nth-child(2) td:nth-child(3) button')
2019-02-27 20:09:05,077 - BasePage -INFO -点击按钮:('css selector', 'tbody tr:nth-child(2) td:nth-child(3) button')
2019-02-27 20:09:05,077 - BasePage -INFO -点击按钮:('css selector', 'tbody tr:nth-child(2) td:nth-child(3) button')
2019-02-27 20:09:05,082 - BasePage -INFO -激活当前窗口成功
2019-02-27 20:09:05,082 - BasePage -INFO -激活当前窗口成功
2019-02-27 20:09:05,082 - BasePage -INFO -激活当前窗口成功
2019-02-27 20:09:08,125 - BasePage -INFO -找到页面元素--('xpath', '//*[@id="category_1"]/table/tbody/tr[1]/td[2]/h2/a')
2019-02-27 20:09:08,125 - BasePage -INFO -找到页面元素--('xpath', '//*[@id="category_1"]/table/tbody/tr[1]/td[2]/h2/a')
2019-02-27 20:09:08,125 - BasePage -INFO -找到页面元素--('xpath', '//*[@id="category_1"]/table/tbody/tr[1]/td[2]/h2/a')
2019-02-27 20:09:08,400 - BasePage -INFO -点击按钮:('xpath', '//*[@id="category_1"]/table/tbody/tr[1]/td[2]/h2/a')
2019-02-27 20:09:08,400 - BasePage -INFO -点击按钮:('xpath', '//*[@id="category_1"]/table/tbody/tr[1]/td[2]/h2/a')
2019-02-27 20:09:08,400 - BasePage -INFO -点击按钮:('xpath', '//*[@id="category_1"]/table/tbody/tr[1]/td[2]/h2/a')
2019-02-27 20:09:08,430 - BasePage -INFO -找到页面元素--('id', 'newspecial')
2019-02-27 20:09:08,430 - BasePage -INFO -找到页面元素--('id', 'newspecial')
2019-02-27 20:09:08,430 - BasePage -INFO -找到页面元素--('id', 'newspecial')
2019-02-27 20:09:08,506 - BasePage -INFO -悬停成功
2019-02-27 20:09:08,506 - BasePage -INFO -悬停成功
2019-02-27 20:09:08,506 - BasePage -INFO -悬停成功
2019-02-27 20:09:08,541 - BasePage -INFO -找到页面元素--('css selector', '#newspecial_menu > li.poll > a')
2019-02-27 20:09:08,541 - BasePage -INFO -找到页面元素--('css selector', '#newspecial_menu > li.poll > a')
2019-02-27 20:09:08,541 - BasePage -INFO -找到页面元素--('css selector', '#newspecial_menu > li.poll > a')
2019-02-27 20:09:08,876 - BasePage -INFO -点击按钮:('css selector', '#newspecial_menu > li.poll > a')
2019-02-27 20:09:08,876 - BasePage -INFO -点击按钮:('css selector', '#newspecial_menu > li.poll > a')
2019-02-27 20:09:08,876 - BasePage -INFO -点击按钮:('css selector', '#newspecial_menu > li.poll > a')
2019-02-27 20:09:08,881 - BasePage -INFO -激活当前窗口成功
2019-02-27 20:09:08,881 - BasePage -INFO -激活当前窗口成功
2019-02-27 20:09:08,881 - BasePage -INFO -激活当前窗口成功
2019-02-27 20:09:08,909 - BasePage -INFO -找到页面元素--('name', 'subject')
2019-02-27 20:09:08,909 - BasePage -INFO -找到页面元素--('name', 'subject')
2019-02-27 20:09:08,909 - BasePage -INFO -找到页面元素--('name', 'subject')
2019-02-27 20:09:08,968 - BasePage -INFO -输入内容：学习
2019-02-27 20:09:08,968 - BasePage -INFO -输入内容：学习
2019-02-27 20:09:08,968 - BasePage -INFO -输入内容：学习
2019-02-27 20:09:08,995 - BasePage -INFO -找到页面元素--('css selector', '#pollm_c_1 > p:nth-child(1) > input')
2019-02-27 20:09:08,995 - BasePage -INFO -找到页面元素--('css selector', '#pollm_c_1 > p:nth-child(1) > input')
2019-02-27 20:09:08,995 - BasePage -INFO -找到页面元素--('css selector', '#pollm_c_1 > p:nth-child(1) > input')
2019-02-27 20:09:09,052 - BasePage -INFO -输入内容：python
2019-02-27 20:09:09,052 - BasePage -INFO -输入内容：python
2019-02-27 20:09:09,052 - BasePage -INFO -输入内容：python
2019-02-27 20:09:09,080 - BasePage -INFO -找到页面元素--('css selector', '#pollm_c_1 > p:nth-child(2) > input')
2019-02-27 20:09:09,080 - BasePage -INFO -找到页面元素--('css selector', '#pollm_c_1 > p:nth-child(2) > input')
2019-02-27 20:09:09,080 - BasePage -INFO -找到页面元素--('css selector', '#pollm_c_1 > p:nth-child(2) > input')
2019-02-27 20:09:09,144 - BasePage -INFO -输入内容：软件测试
2019-02-27 20:09:09,144 - BasePage -INFO -输入内容：软件测试
2019-02-27 20:09:09,144 - BasePage -INFO -输入内容：软件测试
2019-02-27 20:09:09,171 - BasePage -INFO -找到页面元素--('css selector', '#pollm_c_1 > p:nth-child(3) > input')
2019-02-27 20:09:09,171 - BasePage -INFO -找到页面元素--('css selector', '#pollm_c_1 > p:nth-child(3) > input')
2019-02-27 20:09:09,171 - BasePage -INFO -找到页面元素--('css selector', '#pollm_c_1 > p:nth-child(3) > input')
2019-02-27 20:09:09,244 - BasePage -INFO -输入内容：UI自动化测试
2019-02-27 20:09:09,244 - BasePage -INFO -输入内容：UI自动化测试
2019-02-27 20:09:09,244 - BasePage -INFO -输入内容：UI自动化测试
2019-02-27 20:09:09,271 - BasePage -INFO -找到页面元素--('id', 'postsubmit')
2019-02-27 20:09:09,271 - BasePage -INFO -找到页面元素--('id', 'postsubmit')
2019-02-27 20:09:09,271 - BasePage -INFO -找到页面元素--('id', 'postsubmit')
2019-02-27 20:09:09,378 - BasePage -INFO -点击按钮:('id', 'postsubmit')
2019-02-27 20:09:09,378 - BasePage -INFO -点击按钮:('id', 'postsubmit')
2019-02-27 20:09:09,378 - BasePage -INFO -点击按钮:('id', 'postsubmit')
2019-02-27 20:09:10,896 - BasePage -INFO -找到页面元素--('id', 'option_1')
2019-02-27 20:09:10,896 - BasePage -INFO -找到页面元素--('id', 'option_1')
2019-02-27 20:09:10,896 - BasePage -INFO -找到页面元素--('id', 'option_1')
2019-02-27 20:09:10,993 - BasePage -INFO -点击按钮:('id', 'option_1')
2019-02-27 20:09:10,993 - BasePage -INFO -点击按钮:('id', 'option_1')
2019-02-27 20:09:10,993 - BasePage -INFO -点击按钮:('id', 'option_1')
2019-02-27 20:09:11,020 - BasePage -INFO -找到页面元素--('name', 'pollsubmit')
2019-02-27 20:09:11,020 - BasePage -INFO -找到页面元素--('name', 'pollsubmit')
2019-02-27 20:09:11,020 - BasePage -INFO -找到页面元素--('name', 'pollsubmit')
2019-02-27 20:09:11,529 - BasePage -INFO -点击按钮:('name', 'pollsubmit')
2019-02-27 20:09:11,529 - BasePage -INFO -点击按钮:('name', 'pollsubmit')
2019-02-27 20:09:11,529 - BasePage -INFO -点击按钮:('name', 'pollsubmit')
2019-02-27 20:09:11,534 - BasePage -INFO -激活当前窗口成功
2019-02-27 20:09:11,534 - BasePage -INFO -激活当前窗口成功
2019-02-27 20:09:11,534 - BasePage -INFO -激活当前窗口成功
2019-02-27 20:09:11,569 - BasePage -INFO -找到页面元素--('id', 'thread_subject')
2019-02-27 20:09:11,569 - BasePage -INFO -找到页面元素--('id', 'thread_subject')
2019-02-27 20:09:11,569 - BasePage -INFO -找到页面元素--('id', 'thread_subject')
2019-02-27 20:09:11,595 - BasePage -ERROR -获取('id', 'thread_subject')元素text失败。
2019-02-27 20:09:11,595 - BasePage -ERROR -获取('id', 'thread_subject')元素text失败。
2019-02-27 20:09:11,595 - BasePage -ERROR -获取('id', 'thread_subject')元素text失败。
2019-02-27 20:09:11,645 - BasePage -INFO -找到页面元素--('css selector', 'td.pvt label')
2019-02-27 20:09:11,645 - BasePage -INFO -找到页面元素--('css selector', 'td.pvt label')
2019-02-27 20:09:11,645 - BasePage -INFO -找到页面元素--('css selector', 'td.pvt label')
2019-02-27 20:09:11,748 - BasePage -INFO -找到页面元素--('css selector', 'div.pcbs form  tr > td:nth-child(2)')
2019-02-27 20:09:11,748 - BasePage -INFO -找到页面元素--('css selector', 'div.pcbs form  tr > td:nth-child(2)')
2019-02-27 20:09:11,748 - BasePage -INFO -找到页面元素--('css selector', 'div.pcbs form  tr > td:nth-child(2)')
2019-02-27 20:09:11,760 - BasePage -ERROR -<pageobjects.discuz04.FourDiscuz object at 0x0000025C853BBE80>页面中没有找到(<selenium.webdriver.remote.webelement.WebElement (session="97988395d77e6c198a386a14155ddc82", element="0.048391375571373185-2")>,)元素
2019-02-27 20:09:11,760 - BasePage -ERROR -<pageobjects.discuz04.FourDiscuz object at 0x0000025C853BBE80>页面中没有找到(<selenium.webdriver.remote.webelement.WebElement (session="97988395d77e6c198a386a14155ddc82", element="0.048391375571373185-2")>,)元素
2019-02-27 20:09:11,760 - BasePage -ERROR -<pageobjects.discuz04.FourDiscuz object at 0x0000025C853BBE80>页面中没有找到(<selenium.webdriver.remote.webelement.WebElement (session="97988395d77e6c198a386a14155ddc82", element="0.048391375571373185-2")>,)元素
2019-02-27 20:09:11,760 - BasePage -ERROR -获取(<selenium.webdriver.remote.webelement.WebElement (session="97988395d77e6c198a386a14155ddc82", element="0.048391375571373185-2")>,)元素text失败。
2019-02-27 20:09:11,760 - BasePage -ERROR -获取(<selenium.webdriver.remote.webelement.WebElement (session="97988395d77e6c198a386a14155ddc82", element="0.048391375571373185-2")>,)元素text失败。
2019-02-27 20:09:11,760 - BasePage -ERROR -获取(<selenium.webdriver.remote.webelement.WebElement (session="97988395d77e6c198a386a14155ddc82", element="0.048391375571373185-2")>,)元素text失败。
2019-02-27 20:09:11,764 - BasePage -ERROR -<pageobjects.discuz04.FourDiscuz object at 0x0000025C853BBE80>页面中没有找到(<selenium.webdriver.remote.webelement.WebElement (session="97988395d77e6c198a386a14155ddc82", element="0.048391375571373185-6")>,)元素
2019-02-27 20:09:11,764 - BasePage -ERROR -<pageobjects.discuz04.FourDiscuz object at 0x0000025C853BBE80>页面中没有找到(<selenium.webdriver.remote.webelement.WebElement (session="97988395d77e6c198a386a14155ddc82", element="0.048391375571373185-6")>,)元素
2019-02-27 20:09:11,764 - BasePage -ERROR -<pageobjects.discuz04.FourDiscuz object at 0x0000025C853BBE80>页面中没有找到(<selenium.webdriver.remote.webelement.WebElement (session="97988395d77e6c198a386a14155ddc82", element="0.048391375571373185-6")>,)元素
2019-02-27 20:09:11,765 - BasePage -ERROR -获取(<selenium.webdriver.remote.webelement.WebElement (session="97988395d77e6c198a386a14155ddc82", element="0.048391375571373185-6")>,)元素text失败。
2019-02-27 20:09:11,765 - BasePage -ERROR -获取(<selenium.webdriver.remote.webelement.WebElement (session="97988395d77e6c198a386a14155ddc82", element="0.048391375571373185-6")>,)元素text失败。
2019-02-27 20:09:11,765 - BasePage -ERROR -获取(<selenium.webdriver.remote.webelement.WebElement (session="97988395d77e6c198a386a14155ddc82", element="0.048391375571373185-6")>,)元素text失败。
2019-02-27 20:09:11,768 - BasePage -ERROR -<pageobjects.discuz04.FourDiscuz object at 0x0000025C853BBE80>页面中没有找到(<selenium.webdriver.remote.webelement.WebElement (session="97988395d77e6c198a386a14155ddc82", element="0.048391375571373185-3")>,)元素
2019-02-27 20:09:11,768 - BasePage -ERROR -<pageobjects.discuz04.FourDiscuz object at 0x0000025C853BBE80>页面中没有找到(<selenium.webdriver.remote.webelement.WebElement (session="97988395d77e6c198a386a14155ddc82", element="0.048391375571373185-3")>,)元素
2019-02-27 20:09:11,768 - BasePage -ERROR -<pageobjects.discuz04.FourDiscuz object at 0x0000025C853BBE80>页面中没有找到(<selenium.webdriver.remote.webelement.WebElement (session="97988395d77e6c198a386a14155ddc82", element="0.048391375571373185-3")>,)元素
2019-02-27 20:09:11,770 - BasePage -ERROR -获取(<selenium.webdriver.remote.webelement.WebElement (session="97988395d77e6c198a386a14155ddc82", element="0.048391375571373185-3")>,)元素text失败。
2019-02-27 20:09:11,770 - BasePage -ERROR -获取(<selenium.webdriver.remote.webelement.WebElement (session="97988395d77e6c198a386a14155ddc82", element="0.048391375571373185-3")>,)元素text失败。
2019-02-27 20:09:11,770 - BasePage -ERROR -获取(<selenium.webdriver.remote.webelement.WebElement (session="97988395d77e6c198a386a14155ddc82", element="0.048391375571373185-3")>,)元素text失败。
2019-02-27 20:09:11,774 - BasePage -ERROR -<pageobjects.discuz04.FourDiscuz object at 0x0000025C853BBE80>页面中没有找到(<selenium.webdriver.remote.webelement.WebElement (session="97988395d77e6c198a386a14155ddc82", element="0.048391375571373185-7")>,)元素
2019-02-27 20:09:11,774 - BasePage -ERROR -<pageobjects.discuz04.FourDiscuz object at 0x0000025C853BBE80>页面中没有找到(<selenium.webdriver.remote.webelement.WebElement (session="97988395d77e6c198a386a14155ddc82", element="0.048391375571373185-7")>,)元素
2019-02-27 20:09:11,774 - BasePage -ERROR -<pageobjects.discuz04.FourDiscuz object at 0x0000025C853BBE80>页面中没有找到(<selenium.webdriver.remote.webelement.WebElement (session="97988395d77e6c198a386a14155ddc82", element="0.048391375571373185-7")>,)元素
2019-02-27 20:09:11,774 - BasePage -ERROR -获取(<selenium.webdriver.remote.webelement.WebElement (session="97988395d77e6c198a386a14155ddc82", element="0.048391375571373185-7")>,)元素text失败。
2019-02-27 20:09:11,774 - BasePage -ERROR -获取(<selenium.webdriver.remote.webelement.WebElement (session="97988395d77e6c198a386a14155ddc82", element="0.048391375571373185-7")>,)元素text失败。
2019-02-27 20:09:11,774 - BasePage -ERROR -获取(<selenium.webdriver.remote.webelement.WebElement (session="97988395d77e6c198a386a14155ddc82", element="0.048391375571373185-7")>,)元素text失败。
2019-02-27 20:09:11,778 - BasePage -ERROR -<pageobjects.discuz04.FourDiscuz object at 0x0000025C853BBE80>页面中没有找到(<selenium.webdriver.remote.webelement.WebElement (session="97988395d77e6c198a386a14155ddc82", element="0.048391375571373185-4")>,)元素
2019-02-27 20:09:11,778 - BasePage -ERROR -<pageobjects.discuz04.FourDiscuz object at 0x0000025C853BBE80>页面中没有找到(<selenium.webdriver.remote.webelement.WebElement (session="97988395d77e6c198a386a14155ddc82", element="0.048391375571373185-4")>,)元素
2019-02-27 20:09:11,778 - BasePage -ERROR -<pageobjects.discuz04.FourDiscuz object at 0x0000025C853BBE80>页面中没有找到(<selenium.webdriver.remote.webelement.WebElement (session="97988395d77e6c198a386a14155ddc82", element="0.048391375571373185-4")>,)元素
2019-02-27 20:09:11,778 - BasePage -ERROR -获取(<selenium.webdriver.remote.webelement.WebElement (session="97988395d77e6c198a386a14155ddc82", element="0.048391375571373185-4")>,)元素text失败。
2019-02-27 20:09:11,778 - BasePage -ERROR -获取(<selenium.webdriver.remote.webelement.WebElement (session="97988395d77e6c198a386a14155ddc82", element="0.048391375571373185-4")>,)元素text失败。
2019-02-27 20:09:11,778 - BasePage -ERROR -获取(<selenium.webdriver.remote.webelement.WebElement (session="97988395d77e6c198a386a14155ddc82", element="0.048391375571373185-4")>,)元素text失败。
2019-02-27 20:09:11,782 - BasePage -ERROR -<pageobjects.discuz04.FourDiscuz object at 0x0000025C853BBE80>页面中没有找到(<selenium.webdriver.remote.webelement.WebElement (session="97988395d77e6c198a386a14155ddc82", element="0.048391375571373185-8")>,)元素
2019-02-27 20:09:11,782 - BasePage -ERROR -<pageobjects.discuz04.FourDiscuz object at 0x0000025C853BBE80>页面中没有找到(<selenium.webdriver.remote.webelement.WebElement (session="97988395d77e6c198a386a14155ddc82", element="0.048391375571373185-8")>,)元素
2019-02-27 20:09:11,782 - BasePage -ERROR -<pageobjects.discuz04.FourDiscuz object at 0x0000025C853BBE80>页面中没有找到(<selenium.webdriver.remote.webelement.WebElement (session="97988395d77e6c198a386a14155ddc82", element="0.048391375571373185-8")>,)元素
2019-02-27 20:09:11,782 - BasePage -ERROR -获取(<selenium.webdriver.remote.webelement.WebElement (session="97988395d77e6c198a386a14155ddc82", element="0.048391375571373185-8")>,)元素text失败。
2019-02-27 20:09:11,782 - BasePage -ERROR -获取(<selenium.webdriver.remote.webelement.WebElement (session="97988395d77e6c198a386a14155ddc82", element="0.048391375571373185-8")>,)元素text失败。
2019-02-27 20:09:11,782 - BasePage -ERROR -获取(<selenium.webdriver.remote.webelement.WebElement (session="97988395d77e6c198a386a14155ddc82", element="0.048391375571373185-8")>,)元素text失败。
2019-02-27 20:09:11,783 - BrowserEngine -INFO -Now Close and quit the browser.
2019-02-27 20:09:11,783 - BrowserEngine -INFO -Now Close and quit the browser.
2019-02-27 20:09:11,783 - BrowserEngine -INFO -Now Close and quit the browser.
