2019-03-01 08:59:17,490 - BrowserEngine -INFO -You had select Chrome browser.
2019-03-01 08:59:17,490 - BrowserEngine -INFO -The text url is http://127.0.0.1/forum.php.
2019-03-01 08:59:21,331 - BrowserEngine -INFO -Starting Chrome browser.
2019-03-01 08:59:21,979 - BrowserEngine -INFO -Open url: http://127.0.0.1/forum.php.
2019-03-01 08:59:23,120 - BrowserEngine -INFO -Maximize the current window
2019-03-01 08:59:23,124 - BrowserEngine -INFO -Set implicitly wait 10 seconds.
2019-03-01 08:59:23,187 - BasePage -INFO -找到页面元素--('id', 'ls_username')
2019-03-01 08:59:23,368 - BasePage -INFO -输入内容：123456
2019-03-01 08:59:23,400 - BasePage -INFO -找到页面元素--('id', 'ls_password')
2019-03-01 08:59:23,452 - BasePage -INFO -输入内容：123456
2019-03-01 08:59:23,480 - BasePage -INFO -找到页面元素--('css selector', 'tbody tr:nth-child(2) td:nth-child(3) button')
2019-03-01 08:59:23,528 - BasePage -INFO -点击按钮:('css selector', 'tbody tr:nth-child(2) td:nth-child(3) button')
2019-03-01 08:59:23,532 - BasePage -INFO -激活当前窗口成功
2019-03-01 08:59:24,116 - BasePage -INFO -找到页面元素--('css selector', '#um > p:nth-child(2) > strong > a')
2019-03-01 08:59:24,160 - BasePage -INFO -获取<selenium.webdriver.remote.webelement.WebElement (session="f444df1f0ce76060e4f65948af62f758", element="0.5515928696935901-1")>元素text成功。
2019-03-01 08:59:27,243 - BasePage -INFO -找到页面元素--('xpath', '//*[@id="category_1"]/table/tbody/tr[1]/td[2]/h2/a')
2019-03-01 08:59:27,274 - BasePage -INFO -获取<selenium.webdriver.remote.webelement.WebElement (session="f444df1f0ce76060e4f65948af62f758", element="0.5515928696935901-2")>元素text成功。
2019-03-01 08:59:27,289 - BasePage -INFO -找到页面元素--('xpath', '//*[@id="category_1"]/table/tbody/tr[1]/td[2]/h2/a')
2019-03-01 08:59:27,632 - BasePage -INFO -点击按钮:('xpath', '//*[@id="category_1"]/table/tbody/tr[1]/td[2]/h2/a')
2019-03-01 08:59:27,632 - BasePage -INFO -激活当前窗口成功
2019-03-01 08:59:27,724 - BasePage -INFO -找到页面元素--('css selector', '#ct > div > div.bm.bml.pbn > div > h1 > a')
2019-03-01 08:59:27,752 - BasePage -INFO -获取<selenium.webdriver.remote.webelement.WebElement (session="f444df1f0ce76060e4f65948af62f758", element="0.2562024885631544-1")>元素text成功。
2019-03-01 08:59:27,772 - BasePage -INFO -找到页面元素--('id', 'newspecial')
2019-03-01 08:59:27,831 - BasePage -INFO -悬停成功
2019-03-01 08:59:27,927 - BasePage -INFO -找到页面元素--('css selector', '#newspecial_menu > li:nth-child(1) > a')
2019-03-01 08:59:28,275 - BasePage -INFO -点击按钮:('css selector', '#newspecial_menu > li:nth-child(1) > a')
2019-03-01 08:59:28,307 - BasePage -INFO -找到页面元素--('name', 'subject')
2019-03-01 08:59:28,376 - BasePage -INFO -输入内容：新帖1
2019-03-01 08:59:28,392 - BasePage -INFO -找到页面元素--('name', 'subject')
2019-03-01 08:59:28,416 - BasePage -INFO -获取<selenium.webdriver.remote.webelement.WebElement (session="f444df1f0ce76060e4f65948af62f758", element="0.9983494826899866-1")>元素text成功。
2019-03-01 08:59:28,428 - BasePage -INFO -发现frame
2019-03-01 08:59:28,452 - BasePage -INFO -找到页面元素--('css selector', 'body')
2019-03-01 08:59:28,542 - BasePage -INFO -输入内容：新帖的内容
2019-03-01 08:59:28,546 - BasePage -INFO -激活当前窗口成功
2019-03-01 08:59:28,578 - BasePage -INFO -找到页面元素--('id', 'postsubmit')
2019-03-01 08:59:28,685 - BasePage -INFO -点击按钮:('id', 'postsubmit')
2019-03-01 08:59:28,693 - BasePage -INFO -激活当前窗口成功
2019-03-01 08:59:29,832 - BasePage -INFO -找到页面元素--('id', 'thread_subject')
2019-03-01 08:59:29,855 - BasePage -INFO -获取<selenium.webdriver.remote.webelement.WebElement (session="f444df1f0ce76060e4f65948af62f758", element="0.5351018819176567-1")>元素text成功。
2019-03-01 08:59:29,855 - BrowserEngine -INFO -Now Close and quit the browser.
