2019-02-27 11:47:35,069 - BrowserEngine -INFO -You had select Chrome browser.
2019-02-27 11:47:35,069 - BrowserEngine -INFO -The text url is http://127.0.0.1/forum.php.
2019-02-27 11:47:38,304 - BrowserEngine -INFO -Starting Chrome browser.
2019-02-27 11:47:38,751 - BrowserEngine -INFO -Open url: http://127.0.0.1/forum.php.
2019-02-27 11:47:39,866 - BrowserEngine -INFO -Maximize the current window
2019-02-27 11:47:39,867 - BrowserEngine -INFO -Set implicitly wait 10 seconds.
2019-02-27 11:47:39,900 - BasePage -INFO -找到页面元素--('id', 'ls_username')
2019-02-27 11:47:39,967 - BasePage -INFO -输入内容：admin
2019-02-27 11:47:39,997 - BasePage -INFO -找到页面元素--('id', 'ls_password')
2019-02-27 11:47:40,047 - BasePage -INFO -输入内容：admin
2019-02-27 11:47:40,080 - BasePage -INFO -找到页面元素--('css selector', 'tbody tr:nth-child(2) td:nth-child(3) button')
2019-02-27 11:47:40,135 - BasePage -INFO -点击按钮:('css selector', 'tbody tr:nth-child(2) td:nth-child(3) button')
2019-02-27 11:47:40,140 - BasePage -INFO -激活当前窗口成功
2019-02-27 11:47:43,173 - BasePage -INFO -找到页面元素--('xpath', '//*[@id="category_1"]/table/tbody/tr[1]/td[2]/h2/a')
2019-02-27 11:47:43,548 - BasePage -INFO -点击按钮:('xpath', '//*[@id="category_1"]/table/tbody/tr[1]/td[2]/h2/a')
2019-02-27 11:47:43,556 - BasePage -INFO -激活当前窗口成功
2019-02-27 11:47:46,617 - BasePage -INFO -找到页面元素--('name', 'moderate[]')
2019-02-27 11:47:46,672 - BasePage -INFO -点击按钮:('name', 'moderate[]')
2019-02-27 11:47:46,705 - BasePage -INFO -找到页面元素--('css selector', '#mdly > p:nth-child(6) > strong:nth-child(1) > a')
2019-02-27 11:47:46,869 - BasePage -INFO -点击按钮:('css selector', '#mdly > p:nth-child(6) > strong:nth-child(1) > a')
2019-02-27 11:47:46,913 - BasePage -INFO -找到页面元素--('name', 'modsubmit')
2019-02-27 11:47:47,357 - BasePage -INFO -点击按钮:('name', 'modsubmit')
2019-02-27 11:47:47,361 - BasePage -INFO -激活当前窗口成功
2019-02-27 11:47:47,401 - BasePage -INFO -找到页面元素--('xpath', '//*[@id="um"]/p[1]/a[6]')
2019-02-27 11:47:47,481 - BasePage -INFO -点击按钮:('xpath', '//*[@id="um"]/p[1]/a[6]')
2019-02-27 11:47:47,488 - BasePage -INFO -激活第1个窗口成功
2019-02-27 11:47:47,493 - BasePage -INFO -激活当前窗口成功
2019-02-27 11:47:48,573 - BasePage -INFO -找到页面元素--('id', 'header_forum')
2019-02-27 11:47:48,637 - BasePage -INFO -点击按钮:('id', 'header_forum')
2019-02-27 11:47:48,643 - BasePage -INFO -激活当前窗口成功
2019-02-27 11:47:48,658 - BasePage -INFO -发现frame
2019-02-27 11:47:48,866 - BasePage -INFO -找到页面元素--('css selector', '#cpform > table > tbody:nth-child(3) > tr > td:nth-child(2) > div > a')
2019-02-27 11:47:48,983 - BasePage -INFO -点击按钮:('css selector', '#cpform > table > tbody:nth-child(3) > tr > td:nth-child(2) > div > a')
2019-02-27 11:47:49,027 - BasePage -INFO -找到页面元素--('id', 'submit_editsubmit')
2019-02-27 11:47:49,236 - BasePage -INFO -点击按钮:('id', 'submit_editsubmit')
2019-02-27 11:47:49,240 - BasePage -INFO -激活当前窗口成功
2019-02-27 11:47:55,892 - BasePage -ERROR -<pageobjects.discuz02.TwoDiscuz object at 0x000001E713FCAB38>页面中没有找到('id', '#frameuinfo> p:nth-child(1) > a')元素
2019-02-27 11:47:55,892 - BasePage -ERROR -点击按钮失败:('id', '#frameuinfo> p:nth-child(1) > a')
2019-02-27 11:47:55,904 - BasePage -INFO -激活当前窗口成功
2019-02-27 11:47:55,915 - BasePage -INFO -激活当前窗口成功
2019-02-27 11:48:02,977 - BasePage -ERROR -<pageobjects.discuz01.OneDiscuz object at 0x000001E713FCA6D8>页面中没有找到('css selector', 'um > p:nth-child(2) > a:nth-child(12)')元素
2019-02-27 11:48:02,977 - BasePage -ERROR -点击按钮失败:('css selector', 'um > p:nth-child(2) > a:nth-child(12)')
2019-02-27 11:48:10,054 - BasePage -ERROR -<pageobjects.discuz01.OneDiscuz object at 0x000001E713FCA6D8>页面中没有找到('id', 'ls_username')元素
2019-02-27 11:48:10,055 - BasePage -ERROR -failed输入内容：'NoneType' object has no attribute 'send_keys'
2019-02-27 11:48:17,104 - BasePage -ERROR -<pageobjects.discuz01.OneDiscuz object at 0x000001E713FCA6D8>页面中没有找到('id', 'ls_password')元素
2019-02-27 11:48:17,104 - BasePage -ERROR -failed输入内容：'NoneType' object has no attribute 'send_keys'
2019-02-27 11:48:24,170 - BasePage -ERROR -<pageobjects.discuz01.OneDiscuz object at 0x000001E713FCA6D8>页面中没有找到('css selector', 'tbody tr:nth-child(2) td:nth-child(3) button')元素
2019-02-27 11:48:24,170 - BasePage -ERROR -点击按钮失败:('css selector', 'tbody tr:nth-child(2) td:nth-child(3) button')
2019-02-27 11:48:24,175 - BrowserEngine -INFO -Now Close and quit the browser.
