2019-02-27 11:29:05,930 - BrowserEngine -INFO -You had select Chrome browser.
2019-02-27 11:29:05,930 - BrowserEngine -INFO -The text url is http://127.0.0.1/forum.php.
2019-02-27 11:29:09,132 - BrowserEngine -INFO -Starting Chrome browser.
2019-02-27 11:29:09,566 - BrowserEngine -INFO -Open url: http://127.0.0.1/forum.php.
2019-02-27 11:29:10,681 - BrowserEngine -INFO -Maximize the current window
2019-02-27 11:29:10,683 - BrowserEngine -INFO -Set implicitly wait 10 seconds.
2019-02-27 11:29:10,734 - BasePage -INFO -找到页面元素--('id', 'ls_username')
2019-02-27 11:29:10,809 - BasePage -INFO -输入内容：admin
2019-02-27 11:29:10,836 - BasePage -INFO -找到页面元素--('id', 'ls_password')
2019-02-27 11:29:10,887 - BasePage -INFO -输入内容：admin
2019-02-27 11:29:10,921 - BasePage -INFO -找到页面元素--('css selector', 'tbody tr:nth-child(2) td:nth-child(3) button')
2019-02-27 11:29:10,970 - BasePage -INFO -点击按钮:('css selector', 'tbody tr:nth-child(2) td:nth-child(3) button')
2019-02-27 11:29:10,974 - BasePage -INFO -激活当前窗口成功
2019-02-27 11:29:14,008 - BasePage -INFO -找到页面元素--('xpath', '//*[@id="category_1"]/table/tbody/tr[1]/td[2]/h2/a')
2019-02-27 11:29:14,311 - BasePage -INFO -点击按钮:('xpath', '//*[@id="category_1"]/table/tbody/tr[1]/td[2]/h2/a')
2019-02-27 11:29:14,314 - BasePage -INFO -激活当前窗口成功
2019-02-27 11:29:17,403 - BasePage -INFO -找到页面元素--('name', 'moderate[]')
2019-02-27 11:29:17,513 - BasePage -INFO -点击按钮:('name', 'moderate[]')
2019-02-27 11:29:17,557 - BasePage -INFO -找到页面元素--('css selector', '#mdly > p:nth-child(6) > strong:nth-child(1) > a')
2019-02-27 11:29:17,723 - BasePage -INFO -点击按钮:('css selector', '#mdly > p:nth-child(6) > strong:nth-child(1) > a')
2019-02-27 11:29:17,769 - BasePage -INFO -找到页面元素--('name', 'modsubmit')
2019-02-27 11:29:18,204 - BasePage -INFO -点击按钮:('name', 'modsubmit')
2019-02-27 11:29:18,218 - BasePage -INFO -激活当前窗口成功
2019-02-27 11:29:18,267 - BasePage -INFO -找到页面元素--('xpath', '//*[@id="um"]/p[1]/a[6]')
2019-02-27 11:29:18,378 - BasePage -INFO -点击按钮:('xpath', '//*[@id="um"]/p[1]/a[6]')
2019-02-27 11:29:18,385 - BasePage -INFO -激活第1个窗口成功
2019-02-27 11:29:18,391 - BasePage -INFO -激活当前窗口成功
2019-02-27 11:29:19,455 - BasePage -INFO -找到页面元素--('id', 'header_forum')
2019-02-27 11:29:19,523 - BasePage -INFO -点击按钮:('id', 'header_forum')
2019-02-27 11:29:26,608 - BasePage -ERROR -<pageobjects.discuz02.TwoDiscuz object at 0x00000272F1497588>页面中没有找到('css selector', 'menu_forum > li:nth-child(1) > a')元素
2019-02-27 11:29:26,608 - BasePage -ERROR -点击按钮失败:('css selector', 'menu_forum > li:nth-child(1) > a')
2019-02-27 11:29:26,615 - BasePage -INFO -激活当前窗口成功
2019-02-27 11:29:33,666 - BasePage -ERROR -<pageobjects.discuz02.TwoDiscuz object at 0x00000272F1497588>页面中没有找到('css selector', 'cpform > table > tbody:nth-child(3) > tr > td:nth-child(2) > div > a')元素
2019-02-27 11:29:33,667 - BasePage -ERROR -点击按钮失败:('css selector', 'cpform > table > tbody:nth-child(3) > tr > td:nth-child(2) > div > a')
2019-02-27 11:29:40,754 - BasePage -ERROR -<pageobjects.discuz02.TwoDiscuz object at 0x00000272F1497588>页面中没有找到('id', 'submit_editsubmit')元素
2019-02-27 11:29:40,755 - BasePage -ERROR -点击按钮失败:('id', 'submit_editsubmit')
2019-02-27 11:29:47,856 - BasePage -ERROR -<pageobjects.discuz02.TwoDiscuz object at 0x00000272F1497588>页面中没有找到('css selector', 'frameuinfo > p.btnlink > a')元素
2019-02-27 11:29:47,856 - BasePage -ERROR -点击按钮失败:('css selector', 'frameuinfo > p.btnlink > a')
2019-02-27 11:29:47,869 - BasePage -INFO -激活当前窗口成功
2019-02-27 11:29:47,876 - BasePage -INFO -激活当前窗口成功
2019-02-27 11:29:54,991 - BasePage -ERROR -<pageobjects.discuz01.OneDiscuz object at 0x00000272F14AA940>页面中没有找到('css selector', 'um > p:nth-child(2) > a:nth-child(12)')元素
2019-02-27 11:29:54,991 - BasePage -ERROR -点击按钮失败:('css selector', 'um > p:nth-child(2) > a:nth-child(12)')
2019-02-27 11:30:02,084 - BasePage -ERROR -<pageobjects.discuz01.OneDiscuz object at 0x00000272F14AA940>页面中没有找到('id', 'ls_username')元素
2019-02-27 11:30:02,084 - BasePage -ERROR -failed输入内容：'NoneType' object has no attribute 'send_keys'
2019-02-27 11:30:09,199 - BasePage -ERROR -<pageobjects.discuz01.OneDiscuz object at 0x00000272F14AA940>页面中没有找到('id', 'ls_password')元素
2019-02-27 11:30:09,199 - BasePage -ERROR -failed输入内容：'NoneType' object has no attribute 'send_keys'
2019-02-27 11:30:16,263 - BasePage -ERROR -<pageobjects.discuz01.OneDiscuz object at 0x00000272F14AA940>页面中没有找到('css selector', 'tbody tr:nth-child(2) td:nth-child(3) button')元素
2019-02-27 11:30:16,263 - BasePage -ERROR -点击按钮失败:('css selector', 'tbody tr:nth-child(2) td:nth-child(3) button')
2019-02-27 11:30:16,264 - BrowserEngine -INFO -Now Close and quit the browser.
