2019-02-27 09:00:52,911 - BrowserEngine -INFO -You had select Chrome browser.
2019-02-27 09:00:52,911 - BrowserEngine -INFO -The text url is http://127.0.0.1/forum.php.
2019-02-27 09:00:56,254 - BrowserEngine -INFO -Starting Chrome browser.
2019-02-27 09:00:56,654 - BrowserEngine -INFO -Open url: http://127.0.0.1/forum.php.
2019-02-27 09:00:57,769 - BrowserEngine -INFO -Maximize the current window
2019-02-27 09:00:57,771 - BrowserEngine -INFO -Set implicitly wait 10 seconds.
2019-02-27 09:00:57,799 - BasePage -INFO -找到页面元素--('id', 'ls_username')
2019-02-27 09:00:57,864 - BasePage -INFO -输入内容：123456
2019-02-27 09:00:57,892 - BasePage -INFO -找到页面元素--('id', 'ls_password')
2019-02-27 09:00:57,946 - BasePage -INFO -输入内容：123456
2019-02-27 09:00:57,978 - BasePage -INFO -找到页面元素--('css selector', 'tbody tr:nth-child(2) td:nth-child(3) button')
2019-02-27 09:00:58,030 - BasePage -INFO -点击按钮:('css selector', 'tbody tr:nth-child(2) td:nth-child(3) button')
2019-02-27 09:00:58,036 - BasePage -INFO -激活当前窗口成功
2019-02-27 09:00:58,064 - BasePage -INFO -找到页面元素--('xpath', '//*[@id="category_1"]/table/tbody/tr[1]/td[2]/h2/a')
2019-02-27 09:00:58,406 - BasePage -INFO -点击按钮:('xpath', '//*[@id="category_1"]/table/tbody/tr[1]/td[2]/h2/a')
2019-02-27 09:00:58,440 - BasePage -INFO -找到页面元素--('css selector', '#newspecial > img')
2019-02-27 09:00:58,663 - BasePage -INFO -点击按钮:('css selector', '#newspecial > img')
2019-02-27 09:01:05,735 - BasePage -ERROR -<pageobjects.discuz01.OneDiscuz object at 0x0000019290FC7048>页面中没有找到('name', 'subject')元素
2019-02-27 09:01:05,735 - BasePage -ERROR -failed输入内容：'NoneType' object has no attribute 'send_keys'
2019-02-27 09:01:05,754 - BrowserEngine -INFO -Now Close and quit the browser.
