2019-02-27 11:50:19,609 - BrowserEngine -INFO -You had select Chrome browser.
2019-02-27 11:50:19,609 - BrowserEngine -INFO -The text url is http://127.0.0.1/forum.php.
2019-02-27 11:50:22,794 - BrowserEngine -INFO -Starting Chrome browser.
2019-02-27 11:50:23,177 - BrowserEngine -INFO -Open url: http://127.0.0.1/forum.php.
2019-02-27 11:50:24,292 - BrowserEngine -INFO -Maximize the current window
2019-02-27 11:50:24,294 - BrowserEngine -INFO -Set implicitly wait 10 seconds.
2019-02-27 11:50:24,324 - BasePage -INFO -找到页面元素--('id', 'ls_username')
2019-02-27 11:50:24,394 - BasePage -INFO -输入内容：admin
2019-02-27 11:50:24,426 - BasePage -INFO -找到页面元素--('id', 'ls_password')
2019-02-27 11:50:24,480 - BasePage -INFO -输入内容：admin
2019-02-27 11:50:24,512 - BasePage -INFO -找到页面元素--('css selector', 'tbody tr:nth-child(2) td:nth-child(3) button')
2019-02-27 11:50:24,564 - BasePage -INFO -点击按钮:('css selector', 'tbody tr:nth-child(2) td:nth-child(3) button')
2019-02-27 11:50:24,569 - BasePage -INFO -激活当前窗口成功
2019-02-27 11:50:27,627 - BasePage -INFO -找到页面元素--('xpath', '//*[@id="category_1"]/table/tbody/tr[1]/td[2]/h2/a')
2019-02-27 11:50:27,915 - BasePage -INFO -点击按钮:('xpath', '//*[@id="category_1"]/table/tbody/tr[1]/td[2]/h2/a')
2019-02-27 11:50:27,919 - BasePage -INFO -激活当前窗口成功
2019-02-27 11:50:30,954 - BasePage -INFO -找到页面元素--('name', 'moderate[]')
2019-02-27 11:50:31,014 - BasePage -INFO -点击按钮:('name', 'moderate[]')
2019-02-27 11:50:31,057 - BasePage -INFO -找到页面元素--('css selector', '#mdly > p:nth-child(6) > strong:nth-child(1) > a')
2019-02-27 11:50:31,263 - BasePage -INFO -点击按钮:('css selector', '#mdly > p:nth-child(6) > strong:nth-child(1) > a')
2019-02-27 11:50:31,320 - BasePage -INFO -找到页面元素--('name', 'modsubmit')
2019-02-27 11:50:31,840 - BasePage -INFO -点击按钮:('name', 'modsubmit')
2019-02-27 11:50:31,849 - BasePage -INFO -激活当前窗口成功
2019-02-27 11:50:31,928 - BasePage -INFO -找到页面元素--('xpath', '//*[@id="um"]/p[1]/a[6]')
2019-02-27 11:50:32,028 - BasePage -INFO -点击按钮:('xpath', '//*[@id="um"]/p[1]/a[6]')
2019-02-27 11:50:32,035 - BasePage -INFO -激活第1个窗口成功
2019-02-27 11:50:32,039 - BasePage -INFO -激活当前窗口成功
2019-02-27 11:50:33,109 - BasePage -INFO -找到页面元素--('id', 'header_forum')
2019-02-27 11:50:33,192 - BasePage -INFO -点击按钮:('id', 'header_forum')
2019-02-27 11:50:33,197 - BasePage -INFO -激活当前窗口成功
2019-02-27 11:50:33,214 - BasePage -INFO -发现frame
2019-02-27 11:50:33,523 - BasePage -INFO -找到页面元素--('css selector', '#cpform > table > tbody:nth-child(3) > tr > td:nth-child(2) > div > a')
2019-02-27 11:50:33,723 - BasePage -INFO -点击按钮:('css selector', '#cpform > table > tbody:nth-child(3) > tr > td:nth-child(2) > div > a')
2019-02-27 11:50:33,796 - BasePage -INFO -找到页面元素--('id', 'submit_editsubmit')
2019-02-27 11:50:34,091 - BasePage -INFO -点击按钮:('id', 'submit_editsubmit')
2019-02-27 11:50:34,097 - BasePage -INFO -激活当前窗口成功
2019-02-27 11:50:34,137 - BasePage -INFO -找到页面元素--('css selector', '#frameuinfo> p:nth-child(1) > a')
2019-02-27 11:50:34,537 - BasePage -INFO -点击按钮:('css selector', '#frameuinfo> p:nth-child(1) > a')
2019-02-27 11:50:34,542 - BasePage -INFO -激活当前窗口成功
2019-02-27 11:50:34,549 - BasePage -INFO -激活当前窗口成功
2019-02-27 11:50:41,629 - BasePage -ERROR -<pageobjects.discuz01.OneDiscuz object at 0x0000015F44BDA940>页面中没有找到('css selector', 'um > p:nth-child(2) > a:nth-child(12)')元素
2019-02-27 11:50:41,629 - BasePage -ERROR -点击按钮失败:('css selector', 'um > p:nth-child(2) > a:nth-child(12)')
2019-02-27 11:50:48,710 - BasePage -ERROR -<pageobjects.discuz01.OneDiscuz object at 0x0000015F44BDA940>页面中没有找到('id', 'ls_username')元素
2019-02-27 11:50:48,710 - BasePage -ERROR -failed输入内容：'NoneType' object has no attribute 'send_keys'
2019-02-27 11:50:55,783 - BasePage -ERROR -<pageobjects.discuz01.OneDiscuz object at 0x0000015F44BDA940>页面中没有找到('id', 'ls_password')元素
2019-02-27 11:50:55,783 - BasePage -ERROR -failed输入内容：'NoneType' object has no attribute 'send_keys'
2019-02-27 11:51:02,845 - BasePage -ERROR -<pageobjects.discuz01.OneDiscuz object at 0x0000015F44BDA940>页面中没有找到('css selector', 'tbody tr:nth-child(2) td:nth-child(3) button')元素
2019-02-27 11:51:02,846 - BasePage -ERROR -点击按钮失败:('css selector', 'tbody tr:nth-child(2) td:nth-child(3) button')
2019-02-27 11:51:02,850 - BrowserEngine -INFO -Now Close and quit the browser.
