2019-02-27 14:28:11,865 - BrowserEngine -INFO -You had select Chrome browser.
2019-02-27 14:28:11,865 - BrowserEngine -INFO -The text url is http://127.0.0.1/forum.php.
2019-02-27 14:28:15,234 - BrowserEngine -INFO -Starting Chrome browser.
2019-02-27 14:28:15,614 - BrowserEngine -INFO -Open url: http://127.0.0.1/forum.php.
2019-02-27 14:28:16,760 - BrowserEngine -INFO -Maximize the current window
2019-02-27 14:28:16,760 - BrowserEngine -INFO -Set implicitly wait 10 seconds.
2019-02-27 14:28:16,776 - BasePage -INFO -找到页面元素--('id', 'ls_username')
2019-02-27 14:28:16,851 - BasePage -INFO -输入内容：admin
2019-02-27 14:28:16,883 - BasePage -INFO -找到页面元素--('id', 'ls_password')
2019-02-27 14:28:16,933 - BasePage -INFO -输入内容：admin
2019-02-27 14:28:16,960 - BasePage -INFO -找到页面元素--('css selector', 'tbody tr:nth-child(2) td:nth-child(3) button')
2019-02-27 14:28:17,014 - BasePage -INFO -点击按钮:('css selector', 'tbody tr:nth-child(2) td:nth-child(3) button')
2019-02-27 14:28:17,019 - BasePage -INFO -激活当前窗口成功
2019-02-27 14:28:20,042 - BasePage -INFO -找到页面元素--('xpath', '//*[@id="category_1"]/table/tbody/tr[1]/td[2]/h2/a')
2019-02-27 14:28:20,330 - BasePage -INFO -点击按钮:('xpath', '//*[@id="category_1"]/table/tbody/tr[1]/td[2]/h2/a')
2019-02-27 14:28:20,335 - BasePage -INFO -激活当前窗口成功
2019-02-27 14:28:23,358 - BasePage -INFO -找到页面元素--('name', 'moderate[]')
2019-02-27 14:28:23,415 - BasePage -INFO -点击按钮:('name', 'moderate[]')
2019-02-27 14:28:23,450 - BasePage -INFO -找到页面元素--('css selector', '#mdly > p:nth-child(6) > strong:nth-child(1) > a')
2019-02-27 14:28:23,620 - BasePage -INFO -点击按钮:('css selector', '#mdly > p:nth-child(6) > strong:nth-child(1) > a')
2019-02-27 14:28:23,669 - BasePage -INFO -找到页面元素--('name', 'modsubmit')
2019-02-27 14:28:24,075 - BasePage -INFO -点击按钮:('name', 'modsubmit')
2019-02-27 14:28:24,081 - BasePage -INFO -激活当前窗口成功
2019-02-27 14:28:24,140 - BasePage -INFO -找到页面元素--('xpath', '//*[@id="um"]/p[1]/a[6]')
2019-02-27 14:28:24,263 - BasePage -INFO -点击按钮:('xpath', '//*[@id="um"]/p[1]/a[6]')
2019-02-27 14:28:24,273 - BasePage -INFO -激活第1个窗口成功
2019-02-27 14:28:24,279 - BasePage -INFO -激活当前窗口成功
2019-02-27 14:28:48,699 - BasePage -INFO -找到页面元素--('id', 'header_forum')
2019-02-27 14:28:48,885 - BasePage -INFO -点击按钮:('id', 'header_forum')
2019-02-27 14:28:48,889 - BasePage -INFO -激活当前窗口成功
2019-02-27 14:28:48,901 - BasePage -INFO -发现frame
2019-02-27 14:28:48,930 - BasePage -INFO -找到页面元素--('css selector', '#cpform > table > tbody:nth-child(3) > tr > td:nth-child(2) > div > a')
2019-02-27 14:28:49,032 - BasePage -INFO -点击按钮:('css selector', '#cpform > table > tbody:nth-child(3) > tr > td:nth-child(2) > div > a')
2019-02-27 14:28:49,059 - BasePage -INFO -找到页面元素--('id', 'submit_editsubmit')
2019-02-27 14:28:49,269 - BasePage -INFO -点击按钮:('id', 'submit_editsubmit')
2019-02-27 14:28:49,272 - BasePage -INFO -激活当前窗口成功
2019-02-27 14:28:49,300 - BasePage -INFO -找到页面元素--('css selector', '#frameuinfo> p:nth-child(1) > a')
2019-02-27 14:28:49,631 - BasePage -INFO -点击按钮:('css selector', '#frameuinfo> p:nth-child(1) > a')
2019-02-27 14:28:49,634 - BasePage -INFO -激活当前窗口成功
2019-02-27 14:28:49,664 - BasePage -INFO -找到页面元素--('css selector', '#um > p:nth-child(2) > a:nth-child(18)')
2019-02-27 14:28:49,868 - BasePage -INFO -点击按钮:('css selector', '#um > p:nth-child(2) > a:nth-child(18)')
2019-02-27 14:28:52,055 - BasePage -INFO -找到页面元素--('id', 'ls_username')
2019-02-27 14:28:52,115 - BasePage -INFO -输入内容：123456
2019-02-27 14:28:52,140 - BasePage -INFO -找到页面元素--('id', 'ls_password')
2019-02-27 14:28:52,191 - BasePage -INFO -输入内容：123456
2019-02-27 14:28:52,217 - BasePage -INFO -找到页面元素--('css selector', 'tbody tr:nth-child(2) td:nth-child(3) button')
2019-02-27 14:28:52,276 - BasePage -INFO -点击按钮:('css selector', 'tbody tr:nth-child(2) td:nth-child(3) button')
2019-02-27 14:28:52,283 - BasePage -INFO -激活当前窗口成功
2019-02-27 14:28:52,318 - BasePage -INFO -找到页面元素--('css selector', '#category_1 > table > tbody > tr:nth-child(2) > td:nth-child(2) > h2 > a')
2019-02-27 14:28:52,633 - BasePage -ERROR -点击按钮失败:('css selector', '#category_1 > table > tbody > tr:nth-child(2) > td:nth-child(2) > h2 > a')
2019-02-27 14:28:59,692 - BasePage -ERROR -<pageobjects.discuz01.OneDiscuz object at 0x000001C360129940>页面中没有找到('id', 'newspecial')元素
2019-02-27 14:28:59,692 - BasePage -ERROR -点击按钮失败:('id', 'newspecial')
2019-02-27 14:29:06,787 - BasePage -ERROR -<pageobjects.discuz01.OneDiscuz object at 0x000001C360129940>页面中没有找到('name', 'subject')元素
2019-02-27 14:29:06,787 - BasePage -ERROR -failed输入内容：'NoneType' object has no attribute 'send_keys'
2019-02-27 14:29:06,793 - BrowserEngine -INFO -Now Close and quit the browser.
