2019-02-28 09:07:16,299 - BrowserEngine -INFO -You had select Chrome browser.
2019-02-28 09:07:16,299 - BrowserEngine -INFO -The text url is http://127.0.0.1/forum.php.
2019-02-28 09:07:19,585 - BrowserEngine -INFO -Starting Chrome browser.
2019-02-28 09:07:19,997 - BrowserEngine -INFO -Open url: http://127.0.0.1/forum.php.
2019-02-28 09:07:21,120 - BrowserEngine -INFO -Maximize the current window
2019-02-28 09:07:21,120 - BrowserEngine -INFO -Set implicitly wait 10 seconds.
2019-02-28 09:07:21,152 - BasePage -INFO -找到页面元素--('id', 'ls_username')
2019-02-28 09:07:21,217 - BasePage -INFO -输入内容：123456
2019-02-28 09:07:21,245 - BasePage -INFO -找到页面元素--('id', 'ls_password')
2019-02-28 09:07:21,296 - BasePage -INFO -输入内容：123456
2019-02-28 09:07:21,332 - BasePage -INFO -找到页面元素--('css selector', 'tbody tr:nth-child(2) td:nth-child(3) button')
2019-02-28 09:07:21,392 - BasePage -INFO -点击按钮:('css selector', 'tbody tr:nth-child(2) td:nth-child(3) button')
2019-02-28 09:07:21,400 - BasePage -INFO -激活当前窗口成功
2019-02-28 09:07:24,453 - BasePage -INFO -找到页面元素--('xpath', '//*[@id="category_1"]/table/tbody/tr[1]/td[2]/h2/a')
2019-02-28 09:07:24,721 - BasePage -INFO -点击按钮:('xpath', '//*[@id="category_1"]/table/tbody/tr[1]/td[2]/h2/a')
2019-02-28 09:07:24,789 - BasePage -INFO -找到页面元素--('id', 'newspecial')
2019-02-28 09:07:24,815 - BasePage -INFO -悬停成功
2019-02-28 09:07:24,847 - BasePage -INFO -找到页面元素--('css selector', '#newspecial_menu > li.poll > a')
2019-02-28 09:07:25,182 - BasePage -INFO -点击按钮:('css selector', '#newspecial_menu > li.poll > a')
2019-02-28 09:07:25,186 - BasePage -INFO -激活当前窗口成功
2019-02-28 09:07:25,214 - BasePage -INFO -找到页面元素--('name', 'subject')
2019-02-28 09:07:25,276 - BasePage -INFO -输入内容：学习
2019-02-28 09:07:25,300 - BasePage -INFO -找到页面元素--('css selector', '#pollm_c_1 > p:nth-child(1) > input')
2019-02-28 09:07:25,364 - BasePage -INFO -输入内容：python
2019-02-28 09:07:25,392 - BasePage -INFO -找到页面元素--('css selector', '#pollm_c_1 > p:nth-child(2) > input')
2019-02-28 09:07:25,453 - BasePage -INFO -输入内容：软件测试
2019-02-28 09:07:25,481 - BasePage -INFO -找到页面元素--('css selector', '#pollm_c_1 > p:nth-child(3) > input')
2019-02-28 09:07:25,553 - BasePage -INFO -输入内容：UI自动化测试
2019-02-28 09:07:25,585 - BasePage -INFO -找到页面元素--('id', 'postsubmit')
2019-02-28 09:07:25,701 - BasePage -INFO -点击按钮:('id', 'postsubmit')
2019-02-28 09:07:26,825 - BasePage -INFO -找到页面元素--('id', 'option_1')
2019-02-28 09:07:26,950 - BasePage -INFO -点击按钮:('id', 'option_1')
2019-02-28 09:07:26,990 - BasePage -INFO -找到页面元素--('name', 'pollsubmit')
2019-02-28 09:07:27,564 - BasePage -INFO -点击按钮:('name', 'pollsubmit')
2019-02-28 09:07:27,572 - BasePage -INFO -激活当前窗口成功
2019-02-28 09:07:27,623 - BasePage -INFO -找到页面元素--('id', 'thread_subject')
2019-02-28 09:07:27,651 - BasePage -INFO -获取<selenium.webdriver.remote.webelement.WebElement (session="7d49baead3a66103431ce3280ecc6a34", element="0.8276640648360643-1")>元素text成功。
2019-02-28 09:07:27,690 - BasePage -INFO -找到页面元素--('css selector', 'td.pvt label')
2019-02-28 09:07:27,794 - BasePage -INFO -找到页面元素--('css selector', 'div.pcbs form  tr > td:nth-child(2)')
2019-02-28 09:07:27,825 - BasePage -INFO -获取<selenium.webdriver.remote.webelement.WebElement (session="7d49baead3a66103431ce3280ecc6a34", element="0.8276640648360643-2")>元素text成功。
2019-02-28 09:07:27,850 - BasePage -INFO -获取<selenium.webdriver.remote.webelement.WebElement (session="7d49baead3a66103431ce3280ecc6a34", element="0.8276640648360643-6")>元素text成功。
2019-02-28 09:07:27,866 - BasePage -INFO -获取<selenium.webdriver.remote.webelement.WebElement (session="7d49baead3a66103431ce3280ecc6a34", element="0.8276640648360643-3")>元素text成功。
2019-02-28 09:07:27,890 - BasePage -INFO -获取<selenium.webdriver.remote.webelement.WebElement (session="7d49baead3a66103431ce3280ecc6a34", element="0.8276640648360643-8")>元素text成功。
2019-02-28 09:07:27,914 - BasePage -INFO -获取<selenium.webdriver.remote.webelement.WebElement (session="7d49baead3a66103431ce3280ecc6a34", element="0.8276640648360643-4")>元素text成功。
2019-02-28 09:07:27,930 - BasePage -INFO -获取<selenium.webdriver.remote.webelement.WebElement (session="7d49baead3a66103431ce3280ecc6a34", element="0.8276640648360643-10")>元素text成功。
2019-02-28 09:07:27,930 - BrowserEngine -INFO -Now Close and quit the browser.
