2019-02-27 14:05:24,989 - BrowserEngine -INFO -You had select Chrome browser.
2019-02-27 14:05:24,989 - BrowserEngine -INFO -The text url is http://127.0.0.1/forum.php.
2019-02-27 14:05:28,212 - BrowserEngine -INFO -Starting Chrome browser.
2019-02-27 14:05:28,598 - BrowserEngine -INFO -Open url: http://127.0.0.1/forum.php.
2019-02-27 14:05:29,742 - BrowserEngine -INFO -Maximize the current window
2019-02-27 14:05:29,742 - BrowserEngine -INFO -Set implicitly wait 10 seconds.
2019-02-27 14:05:29,789 - BasePage -INFO -找到页面元素--('id', 'ls_username')
2019-02-27 14:05:29,858 - BasePage -INFO -输入内容：admin
2019-02-27 14:05:29,885 - BasePage -INFO -找到页面元素--('id', 'ls_password')
2019-02-27 14:05:29,936 - BasePage -INFO -输入内容：admin
2019-02-27 14:05:29,966 - BasePage -INFO -找到页面元素--('css selector', 'tbody tr:nth-child(2) td:nth-child(3) button')
2019-02-27 14:05:30,017 - BasePage -INFO -点击按钮:('css selector', 'tbody tr:nth-child(2) td:nth-child(3) button')
2019-02-27 14:05:30,022 - BasePage -INFO -激活当前窗口成功
2019-02-27 14:05:33,055 - BasePage -INFO -找到页面元素--('xpath', '//*[@id="category_1"]/table/tbody/tr[1]/td[2]/h2/a')
2019-02-27 14:05:33,320 - BasePage -INFO -点击按钮:('xpath', '//*[@id="category_1"]/table/tbody/tr[1]/td[2]/h2/a')
2019-02-27 14:05:33,325 - BasePage -INFO -激活当前窗口成功
2019-02-27 14:05:36,357 - BasePage -INFO -找到页面元素--('name', 'moderate[]')
2019-02-27 14:05:36,418 - BasePage -INFO -点击按钮:('name', 'moderate[]')
2019-02-27 14:05:36,461 - BasePage -INFO -找到页面元素--('css selector', '#mdly > p:nth-child(6) > strong:nth-child(1) > a')
2019-02-27 14:05:36,646 - BasePage -INFO -点击按钮:('css selector', '#mdly > p:nth-child(6) > strong:nth-child(1) > a')
2019-02-27 14:05:36,699 - BasePage -INFO -找到页面元素--('name', 'modsubmit')
2019-02-27 14:05:37,160 - BasePage -INFO -点击按钮:('name', 'modsubmit')
2019-02-27 14:05:37,168 - BasePage -INFO -激活当前窗口成功
2019-02-27 14:05:37,266 - BasePage -INFO -找到页面元素--('xpath', '//*[@id="um"]/p[1]/a[6]')
2019-02-27 14:05:37,355 - BasePage -INFO -点击按钮:('xpath', '//*[@id="um"]/p[1]/a[6]')
2019-02-27 14:05:37,360 - BasePage -INFO -激活第1个窗口成功
2019-02-27 14:05:37,369 - BasePage -INFO -激活当前窗口成功
2019-02-27 14:06:00,204 - BasePage -INFO -找到页面元素--('id', 'header_forum')
2019-02-27 14:06:00,389 - BasePage -INFO -点击按钮:('id', 'header_forum')
2019-02-27 14:06:00,398 - BasePage -INFO -激活当前窗口成功
2019-02-27 14:06:00,421 - BasePage -INFO -发现frame
2019-02-27 14:06:00,440 - BasePage -INFO -找到页面元素--('css selector', '#cpform > table > tbody:nth-child(3) > tr > td:nth-child(2) > div > a')
2019-02-27 14:06:00,553 - BasePage -INFO -点击按钮:('css selector', '#cpform > table > tbody:nth-child(3) > tr > td:nth-child(2) > div > a')
2019-02-27 14:06:00,585 - BasePage -INFO -找到页面元素--('id', 'submit_editsubmit')
2019-02-27 14:06:00,797 - BasePage -INFO -点击按钮:('id', 'submit_editsubmit')
2019-02-27 14:06:00,801 - BasePage -INFO -激活当前窗口成功
2019-02-27 14:06:00,828 - BasePage -INFO -找到页面元素--('css selector', '#frameuinfo> p:nth-child(1) > a')
2019-02-27 14:06:01,163 - BasePage -INFO -点击按钮:('css selector', '#frameuinfo> p:nth-child(1) > a')
2019-02-27 14:06:01,180 - BasePage -INFO -Closing and quit the browser
2019-02-27 14:06:04,189 - BasePage -ERROR -激活当前窗口失败
2019-02-27 14:06:04,191 - BasePage -ERROR -<pageobjects.discuz02.TwoDiscuz object at 0x000001E2405954E0>页面中没有找到('css selector', 'um > p:nth-child(2) > a:nth-child(18)')元素
2019-02-27 14:06:04,191 - BasePage -ERROR -点击按钮失败:('css selector', 'um > p:nth-child(2) > a:nth-child(18)')
2019-02-27 14:06:04,192 - BasePage -ERROR -<pageobjects.discuz01.OneDiscuz object at 0x000001E2405A5828>页面中没有找到('id', 'ls_username')元素
2019-02-27 14:06:04,192 - BasePage -ERROR -failed输入内容：'NoneType' object has no attribute 'send_keys'
2019-02-27 14:06:04,194 - BasePage -ERROR -<pageobjects.discuz01.OneDiscuz object at 0x000001E2405A5828>页面中没有找到('id', 'ls_password')元素
2019-02-27 14:06:04,194 - BasePage -ERROR -failed输入内容：'NoneType' object has no attribute 'send_keys'
2019-02-27 14:06:04,195 - BasePage -ERROR -<pageobjects.discuz01.OneDiscuz object at 0x000001E2405A5828>页面中没有找到('css selector', 'tbody tr:nth-child(2) td:nth-child(3) button')元素
2019-02-27 14:06:04,195 - BasePage -ERROR -点击按钮失败:('css selector', 'tbody tr:nth-child(2) td:nth-child(3) button')
2019-02-27 14:06:04,196 - BrowserEngine -INFO -Now Close and quit the browser.
