2019-02-27 09:15:08,677 - BrowserEngine -INFO -You had select Chrome browser.
2019-02-27 09:15:08,677 - BrowserEngine -INFO -The text url is http://127.0.0.1/forum.php.
2019-02-27 09:15:11,909 - BrowserEngine -INFO -Starting Chrome browser.
2019-02-27 09:15:12,315 - BrowserEngine -INFO -Open url: http://127.0.0.1/forum.php.
2019-02-27 09:15:13,451 - BrowserEngine -INFO -Maximize the current window
2019-02-27 09:15:13,452 - BrowserEngine -INFO -Set implicitly wait 10 seconds.
2019-02-27 09:15:13,482 - BasePage -INFO -找到页面元素--('id', 'ls_username')
2019-02-27 09:15:13,548 - BasePage -INFO -输入内容：123456
2019-02-27 09:15:13,576 - BasePage -INFO -找到页面元素--('id', 'ls_password')
2019-02-27 09:15:13,632 - BasePage -INFO -输入内容：123456
2019-02-27 09:15:13,661 - BasePage -INFO -找到页面元素--('css selector', 'tbody tr:nth-child(2) td:nth-child(3) button')
2019-02-27 09:15:13,710 - BasePage -INFO -点击按钮:('css selector', 'tbody tr:nth-child(2) td:nth-child(3) button')
2019-02-27 09:15:13,715 - BasePage -INFO -激活当前窗口成功
2019-02-27 09:15:16,744 - BasePage -INFO -找到页面元素--('xpath', '//*[@id="category_1"]/table/tbody/tr[1]/td[2]/h2/a')
2019-02-27 09:15:17,027 - BasePage -INFO -点击按钮:('xpath', '//*[@id="category_1"]/table/tbody/tr[1]/td[2]/h2/a')
2019-02-27 09:15:17,108 - BasePage -INFO -找到页面元素--('id', 'newspecial')
2019-02-27 09:15:17,445 - BasePage -INFO -点击按钮:('id', 'newspecial')
2019-02-27 09:15:17,481 - BasePage -INFO -找到页面元素--('name', 'subject')
2019-02-27 09:15:17,550 - BasePage -INFO -输入内容：新帖1
2019-02-27 09:15:17,563 - BasePage -INFO -发现frame
2019-02-27 09:15:17,589 - BasePage -INFO -找到页面元素--('css selector', 'body')
2019-02-27 09:15:17,643 - BasePage -INFO -输入内容：新帖的内容
2019-02-27 09:15:22,744 - BasePage -ERROR -<pageobjects.discuz01.OneDiscuz object at 0x000001D3AF2A9240>页面中没有找到('class name', ' div div div div button')元素
2019-02-27 09:15:22,744 - BrowserEngine -INFO -Now Close and quit the browser.
2019-02-27 09:15:30,789 - BrowserEngine -INFO -You had select Chrome browser.
2019-02-27 09:15:30,790 - BrowserEngine -INFO -The text url is http://127.0.0.1/forum.php.
2019-02-27 09:15:34,012 - BrowserEngine -INFO -Starting Chrome browser.
2019-02-27 09:15:34,456 - BrowserEngine -INFO -Open url: http://127.0.0.1/forum.php.
2019-02-27 09:15:35,574 - BrowserEngine -INFO -Maximize the current window
2019-02-27 09:15:35,575 - BrowserEngine -INFO -Set implicitly wait 10 seconds.
2019-02-27 09:15:35,608 - BasePage -INFO -找到页面元素--('id', 'ls_username')
2019-02-27 09:15:35,684 - BasePage -INFO -输入内容：123456
2019-02-27 09:15:35,718 - BasePage -INFO -找到页面元素--('id', 'ls_password')
2019-02-27 09:15:35,781 - BasePage -INFO -输入内容：123456
2019-02-27 09:15:35,817 - BasePage -INFO -找到页面元素--('css selector', 'tbody tr:nth-child(2) td:nth-child(3) button')
2019-02-27 09:15:35,876 - BasePage -INFO -点击按钮:('css selector', 'tbody tr:nth-child(2) td:nth-child(3) button')
2019-02-27 09:15:35,882 - BasePage -INFO -激活当前窗口成功
2019-02-27 09:15:38,914 - BasePage -INFO -找到页面元素--('xpath', '//*[@id="category_1"]/table/tbody/tr[1]/td[2]/h2/a')
2019-02-27 09:15:39,265 - BasePage -INFO -点击按钮:('xpath', '//*[@id="category_1"]/table/tbody/tr[1]/td[2]/h2/a')
2019-02-27 09:15:39,314 - BasePage -INFO -找到页面元素--('id', 'newspecial')
2019-02-27 09:15:39,719 - BasePage -INFO -点击按钮:('id', 'newspecial')
2019-02-27 09:15:39,755 - BasePage -INFO -找到页面元素--('name', 'subject')
2019-02-27 09:15:39,825 - BasePage -INFO -输入内容：新帖1
2019-02-27 09:15:39,840 - BasePage -INFO -发现frame
2019-02-27 09:15:39,868 - BasePage -INFO -找到页面元素--('css selector', 'body')
2019-02-27 09:15:39,926 - BasePage -INFO -输入内容：新帖的内容
2019-02-27 09:15:45,107 - BasePage -ERROR -<pageobjects.discuz01.OneDiscuz object at 0x000001CCCAD69240>页面中没有找到('class name', 'div div div div button')元素
2019-02-27 09:15:45,108 - BrowserEngine -INFO -Now Close and quit the browser.
