2019-02-27 09:45:02,568 - BrowserEngine -INFO -You had select Chrome browser.
2019-02-27 09:45:02,568 - BrowserEngine -INFO -The text url is http://127.0.0.1/forum.php.
2019-02-27 09:45:05,903 - BrowserEngine -INFO -Starting Chrome browser.
2019-02-27 09:45:06,287 - BrowserEngine -INFO -Open url: http://127.0.0.1/forum.php.
2019-02-27 09:45:07,404 - BrowserEngine -INFO -Maximize the current window
2019-02-27 09:45:07,407 - BrowserEngine -INFO -Set implicitly wait 10 seconds.
2019-02-27 09:45:07,460 - BasePage -INFO -找到页面元素--('id', 'ls_username')
2019-02-27 09:45:07,524 - BasePage -INFO -输入内容：123456
2019-02-27 09:45:07,599 - BasePage -INFO -找到页面元素--('id', 'ls_password')
2019-02-27 09:45:07,656 - BasePage -INFO -输入内容：123456
2019-02-27 09:45:07,684 - BasePage -INFO -找到页面元素--('css selector', 'tbody tr:nth-child(2) td:nth-child(3) button')
2019-02-27 09:45:07,733 - BasePage -INFO -点击按钮:('css selector', 'tbody tr:nth-child(2) td:nth-child(3) button')
2019-02-27 09:45:07,737 - BasePage -INFO -激活当前窗口成功
2019-02-27 09:45:10,775 - BasePage -INFO -找到页面元素--('xpath', '//*[@id="category_1"]/table/tbody/tr[1]/td[2]/h2/a')
2019-02-27 09:45:11,100 - BasePage -INFO -点击按钮:('xpath', '//*[@id="category_1"]/table/tbody/tr[1]/td[2]/h2/a')
2019-02-27 09:45:11,178 - BasePage -INFO -找到页面元素--('id', 'newspecial')
2019-02-27 09:45:11,618 - BasePage -INFO -点击按钮:('id', 'newspecial')
2019-02-27 09:45:11,661 - BasePage -INFO -找到页面元素--('name', 'subject')
2019-02-27 09:45:11,738 - BasePage -INFO -输入内容：新帖1
2019-02-27 09:45:11,751 - BasePage -INFO -发现frame
2019-02-27 09:45:11,781 - BasePage -INFO -找到页面元素--('css selector', 'body')
2019-02-27 09:45:11,838 - BasePage -INFO -输入内容：新帖的内容
2019-02-27 09:45:11,842 - BasePage -INFO -激活当前窗口成功
2019-02-27 09:45:11,870 - BasePage -INFO -找到页面元素--('id', 'postsubmit')
2019-02-27 09:45:11,997 - BasePage -INFO -点击按钮:('id', 'postsubmit')
2019-02-27 09:45:12,003 - BasePage -INFO -激活当前窗口成功
2019-02-27 09:45:12,896 - BasePage -INFO -找到页面元素--('id', 'fastpostmessage')
2019-02-27 09:45:13,042 - BasePage -INFO -输入内容：回复内容
2019-02-27 09:45:13,096 - BasePage -INFO -找到页面元素--('id', 'fastpostsubmit')
2019-02-27 09:45:13,217 - BasePage -INFO -点击按钮:('id', 'fastpostsubmit')
2019-02-27 09:45:13,224 - BasePage -INFO -激活当前窗口成功
2019-02-27 09:45:20,268 - BasePage -ERROR -<pageobjects.discuz01.OneDiscuz object at 0x00000257EED27240>页面中没有找到('css selector', 'um > p:nth-child(2) > a:nth-child(12)')元素
2019-02-27 09:45:20,268 - BasePage -ERROR -点击按钮失败
2019-02-27 09:45:20,270 - BrowserEngine -INFO -Now Close and quit the browser.
