2019-03-01 09:00:31,980 - BrowserEngine -INFO -You had select Chrome browser.
2019-03-01 09:00:31,980 - BrowserEngine -INFO -The text url is http://127.0.0.1/forum.php.
2019-03-01 09:00:35,247 - BrowserEngine -INFO -Starting Chrome browser.
2019-03-01 09:00:35,770 - BrowserEngine -INFO -Open url: http://127.0.0.1/forum.php.
2019-03-01 09:00:36,920 - BrowserEngine -INFO -Maximize the current window
2019-03-01 09:00:36,920 - BrowserEngine -INFO -Set implicitly wait 10 seconds.
2019-03-01 09:00:36,983 - BasePage -INFO -找到页面元素--('id', 'ls_username')
2019-03-01 09:00:37,054 - BasePage -INFO -输入内容：123456
2019-03-01 09:00:37,082 - BasePage -INFO -找到页面元素--('id', 'ls_password')
2019-03-01 09:00:37,133 - BasePage -INFO -输入内容：123456
2019-03-01 09:00:37,165 - BasePage -INFO -找到页面元素--('css selector', 'tbody tr:nth-child(2) td:nth-child(3) button')
2019-03-01 09:00:37,212 - BasePage -INFO -点击按钮:('css selector', 'tbody tr:nth-child(2) td:nth-child(3) button')
2019-03-01 09:00:37,220 - BasePage -INFO -激活当前窗口成功
2019-03-01 09:00:37,656 - BasePage -INFO -找到页面元素--('css selector', '#um > p:nth-child(2) > strong > a')
2019-03-01 09:00:37,680 - BasePage -INFO -获取<selenium.webdriver.remote.webelement.WebElement (session="55b7f4e4ae7bced7f2446ee8ac1e379b", element="0.3463799659451219-1")>元素text成功。
2019-03-01 09:00:40,747 - BasePage -INFO -找到页面元素--('xpath', '//*[@id="category_1"]/table/tbody/tr[1]/td[2]/h2/a')
2019-03-01 09:00:40,778 - BasePage -INFO -获取<selenium.webdriver.remote.webelement.WebElement (session="55b7f4e4ae7bced7f2446ee8ac1e379b", element="0.3463799659451219-2")>元素text成功。
2019-03-01 09:00:40,794 - BasePage -INFO -找到页面元素--('xpath', '//*[@id="category_1"]/table/tbody/tr[1]/td[2]/h2/a')
2019-03-01 09:00:41,120 - BasePage -INFO -点击按钮:('xpath', '//*[@id="category_1"]/table/tbody/tr[1]/td[2]/h2/a')
2019-03-01 09:00:41,124 - BasePage -INFO -激活当前窗口成功
2019-03-01 09:00:41,184 - BasePage -INFO -找到页面元素--('css selector', '#ct > div > div.bm.bml.pbn > div > h1 > a')
2019-03-01 09:00:41,212 - BasePage -INFO -获取<selenium.webdriver.remote.webelement.WebElement (session="55b7f4e4ae7bced7f2446ee8ac1e379b", element="0.7862420330272482-1")>元素text成功。
2019-03-01 09:00:41,224 - BasePage -INFO -找到页面元素--('id', 'newspecial')
2019-03-01 09:00:41,263 - BasePage -INFO -悬停成功
2019-03-01 09:00:41,295 - BasePage -INFO -找到页面元素--('css selector', '#newspecial_menu > li:nth-child(1) > a')
2019-03-01 09:00:41,659 - BasePage -INFO -点击按钮:('css selector', '#newspecial_menu > li:nth-child(1) > a')
2019-03-01 09:00:41,691 - BasePage -INFO -找到页面元素--('name', 'subject')
2019-03-01 09:00:41,759 - BasePage -INFO -输入内容：新帖1
2019-03-01 09:00:41,775 - BasePage -INFO -找到页面元素--('name', 'subject')
2019-03-01 09:00:41,795 - BasePage -INFO -获取<selenium.webdriver.remote.webelement.WebElement (session="55b7f4e4ae7bced7f2446ee8ac1e379b", element="0.164635366364829-1")>元素text成功。
2019-03-01 09:00:41,807 - BasePage -INFO -发现frame
2019-03-01 09:00:41,831 - BasePage -INFO -找到页面元素--('css selector', 'body')
2019-03-01 09:00:41,899 - BasePage -INFO -输入内容：新帖的内容
2019-03-01 09:00:41,899 - BasePage -INFO -激活当前窗口成功
2019-03-01 09:00:41,939 - BasePage -INFO -找到页面元素--('id', 'postsubmit')
2019-03-01 09:00:42,079 - BasePage -INFO -点击按钮:('id', 'postsubmit')
2019-03-01 09:00:42,087 - BasePage -INFO -激活当前窗口成功
2019-03-01 09:00:42,979 - BasePage -INFO -找到页面元素--('id', 'thread_subject')
2019-03-01 09:00:43,018 - BasePage -INFO -获取<selenium.webdriver.remote.webelement.WebElement (session="55b7f4e4ae7bced7f2446ee8ac1e379b", element="0.034004808553746546-1")>元素text成功。
2019-03-01 09:00:43,018 - BrowserEngine -INFO -Now Close and quit the browser.
