2019-02-27 11:17:32,769 - BrowserEngine -INFO -You had select Chrome browser.
2019-02-27 11:17:32,770 - BrowserEngine -INFO -The text url is http://127.0.0.1/forum.php.
2019-02-27 11:17:36,006 - BrowserEngine -INFO -Starting Chrome browser.
2019-02-27 11:17:36,387 - BrowserEngine -INFO -Open url: http://127.0.0.1/forum.php.
2019-02-27 11:17:37,503 - BrowserEngine -INFO -Maximize the current window
2019-02-27 11:17:37,504 - BrowserEngine -INFO -Set implicitly wait 10 seconds.
2019-02-27 11:17:37,534 - BasePage -INFO -找到页面元素--('id', 'ls_username')
2019-02-27 11:17:37,597 - BasePage -INFO -输入内容：admin
2019-02-27 11:17:37,627 - BasePage -INFO -找到页面元素--('id', 'ls_password')
2019-02-27 11:17:37,678 - BasePage -INFO -输入内容：admin
2019-02-27 11:17:37,707 - BasePage -INFO -找到页面元素--('css selector', 'tbody tr:nth-child(2) td:nth-child(3) button')
2019-02-27 11:17:37,761 - BasePage -INFO -点击按钮:('css selector', 'tbody tr:nth-child(2) td:nth-child(3) button')
2019-02-27 11:17:37,766 - BasePage -INFO -激活当前窗口成功
2019-02-27 11:17:40,797 - BasePage -INFO -找到页面元素--('xpath', '//*[@id="category_1"]/table/tbody/tr[1]/td[2]/h2/a')
2019-02-27 11:17:41,096 - BasePage -INFO -点击按钮:('xpath', '//*[@id="category_1"]/table/tbody/tr[1]/td[2]/h2/a')
2019-02-27 11:17:41,103 - BasePage -INFO -激活当前窗口成功
2019-02-27 11:17:44,132 - BasePage -INFO -找到页面元素--('name', 'moderate[]')
2019-02-27 11:17:44,183 - BasePage -INFO -点击按钮:('name', 'moderate[]')
2019-02-27 11:17:44,230 - BasePage -INFO -找到页面元素--('css selector', '#mdly > p:nth-child(6) > strong:nth-child(1) > a')
2019-02-27 11:17:44,493 - BasePage -INFO -点击按钮:('css selector', '#mdly > p:nth-child(6) > strong:nth-child(1) > a')
2019-02-27 11:17:44,550 - BasePage -INFO -找到页面元素--('name', 'modsubmit')
2019-02-27 11:17:45,086 - BasePage -INFO -点击按钮:('name', 'modsubmit')
2019-02-27 11:17:45,109 - BasePage -INFO -激活当前窗口成功
2019-02-27 11:17:45,226 - BasePage -INFO -找到页面元素--('xpath', '//*[@id="um"]/p[1]/a[6]')
2019-02-27 11:17:45,317 - BasePage -INFO -点击按钮:('xpath', '//*[@id="um"]/p[1]/a[6]')
2019-02-27 11:17:45,340 - BasePage -INFO -激活当前窗口成功
2019-02-27 11:17:52,447 - BasePage -ERROR -<pageobjects.discuz02.TwoDiscuz object at 0x000002AB2ED29B38>页面中没有找到('id', 'header_forum')元素
2019-02-27 11:17:52,447 - BasePage -ERROR -点击按钮失败:('id', 'header_forum')
2019-02-27 11:17:59,540 - BasePage -ERROR -<pageobjects.discuz02.TwoDiscuz object at 0x000002AB2ED29B38>页面中没有找到('css selector', 'menu_forum > li:nth-child(1) > a')元素
2019-02-27 11:17:59,541 - BasePage -ERROR -点击按钮失败:('css selector', 'menu_forum > li:nth-child(1) > a')
2019-02-27 11:17:59,600 - BasePage -INFO -激活当前窗口成功
2019-02-27 11:18:06,751 - BasePage -ERROR -<pageobjects.discuz02.TwoDiscuz object at 0x000002AB2ED29B38>页面中没有找到('css selector', 'cpform > table > tbody:nth-child(3) > tr > td:nth-child(2) > div > a')元素
2019-02-27 11:18:06,751 - BasePage -ERROR -点击按钮失败:('css selector', 'cpform > table > tbody:nth-child(3) > tr > td:nth-child(2) > div > a')
2019-02-27 11:18:13,833 - BasePage -ERROR -<pageobjects.discuz02.TwoDiscuz object at 0x000002AB2ED29B38>页面中没有找到('id', 'submit_editsubmit')元素
2019-02-27 11:18:13,834 - BasePage -ERROR -点击按钮失败:('id', 'submit_editsubmit')
2019-02-27 11:18:20,927 - BasePage -ERROR -<pageobjects.discuz02.TwoDiscuz object at 0x000002AB2ED29B38>页面中没有找到('css selector', 'frameuinfo > p.btnlink > a')元素
2019-02-27 11:18:20,927 - BasePage -ERROR -点击按钮失败:('css selector', 'frameuinfo > p.btnlink > a')
2019-02-27 11:18:20,953 - BasePage -INFO -激活当前窗口成功
2019-02-27 11:18:20,960 - BasePage -INFO -激活当前窗口成功
2019-02-27 11:18:28,063 - BasePage -ERROR -<pageobjects.discuz01.OneDiscuz object at 0x000002AB2ED296D8>页面中没有找到('css selector', 'um > p:nth-child(2) > a:nth-child(12)')元素
2019-02-27 11:18:28,063 - BasePage -ERROR -点击按钮失败:('css selector', 'um > p:nth-child(2) > a:nth-child(12)')
2019-02-27 11:18:35,141 - BasePage -ERROR -<pageobjects.discuz01.OneDiscuz object at 0x000002AB2ED296D8>页面中没有找到('id', 'ls_username')元素
2019-02-27 11:18:35,142 - BasePage -ERROR -failed输入内容：'NoneType' object has no attribute 'send_keys'
2019-02-27 11:18:42,204 - BasePage -ERROR -<pageobjects.discuz01.OneDiscuz object at 0x000002AB2ED296D8>页面中没有找到('id', 'ls_password')元素
2019-02-27 11:18:42,204 - BasePage -ERROR -failed输入内容：'NoneType' object has no attribute 'send_keys'
2019-02-27 11:18:49,307 - BasePage -ERROR -<pageobjects.discuz01.OneDiscuz object at 0x000002AB2ED296D8>页面中没有找到('css selector', 'tbody tr:nth-child(2) td:nth-child(3) button')元素
2019-02-27 11:18:49,307 - BasePage -ERROR -点击按钮失败:('css selector', 'tbody tr:nth-child(2) td:nth-child(3) button')
2019-02-27 11:18:49,310 - BrowserEngine -INFO -Now Close and quit the browser.
