2019-02-27 11:34:28,055 - BrowserEngine -INFO -You had select Chrome browser.
2019-02-27 11:34:28,055 - BrowserEngine -INFO -The text url is http://127.0.0.1/forum.php.
2019-02-27 11:34:31,265 - BrowserEngine -INFO -Starting Chrome browser.
2019-02-27 11:34:31,791 - BrowserEngine -INFO -Open url: http://127.0.0.1/forum.php.
2019-02-27 11:34:32,904 - BrowserEngine -INFO -Maximize the current window
2019-02-27 11:34:32,906 - BrowserEngine -INFO -Set implicitly wait 10 seconds.
2019-02-27 11:34:32,946 - BasePage -INFO -找到页面元素--('id', 'ls_username')
2019-02-27 11:34:33,019 - BasePage -INFO -输入内容：admin
2019-02-27 11:34:33,053 - BasePage -INFO -找到页面元素--('id', 'ls_password')
2019-02-27 11:34:33,107 - BasePage -INFO -输入内容：admin
2019-02-27 11:34:33,147 - BasePage -INFO -找到页面元素--('css selector', 'tbody tr:nth-child(2) td:nth-child(3) button')
2019-02-27 11:34:33,205 - BasePage -INFO -点击按钮:('css selector', 'tbody tr:nth-child(2) td:nth-child(3) button')
2019-02-27 11:34:33,211 - BasePage -INFO -激活当前窗口成功
2019-02-27 11:34:36,239 - BasePage -INFO -找到页面元素--('xpath', '//*[@id="category_1"]/table/tbody/tr[1]/td[2]/h2/a')
2019-02-27 11:34:36,552 - BasePage -INFO -点击按钮:('xpath', '//*[@id="category_1"]/table/tbody/tr[1]/td[2]/h2/a')
2019-02-27 11:34:36,557 - BasePage -INFO -激活当前窗口成功
2019-02-27 11:34:39,619 - BasePage -INFO -找到页面元素--('name', 'moderate[]')
2019-02-27 11:34:39,667 - BasePage -INFO -点击按钮:('name', 'moderate[]')
2019-02-27 11:34:39,702 - BasePage -INFO -找到页面元素--('css selector', '#mdly > p:nth-child(6) > strong:nth-child(1) > a')
2019-02-27 11:34:39,859 - BasePage -INFO -点击按钮:('css selector', '#mdly > p:nth-child(6) > strong:nth-child(1) > a')
2019-02-27 11:34:39,905 - BasePage -INFO -找到页面元素--('name', 'modsubmit')
2019-02-27 11:34:40,327 - BasePage -INFO -点击按钮:('name', 'modsubmit')
2019-02-27 11:34:40,332 - BasePage -INFO -激活当前窗口成功
2019-02-27 11:34:40,385 - BasePage -INFO -找到页面元素--('xpath', '//*[@id="um"]/p[1]/a[6]')
2019-02-27 11:34:40,483 - BasePage -INFO -点击按钮:('xpath', '//*[@id="um"]/p[1]/a[6]')
2019-02-27 11:34:40,490 - BasePage -INFO -激活第1个窗口成功
2019-02-27 11:34:40,502 - BasePage -INFO -激活当前窗口成功
2019-02-27 11:34:41,570 - BasePage -INFO -找到页面元素--('id', 'header_forum')
2019-02-27 11:34:41,619 - BasePage -INFO -点击按钮:('id', 'header_forum')
2019-02-27 11:34:41,623 - BasePage -INFO -激活当前窗口成功
2019-02-27 11:34:48,687 - BasePage -ERROR -<pageobjects.discuz02.TwoDiscuz object at 0x0000021AAB557588>页面中没有找到('css selector', 'cpform > table > tbody:nth-child(3) > tr > td:nth-child(2) > div > a')元素
2019-02-27 11:34:48,687 - BasePage -ERROR -点击按钮失败:('css selector', 'cpform > table > tbody:nth-child(3) > tr > td:nth-child(2) > div > a')
2019-02-27 11:34:55,775 - BasePage -ERROR -<pageobjects.discuz02.TwoDiscuz object at 0x0000021AAB557588>页面中没有找到('id', 'submit_editsubmit')元素
2019-02-27 11:34:55,775 - BasePage -ERROR -点击按钮失败:('id', 'submit_editsubmit')
2019-02-27 11:35:02,860 - BasePage -ERROR -<pageobjects.discuz02.TwoDiscuz object at 0x0000021AAB557588>页面中没有找到('css selector', 'frameuinfo > p.btnlink > a')元素
2019-02-27 11:35:02,861 - BasePage -ERROR -点击按钮失败:('css selector', 'frameuinfo > p.btnlink > a')
2019-02-27 11:35:02,874 - BasePage -INFO -激活当前窗口成功
2019-02-27 11:35:02,889 - BasePage -INFO -激活当前窗口成功
2019-02-27 11:35:09,914 - BasePage -ERROR -<pageobjects.discuz01.OneDiscuz object at 0x0000021AAB56A940>页面中没有找到('css selector', 'um > p:nth-child(2) > a:nth-child(12)')元素
2019-02-27 11:35:09,914 - BasePage -ERROR -点击按钮失败:('css selector', 'um > p:nth-child(2) > a:nth-child(12)')
2019-02-27 11:35:16,995 - BasePage -ERROR -<pageobjects.discuz01.OneDiscuz object at 0x0000021AAB56A940>页面中没有找到('id', 'ls_username')元素
2019-02-27 11:35:16,995 - BasePage -ERROR -failed输入内容：'NoneType' object has no attribute 'send_keys'
2019-02-27 11:35:24,104 - BasePage -ERROR -<pageobjects.discuz01.OneDiscuz object at 0x0000021AAB56A940>页面中没有找到('id', 'ls_password')元素
2019-02-27 11:35:24,104 - BasePage -ERROR -failed输入内容：'NoneType' object has no attribute 'send_keys'
2019-02-27 11:35:31,217 - BasePage -ERROR -<pageobjects.discuz01.OneDiscuz object at 0x0000021AAB56A940>页面中没有找到('css selector', 'tbody tr:nth-child(2) td:nth-child(3) button')元素
2019-02-27 11:35:31,217 - BasePage -ERROR -点击按钮失败:('css selector', 'tbody tr:nth-child(2) td:nth-child(3) button')
2019-02-27 11:35:31,222 - BrowserEngine -INFO -Now Close and quit the browser.
