2019-02-28 09:00:38,538 - BrowserEngine -INFO -You had select Chrome browser.
2019-02-28 09:00:38,538 - BrowserEngine -INFO -The text url is http://127.0.0.1/forum.php.
2019-02-28 09:00:41,790 - BrowserEngine -INFO -Starting Chrome browser.
2019-02-28 09:00:42,173 - BrowserEngine -INFO -Open url: http://127.0.0.1/forum.php.
2019-02-28 09:00:43,346 - BrowserEngine -INFO -Maximize the current window
2019-02-28 09:00:43,346 - BrowserEngine -INFO -Set implicitly wait 10 seconds.
2019-02-28 09:00:43,393 - BasePage -INFO -找到页面元素--('id', 'ls_username')
2019-02-28 09:00:43,479 - BasePage -INFO -输入内容：123456
2019-02-28 09:00:43,507 - BasePage -INFO -找到页面元素--('id', 'ls_password')
2019-02-28 09:00:43,563 - BasePage -INFO -输入内容：123456
2019-02-28 09:00:43,591 - BasePage -INFO -找到页面元素--('css selector', 'tbody tr:nth-child(2) td:nth-child(3) button')
2019-02-28 09:00:43,645 - BasePage -INFO -点击按钮:('css selector', 'tbody tr:nth-child(2) td:nth-child(3) button')
2019-02-28 09:00:43,653 - BasePage -INFO -激活当前窗口成功
2019-02-28 09:00:46,721 - BasePage -INFO -找到页面元素--('xpath', '//*[@id="category_1"]/table/tbody/tr[1]/td[2]/h2/a')
2019-02-28 09:00:47,033 - BasePage -INFO -点击按钮:('xpath', '//*[@id="category_1"]/table/tbody/tr[1]/td[2]/h2/a')
2019-02-28 09:00:47,081 - BasePage -INFO -找到页面元素--('id', 'newspecial')
2019-02-28 09:00:47,456 - BasePage -INFO -点击按钮:('id', 'newspecial')
2019-02-28 09:00:47,488 - BasePage -INFO -找到页面元素--('name', 'subject')
2019-02-28 09:00:47,569 - BasePage -INFO -输入内容：新帖1
2019-02-28 09:00:47,581 - BasePage -INFO -发现frame
2019-02-28 09:00:47,609 - BasePage -INFO -找到页面元素--('css selector', 'body')
2019-02-28 09:00:47,665 - BasePage -INFO -输入内容：新帖的内容
2019-02-28 09:00:47,669 - BasePage -INFO -激活当前窗口成功
2019-02-28 09:00:47,713 - BasePage -INFO -找到页面元素--('id', 'postsubmit')
2019-02-28 09:00:47,853 - BasePage -INFO -点击按钮:('id', 'postsubmit')
2019-02-28 09:01:03,866 - BasePage -INFO -激活当前窗口成功
2019-02-28 09:01:03,944 - BasePage -INFO -找到页面元素--('id', 'fastpostmessage')
2019-02-28 09:01:04,012 - BasePage -INFO -输入内容：回复新帖1内容....
2019-02-28 09:01:04,064 - BasePage -INFO -找到页面元素--('id', 'fastpostsubmit')
2019-02-28 09:01:04,309 - BasePage -INFO -点击按钮:('id', 'fastpostsubmit')
2019-02-28 09:01:04,313 - BasePage -INFO -激活当前窗口成功
2019-02-28 09:01:11,417 - BasePage -ERROR -<pageobjects.discuz01.OneDiscuz object at 0x000001D4A4B150F0>页面中没有找到('css selector', 'um > p:nth-child(2) > a:nth-child(13)')元素
2019-02-28 09:01:11,417 - BasePage -ERROR -点击按钮失败:('css selector', 'um > p:nth-child(2) > a:nth-child(13)')
2019-02-28 09:01:11,417 - BrowserEngine -INFO -Now Close and quit the browser.
