2019-02-28 10:34:01,849 - BrowserEngine -INFO -You had select Chrome browser.
2019-02-28 10:34:01,849 - BrowserEngine -INFO -The text url is http://127.0.0.1/forum.php.
2019-02-28 10:34:05,100 - BrowserEngine -INFO -Starting Chrome browser.
2019-02-28 10:34:05,540 - BrowserEngine -INFO -Open url: http://127.0.0.1/forum.php.
2019-02-28 10:34:06,660 - BrowserEngine -INFO -Maximize the current window
2019-02-28 10:34:06,660 - BrowserEngine -INFO -Set implicitly wait 10 seconds.
2019-02-28 10:34:06,692 - BasePage -INFO -找到页面元素--('id', 'ls_username')
2019-02-28 10:34:06,760 - BasePage -INFO -输入内容：123456
2019-02-28 10:34:06,788 - BasePage -INFO -找到页面元素--('id', 'ls_password')
2019-02-28 10:34:06,844 - BasePage -INFO -输入内容：123456
2019-02-28 10:34:06,872 - BasePage -INFO -找到页面元素--('css selector', 'tbody tr:nth-child(2) td:nth-child(3) button')
2019-02-28 10:34:06,916 - BasePage -INFO -点击按钮:('css selector', 'tbody tr:nth-child(2) td:nth-child(3) button')
2019-02-28 10:34:06,920 - BasePage -INFO -激活当前窗口成功
2019-02-28 10:34:09,949 - BasePage -INFO -找到页面元素--('xpath', '//*[@id="category_1"]/table/tbody/tr[1]/td[2]/h2/a')
2019-02-28 10:34:10,253 - BasePage -INFO -点击按钮:('xpath', '//*[@id="category_1"]/table/tbody/tr[1]/td[2]/h2/a')
2019-02-28 10:34:10,369 - BasePage -INFO -找到页面元素--('id', 'newspecial')
2019-02-28 10:34:10,741 - BasePage -INFO -点击按钮:('id', 'newspecial')
2019-02-28 10:34:10,777 - BasePage -INFO -找到页面元素--('name', 'subject')
2019-02-28 10:34:10,849 - BasePage -INFO -输入内容：新帖1
2019-02-28 10:34:10,861 - BasePage -INFO -发现frame
2019-02-28 10:34:10,885 - BasePage -INFO -找到页面元素--('css selector', 'body')
2019-02-28 10:34:10,941 - BasePage -INFO -输入内容：新帖的内容
2019-02-28 10:34:10,945 - BasePage -INFO -激活当前窗口成功
2019-02-28 10:34:10,969 - BasePage -INFO -找到页面元素--('id', 'postsubmit')
2019-02-28 10:34:11,081 - BasePage -INFO -点击按钮:('id', 'postsubmit')
2019-02-28 10:34:27,089 - BasePage -INFO -激活当前窗口成功
2019-02-28 10:34:27,185 - BasePage -INFO -找到页面元素--('id', 'fastpostmessage')
2019-02-28 10:34:27,261 - BasePage -INFO -输入内容：回复新帖1内容....
2019-02-28 10:34:27,297 - BasePage -INFO -找到页面元素--('id', 'fastpostsubmit')
2019-02-28 10:34:27,529 - BasePage -INFO -点击按钮:('id', 'fastpostsubmit')
2019-02-28 10:34:34,613 - BasePage -ERROR -<pageobjects.discuz01.OneDiscuz object at 0x000001461A8B3208>页面中没有找到('css selector', '#um > p:nth-child(2) > a:nth-child(13)')元素
2019-02-28 10:34:34,893 - BasePage -INFO -获得截图并保存到：/screenshorts中
2019-02-28 10:34:34,893 - BasePage -ERROR -点击按钮失败:('css selector', '#um > p:nth-child(2) > a:nth-child(13)')
2019-02-28 10:34:35,205 - BasePage -INFO -获得截图并保存到：/screenshorts中
2019-02-28 10:34:35,209 - BrowserEngine -INFO -Now Close and quit the browser.
2019-02-28 10:34:37,293 - BrowserEngine -INFO -You had select Chrome browser.
2019-02-28 10:34:37,293 - BrowserEngine -INFO -The text url is http://127.0.0.1/forum.php.
2019-02-28 10:34:40,569 - BrowserEngine -INFO -Starting Chrome browser.
2019-02-28 10:34:40,981 - BrowserEngine -INFO -Open url: http://127.0.0.1/forum.php.
2019-02-28 10:34:42,101 - BrowserEngine -INFO -Maximize the current window
2019-02-28 10:34:42,101 - BrowserEngine -INFO -Set implicitly wait 10 seconds.
2019-02-28 10:34:42,129 - BasePage -INFO -找到页面元素--('id', 'ls_username')
2019-02-28 10:34:42,189 - BasePage -INFO -输入内容：admin
2019-02-28 10:34:42,221 - BasePage -INFO -找到页面元素--('id', 'ls_password')
2019-02-28 10:34:42,269 - BasePage -INFO -输入内容：admin
2019-02-28 10:34:42,297 - BasePage -INFO -找到页面元素--('css selector', 'tbody tr:nth-child(2) td:nth-child(3) button')
2019-02-28 10:34:42,353 - BasePage -INFO -点击按钮:('css selector', 'tbody tr:nth-child(2) td:nth-child(3) button')
2019-02-28 10:34:42,357 - BasePage -INFO -激活当前窗口成功
2019-02-28 10:34:45,409 - BasePage -INFO -找到页面元素--('xpath', '//*[@id="category_1"]/table/tbody/tr[1]/td[2]/h2/a')
2019-02-28 10:34:45,769 - BasePage -INFO -点击按钮:('xpath', '//*[@id="category_1"]/table/tbody/tr[1]/td[2]/h2/a')
2019-02-28 10:34:45,773 - BasePage -INFO -激活当前窗口成功
2019-02-28 10:34:48,833 - BasePage -INFO -找到页面元素--('name', 'moderate[]')
2019-02-28 10:34:48,917 - BasePage -INFO -点击按钮:('name', 'moderate[]')
2019-02-28 10:34:48,953 - BasePage -INFO -找到页面元素--('css selector', '#mdly > p:nth-child(6) > strong:nth-child(1) > a')
2019-02-28 10:34:49,105 - BasePage -INFO -点击按钮:('css selector', '#mdly > p:nth-child(6) > strong:nth-child(1) > a')
2019-02-28 10:34:49,153 - BasePage -INFO -找到页面元素--('name', 'modsubmit')
2019-02-28 10:34:49,513 - BasePage -INFO -点击按钮:('name', 'modsubmit')
2019-02-28 10:34:49,521 - BasePage -INFO -激活当前窗口成功
2019-02-28 10:34:49,557 - BasePage -INFO -找到页面元素--('xpath', '//*[@id="um"]/p[1]/a[6]')
2019-02-28 10:34:49,661 - BasePage -INFO -点击按钮:('xpath', '//*[@id="um"]/p[1]/a[6]')
2019-02-28 10:34:49,665 - BasePage -INFO -激活第1个窗口成功
2019-02-28 10:34:50,713 - BasePage -INFO -找到页面元素--('name', 'admin_password')
2019-02-28 10:34:50,765 - BasePage -INFO -输入内容：admin
2019-02-28 10:34:50,793 - BasePage -INFO -找到页面元素--('name', 'submit')
2019-02-28 10:35:12,579 - BasePage -INFO -点击按钮:('name', 'submit')
2019-02-28 10:35:12,595 - BasePage -INFO -激活当前窗口成功
2019-02-28 10:35:12,699 - BasePage -INFO -找到页面元素--('id', 'header_forum')
2019-02-28 10:35:12,967 - BasePage -INFO -点击按钮:('id', 'header_forum')
2019-02-28 10:35:12,971 - BasePage -INFO -激活当前窗口成功
2019-02-28 10:35:12,983 - BasePage -INFO -发现frame
2019-02-28 10:35:13,015 - BasePage -INFO -找到页面元素--('css selector', '#cpform > table > tbody:nth-child(3) > tr > td:nth-child(2) > div > a')
2019-02-28 10:35:13,119 - BasePage -INFO -点击按钮:('css selector', '#cpform > table > tbody:nth-child(3) > tr > td:nth-child(2) > div > a')
2019-02-28 10:35:13,151 - BasePage -INFO -找到页面元素--('id', 'submit_editsubmit')
2019-02-28 10:35:13,351 - BasePage -INFO -点击按钮:('id', 'submit_editsubmit')
2019-02-28 10:35:13,355 - BasePage -INFO -激活当前窗口成功
2019-02-28 10:35:13,383 - BasePage -INFO -找到页面元素--('css selector', '#frameuinfo> p:nth-child(1) > a')
2019-02-28 10:35:13,707 - BasePage -INFO -点击按钮:('css selector', '#frameuinfo> p:nth-child(1) > a')
2019-02-28 10:35:13,711 - BasePage -INFO -激活当前窗口成功
2019-02-28 10:35:13,739 - BasePage -INFO -找到页面元素--('css selector', '#um > p:nth-child(2) > a:nth-child(18)')
2019-02-28 10:35:13,931 - BasePage -INFO -点击按钮:('css selector', '#um > p:nth-child(2) > a:nth-child(18)')
2019-02-28 10:35:16,119 - BasePage -INFO -找到页面元素--('id', 'ls_username')
2019-02-28 10:35:16,187 - BasePage -INFO -输入内容：123456
2019-02-28 10:35:16,223 - BasePage -INFO -找到页面元素--('id', 'ls_password')
2019-02-28 10:35:16,287 - BasePage -INFO -输入内容：123456
2019-02-28 10:35:16,319 - BasePage -INFO -找到页面元素--('css selector', 'tbody tr:nth-child(2) td:nth-child(3) button')
2019-02-28 10:35:16,367 - BasePage -INFO -点击按钮:('css selector', 'tbody tr:nth-child(2) td:nth-child(3) button')
2019-02-28 10:35:19,387 - BasePage -INFO -激活当前窗口成功
2019-02-28 10:35:19,447 - BasePage -INFO -找到页面元素--('css selector', '#category_1 > table > tbody > tr:nth-child(1) > td:nth-child(2) > h2 > a')
2019-02-28 10:35:19,659 - BasePage -INFO -点击按钮:('css selector', '#category_1 > table > tbody > tr:nth-child(1) > td:nth-child(2) > h2 > a')
2019-02-28 10:35:19,699 - BasePage -INFO -找到页面元素--('id', 'newspecial')
2019-02-28 10:35:20,035 - BasePage -INFO -点击按钮:('id', 'newspecial')
2019-02-28 10:35:20,063 - BasePage -INFO -找到页面元素--('name', 'subject')
2019-02-28 10:35:20,127 - BasePage -INFO -输入内容：新帖2
2019-02-28 10:35:20,139 - BasePage -INFO -发现frame
2019-02-28 10:35:20,167 - BasePage -INFO -找到页面元素--('css selector', 'body')
2019-02-28 10:35:20,223 - BasePage -INFO -输入内容：新帖2的内容
2019-02-28 10:35:20,227 - BasePage -INFO -激活当前窗口成功
2019-02-28 10:35:20,251 - BasePage -INFO -找到页面元素--('id', 'postsubmit')
2019-02-28 10:35:20,363 - BasePage -INFO -点击按钮:('id', 'postsubmit')
2019-02-28 10:35:20,371 - BasePage -INFO -激活当前窗口成功
2019-02-28 10:35:21,407 - BasePage -INFO -找到页面元素--('id', 'fastpostmessage')
2019-02-28 10:35:21,607 - BasePage -INFO -输入内容：新帖2的回复内容
2019-02-28 10:35:21,639 - BasePage -INFO -找到页面元素--('id', 'fastpostsubmit')
2019-02-28 10:35:21,847 - BasePage -INFO -点击按钮:('id', 'fastpostsubmit')
2019-02-28 10:35:21,847 - BrowserEngine -INFO -Now Close and quit the browser.
2019-02-28 10:35:23,935 - BrowserEngine -INFO -You had select Chrome browser.
2019-02-28 10:35:23,935 - BrowserEngine -INFO -The text url is http://127.0.0.1/forum.php.
2019-02-28 10:35:27,177 - BrowserEngine -INFO -Starting Chrome browser.
2019-02-28 10:35:27,557 - BrowserEngine -INFO -Open url: http://127.0.0.1/forum.php.
2019-02-28 10:35:28,685 - BrowserEngine -INFO -Maximize the current window
2019-02-28 10:35:28,685 - BrowserEngine -INFO -Set implicitly wait 10 seconds.
2019-02-28 10:35:28,713 - BasePage -INFO -找到页面元素--('id', 'ls_username')
2019-02-28 10:35:28,777 - BasePage -INFO -输入内容：123456
2019-02-28 10:35:28,809 - BasePage -INFO -找到页面元素--('id', 'ls_password')
2019-02-28 10:35:28,861 - BasePage -INFO -输入内容：123456
2019-02-28 10:35:28,893 - BasePage -INFO -找到页面元素--('css selector', 'tbody tr:nth-child(2) td:nth-child(3) button')
2019-02-28 10:35:28,941 - BasePage -INFO -点击按钮:('css selector', 'tbody tr:nth-child(2) td:nth-child(3) button')
2019-02-28 10:35:32,972 - BasePage -INFO -找到页面元素--('css selector', '#scbar_txt')
2019-02-28 10:35:33,040 - BasePage -INFO -输入内容：haotest
2019-02-28 10:35:33,064 - BasePage -INFO -找到页面元素--('id', 'scbar_btn')
2019-02-28 10:35:33,140 - BasePage -INFO -点击按钮:('id', 'scbar_btn')
2019-02-28 10:35:33,144 - BasePage -INFO -激活第1个窗口成功
2019-02-28 10:35:33,148 - BasePage -INFO -激活当前窗口成功
2019-02-28 10:35:34,196 - BasePage -INFO -找到页面元素--('css selector', 'h3 a')
2019-02-28 10:35:34,260 - BasePage -INFO -点击按钮:('css selector', 'h3 a')
2019-02-28 10:35:34,264 - BasePage -INFO -激活第2个窗口成功
2019-02-28 10:35:34,268 - BasePage -INFO -激活当前窗口成功
2019-02-28 10:35:35,324 - BasePage -INFO -找到页面元素--('id', 'thread_subject')
2019-02-28 10:35:35,348 - BasePage -INFO -获取<selenium.webdriver.remote.webelement.WebElement (session="66f9051feacceab899cc5f0768a29404", element="0.8252667094426649-1")>元素text成功。
2019-02-28 10:35:35,348 - BrowserEngine -INFO -Now Close and quit the browser.
2019-02-28 10:35:37,428 - BrowserEngine -INFO -You had select Chrome browser.
2019-02-28 10:35:37,428 - BrowserEngine -INFO -The text url is http://127.0.0.1/forum.php.
2019-02-28 10:35:40,664 - BrowserEngine -INFO -Starting Chrome browser.
2019-02-28 10:35:41,100 - BrowserEngine -INFO -Open url: http://127.0.0.1/forum.php.
2019-02-28 10:35:42,224 - BrowserEngine -INFO -Maximize the current window
2019-02-28 10:35:42,224 - BrowserEngine -INFO -Set implicitly wait 10 seconds.
2019-02-28 10:35:42,256 - BasePage -INFO -找到页面元素--('id', 'ls_username')
2019-02-28 10:35:42,328 - BasePage -INFO -输入内容：123456
2019-02-28 10:35:42,360 - BasePage -INFO -找到页面元素--('id', 'ls_password')
2019-02-28 10:35:42,420 - BasePage -INFO -输入内容：123456
2019-02-28 10:35:42,452 - BasePage -INFO -找到页面元素--('css selector', 'tbody tr:nth-child(2) td:nth-child(3) button')
2019-02-28 10:35:42,508 - BasePage -INFO -点击按钮:('css selector', 'tbody tr:nth-child(2) td:nth-child(3) button')
2019-02-28 10:35:42,516 - BasePage -INFO -激活当前窗口成功
2019-02-28 10:35:45,580 - BasePage -INFO -找到页面元素--('xpath', '//*[@id="category_1"]/table/tbody/tr[1]/td[2]/h2/a')
2019-02-28 10:35:45,896 - BasePage -INFO -点击按钮:('xpath', '//*[@id="category_1"]/table/tbody/tr[1]/td[2]/h2/a')
2019-02-28 10:35:46,000 - BasePage -INFO -找到页面元素--('id', 'newspecial')
2019-02-28 10:35:46,040 - BasePage -INFO -悬停成功
2019-02-28 10:35:51,264 - BasePage -ERROR -<pageobjects.discuz04.FourDiscuz object at 0x000001461A8B3438>页面中没有找到('css selector', '#newspecial_menu > li.poll > a')元素
2019-02-28 10:35:51,556 - BasePage -INFO -获得截图并保存到：/screenshorts中
2019-02-28 10:35:51,556 - BasePage -ERROR -点击按钮失败:('css selector', '#newspecial_menu > li.poll > a')
2019-02-28 10:35:51,832 - BasePage -INFO -获得截图并保存到：/screenshorts中
2019-02-28 10:35:51,836 - BasePage -INFO -激活当前窗口成功
2019-02-28 10:35:51,864 - BasePage -INFO -找到页面元素--('name', 'subject')
2019-02-28 10:35:51,908 - BasePage -INFO -输入内容：学习
2019-02-28 10:35:59,037 - BasePage -ERROR -<pageobjects.discuz04.FourDiscuz object at 0x000001461A8B3438>页面中没有找到('css selector', '#pollm_c_1 > p:nth-child(1) > input')元素
2019-02-28 10:35:59,368 - BasePage -INFO -获得截图并保存到：/screenshorts中
2019-02-28 10:35:59,368 - BasePage -ERROR -failed输入内容：'NoneType' object has no attribute 'send_keys'
2019-02-28 10:35:59,674 - BasePage -INFO -获得截图并保存到：/screenshorts中
2019-02-28 10:36:06,782 - BasePage -ERROR -<pageobjects.discuz04.FourDiscuz object at 0x000001461A8B3438>页面中没有找到('css selector', '#pollm_c_1 > p:nth-child(2) > input')元素
2019-02-28 10:36:07,130 - BasePage -INFO -获得截图并保存到：/screenshorts中
2019-02-28 10:36:07,130 - BasePage -ERROR -failed输入内容：'NoneType' object has no attribute 'send_keys'
2019-02-28 10:36:07,438 - BasePage -INFO -获得截图并保存到：/screenshorts中
2019-02-28 10:36:14,542 - BasePage -ERROR -<pageobjects.discuz04.FourDiscuz object at 0x000001461A8B3438>页面中没有找到('css selector', '#pollm_c_1 > p:nth-child(3) > input')元素
2019-02-28 10:36:14,890 - BasePage -INFO -获得截图并保存到：/screenshorts中
2019-02-28 10:36:14,890 - BasePage -ERROR -failed输入内容：'NoneType' object has no attribute 'send_keys'
2019-02-28 10:36:15,194 - BasePage -INFO -获得截图并保存到：/screenshorts中
2019-02-28 10:36:22,238 - BasePage -ERROR -<pageobjects.discuz04.FourDiscuz object at 0x000001461A8B3438>页面中没有找到('id', 'postsubmit')元素
2019-02-28 10:36:22,541 - BasePage -INFO -获得截图并保存到：/screenshorts中
2019-02-28 10:36:22,541 - BasePage -ERROR -点击按钮失败:('id', 'postsubmit')
2019-02-28 10:36:22,821 - BasePage -INFO -获得截图并保存到：/screenshorts中
2019-02-28 10:36:29,904 - BasePage -ERROR -<pageobjects.discuz04.FourDiscuz object at 0x000001461A8B3438>页面中没有找到('id', 'option_1')元素
2019-02-28 10:36:30,268 - BasePage -INFO -获得截图并保存到：/screenshorts中
2019-02-28 10:36:30,268 - BasePage -ERROR -点击按钮失败:('id', 'option_1')
2019-02-28 10:36:30,624 - BasePage -INFO -获得截图并保存到：/screenshorts中
2019-02-28 10:36:37,677 - BasePage -ERROR -<pageobjects.discuz04.FourDiscuz object at 0x000001461A8B3438>页面中没有找到('name', 'pollsubmit')元素
2019-02-28 10:36:38,053 - BasePage -INFO -获得截图并保存到：/screenshorts中
2019-02-28 10:36:38,053 - BasePage -ERROR -点击按钮失败:('name', 'pollsubmit')
2019-02-28 10:36:38,393 - BasePage -INFO -获得截图并保存到：/screenshorts中
2019-02-28 10:36:38,393 - BasePage -INFO -激活当前窗口成功
2019-02-28 10:36:45,477 - BasePage -ERROR -<pageobjects.discuz04.FourDiscuz object at 0x000001461A8B3438>页面中没有找到('id', 'thread_subject')元素
2019-02-28 10:36:45,805 - BasePage -INFO -获得截图并保存到：/screenshorts中
2019-02-28 10:36:45,805 - BrowserEngine -INFO -Now Close and quit the browser.
