2019-02-27 09:11:07,329 - BrowserEngine -INFO -You had select Chrome browser.
2019-02-27 09:11:07,329 - BrowserEngine -INFO -The text url is http://127.0.0.1/forum.php.
2019-02-27 09:11:10,497 - BrowserEngine -INFO -Starting Chrome browser.
2019-02-27 09:11:10,871 - BrowserEngine -INFO -Open url: http://127.0.0.1/forum.php.
2019-02-27 09:11:12,014 - BrowserEngine -INFO -Maximize the current window
2019-02-27 09:11:12,018 - BrowserEngine -INFO -Set implicitly wait 10 seconds.
2019-02-27 09:11:12,123 - BasePage -INFO -找到页面元素--('id', 'ls_username')
2019-02-27 09:11:12,257 - BasePage -INFO -输入内容：123456
2019-02-27 09:11:12,285 - BasePage -INFO -找到页面元素--('id', 'ls_password')
2019-02-27 09:11:12,338 - BasePage -INFO -输入内容：123456
2019-02-27 09:11:12,366 - BasePage -INFO -找到页面元素--('css selector', 'tbody tr:nth-child(2) td:nth-child(3) button')
2019-02-27 09:11:12,414 - BasePage -INFO -点击按钮:('css selector', 'tbody tr:nth-child(2) td:nth-child(3) button')
2019-02-27 09:11:12,418 - BasePage -INFO -激活当前窗口成功
2019-02-27 09:11:15,450 - BasePage -INFO -找到页面元素--('xpath', '//*[@id="category_1"]/table/tbody/tr[1]/td[2]/h2/a')
2019-02-27 09:11:15,790 - BasePage -INFO -点击按钮:('xpath', '//*[@id="category_1"]/table/tbody/tr[1]/td[2]/h2/a')
2019-02-27 09:11:15,830 - BasePage -INFO -找到页面元素--('id', 'newspecial')
2019-02-27 09:11:16,175 - BasePage -INFO -点击按钮:('id', 'newspecial')
2019-02-27 09:11:16,216 - BasePage -INFO -找到页面元素--('name', 'subject')
2019-02-27 09:11:16,286 - BasePage -INFO -输入内容：新帖1
2019-02-27 09:11:16,301 - BasePage -INFO -发现frame
2019-02-27 09:11:16,333 - BasePage -INFO -找到页面元素--('css selector', 'body')
2019-02-27 09:11:16,404 - BasePage -INFO -输入内容：新帖的内容
2019-02-27 09:11:23,461 - BasePage -ERROR -<pageobjects.discuz01.OneDiscuz object at 0x00000169EC7ABE80>页面中没有找到('id', 'postsubmit')元素
2019-02-27 09:11:23,461 - BrowserEngine -INFO -Now Close and quit the browser.
