2019-02-27 20:45:14,808 - BrowserEngine -INFO -You had select Chrome browser.
2019-02-27 20:45:14,808 - BrowserEngine -INFO -The text url is http://127.0.0.1/forum.php.
2019-02-27 20:45:18,012 - BrowserEngine -INFO -Starting Chrome browser.
2019-02-27 20:45:18,454 - BrowserEngine -INFO -Open url: http://127.0.0.1/forum.php.
2019-02-27 20:45:19,571 - BrowserEngine -INFO -Maximize the current window
2019-02-27 20:45:19,573 - BrowserEngine -INFO -Set implicitly wait 10 seconds.
2019-02-27 20:45:19,615 - BasePage -INFO -找到页面元素--('id', 'ls_username')
2019-02-27 20:45:19,696 - BasePage -INFO -输入内容：123456
2019-02-27 20:45:19,729 - BasePage -INFO -找到页面元素--('id', 'ls_password')
2019-02-27 20:45:19,786 - BasePage -INFO -输入内容：123456
2019-02-27 20:45:19,818 - BasePage -INFO -找到页面元素--('css selector', 'tbody tr:nth-child(2) td:nth-child(3) button')
2019-02-27 20:45:19,870 - BasePage -INFO -点击按钮:('css selector', 'tbody tr:nth-child(2) td:nth-child(3) button')
2019-02-27 20:45:19,901 - BasePage -INFO -找到页面元素--('css selector', '#scbar_txt')
2019-02-27 20:45:20,316 - BasePage -INFO -输入内容：haotest
2019-02-27 20:45:20,349 - BasePage -INFO -找到页面元素--('id', 'scbar_btn')
2019-02-27 20:45:20,433 - BasePage -INFO -点击按钮:('id', 'scbar_btn')
2019-02-27 20:45:20,441 - BasePage -INFO -激活第1个窗口成功
2019-02-27 20:45:20,447 - BasePage -INFO -激活当前窗口成功
2019-02-27 20:45:28,572 - BasePage -ERROR -<pageobjects.discuz03.ThreeDiscuz object at 0x000002C60D286588>页面中没有找到('css selector', 'h3 a')元素
2019-02-27 20:45:28,572 - BasePage -ERROR -点击按钮失败:('css selector', 'h3 a')
2019-02-27 20:45:28,574 - BasePage -INFO -激活第2个窗口失败
2019-02-27 20:45:28,587 - BasePage -INFO -激活当前窗口成功
2019-02-27 20:45:35,631 - BasePage -ERROR -<pageobjects.discuz03.ThreeDiscuz object at 0x000002C60D286588>页面中没有找到('id', 'thread_subject')元素
2019-02-27 20:45:35,631 - BrowserEngine -INFO -Now Close and quit the browser.
