2019-02-28 09:06:26,936 - BrowserEngine -INFO -You had select Chrome browser.
2019-02-28 09:06:26,936 - BrowserEngine -INFO -The text url is http://127.0.0.1/forum.php.
2019-02-28 09:06:30,183 - BrowserEngine -INFO -Starting Chrome browser.
2019-02-28 09:06:30,604 - BrowserEngine -INFO -Open url: http://127.0.0.1/forum.php.
2019-02-28 09:06:31,734 - BrowserEngine -INFO -Maximize the current window
2019-02-28 09:06:31,734 - BrowserEngine -INFO -Set implicitly wait 10 seconds.
2019-02-28 09:06:31,750 - BasePage -INFO -找到页面元素--('id', 'ls_username')
2019-02-28 09:06:31,837 - BasePage -INFO -输入内容：123456
2019-02-28 09:06:31,869 - BasePage -INFO -找到页面元素--('id', 'ls_password')
2019-02-28 09:06:31,924 - BasePage -INFO -输入内容：123456
2019-02-28 09:06:31,960 - BasePage -INFO -找到页面元素--('css selector', 'tbody tr:nth-child(2) td:nth-child(3) button')
2019-02-28 09:06:32,013 - BasePage -INFO -点击按钮:('css selector', 'tbody tr:nth-child(2) td:nth-child(3) button')
2019-02-28 09:06:36,082 - BasePage -INFO -找到页面元素--('css selector', '#scbar_txt')
2019-02-28 09:06:36,149 - BasePage -INFO -输入内容：haotest
2019-02-28 09:06:36,177 - BasePage -INFO -找到页面元素--('id', 'scbar_btn')
2019-02-28 09:06:36,239 - BasePage -INFO -点击按钮:('id', 'scbar_btn')
2019-02-28 09:06:36,243 - BasePage -INFO -激活第1个窗口成功
2019-02-28 09:06:36,247 - BasePage -INFO -激活当前窗口成功
2019-02-28 09:06:37,372 - BasePage -INFO -找到页面元素--('css selector', 'h3 a')
2019-02-28 09:06:37,443 - BasePage -INFO -点击按钮:('css selector', 'h3 a')
2019-02-28 09:06:37,451 - BasePage -INFO -激活第2个窗口成功
2019-02-28 09:06:37,455 - BasePage -INFO -激活当前窗口成功
2019-02-28 09:06:38,509 - BasePage -INFO -找到页面元素--('id', 'thread_subject')
2019-02-28 09:06:38,534 - BasePage -INFO -获取<selenium.webdriver.remote.webelement.WebElement (session="41907df55f50c90073cf62f17ffbc723", element="0.9573309318193122-1")>元素text成功。
2019-02-28 09:06:38,534 - BrowserEngine -INFO -Now Close and quit the browser.
