2019-03-03 16:29:02,438 - BrowserEngine -INFO -You had select Chrome browser.
2019-03-03 16:29:02,438 - BrowserEngine -INFO -The text url is http://127.0.0.1/forum.php.
2019-03-03 16:29:05,681 - BrowserEngine -INFO -Starting Chrome browser.
2019-03-03 16:29:06,062 - BrowserEngine -INFO -Open url: http://127.0.0.1/forum.php.
2019-03-03 16:29:07,199 - BrowserEngine -INFO -Maximize the current window
2019-03-03 16:29:07,199 - BrowserEngine -INFO -Set implicitly wait 10 seconds.
2019-03-03 16:29:07,214 - BasePage -INFO -找到页面元素--('id', 'ls_username')
2019-03-03 16:29:07,292 - BasePage -INFO -输入内容：123456
2019-03-03 16:29:07,320 - BasePage -INFO -找到页面元素--('id', 'ls_password')
2019-03-03 16:29:07,374 - BasePage -INFO -输入内容：123456
2019-03-03 16:29:07,398 - BasePage -INFO -找到页面元素--('css selector', 'tbody tr:nth-child(2) td:nth-child(3) button')
2019-03-03 16:29:07,447 - BasePage -INFO -点击按钮:('css selector', 'tbody tr:nth-child(2) td:nth-child(3) button')
2019-03-03 16:29:07,450 - BasePage -INFO -激活当前窗口成功
2019-03-03 16:29:07,854 - BasePage -INFO -找到页面元素--('css selector', '#um > p:nth-child(2) > strong > a')
2019-03-03 16:29:07,875 - BasePage -INFO -获取<selenium.webdriver.remote.webelement.WebElement (session="6b8f01259aacfecdd10dbff834bc7992", element="0.403258184800128-1")>元素text成功。
2019-03-03 16:29:10,936 - BasePage -INFO -找到页面元素--('xpath', '//*[@id="category_1"]/table/tbody/tr[1]/td[2]/h2/a')
2019-03-03 16:29:10,967 - BasePage -INFO -获取<selenium.webdriver.remote.webelement.WebElement (session="6b8f01259aacfecdd10dbff834bc7992", element="0.403258184800128-2")>元素text成功。
2019-03-03 16:29:10,983 - BasePage -INFO -找到页面元素--('xpath', '//*[@id="category_1"]/table/tbody/tr[1]/td[2]/h2/a')
2019-03-03 16:29:11,259 - BasePage -INFO -点击按钮:('xpath', '//*[@id="category_1"]/table/tbody/tr[1]/td[2]/h2/a')
2019-03-03 16:29:11,267 - BasePage -INFO -激活当前窗口成功
2019-03-03 16:29:11,323 - BasePage -INFO -找到页面元素--('css selector', '#ct > div > div.bm.bml.pbn > div > h1 > a')
2019-03-03 16:29:11,355 - BasePage -INFO -获取<selenium.webdriver.remote.webelement.WebElement (session="6b8f01259aacfecdd10dbff834bc7992", element="0.5598544682416688-1")>元素text成功。
2019-03-03 16:29:11,382 - BasePage -INFO -找到页面元素--('id', 'newspecial')
2019-03-03 16:29:11,411 - BasePage -INFO -悬停成功
2019-03-03 16:29:11,439 - BasePage -INFO -找到页面元素--('css selector', '#newspecial_menu > li:nth-child(1) > a')
2019-03-03 16:29:11,755 - BasePage -INFO -点击按钮:('css selector', '#newspecial_menu > li:nth-child(1) > a')
2019-03-03 16:29:11,783 - BasePage -INFO -找到页面元素--('name', 'subject')
2019-03-03 16:29:11,839 - BasePage -INFO -输入内容：新帖1
2019-03-03 16:29:11,855 - BasePage -INFO -发现frame
2019-03-03 16:29:11,879 - BasePage -INFO -找到页面元素--('css selector', 'body')
2019-03-03 16:29:11,939 - BasePage -INFO -输入内容：新帖的内容
2019-03-03 16:29:11,943 - BasePage -INFO -激活当前窗口成功
2019-03-03 16:29:11,975 - BasePage -INFO -找到页面元素--('id', 'postsubmit')
2019-03-03 16:29:12,097 - BasePage -INFO -点击按钮:('id', 'postsubmit')
2019-03-03 16:29:12,101 - BasePage -INFO -激活当前窗口成功
2019-03-03 16:29:13,373 - BasePage -INFO -找到页面元素--('id', 'thread_subject')
2019-03-03 16:29:13,397 - BasePage -INFO -获取<selenium.webdriver.remote.webelement.WebElement (session="6b8f01259aacfecdd10dbff834bc7992", element="0.807242661305912-1")>元素text成功。
2019-03-03 16:29:29,410 - BasePage -INFO -激活当前窗口成功
2019-03-03 16:29:29,488 - BasePage -INFO -找到页面元素--('id', 'fastpostmessage')
2019-03-03 16:29:29,572 - BasePage -INFO -输入内容：回复新帖1内容....
2019-03-03 16:29:29,604 - BasePage -INFO -找到页面元素--('id', 'fastpostsubmit')
2019-03-03 16:29:29,864 - BasePage -INFO -点击按钮:('id', 'fastpostsubmit')
2019-03-03 16:29:29,868 - BasePage -INFO -激活当前窗口成功
2019-03-03 16:29:29,896 - BasePage -INFO -找到页面元素--('css selector', '#um > p:nth-child(2) > a:nth-child(13)')
2019-03-03 16:29:30,096 - BasePage -INFO -点击按钮:('css selector', '#um > p:nth-child(2) > a:nth-child(13)')
2019-03-03 16:29:30,100 - BasePage -INFO -激活当前窗口成功
2019-03-03 16:29:30,100 - BrowserEngine -INFO -Now Close and quit the browser.
2019-03-03 16:29:32,201 - BrowserEngine -INFO -You had select Chrome browser.
2019-03-03 16:29:32,201 - BrowserEngine -INFO -The text url is http://127.0.0.1/forum.php.
2019-03-03 16:29:35,557 - BrowserEngine -INFO -Starting Chrome browser.
2019-03-03 16:29:35,912 - BrowserEngine -INFO -Open url: http://127.0.0.1/forum.php.
2019-03-03 16:29:37,112 - BrowserEngine -INFO -Maximize the current window
2019-03-03 16:29:37,112 - BrowserEngine -INFO -Set implicitly wait 10 seconds.
2019-03-03 16:29:37,205 - BasePage -INFO -找到页面元素--('id', 'ls_username')
2019-03-03 16:29:37,371 - BasePage -INFO -输入内容：admin
2019-03-03 16:29:37,399 - BasePage -INFO -找到页面元素--('id', 'ls_password')
2019-03-03 16:29:37,450 - BasePage -INFO -输入内容：admin
2019-03-03 16:29:37,478 - BasePage -INFO -找到页面元素--('css selector', 'tbody tr:nth-child(2) td:nth-child(3) button')
2019-03-03 16:29:37,525 - BasePage -INFO -点击按钮:('css selector', 'tbody tr:nth-child(2) td:nth-child(3) button')
2019-03-03 16:29:37,529 - BasePage -INFO -激活当前窗口成功
2019-03-03 16:29:38,284 - BasePage -INFO -找到页面元素--('css selector', '#um > p:nth-child(2) > strong > a')
2019-03-03 16:29:38,304 - BasePage -INFO -获取<selenium.webdriver.remote.webelement.WebElement (session="f0929ccae43c25a57ce43c129ddc9e1c", element="0.0800595796004302-1")>元素text成功。
2019-03-03 16:29:41,325 - BasePage -INFO -找到页面元素--('xpath', '//*[@id="category_1"]/table/tbody/tr[1]/td[2]/h2/a')
2019-03-03 16:29:41,357 - BasePage -INFO -获取<selenium.webdriver.remote.webelement.WebElement (session="f0929ccae43c25a57ce43c129ddc9e1c", element="0.0800595796004302-2")>元素text成功。
2019-03-03 16:29:41,372 - BasePage -INFO -找到页面元素--('xpath', '//*[@id="category_1"]/table/tbody/tr[1]/td[2]/h2/a')
2019-03-03 16:29:41,725 - BasePage -INFO -点击按钮:('xpath', '//*[@id="category_1"]/table/tbody/tr[1]/td[2]/h2/a')
2019-03-03 16:29:41,737 - BasePage -INFO -激活当前窗口成功
2019-03-03 16:29:41,766 - BasePage -INFO -找到页面元素--('css selector', '#ct > div > div.bm.bml.pbn > div > h1 > a')
2019-03-03 16:29:41,813 - BasePage -INFO -获取<selenium.webdriver.remote.webelement.WebElement (session="f0929ccae43c25a57ce43c129ddc9e1c", element="0.8893179517354071-1")>元素text成功。
2019-03-03 16:29:41,813 - BasePage -INFO -激活当前窗口成功
2019-03-03 16:29:44,857 - BasePage -INFO -找到页面元素--('name', 'moderate[]')
2019-03-03 16:29:44,916 - BasePage -INFO -点击按钮:('name', 'moderate[]')
2019-03-03 16:29:44,948 - BasePage -INFO -找到页面元素--('css selector', '#mdly > p:nth-child(6) > strong:nth-child(1) > a')
2019-03-03 16:29:45,100 - BasePage -INFO -点击按钮:('css selector', '#mdly > p:nth-child(6) > strong:nth-child(1) > a')
2019-03-03 16:29:45,140 - BasePage -INFO -找到页面元素--('name', 'modsubmit')
2019-03-03 16:29:45,508 - BasePage -INFO -点击按钮:('name', 'modsubmit')
2019-03-03 16:29:45,516 - BasePage -INFO -激活当前窗口成功
2019-03-03 16:29:45,544 - BasePage -INFO -找到页面元素--('xpath', '//*[@id="um"]/p[1]/a[6]')
2019-03-03 16:29:45,596 - BasePage -INFO -获取<selenium.webdriver.remote.webelement.WebElement (session="f0929ccae43c25a57ce43c129ddc9e1c", element="0.8908443234009731-1")>元素text成功。
2019-03-03 16:29:45,601 - BasePage -INFO -找到页面元素--('xpath', '//*[@id="um"]/p[1]/a[6]')
2019-03-03 16:29:45,679 - BasePage -INFO -点击按钮:('xpath', '//*[@id="um"]/p[1]/a[6]')
2019-03-03 16:29:45,683 - BasePage -INFO -激活第1个窗口成功
2019-03-03 16:29:46,782 - BasePage -INFO -找到页面元素--('name', 'admin_password')
2019-03-03 16:29:46,829 - BasePage -INFO -输入内容：admin
2019-03-03 16:29:46,853 - BasePage -INFO -找到页面元素--('name', 'submit')
2019-03-03 16:30:07,028 - BasePage -INFO -点击按钮:('name', 'submit')
2019-03-03 16:30:07,044 - BasePage -INFO -激活当前窗口成功
2019-03-03 16:30:07,140 - BasePage -INFO -找到页面元素--('id', 'header_forum')
2019-03-03 16:30:07,379 - BasePage -INFO -点击按钮:('id', 'header_forum')
2019-03-03 16:30:07,383 - BasePage -INFO -激活当前窗口成功
2019-03-03 16:30:07,383 - BasePage -INFO -找到页面title
2019-03-03 16:30:07,391 - BasePage -INFO -激活当前窗口成功
2019-03-03 16:30:07,403 - BasePage -INFO -发现frame
2019-03-03 16:30:07,419 - BasePage -INFO -找到页面元素--('css selector', '#cpform > table > tbody:nth-child(3) > tr > td:nth-child(2) > div > a')
2019-03-03 16:30:07,529 - BasePage -INFO -点击按钮:('css selector', '#cpform > table > tbody:nth-child(3) > tr > td:nth-child(2) > div > a')
2019-03-03 16:30:07,557 - BasePage -INFO -找到页面元素--('id', 'submit_editsubmit')
2019-03-03 16:30:07,764 - BasePage -INFO -点击按钮:('id', 'submit_editsubmit')
2019-03-03 16:30:07,768 - BasePage -INFO -激活当前窗口成功
2019-03-03 16:30:07,796 - BasePage -INFO -找到页面元素--('css selector', '#frameuinfo> p:nth-child(1) > a')
2019-03-03 16:30:08,068 - BasePage -INFO -点击按钮:('css selector', '#frameuinfo> p:nth-child(1) > a')
2019-03-03 16:30:08,072 - BasePage -INFO -激活当前窗口成功
2019-03-03 16:30:08,104 - BasePage -INFO -找到页面元素--('css selector', '#um > p:nth-child(2) > a:nth-child(18)')
2019-03-03 16:30:08,304 - BasePage -INFO -点击按钮:('css selector', '#um > p:nth-child(2) > a:nth-child(18)')
2019-03-03 16:30:10,469 - BasePage -INFO -找到页面元素--('id', 'ls_username')
2019-03-03 16:30:10,522 - BasePage -INFO -输入内容：123456
2019-03-03 16:30:10,550 - BasePage -INFO -找到页面元素--('id', 'ls_password')
2019-03-03 16:30:10,605 - BasePage -INFO -输入内容：123456
2019-03-03 16:30:10,629 - BasePage -INFO -找到页面元素--('css selector', 'tbody tr:nth-child(2) td:nth-child(3) button')
2019-03-03 16:30:10,683 - BasePage -INFO -点击按钮:('css selector', 'tbody tr:nth-child(2) td:nth-child(3) button')
2019-03-03 16:30:10,691 - BasePage -INFO -激活当前窗口成功
2019-03-03 16:30:11,067 - BasePage -INFO -找到页面元素--('css selector', '#um > p:nth-child(2) > strong > a')
2019-03-03 16:30:11,095 - BasePage -INFO -获取<selenium.webdriver.remote.webelement.WebElement (session="f0929ccae43c25a57ce43c129ddc9e1c", element="0.8675784407081109-1")>元素text成功。
2019-03-03 16:30:14,130 - BasePage -INFO -找到页面元素--('css selector', '#category_1 > table > tbody > tr:nth-child(2) > td:nth-child(2) > h2 > a')
2019-03-03 16:30:14,161 - BasePage -INFO -获取<selenium.webdriver.remote.webelement.WebElement (session="f0929ccae43c25a57ce43c129ddc9e1c", element="0.8675784407081109-2")>元素text成功。
2019-03-03 16:30:14,161 - BasePage -INFO -激活当前窗口成功
2019-03-03 16:30:14,177 - BasePage -INFO -找到页面元素--('css selector', '#category_1 > table > tbody > tr:nth-child(2) > td:nth-child(2) > h2 > a')
2019-03-03 16:30:14,377 - BasePage -INFO -点击按钮:('css selector', '#category_1 > table > tbody > tr:nth-child(2) > td:nth-child(2) > h2 > a')
2019-03-03 16:30:14,381 - BasePage -INFO -激活当前窗口成功
2019-03-03 16:30:14,413 - BasePage -INFO -找到页面元素--('css selector', '#ct > div > div.bm.bml.pbn > div > h1 > a')
2019-03-03 16:30:14,445 - BasePage -INFO -获取<selenium.webdriver.remote.webelement.WebElement (session="f0929ccae43c25a57ce43c129ddc9e1c", element="0.6797788852695867-1")>元素text成功。
2019-03-03 16:30:14,469 - BasePage -INFO -找到页面元素--('id', 'newspecial')
2019-03-03 16:30:14,495 - BasePage -INFO -悬停成功
2019-03-03 16:30:14,527 - BasePage -INFO -找到页面元素--('css selector', '#newspecial_menu > li:nth-child(1) > a')
2019-03-03 16:30:14,845 - BasePage -INFO -点击按钮:('css selector', '#newspecial_menu > li:nth-child(1) > a')
2019-03-03 16:30:14,881 - BasePage -INFO -找到页面元素--('name', 'subject')
2019-03-03 16:30:14,945 - BasePage -INFO -输入内容：新帖2
2019-03-03 16:30:14,957 - BasePage -INFO -发现frame
2019-03-03 16:30:14,981 - BasePage -INFO -找到页面元素--('css selector', 'body')
2019-03-03 16:30:15,037 - BasePage -INFO -输入内容：新帖2的内容
2019-03-03 16:30:15,041 - BasePage -INFO -激活当前窗口成功
2019-03-03 16:30:15,069 - BasePage -INFO -找到页面元素--('id', 'postsubmit')
2019-03-03 16:30:15,161 - BasePage -INFO -点击按钮:('id', 'postsubmit')
2019-03-03 16:30:15,169 - BasePage -INFO -激活当前窗口成功
2019-03-03 16:30:16,581 - BasePage -INFO -找到页面元素--('id', 'thread_subject')
2019-03-03 16:30:16,629 - BasePage -INFO -获取<selenium.webdriver.remote.webelement.WebElement (session="f0929ccae43c25a57ce43c129ddc9e1c", element="0.4352718241189768-1")>元素text成功。
2019-03-03 16:30:16,629 - BasePage -INFO -激活当前窗口成功
2019-03-03 16:30:16,661 - BasePage -INFO -找到页面元素--('id', 'fastpostmessage')
2019-03-03 16:30:16,754 - BasePage -INFO -输入内容：新帖2的回复内容
2019-03-03 16:30:16,782 - BasePage -INFO -找到页面元素--('id', 'fastpostsubmit')
2019-03-03 16:30:16,994 - BasePage -INFO -点击按钮:('id', 'fastpostsubmit')
2019-03-03 16:30:16,994 - BrowserEngine -INFO -Now Close and quit the browser.
2019-03-03 16:30:19,091 - BrowserEngine -INFO -You had select Chrome browser.
2019-03-03 16:30:19,091 - BrowserEngine -INFO -The text url is http://127.0.0.1/forum.php.
2019-03-03 16:30:22,329 - BrowserEngine -INFO -Starting Chrome browser.
2019-03-03 16:30:22,693 - BrowserEngine -INFO -Open url: http://127.0.0.1/forum.php.
2019-03-03 16:30:23,815 - BrowserEngine -INFO -Maximize the current window
2019-03-03 16:30:23,815 - BrowserEngine -INFO -Set implicitly wait 10 seconds.
2019-03-03 16:30:23,830 - BasePage -INFO -找到页面元素--('id', 'ls_username')
2019-03-03 16:30:23,912 - BasePage -INFO -输入内容：123456
2019-03-03 16:30:23,940 - BasePage -INFO -找到页面元素--('id', 'ls_password')
2019-03-03 16:30:23,988 - BasePage -INFO -输入内容：123456
2019-03-03 16:30:24,016 - BasePage -INFO -找到页面元素--('css selector', 'tbody tr:nth-child(2) td:nth-child(3) button')
2019-03-03 16:30:24,069 - BasePage -INFO -点击按钮:('css selector', 'tbody tr:nth-child(2) td:nth-child(3) button')
2019-03-03 16:30:24,077 - BasePage -INFO -激活当前窗口成功
2019-03-03 16:30:24,466 - BasePage -INFO -找到页面元素--('css selector', '#um > p:nth-child(2) > strong > a')
2019-03-03 16:30:24,494 - BasePage -INFO -获取<selenium.webdriver.remote.webelement.WebElement (session="b42c4f7704425745f8d153ea494901f2", element="0.9240260705073744-1")>元素text成功。
2019-03-03 16:30:28,566 - BasePage -INFO -找到页面元素--('css selector', '#scbar_txt')
2019-03-03 16:30:28,641 - BasePage -INFO -输入内容：haotest
2019-03-03 16:30:28,669 - BasePage -INFO -找到页面元素--('id', 'scbar_btn')
2019-03-03 16:30:28,733 - BasePage -INFO -点击按钮:('id', 'scbar_btn')
2019-03-03 16:30:28,741 - BasePage -INFO -激活第1个窗口成功
2019-03-03 16:30:28,745 - BasePage -INFO -激活当前窗口成功
2019-03-03 16:30:29,876 - BasePage -INFO -找到页面元素--('css selector', 'h3 a')
2019-03-03 16:30:29,952 - BasePage -INFO -点击按钮:('css selector', 'h3 a')
2019-03-03 16:30:29,956 - BasePage -INFO -激活第2个窗口成功
2019-03-03 16:30:29,960 - BasePage -INFO -激活当前窗口成功
2019-03-03 16:30:31,170 - BasePage -INFO -找到页面元素--('id', 'thread_subject')
2019-03-03 16:30:31,242 - BasePage -INFO -获取<selenium.webdriver.remote.webelement.WebElement (session="b42c4f7704425745f8d153ea494901f2", element="0.20978184657272014-1")>元素text成功。
2019-03-03 16:30:31,242 - BrowserEngine -INFO -Now Close and quit the browser.
2019-03-03 16:30:33,396 - BrowserEngine -INFO -You had select Chrome browser.
2019-03-03 16:30:33,396 - BrowserEngine -INFO -The text url is http://127.0.0.1/forum.php.
2019-03-03 16:30:36,604 - BrowserEngine -INFO -Starting Chrome browser.
2019-03-03 16:30:36,957 - BrowserEngine -INFO -Open url: http://127.0.0.1/forum.php.
2019-03-03 16:30:38,089 - BrowserEngine -INFO -Maximize the current window
2019-03-03 16:30:38,089 - BrowserEngine -INFO -Set implicitly wait 10 seconds.
2019-03-03 16:30:38,104 - BasePage -INFO -找到页面元素--('id', 'ls_username')
2019-03-03 16:30:38,181 - BasePage -INFO -输入内容：123456
2019-03-03 16:30:38,213 - BasePage -INFO -找到页面元素--('id', 'ls_password')
2019-03-03 16:30:38,261 - BasePage -INFO -输入内容：123456
2019-03-03 16:30:38,293 - BasePage -INFO -找到页面元素--('css selector', 'tbody tr:nth-child(2) td:nth-child(3) button')
2019-03-03 16:30:38,346 - BasePage -INFO -点击按钮:('css selector', 'tbody tr:nth-child(2) td:nth-child(3) button')
2019-03-03 16:30:38,350 - BasePage -INFO -激活当前窗口成功
2019-03-03 16:30:38,778 - BasePage -INFO -找到页面元素--('css selector', '#um > p:nth-child(2) > strong > a')
2019-03-03 16:30:38,818 - BasePage -INFO -获取<selenium.webdriver.remote.webelement.WebElement (session="87a9633acb52dc8c3ff17abc2d960b1b", element="0.22162818576500198-1")>元素text成功。
2019-03-03 16:30:41,836 - BasePage -INFO -找到页面元素--('xpath', '//*[@id="category_1"]/table/tbody/tr[1]/td[2]/h2/a')
2019-03-03 16:30:41,867 - BasePage -INFO -获取<selenium.webdriver.remote.webelement.WebElement (session="87a9633acb52dc8c3ff17abc2d960b1b", element="0.22162818576500198-2")>元素text成功。
2019-03-03 16:30:41,883 - BasePage -INFO -找到页面元素--('xpath', '//*[@id="category_1"]/table/tbody/tr[1]/td[2]/h2/a')
2019-03-03 16:30:42,177 - BasePage -INFO -点击按钮:('xpath', '//*[@id="category_1"]/table/tbody/tr[1]/td[2]/h2/a')
2019-03-03 16:30:42,181 - BasePage -INFO -激活当前窗口成功
2019-03-03 16:30:42,217 - BasePage -INFO -找到页面元素--('css selector', '#ct > div > div.bm.bml.pbn > div > h1 > a')
2019-03-03 16:30:42,311 - BasePage -INFO -获取<selenium.webdriver.remote.webelement.WebElement (session="87a9633acb52dc8c3ff17abc2d960b1b", element="0.799276974466772-1")>元素text成功。
2019-03-03 16:30:42,326 - BasePage -INFO -找到页面元素--('id', 'newspecial')
2019-03-03 16:30:42,357 - BasePage -INFO -悬停成功
2019-03-03 16:30:42,385 - BasePage -INFO -找到页面元素--('css selector', '#newspecial_menu > li.poll > a')
2019-03-03 16:30:42,709 - BasePage -INFO -点击按钮:('css selector', '#newspecial_menu > li.poll > a')
2019-03-03 16:30:42,713 - BasePage -INFO -激活当前窗口成功
2019-03-03 16:30:42,745 - BasePage -INFO -找到页面元素--('name', 'subject')
2019-03-03 16:30:42,805 - BasePage -INFO -输入内容：学习
2019-03-03 16:30:42,833 - BasePage -INFO -找到页面元素--('css selector', '#pollm_c_1 > p:nth-child(1) > input')
2019-03-03 16:30:42,901 - BasePage -INFO -输入内容：python
2019-03-03 16:30:42,929 - BasePage -INFO -找到页面元素--('css selector', '#pollm_c_1 > p:nth-child(2) > input')
2019-03-03 16:30:42,989 - BasePage -INFO -输入内容：软件测试
2019-03-03 16:30:43,029 - BasePage -INFO -找到页面元素--('css selector', '#pollm_c_1 > p:nth-child(3) > input')
2019-03-03 16:30:43,099 - BasePage -INFO -输入内容：UI自动化测试
2019-03-03 16:30:43,136 - BasePage -INFO -找到页面元素--('id', 'postsubmit')
2019-03-03 16:30:43,260 - BasePage -INFO -点击按钮:('id', 'postsubmit')
2019-03-03 16:30:44,409 - BasePage -INFO -找到页面元素--('id', 'option_1')
2019-03-03 16:30:44,462 - BasePage -INFO -点击按钮:('id', 'option_1')
2019-03-03 16:30:44,490 - BasePage -INFO -找到页面元素--('name', 'pollsubmit')
2019-03-03 16:30:45,339 - BasePage -INFO -点击按钮:('name', 'pollsubmit')
2019-03-03 16:30:45,343 - BasePage -INFO -激活当前窗口成功
2019-03-03 16:30:45,375 - BasePage -INFO -找到页面元素--('id', 'thread_subject')
2019-03-03 16:30:45,399 - BasePage -INFO -获取<selenium.webdriver.remote.webelement.WebElement (session="87a9633acb52dc8c3ff17abc2d960b1b", element="0.19464365311898169-1")>元素text成功。
2019-03-03 16:30:45,441 - BasePage -INFO -找到页面元素--('css selector', 'td.pvt label')
2019-03-03 16:30:45,550 - BasePage -INFO -找到页面元素--('css selector', 'div.pcbs form  tr > td:nth-child(2)')
2019-03-03 16:30:45,574 - BasePage -INFO -获取<selenium.webdriver.remote.webelement.WebElement (session="87a9633acb52dc8c3ff17abc2d960b1b", element="0.19464365311898169-2")>元素text成功。
2019-03-03 16:30:45,594 - BasePage -INFO -获取<selenium.webdriver.remote.webelement.WebElement (session="87a9633acb52dc8c3ff17abc2d960b1b", element="0.19464365311898169-6")>元素text成功。
2019-03-03 16:30:45,610 - BasePage -INFO -获取<selenium.webdriver.remote.webelement.WebElement (session="87a9633acb52dc8c3ff17abc2d960b1b", element="0.19464365311898169-3")>元素text成功。
2019-03-03 16:30:45,626 - BasePage -INFO -获取<selenium.webdriver.remote.webelement.WebElement (session="87a9633acb52dc8c3ff17abc2d960b1b", element="0.19464365311898169-8")>元素text成功。
2019-03-03 16:30:45,646 - BasePage -INFO -获取<selenium.webdriver.remote.webelement.WebElement (session="87a9633acb52dc8c3ff17abc2d960b1b", element="0.19464365311898169-4")>元素text成功。
2019-03-03 16:30:45,651 - BasePage -INFO -获取<selenium.webdriver.remote.webelement.WebElement (session="87a9633acb52dc8c3ff17abc2d960b1b", element="0.19464365311898169-10")>元素text成功。
2019-03-03 16:30:45,651 - BrowserEngine -INFO -Now Close and quit the browser.
