2019-03-01 10:59:15,835 - BrowserEngine -INFO -You had select Chrome browser.
2019-03-01 10:59:15,836 - BrowserEngine -INFO -The text url is http://127.0.0.1/forum.php.
2019-03-01 10:59:19,056 - BrowserEngine -INFO -Starting Chrome browser.
2019-03-01 10:59:19,447 - BrowserEngine -INFO -Open url: http://127.0.0.1/forum.php.
2019-03-01 10:59:20,570 - BrowserEngine -INFO -Maximize the current window
2019-03-01 10:59:20,573 - BrowserEngine -INFO -Set implicitly wait 10 seconds.
2019-03-01 10:59:20,624 - BasePage -INFO -找到页面元素--('id', 'ls_username')
2019-03-01 10:59:20,695 - BasePage -INFO -输入内容：123456
2019-03-01 10:59:20,725 - BasePage -INFO -找到页面元素--('id', 'ls_password')
2019-03-01 10:59:20,779 - BasePage -INFO -输入内容：123456
2019-03-01 10:59:20,810 - BasePage -INFO -找到页面元素--('css selector', 'tbody tr:nth-child(2) td:nth-child(3) button')
2019-03-01 10:59:20,859 - BasePage -INFO -点击按钮:('css selector', 'tbody tr:nth-child(2) td:nth-child(3) button')
2019-03-01 10:59:20,864 - BasePage -INFO -激活当前窗口成功
2019-03-01 10:59:21,294 - BasePage -INFO -找到页面元素--('css selector', '#um > p:nth-child(2) > strong > a')
2019-03-01 10:59:21,331 - BasePage -INFO -获取<selenium.webdriver.remote.webelement.WebElement (session="c34f6926044adc5a784acf72aa6271d3", element="0.7748419743982242-1")>元素text成功。
2019-03-01 10:59:24,361 - BasePage -INFO -找到页面元素--('xpath', '//*[@id="category_1"]/table/tbody/tr[1]/td[2]/h2/a')
2019-03-01 10:59:24,383 - BasePage -INFO -获取<selenium.webdriver.remote.webelement.WebElement (session="c34f6926044adc5a784acf72aa6271d3", element="0.7748419743982242-2")>元素text成功。
2019-03-01 10:59:24,396 - BasePage -INFO -找到页面元素--('xpath', '//*[@id="category_1"]/table/tbody/tr[1]/td[2]/h2/a')
2019-03-01 10:59:24,683 - BasePage -INFO -点击按钮:('xpath', '//*[@id="category_1"]/table/tbody/tr[1]/td[2]/h2/a')
2019-03-01 10:59:24,690 - BasePage -INFO -激活当前窗口成功
2019-03-01 10:59:24,753 - BasePage -INFO -找到页面元素--('css selector', '#ct > div > div.bm.bml.pbn > div > h1 > a')
2019-03-01 10:59:24,780 - BasePage -INFO -获取<selenium.webdriver.remote.webelement.WebElement (session="c34f6926044adc5a784acf72aa6271d3", element="0.8098873400918367-1")>元素text成功。
2019-03-01 10:59:24,806 - BasePage -INFO -找到页面元素--('id', 'newspecial')
2019-03-01 10:59:24,834 - BasePage -INFO -悬停成功
2019-03-01 10:59:24,868 - BasePage -INFO -找到页面元素--('css selector', '#newspecial_menu > li:nth-child(1) > a')
2019-03-01 10:59:25,198 - BasePage -INFO -点击按钮:('css selector', '#newspecial_menu > li:nth-child(1) > a')
2019-03-01 10:59:25,245 - BasePage -INFO -找到页面元素--('name', 'subject')
2019-03-01 10:59:25,308 - BasePage -INFO -输入内容：新帖1
2019-03-01 10:59:25,323 - BasePage -INFO -发现frame
2019-03-01 10:59:25,347 - BasePage -INFO -找到页面元素--('css selector', 'body')
2019-03-01 10:59:25,408 - BasePage -INFO -输入内容：新帖的内容
2019-03-01 10:59:25,411 - BasePage -INFO -激活当前窗口成功
2019-03-01 10:59:25,441 - BasePage -INFO -找到页面元素--('id', 'postsubmit')
2019-03-01 10:59:25,541 - BasePage -INFO -点击按钮:('id', 'postsubmit')
2019-03-01 10:59:25,546 - BasePage -INFO -激活当前窗口成功
2019-03-01 10:59:26,903 - BasePage -INFO -找到页面元素--('id', 'thread_subject')
2019-03-01 10:59:26,926 - BasePage -INFO -获取<selenium.webdriver.remote.webelement.WebElement (session="c34f6926044adc5a784acf72aa6271d3", element="0.21126095822055668-1")>元素text成功。
2019-03-01 10:59:42,930 - BasePage -INFO -激活当前窗口成功
2019-03-01 10:59:42,960 - BasePage -INFO -找到页面元素--('id', 'fastpostmessage')
2019-03-01 10:59:43,052 - BasePage -INFO -输入内容：回复新帖1内容....
2019-03-01 10:59:43,086 - BasePage -INFO -找到页面元素--('id', 'fastpostsubmit')
2019-03-01 10:59:43,379 - BasePage -INFO -点击按钮:('id', 'fastpostsubmit')
2019-03-01 10:59:43,382 - BasePage -INFO -激活当前窗口成功
2019-03-01 10:59:50,456 - BasePage -ERROR -<pageobjects.discuz01.OneDiscuz object at 0x000001B7D94F9518>页面中没有找到('css selector', '#pid92 > tbody > tr:nth-child(1) > td.plc > div.pct > div > div.t_fsz')元素
2019-03-01 10:59:50,817 - BasePage -INFO -获得截图并保存到：/screenshorts中
2019-03-01 10:59:50,817 - BrowserEngine -INFO -Now Close and quit the browser.
