2019-02-27 11:37:34,208 - BrowserEngine -INFO -You had select Chrome browser.
2019-02-27 11:37:34,208 - BrowserEngine -INFO -The text url is http://127.0.0.1/forum.php.
2019-02-27 11:37:37,379 - BrowserEngine -INFO -Starting Chrome browser.
2019-02-27 11:37:37,754 - BrowserEngine -INFO -Open url: http://127.0.0.1/forum.php.
2019-02-27 11:37:38,869 - BrowserEngine -INFO -Maximize the current window
2019-02-27 11:37:38,871 - BrowserEngine -INFO -Set implicitly wait 10 seconds.
2019-02-27 11:37:38,900 - BasePage -INFO -找到页面元素--('id', 'ls_username')
2019-02-27 11:37:38,979 - BasePage -INFO -输入内容：admin
2019-02-27 11:37:39,014 - BasePage -INFO -找到页面元素--('id', 'ls_password')
2019-02-27 11:37:39,069 - BasePage -INFO -输入内容：admin
2019-02-27 11:37:39,101 - BasePage -INFO -找到页面元素--('css selector', 'tbody tr:nth-child(2) td:nth-child(3) button')
2019-02-27 11:37:39,152 - BasePage -INFO -点击按钮:('css selector', 'tbody tr:nth-child(2) td:nth-child(3) button')
2019-02-27 11:37:39,157 - BasePage -INFO -激活当前窗口成功
2019-02-27 11:37:42,227 - BasePage -INFO -找到页面元素--('xpath', '//*[@id="category_1"]/table/tbody/tr[1]/td[2]/h2/a')
2019-02-27 11:37:42,544 - BasePage -INFO -点击按钮:('xpath', '//*[@id="category_1"]/table/tbody/tr[1]/td[2]/h2/a')
2019-02-27 11:37:42,549 - BasePage -INFO -激活当前窗口成功
2019-02-27 11:37:45,581 - BasePage -INFO -找到页面元素--('name', 'moderate[]')
2019-02-27 11:37:45,635 - BasePage -INFO -点击按钮:('name', 'moderate[]')
2019-02-27 11:37:45,672 - BasePage -INFO -找到页面元素--('css selector', '#mdly > p:nth-child(6) > strong:nth-child(1) > a')
2019-02-27 11:37:45,842 - BasePage -INFO -点击按钮:('css selector', '#mdly > p:nth-child(6) > strong:nth-child(1) > a')
2019-02-27 11:37:45,891 - BasePage -INFO -找到页面元素--('name', 'modsubmit')
2019-02-27 11:37:46,321 - BasePage -INFO -点击按钮:('name', 'modsubmit')
2019-02-27 11:37:46,326 - BasePage -INFO -激活当前窗口成功
2019-02-27 11:37:46,372 - BasePage -INFO -找到页面元素--('xpath', '//*[@id="um"]/p[1]/a[6]')
2019-02-27 11:37:46,469 - BasePage -INFO -点击按钮:('xpath', '//*[@id="um"]/p[1]/a[6]')
2019-02-27 11:37:46,474 - BasePage -INFO -激活第1个窗口成功
2019-02-27 11:37:46,478 - BasePage -INFO -激活当前窗口成功
2019-02-27 11:37:47,532 - BasePage -INFO -找到页面元素--('id', 'header_forum')
2019-02-27 11:37:47,589 - BasePage -INFO -点击按钮:('id', 'header_forum')
2019-02-27 11:37:47,593 - BasePage -INFO -激活当前窗口成功
2019-02-27 11:37:47,610 - BasePage -INFO -发现frame
2019-02-27 11:37:54,676 - BasePage -ERROR -<pageobjects.discuz02.TwoDiscuz object at 0x0000017EB493AB38>页面中没有找到('css selector', 'cpform > table > tbody:nth-child(3) > tr > td:nth-child(2) > div > a')元素
2019-02-27 11:37:54,676 - BasePage -ERROR -点击按钮失败:('css selector', 'cpform > table > tbody:nth-child(3) > tr > td:nth-child(2) > div > a')
2019-02-27 11:37:54,733 - BasePage -INFO -找到页面元素--('id', 'submit_editsubmit')
2019-02-27 11:37:54,954 - BasePage -INFO -点击按钮:('id', 'submit_editsubmit')
2019-02-27 11:37:54,958 - BasePage -INFO -激活当前窗口成功
2019-02-27 11:38:01,675 - BasePage -ERROR -<pageobjects.discuz02.TwoDiscuz object at 0x0000017EB493AB38>页面中没有找到('css selector', 'frameuinfo > p.btnlink > a')元素
2019-02-27 11:38:01,675 - BasePage -ERROR -点击按钮失败:('css selector', 'frameuinfo > p.btnlink > a')
2019-02-27 11:38:01,681 - BasePage -INFO -激活当前窗口成功
2019-02-27 11:38:01,687 - BasePage -INFO -激活当前窗口成功
2019-02-27 11:38:08,741 - BasePage -ERROR -<pageobjects.discuz01.OneDiscuz object at 0x0000017EB493A6D8>页面中没有找到('css selector', 'um > p:nth-child(2) > a:nth-child(12)')元素
2019-02-27 11:38:08,742 - BasePage -ERROR -点击按钮失败:('css selector', 'um > p:nth-child(2) > a:nth-child(12)')
2019-02-27 11:38:15,836 - BasePage -ERROR -<pageobjects.discuz01.OneDiscuz object at 0x0000017EB493A6D8>页面中没有找到('id', 'ls_username')元素
2019-02-27 11:38:15,836 - BasePage -ERROR -failed输入内容：'NoneType' object has no attribute 'send_keys'
2019-02-27 11:38:22,938 - BasePage -ERROR -<pageobjects.discuz01.OneDiscuz object at 0x0000017EB493A6D8>页面中没有找到('id', 'ls_password')元素
2019-02-27 11:38:22,938 - BasePage -ERROR -failed输入内容：'NoneType' object has no attribute 'send_keys'
2019-02-27 11:38:30,021 - BasePage -ERROR -<pageobjects.discuz01.OneDiscuz object at 0x0000017EB493A6D8>页面中没有找到('css selector', 'tbody tr:nth-child(2) td:nth-child(3) button')元素
2019-02-27 11:38:30,022 - BasePage -ERROR -点击按钮失败:('css selector', 'tbody tr:nth-child(2) td:nth-child(3) button')
2019-02-27 11:38:30,027 - BrowserEngine -INFO -Now Close and quit the browser.
