2019-02-28 09:08:17,905 - BrowserEngine -INFO -You had select Chrome browser.
2019-02-28 09:08:17,905 - BrowserEngine -INFO -The text url is http://127.0.0.1/forum.php.
2019-02-28 09:08:21,416 - BrowserEngine -INFO -Starting Chrome browser.
2019-02-28 09:08:21,815 - BrowserEngine -INFO -Open url: http://127.0.0.1/forum.php.
2019-02-28 09:08:22,973 - BrowserEngine -INFO -Maximize the current window
2019-02-28 09:08:22,977 - BrowserEngine -INFO -Set implicitly wait 10 seconds.
2019-02-28 09:08:28,533 - BasePage -ERROR -<pageobjects.baidu_homepage.HomePage object at 0x0000027E9C428668>页面中没有找到('name', 'wd')元素
2019-02-28 09:08:28,533 - BasePage -ERROR -failed输入内容：'NoneType' object has no attribute 'send_keys'
2019-02-28 09:08:34,033 - BasePage -ERROR -<pageobjects.baidu_homepage.HomePage object at 0x0000027E9C428668>页面中没有找到('id', 'su')元素
2019-02-28 09:08:34,033 - BasePage -ERROR -点击按钮失败:('id', 'su')
2019-02-28 09:08:34,033 - BrowserEngine -INFO -Now Close and quit the browser.
2019-02-28 09:08:37,112 - BrowserEngine -INFO -You had select Chrome browser.
2019-02-28 09:08:37,112 - BrowserEngine -INFO -The text url is http://127.0.0.1/forum.php.
2019-02-28 09:08:40,279 - BrowserEngine -INFO -Starting Chrome browser.
2019-02-28 09:08:40,691 - BrowserEngine -INFO -Open url: http://127.0.0.1/forum.php.
2019-02-28 09:08:41,842 - BrowserEngine -INFO -Maximize the current window
2019-02-28 09:08:41,842 - BrowserEngine -INFO -Set implicitly wait 10 seconds.
2019-02-28 09:08:41,858 - BasePage -INFO -找到页面元素--('id', 'ls_username')
2019-02-28 09:08:41,935 - BasePage -INFO -输入内容：123456
2019-02-28 09:08:41,963 - BasePage -INFO -找到页面元素--('id', 'ls_password')
2019-02-28 09:08:42,015 - BasePage -INFO -输入内容：123456
2019-02-28 09:08:42,047 - BasePage -INFO -找到页面元素--('css selector', 'tbody tr:nth-child(2) td:nth-child(3) button')
2019-02-28 09:08:42,098 - BasePage -INFO -点击按钮:('css selector', 'tbody tr:nth-child(2) td:nth-child(3) button')
2019-02-28 09:08:42,098 - BasePage -INFO -激活当前窗口成功
2019-02-28 09:08:45,139 - BasePage -INFO -找到页面元素--('xpath', '//*[@id="category_1"]/table/tbody/tr[1]/td[2]/h2/a')
2019-02-28 09:08:45,479 - BasePage -INFO -点击按钮:('xpath', '//*[@id="category_1"]/table/tbody/tr[1]/td[2]/h2/a')
2019-02-28 09:08:45,543 - BasePage -INFO -找到页面元素--('id', 'newspecial')
2019-02-28 09:08:45,917 - BasePage -INFO -点击按钮:('id', 'newspecial')
2019-02-28 09:08:45,953 - BasePage -INFO -找到页面元素--('name', 'subject')
2019-02-28 09:08:46,021 - BasePage -INFO -输入内容：新帖1
2019-02-28 09:08:46,033 - BasePage -INFO -发现frame
2019-02-28 09:08:46,061 - BasePage -INFO -找到页面元素--('css selector', 'body')
2019-02-28 09:08:46,121 - BasePage -INFO -输入内容：新帖的内容
2019-02-28 09:08:46,121 - BasePage -INFO -激活当前窗口成功
2019-02-28 09:08:46,149 - BasePage -INFO -找到页面元素--('id', 'postsubmit')
2019-02-28 09:08:46,253 - BasePage -INFO -点击按钮:('id', 'postsubmit')
2019-02-28 09:09:02,258 - BasePage -INFO -激活当前窗口成功
2019-02-28 09:09:02,331 - BasePage -INFO -找到页面元素--('id', 'fastpostmessage')
2019-02-28 09:09:02,412 - BasePage -INFO -输入内容：回复新帖1内容....
2019-02-28 09:09:02,452 - BasePage -INFO -找到页面元素--('id', 'fastpostsubmit')
2019-02-28 09:09:02,708 - BasePage -INFO -点击按钮:('id', 'fastpostsubmit')
2019-02-28 09:09:02,740 - BasePage -INFO -找到页面元素--('css selector', '#um > p:nth-child(2) > a:nth-child(13)')
2019-02-28 09:09:02,944 - BasePage -INFO -点击按钮:('css selector', '#um > p:nth-child(2) > a:nth-child(13)')
2019-02-28 09:09:02,948 - BrowserEngine -INFO -Now Close and quit the browser.
2019-02-28 09:09:05,053 - BrowserEngine -INFO -You had select Chrome browser.
2019-02-28 09:09:05,053 - BrowserEngine -INFO -The text url is http://127.0.0.1/forum.php.
2019-02-28 09:09:08,338 - BrowserEngine -INFO -Starting Chrome browser.
2019-02-28 09:09:08,720 - BrowserEngine -INFO -Open url: http://127.0.0.1/forum.php.
2019-02-28 09:09:09,840 - BrowserEngine -INFO -Maximize the current window
2019-02-28 09:09:09,840 - BrowserEngine -INFO -Set implicitly wait 10 seconds.
2019-02-28 09:09:09,902 - BasePage -INFO -找到页面元素--('id', 'ls_username')
2019-02-28 09:09:09,973 - BasePage -INFO -输入内容：admin
2019-02-28 09:09:10,001 - BasePage -INFO -找到页面元素--('id', 'ls_password')
2019-02-28 09:09:10,051 - BasePage -INFO -输入内容：admin
2019-02-28 09:09:10,079 - BasePage -INFO -找到页面元素--('css selector', 'tbody tr:nth-child(2) td:nth-child(3) button')
2019-02-28 09:09:10,125 - BasePage -INFO -点击按钮:('css selector', 'tbody tr:nth-child(2) td:nth-child(3) button')
2019-02-28 09:09:10,129 - BasePage -INFO -激活当前窗口成功
2019-02-28 09:09:13,152 - BasePage -INFO -找到页面元素--('xpath', '//*[@id="category_1"]/table/tbody/tr[1]/td[2]/h2/a')
2019-02-28 09:09:13,641 - BasePage -INFO -点击按钮:('xpath', '//*[@id="category_1"]/table/tbody/tr[1]/td[2]/h2/a')
2019-02-28 09:09:13,641 - BasePage -INFO -激活当前窗口成功
2019-02-28 09:09:16,712 - BasePage -INFO -找到页面元素--('name', 'moderate[]')
2019-02-28 09:09:16,767 - BasePage -INFO -点击按钮:('name', 'moderate[]')
2019-02-28 09:09:16,803 - BasePage -INFO -找到页面元素--('css selector', '#mdly > p:nth-child(6) > strong:nth-child(1) > a')
2019-02-28 09:09:16,968 - BasePage -INFO -点击按钮:('css selector', '#mdly > p:nth-child(6) > strong:nth-child(1) > a')
2019-02-28 09:09:17,020 - BasePage -INFO -找到页面元素--('name', 'modsubmit')
2019-02-28 09:09:17,393 - BasePage -INFO -点击按钮:('name', 'modsubmit')
2019-02-28 09:09:17,397 - BasePage -INFO -激活当前窗口成功
2019-02-28 09:09:17,437 - BasePage -INFO -找到页面元素--('xpath', '//*[@id="um"]/p[1]/a[6]')
2019-02-28 09:09:17,534 - BasePage -INFO -点击按钮:('xpath', '//*[@id="um"]/p[1]/a[6]')
2019-02-28 09:09:17,538 - BasePage -INFO -激活第1个窗口成功
2019-02-28 09:09:18,623 - BasePage -INFO -找到页面元素--('name', 'admin_password')
2019-02-28 09:09:18,671 - BasePage -INFO -输入内容：admin
2019-02-28 09:09:18,695 - BasePage -INFO -找到页面元素--('name', 'submit')
2019-02-28 09:09:38,814 - BasePage -INFO -点击按钮:('name', 'submit')
2019-02-28 09:09:38,822 - BasePage -INFO -激活当前窗口成功
2019-02-28 09:09:38,866 - BasePage -INFO -找到页面元素--('id', 'header_forum')
2019-02-28 09:09:39,066 - BasePage -INFO -点击按钮:('id', 'header_forum')
2019-02-28 09:09:39,070 - BasePage -INFO -激活当前窗口成功
2019-02-28 09:09:39,082 - BasePage -INFO -发现frame
2019-02-28 09:09:39,114 - BasePage -INFO -找到页面元素--('css selector', '#cpform > table > tbody:nth-child(3) > tr > td:nth-child(2) > div > a')
2019-02-28 09:09:39,222 - BasePage -INFO -点击按钮:('css selector', '#cpform > table > tbody:nth-child(3) > tr > td:nth-child(2) > div > a')
2019-02-28 09:09:39,254 - BasePage -INFO -找到页面元素--('id', 'submit_editsubmit')
2019-02-28 09:09:39,458 - BasePage -INFO -点击按钮:('id', 'submit_editsubmit')
2019-02-28 09:09:39,462 - BasePage -INFO -激活当前窗口成功
2019-02-28 09:09:39,490 - BasePage -INFO -找到页面元素--('css selector', '#frameuinfo> p:nth-child(1) > a')
2019-02-28 09:09:39,756 - BasePage -INFO -点击按钮:('css selector', '#frameuinfo> p:nth-child(1) > a')
2019-02-28 09:09:39,760 - BasePage -INFO -激活当前窗口成功
2019-02-28 09:09:39,788 - BasePage -INFO -找到页面元素--('css selector', '#um > p:nth-child(2) > a:nth-child(18)')
2019-02-28 09:09:39,976 - BasePage -INFO -点击按钮:('css selector', '#um > p:nth-child(2) > a:nth-child(18)')
2019-02-28 09:09:42,221 - BasePage -INFO -找到页面元素--('id', 'ls_username')
2019-02-28 09:09:42,281 - BasePage -INFO -输入内容：123456
2019-02-28 09:09:42,309 - BasePage -INFO -找到页面元素--('id', 'ls_password')
2019-02-28 09:09:42,363 - BasePage -INFO -输入内容：123456
2019-02-28 09:09:42,387 - BasePage -INFO -找到页面元素--('css selector', 'tbody tr:nth-child(2) td:nth-child(3) button')
2019-02-28 09:09:42,436 - BasePage -INFO -点击按钮:('css selector', 'tbody tr:nth-child(2) td:nth-child(3) button')
2019-02-28 09:09:45,442 - BasePage -INFO -激活当前窗口成功
2019-02-28 09:09:45,458 - BasePage -INFO -找到页面元素--('css selector', '#category_1 > table > tbody > tr:nth-child(1) > td:nth-child(2) > h2 > a')
2019-02-28 09:09:45,692 - BasePage -INFO -点击按钮:('css selector', '#category_1 > table > tbody > tr:nth-child(1) > td:nth-child(2) > h2 > a')
2019-02-28 09:09:45,736 - BasePage -INFO -找到页面元素--('id', 'newspecial')
2019-02-28 09:09:46,099 - BasePage -INFO -点击按钮:('id', 'newspecial')
2019-02-28 09:09:46,135 - BasePage -INFO -找到页面元素--('name', 'subject')
2019-02-28 09:09:46,199 - BasePage -INFO -输入内容：新帖2
2019-02-28 09:09:46,211 - BasePage -INFO -发现frame
2019-02-28 09:09:46,235 - BasePage -INFO -找到页面元素--('css selector', 'body')
2019-02-28 09:09:46,290 - BasePage -INFO -输入内容：新帖2的内容
2019-02-28 09:09:46,294 - BasePage -INFO -激活当前窗口成功
2019-02-28 09:09:46,322 - BasePage -INFO -找到页面元素--('id', 'postsubmit')
2019-02-28 09:09:46,417 - BasePage -INFO -点击按钮:('id', 'postsubmit')
2019-02-28 09:09:46,425 - BasePage -INFO -激活当前窗口成功
2019-02-28 09:09:47,437 - BasePage -INFO -找到页面元素--('id', 'fastpostmessage')
2019-02-28 09:09:47,642 - BasePage -INFO -输入内容：新帖2的回复内容
2019-02-28 09:09:47,670 - BasePage -INFO -找到页面元素--('id', 'fastpostsubmit')
2019-02-28 09:09:47,866 - BasePage -INFO -点击按钮:('id', 'fastpostsubmit')
2019-02-28 09:09:47,866 - BrowserEngine -INFO -Now Close and quit the browser.
2019-02-28 09:09:49,968 - BrowserEngine -INFO -You had select Chrome browser.
2019-02-28 09:09:49,968 - BrowserEngine -INFO -The text url is http://127.0.0.1/forum.php.
2019-02-28 09:09:53,181 - BrowserEngine -INFO -Starting Chrome browser.
2019-02-28 09:09:53,694 - BrowserEngine -INFO -Open url: http://127.0.0.1/forum.php.
2019-02-28 09:09:54,861 - BrowserEngine -INFO -Maximize the current window
2019-02-28 09:09:54,861 - BrowserEngine -INFO -Set implicitly wait 10 seconds.
2019-02-28 09:09:54,923 - BasePage -INFO -找到页面元素--('id', 'ls_username')
2019-02-28 09:09:55,006 - BasePage -INFO -输入内容：123456
2019-02-28 09:09:55,030 - BasePage -INFO -找到页面元素--('id', 'ls_password')
2019-02-28 09:09:55,086 - BasePage -INFO -输入内容：123456
2019-02-28 09:09:55,114 - BasePage -INFO -找到页面元素--('css selector', 'tbody tr:nth-child(2) td:nth-child(3) button')
2019-02-28 09:09:55,164 - BasePage -INFO -点击按钮:('css selector', 'tbody tr:nth-child(2) td:nth-child(3) button')
2019-02-28 09:09:59,249 - BasePage -INFO -找到页面元素--('css selector', '#scbar_txt')
2019-02-28 09:09:59,313 - BasePage -INFO -输入内容：haotest
2019-02-28 09:09:59,341 - BasePage -INFO -找到页面元素--('id', 'scbar_btn')
2019-02-28 09:09:59,402 - BasePage -INFO -点击按钮:('id', 'scbar_btn')
2019-02-28 09:09:59,410 - BasePage -INFO -激活第1个窗口成功
2019-02-28 09:09:59,414 - BasePage -INFO -激活当前窗口成功
2019-02-28 09:10:00,527 - BasePage -INFO -找到页面元素--('css selector', 'h3 a')
2019-02-28 09:10:00,594 - BasePage -INFO -点击按钮:('css selector', 'h3 a')
2019-02-28 09:10:00,602 - BasePage -INFO -激活第2个窗口成功
2019-02-28 09:10:00,606 - BasePage -INFO -激活当前窗口成功
2019-02-28 09:10:01,653 - BasePage -INFO -找到页面元素--('id', 'thread_subject')
2019-02-28 09:10:01,686 - BasePage -INFO -获取<selenium.webdriver.remote.webelement.WebElement (session="ae1505866d8627d957c40cd441365e57", element="0.48143152316009763-1")>元素text成功。
2019-02-28 09:10:01,686 - BrowserEngine -INFO -Now Close and quit the browser.
2019-02-28 09:10:03,780 - BrowserEngine -INFO -You had select Chrome browser.
2019-02-28 09:10:03,780 - BrowserEngine -INFO -The text url is http://127.0.0.1/forum.php.
2019-02-28 09:10:06,967 - BrowserEngine -INFO -Starting Chrome browser.
2019-02-28 09:10:07,415 - BrowserEngine -INFO -Open url: http://127.0.0.1/forum.php.
2019-02-28 09:10:08,538 - BrowserEngine -INFO -Maximize the current window
2019-02-28 09:10:08,538 - BrowserEngine -INFO -Set implicitly wait 10 seconds.
2019-02-28 09:10:08,553 - BasePage -INFO -找到页面元素--('id', 'ls_username')
2019-02-28 09:10:08,636 - BasePage -INFO -输入内容：123456
2019-02-28 09:10:08,664 - BasePage -INFO -找到页面元素--('id', 'ls_password')
2019-02-28 09:10:08,714 - BasePage -INFO -输入内容：123456
2019-02-28 09:10:08,742 - BasePage -INFO -找到页面元素--('css selector', 'tbody tr:nth-child(2) td:nth-child(3) button')
2019-02-28 09:10:08,799 - BasePage -INFO -点击按钮:('css selector', 'tbody tr:nth-child(2) td:nth-child(3) button')
2019-02-28 09:10:08,807 - BasePage -INFO -激活当前窗口成功
2019-02-28 09:10:11,844 - BasePage -INFO -找到页面元素--('xpath', '//*[@id="category_1"]/table/tbody/tr[1]/td[2]/h2/a')
2019-02-28 09:10:12,181 - BasePage -INFO -点击按钮:('xpath', '//*[@id="category_1"]/table/tbody/tr[1]/td[2]/h2/a')
2019-02-28 09:10:12,233 - BasePage -INFO -找到页面元素--('id', 'newspecial')
2019-02-28 09:10:12,265 - BasePage -INFO -悬停成功
2019-02-28 09:10:12,305 - BasePage -INFO -找到页面元素--('css selector', '#newspecial_menu > li.poll > a')
2019-02-28 09:10:12,705 - BasePage -INFO -点击按钮:('css selector', '#newspecial_menu > li.poll > a')
2019-02-28 09:10:12,709 - BasePage -INFO -激活当前窗口成功
2019-02-28 09:10:12,749 - BasePage -INFO -找到页面元素--('name', 'subject')
2019-02-28 09:10:12,855 - BasePage -INFO -输入内容：学习
2019-02-28 09:10:12,899 - BasePage -INFO -找到页面元素--('css selector', '#pollm_c_1 > p:nth-child(1) > input')
2019-02-28 09:10:13,004 - BasePage -INFO -输入内容：python
2019-02-28 09:10:13,036 - BasePage -INFO -找到页面元素--('css selector', '#pollm_c_1 > p:nth-child(2) > input')
2019-02-28 09:10:13,112 - BasePage -INFO -输入内容：软件测试
2019-02-28 09:10:13,148 - BasePage -INFO -找到页面元素--('css selector', '#pollm_c_1 > p:nth-child(3) > input')
2019-02-28 09:10:13,244 - BasePage -INFO -输入内容：UI自动化测试
2019-02-28 09:10:13,276 - BasePage -INFO -找到页面元素--('id', 'postsubmit')
2019-02-28 09:10:13,404 - BasePage -INFO -点击按钮:('id', 'postsubmit')
2019-02-28 09:10:14,375 - BasePage -INFO -找到页面元素--('id', 'option_1')
2019-02-28 09:10:14,445 - BasePage -INFO -点击按钮:('id', 'option_1')
2019-02-28 09:10:14,481 - BasePage -INFO -找到页面元素--('name', 'pollsubmit')
2019-02-28 09:10:15,145 - BasePage -INFO -点击按钮:('name', 'pollsubmit')
2019-02-28 09:10:15,145 - BasePage -INFO -激活当前窗口成功
2019-02-28 09:10:15,186 - BasePage -INFO -找到页面元素--('id', 'thread_subject')
2019-02-28 09:10:15,213 - BasePage -INFO -获取<selenium.webdriver.remote.webelement.WebElement (session="c4bc037d64a6ed1450c437e5ea5c3711", element="0.4572037032218583-1")>元素text成功。
2019-02-28 09:10:15,264 - BasePage -INFO -找到页面元素--('css selector', 'td.pvt label')
2019-02-28 09:10:15,347 - BasePage -INFO -找到页面元素--('css selector', 'div.pcbs form  tr > td:nth-child(2)')
2019-02-28 09:10:15,388 - BasePage -INFO -获取<selenium.webdriver.remote.webelement.WebElement (session="c4bc037d64a6ed1450c437e5ea5c3711", element="0.4572037032218583-2")>元素text成功。
2019-02-28 09:10:15,412 - BasePage -INFO -获取<selenium.webdriver.remote.webelement.WebElement (session="c4bc037d64a6ed1450c437e5ea5c3711", element="0.4572037032218583-6")>元素text成功。
2019-02-28 09:10:15,432 - BasePage -INFO -获取<selenium.webdriver.remote.webelement.WebElement (session="c4bc037d64a6ed1450c437e5ea5c3711", element="0.4572037032218583-3")>元素text成功。
2019-02-28 09:10:15,453 - BasePage -INFO -获取<selenium.webdriver.remote.webelement.WebElement (session="c4bc037d64a6ed1450c437e5ea5c3711", element="0.4572037032218583-8")>元素text成功。
2019-02-28 09:10:15,478 - BasePage -INFO -获取<selenium.webdriver.remote.webelement.WebElement (session="c4bc037d64a6ed1450c437e5ea5c3711", element="0.4572037032218583-4")>元素text成功。
2019-02-28 09:10:15,498 - BasePage -INFO -获取<selenium.webdriver.remote.webelement.WebElement (session="c4bc037d64a6ed1450c437e5ea5c3711", element="0.4572037032218583-10")>元素text成功。
2019-02-28 09:10:15,498 - BrowserEngine -INFO -Now Close and quit the browser.
