2019-02-27 11:33:14,379 - BrowserEngine -INFO -You had select Chrome browser.
2019-02-27 11:33:14,380 - BrowserEngine -INFO -The text url is http://127.0.0.1/forum.php.
2019-02-27 11:33:17,649 - BrowserEngine -INFO -Starting Chrome browser.
2019-02-27 11:33:18,043 - BrowserEngine -INFO -Open url: http://127.0.0.1/forum.php.
2019-02-27 11:33:19,182 - BrowserEngine -INFO -Maximize the current window
2019-02-27 11:33:19,183 - BrowserEngine -INFO -Set implicitly wait 10 seconds.
2019-02-27 11:33:19,217 - BasePage -INFO -找到页面元素--('id', 'ls_username')
2019-02-27 11:33:19,284 - BasePage -INFO -输入内容：admin
2019-02-27 11:33:19,319 - BasePage -INFO -找到页面元素--('id', 'ls_password')
2019-02-27 11:33:19,373 - BasePage -INFO -输入内容：admin
2019-02-27 11:33:19,403 - BasePage -INFO -找到页面元素--('css selector', 'tbody tr:nth-child(2) td:nth-child(3) button')
2019-02-27 11:33:19,459 - BasePage -INFO -点击按钮:('css selector', 'tbody tr:nth-child(2) td:nth-child(3) button')
2019-02-27 11:33:19,465 - BasePage -INFO -激活当前窗口成功
2019-02-27 11:33:22,501 - BasePage -INFO -找到页面元素--('xpath', '//*[@id="category_1"]/table/tbody/tr[1]/td[2]/h2/a')
2019-02-27 11:33:22,835 - BasePage -INFO -点击按钮:('xpath', '//*[@id="category_1"]/table/tbody/tr[1]/td[2]/h2/a')
2019-02-27 11:33:22,839 - BasePage -INFO -激活当前窗口成功
2019-02-27 11:33:25,908 - BasePage -INFO -找到页面元素--('name', 'moderate[]')
2019-02-27 11:33:25,955 - BasePage -INFO -点击按钮:('name', 'moderate[]')
2019-02-27 11:33:25,993 - BasePage -INFO -找到页面元素--('css selector', '#mdly > p:nth-child(6) > strong:nth-child(1) > a')
2019-02-27 11:33:26,175 - BasePage -INFO -点击按钮:('css selector', '#mdly > p:nth-child(6) > strong:nth-child(1) > a')
2019-02-27 11:33:26,221 - BasePage -INFO -找到页面元素--('name', 'modsubmit')
2019-02-27 11:33:26,617 - BasePage -INFO -点击按钮:('name', 'modsubmit')
2019-02-27 11:33:26,622 - BasePage -INFO -激活当前窗口成功
2019-02-27 11:33:26,676 - BasePage -INFO -找到页面元素--('xpath', '//*[@id="um"]/p[1]/a[6]')
2019-02-27 11:33:26,767 - BasePage -INFO -点击按钮:('xpath', '//*[@id="um"]/p[1]/a[6]')
2019-02-27 11:33:26,773 - BasePage -INFO -激活第1个窗口成功
2019-02-27 11:33:26,777 - BasePage -INFO -激活当前窗口成功
2019-02-27 11:33:27,828 - BasePage -INFO -找到页面元素--('id', 'header_forum')
2019-02-27 11:33:27,883 - BasePage -INFO -点击按钮:('id', 'header_forum')
2019-02-27 11:33:27,887 - BasePage -INFO -激活当前窗口成功
2019-02-27 11:33:34,945 - BasePage -ERROR -<pageobjects.discuz02.TwoDiscuz object at 0x0000027E1E52AB38>页面中没有找到('css selector', 'menu_forum > li:nth-child(1) > a')元素
2019-02-27 11:33:34,946 - BasePage -ERROR -点击按钮失败:('css selector', 'menu_forum > li:nth-child(1) > a')
2019-02-27 11:33:34,955 - BasePage -INFO -激活当前窗口成功
2019-02-27 11:33:42,039 - BasePage -ERROR -<pageobjects.discuz02.TwoDiscuz object at 0x0000027E1E52AB38>页面中没有找到('css selector', 'cpform > table > tbody:nth-child(3) > tr > td:nth-child(2) > div > a')元素
2019-02-27 11:33:42,040 - BasePage -ERROR -点击按钮失败:('css selector', 'cpform > table > tbody:nth-child(3) > tr > td:nth-child(2) > div > a')
2019-02-27 11:33:49,105 - BasePage -ERROR -<pageobjects.discuz02.TwoDiscuz object at 0x0000027E1E52AB38>页面中没有找到('id', 'submit_editsubmit')元素
2019-02-27 11:33:49,105 - BasePage -ERROR -点击按钮失败:('id', 'submit_editsubmit')
2019-02-27 11:33:56,155 - BasePage -ERROR -<pageobjects.discuz02.TwoDiscuz object at 0x0000027E1E52AB38>页面中没有找到('css selector', 'frameuinfo > p.btnlink > a')元素
2019-02-27 11:33:56,156 - BasePage -ERROR -点击按钮失败:('css selector', 'frameuinfo > p.btnlink > a')
2019-02-27 11:33:56,192 - BasePage -INFO -激活当前窗口成功
2019-02-27 11:33:56,220 - BasePage -INFO -激活当前窗口成功
2019-02-27 11:34:03,280 - BasePage -ERROR -<pageobjects.discuz01.OneDiscuz object at 0x0000027E1E52A6D8>页面中没有找到('css selector', 'um > p:nth-child(2) > a:nth-child(12)')元素
2019-02-27 11:34:03,280 - BasePage -ERROR -点击按钮失败:('css selector', 'um > p:nth-child(2) > a:nth-child(12)')
2019-02-27 11:34:10,337 - BasePage -ERROR -<pageobjects.discuz01.OneDiscuz object at 0x0000027E1E52A6D8>页面中没有找到('id', 'ls_username')元素
2019-02-27 11:34:10,337 - BasePage -ERROR -failed输入内容：'NoneType' object has no attribute 'send_keys'
2019-02-27 11:34:11,835 - BasePage -ERROR -<pageobjects.discuz01.OneDiscuz object at 0x0000027E1E52A6D8>页面中没有找到('id', 'ls_password')元素
2019-02-27 11:34:11,836 - BasePage -ERROR -failed输入内容：'NoneType' object has no attribute 'send_keys'
2019-02-27 11:34:11,838 - BasePage -ERROR -<pageobjects.discuz01.OneDiscuz object at 0x0000027E1E52A6D8>页面中没有找到('css selector', 'tbody tr:nth-child(2) td:nth-child(3) button')元素
2019-02-27 11:34:11,838 - BasePage -ERROR -点击按钮失败:('css selector', 'tbody tr:nth-child(2) td:nth-child(3) button')
2019-02-27 11:34:11,840 - BrowserEngine -INFO -Now Close and quit the browser.
