2019-03-01 11:03:51,514 - BrowserEngine -INFO -You had select Chrome browser.
2019-03-01 11:03:51,514 - BrowserEngine -INFO -The text url is http://127.0.0.1/forum.php.
2019-03-01 11:03:54,699 - BrowserEngine -INFO -Starting Chrome browser.
2019-03-01 11:03:55,137 - BrowserEngine -INFO -Open url: http://127.0.0.1/forum.php.
2019-03-01 11:03:56,251 - BrowserEngine -INFO -Maximize the current window
2019-03-01 11:03:56,252 - BrowserEngine -INFO -Set implicitly wait 10 seconds.
2019-03-01 11:03:56,282 - BasePage -INFO -找到页面元素--('id', 'ls_username')
2019-03-01 11:03:56,351 - BasePage -INFO -输入内容：123456
2019-03-01 11:03:56,380 - BasePage -INFO -找到页面元素--('id', 'ls_password')
2019-03-01 11:03:56,435 - BasePage -INFO -输入内容：123456
2019-03-01 11:03:56,468 - BasePage -INFO -找到页面元素--('css selector', 'tbody tr:nth-child(2) td:nth-child(3) button')
2019-03-01 11:03:56,519 - BasePage -INFO -点击按钮:('css selector', 'tbody tr:nth-child(2) td:nth-child(3) button')
2019-03-01 11:03:56,523 - BasePage -INFO -激活当前窗口成功
2019-03-01 11:03:56,964 - BasePage -INFO -找到页面元素--('css selector', '#um > p:nth-child(2) > strong > a')
2019-03-01 11:03:56,991 - BasePage -INFO -获取<selenium.webdriver.remote.webelement.WebElement (session="dd23c808460ae6668ae7994b0b39dddd", element="0.5527353441382941-1")>元素text成功。
2019-03-01 11:04:00,019 - BasePage -INFO -找到页面元素--('xpath', '//*[@id="category_1"]/table/tbody/tr[1]/td[2]/h2/a')
2019-03-01 11:04:00,042 - BasePage -INFO -获取<selenium.webdriver.remote.webelement.WebElement (session="dd23c808460ae6668ae7994b0b39dddd", element="0.5527353441382941-2")>元素text成功。
2019-03-01 11:04:00,057 - BasePage -INFO -找到页面元素--('xpath', '//*[@id="category_1"]/table/tbody/tr[1]/td[2]/h2/a')
2019-03-01 11:04:00,409 - BasePage -INFO -点击按钮:('xpath', '//*[@id="category_1"]/table/tbody/tr[1]/td[2]/h2/a')
2019-03-01 11:04:00,415 - BasePage -INFO -激活当前窗口成功
2019-03-01 11:04:00,440 - BasePage -INFO -找到页面元素--('css selector', '#ct > div > div.bm.bml.pbn > div > h1 > a')
2019-03-01 11:04:00,464 - BasePage -INFO -获取<selenium.webdriver.remote.webelement.WebElement (session="dd23c808460ae6668ae7994b0b39dddd", element="0.2952888309555126-1")>元素text成功。
2019-03-01 11:04:00,491 - BasePage -INFO -找到页面元素--('id', 'newspecial')
2019-03-01 11:04:00,517 - BasePage -INFO -悬停成功
2019-03-01 11:04:00,551 - BasePage -INFO -找到页面元素--('css selector', '#newspecial_menu > li:nth-child(1) > a')
2019-03-01 11:04:00,871 - BasePage -INFO -点击按钮:('css selector', '#newspecial_menu > li:nth-child(1) > a')
2019-03-01 11:04:00,904 - BasePage -INFO -找到页面元素--('name', 'subject')
2019-03-01 11:04:00,965 - BasePage -INFO -输入内容：新帖1
2019-03-01 11:04:00,976 - BasePage -INFO -发现frame
2019-03-01 11:04:00,999 - BasePage -INFO -找到页面元素--('css selector', 'body')
2019-03-01 11:04:01,054 - BasePage -INFO -输入内容：新帖的内容
2019-03-01 11:04:01,058 - BasePage -INFO -激活当前窗口成功
2019-03-01 11:04:01,087 - BasePage -INFO -找到页面元素--('id', 'postsubmit')
2019-03-01 11:04:01,189 - BasePage -INFO -点击按钮:('id', 'postsubmit')
2019-03-01 11:04:01,194 - BasePage -INFO -激活当前窗口成功
2019-03-01 11:04:02,435 - BasePage -INFO -找到页面元素--('id', 'thread_subject')
2019-03-01 11:04:02,472 - BasePage -INFO -获取<selenium.webdriver.remote.webelement.WebElement (session="dd23c808460ae6668ae7994b0b39dddd", element="0.3371794610295398-1")>元素text成功。
2019-03-01 11:04:18,476 - BasePage -INFO -激活当前窗口成功
2019-03-01 11:04:18,504 - BasePage -INFO -找到页面元素--('id', 'fastpostmessage')
2019-03-01 11:04:18,579 - BasePage -INFO -输入内容：回复新帖1内容....
2019-03-01 11:04:18,612 - BasePage -INFO -找到页面元素--('id', 'fastpostsubmit')
2019-03-01 11:04:18,891 - BasePage -INFO -点击按钮:('id', 'fastpostsubmit')
2019-03-01 11:04:18,894 - BasePage -INFO -激活当前窗口成功
2019-03-01 11:04:18,921 - BasePage -INFO -找到页面元素--('css selector', '.t_fsz')
2019-03-01 11:04:18,953 - BasePage -INFO -获取<selenium.webdriver.remote.webelement.WebElement (session="dd23c808460ae6668ae7994b0b39dddd", element="0.3371794610295398-4")>元素text成功。
2019-03-01 11:04:18,953 - BrowserEngine -INFO -Now Close and quit the browser.
