2019-02-27 08:58:14,723 - BrowserEngine -INFO -You had select Chrome browser.
2019-02-27 08:58:14,723 - BrowserEngine -INFO -The text url is http://127.0.0.1/forum.php.
2019-02-27 08:58:18,481 - BrowserEngine -INFO -Starting Chrome browser.
2019-02-27 08:58:19,745 - BrowserEngine -INFO -Open url: http://127.0.0.1/forum.php.
2019-02-27 08:58:20,877 - BrowserEngine -INFO -Maximize the current window
2019-02-27 08:58:20,877 - BrowserEngine -INFO -Set implicitly wait 10 seconds.
2019-02-27 08:58:26,422 - BasePage -ERROR -<pageobjects.discuz01.OneDiscuz object at 0x00000197C5668208>页面中没有找到('id', 'ls_username')元素
2019-02-27 08:58:26,516 - BasePage -ERROR -failed输入内容：'NoneType' object has no attribute 'send_keys'
2019-02-27 08:58:32,079 - BasePage -ERROR -<pageobjects.discuz01.OneDiscuz object at 0x00000197C5668208>页面中没有找到('id', 'ls_password')元素
2019-02-27 08:58:32,079 - BasePage -ERROR -failed输入内容：'NoneType' object has no attribute 'send_keys'
2019-02-27 08:58:37,627 - BasePage -ERROR -<pageobjects.discuz01.OneDiscuz object at 0x00000197C5668208>页面中没有找到('css selector', 'tbody tr:nth-child(2) td:nth-child(3) button')元素
2019-02-27 08:58:37,627 - BrowserEngine -INFO -Now Close and quit the browser.
2019-02-27 08:58:44,549 - BrowserEngine -INFO -You had select Chrome browser.
2019-02-27 08:58:44,549 - BrowserEngine -INFO -The text url is http://127.0.0.1/forum.php.
2019-02-27 08:58:47,830 - BrowserEngine -INFO -Starting Chrome browser.
2019-02-27 08:58:48,317 - BrowserEngine -INFO -Open url: http://127.0.0.1/forum.php.
2019-02-27 08:58:49,463 - BrowserEngine -INFO -Maximize the current window
2019-02-27 08:58:49,463 - BrowserEngine -INFO -Set implicitly wait 10 seconds.
2019-02-27 08:58:49,491 - BasePage -INFO -找到页面元素--('id', 'ls_username')
2019-02-27 08:58:49,574 - BasePage -INFO -输入内容：123456
2019-02-27 08:58:49,602 - BasePage -INFO -找到页面元素--('id', 'ls_password')
2019-02-27 08:58:49,651 - BasePage -INFO -输入内容：123456
2019-02-27 08:58:49,683 - BasePage -INFO -找到页面元素--('css selector', 'tbody tr:nth-child(2) td:nth-child(3) button')
2019-02-27 08:58:49,735 - BasePage -INFO -点击按钮:('css selector', 'tbody tr:nth-child(2) td:nth-child(3) button')
2019-02-27 08:58:49,739 - BasePage -INFO -激活当前窗口成功
2019-02-27 08:58:49,771 - BasePage -INFO -找到页面元素--('xpath', '//*[@id="category_1"]/table/tbody/tr[1]/td[2]/h2/a')
2019-02-27 08:58:50,099 - BasePage -INFO -点击按钮:('xpath', '//*[@id="category_1"]/table/tbody/tr[1]/td[2]/h2/a')
2019-02-27 08:58:57,123 - BasePage -ERROR -<pageobjects.discuz01.OneDiscuz object at 0x0000020D7FA4BE80>页面中没有找到('css selector', 'newspecial_menu > li:nth-child(1) > a')元素
2019-02-27 08:58:57,123 - BrowserEngine -INFO -Now Close and quit the browser.
