2019-02-27 21:00:47,278 - BrowserEngine -INFO -You had select Chrome browser.
2019-02-27 21:00:47,279 - BrowserEngine -INFO -The text url is http://127.0.0.1/forum.php.
2019-02-27 21:00:50,463 - BrowserEngine -INFO -Starting Chrome browser.
2019-02-27 21:00:50,905 - BrowserEngine -INFO -Open url: http://127.0.0.1/forum.php.
2019-02-27 21:00:52,018 - BrowserEngine -INFO -Maximize the current window
2019-02-27 21:00:52,020 - BrowserEngine -INFO -Set implicitly wait 10 seconds.
2019-02-27 21:00:52,056 - BasePage -INFO -找到页面元素--('id', 'ls_username')
2019-02-27 21:00:52,140 - BasePage -INFO -输入内容：123456
2019-02-27 21:00:52,176 - BasePage -INFO -找到页面元素--('id', 'ls_password')
2019-02-27 21:00:52,251 - BasePage -INFO -输入内容：123456
2019-02-27 21:00:52,294 - BasePage -INFO -找到页面元素--('css selector', 'tbody tr:nth-child(2) td:nth-child(3) button')
2019-02-27 21:00:52,364 - BasePage -INFO -点击按钮:('css selector', 'tbody tr:nth-child(2) td:nth-child(3) button')
2019-02-27 21:00:52,369 - BasePage -INFO -激活当前窗口成功
2019-02-27 21:00:55,400 - BasePage -INFO -找到页面元素--('xpath', '//*[@id="category_1"]/table/tbody/tr[1]/td[2]/h2/a')
2019-02-27 21:00:55,685 - BasePage -INFO -点击按钮:('xpath', '//*[@id="category_1"]/table/tbody/tr[1]/td[2]/h2/a')
2019-02-27 21:00:55,766 - BasePage -INFO -找到页面元素--('id', 'newspecial')
2019-02-27 21:00:56,135 - BasePage -INFO -点击按钮:('id', 'newspecial')
2019-02-27 21:00:56,170 - BasePage -INFO -找到页面元素--('name', 'subject')
2019-02-27 21:00:56,245 - BasePage -INFO -输入内容：新帖1
2019-02-27 21:00:56,261 - BasePage -INFO -发现frame
2019-02-27 21:00:56,289 - BasePage -INFO -找到页面元素--('css selector', 'body')
2019-02-27 21:00:56,351 - BasePage -INFO -输入内容：新帖的内容
2019-02-27 21:00:56,354 - BasePage -INFO -激活当前窗口成功
2019-02-27 21:00:56,383 - BasePage -INFO -找到页面元素--('id', 'postsubmit')
2019-02-27 21:00:56,489 - BasePage -INFO -点击按钮:('id', 'postsubmit')
2019-02-27 21:00:56,497 - BasePage -INFO -激活当前窗口成功
2019-02-27 21:00:57,473 - BasePage -INFO -找到页面元素--('id', 'fastpostmessage')
2019-02-27 21:00:57,553 - BasePage -INFO -输入内容：回复新帖1内容....
2019-02-27 21:00:57,591 - BasePage -INFO -找到页面元素--('id', 'fastpostsubmit')
2019-02-27 21:00:57,804 - BasePage -INFO -点击按钮:('id', 'fastpostsubmit')
2019-02-27 21:00:57,808 - BasePage -INFO -激活当前窗口成功
2019-02-27 21:01:04,868 - BasePage -ERROR -<pageobjects.discuz01.OneDiscuz object at 0x000001EB757360B8>页面中没有找到('css selector', 'um > p:nth-child(2) > a:nth-child(12)')元素
2019-02-27 21:01:04,868 - BasePage -ERROR -点击按钮失败:('css selector', 'um > p:nth-child(2) > a:nth-child(12)')
2019-02-27 21:01:04,869 - BrowserEngine -INFO -Now Close and quit the browser.
