2019-02-27 09:03:31,752 - BrowserEngine -INFO -You had select Chrome browser.
2019-02-27 09:03:31,753 - BrowserEngine -INFO -The text url is http://127.0.0.1/forum.php.
2019-02-27 09:03:35,023 - BrowserEngine -INFO -Starting Chrome browser.
2019-02-27 09:03:35,433 - BrowserEngine -INFO -Open url: http://127.0.0.1/forum.php.
2019-02-27 09:03:36,547 - BrowserEngine -INFO -Maximize the current window
2019-02-27 09:03:36,548 - BrowserEngine -INFO -Set implicitly wait 10 seconds.
2019-02-27 09:03:36,584 - BasePage -INFO -找到页面元素--('id', 'ls_username')
2019-02-27 09:03:36,659 - BasePage -INFO -输入内容：123456
2019-02-27 09:03:36,689 - BasePage -INFO -找到页面元素--('id', 'ls_password')
2019-02-27 09:03:36,743 - BasePage -INFO -输入内容：123456
2019-02-27 09:03:36,778 - BasePage -INFO -找到页面元素--('css selector', 'tbody tr:nth-child(2) td:nth-child(3) button')
2019-02-27 09:03:36,828 - BasePage -INFO -点击按钮:('css selector', 'tbody tr:nth-child(2) td:nth-child(3) button')
2019-02-27 09:03:36,832 - BasePage -INFO -激活当前窗口成功
2019-02-27 09:03:39,864 - BasePage -INFO -找到页面元素--('xpath', '//*[@id="category_1"]/table/tbody/tr[1]/td[2]/h2/a')
2019-02-27 09:03:40,146 - BasePage -INFO -点击按钮:('xpath', '//*[@id="category_1"]/table/tbody/tr[1]/td[2]/h2/a')
2019-02-27 09:03:40,215 - BasePage -INFO -找到页面元素--('id', 'newspecial')
2019-02-27 09:03:40,564 - BasePage -INFO -点击按钮:('id', 'newspecial')
2019-02-27 09:03:40,598 - BasePage -INFO -找到页面元素--('name', 'subject')
2019-02-27 09:03:40,680 - BasePage -INFO -输入内容：新帖1
2019-02-27 09:03:40,693 - BasePage -INFO -发现frame
2019-02-27 09:03:40,720 - BasePage -INFO -找到页面元素--('css selector', 'body')
2019-02-27 09:03:40,779 - BasePage -INFO -输入内容：新帖的内容
2019-02-27 09:03:47,842 - BasePage -ERROR -<pageobjects.discuz01.OneDiscuz object at 0x000002621762BE80>页面中没有找到('id', 'postsubmit')元素
2019-02-27 09:03:47,842 - BrowserEngine -INFO -Now Close and quit the browser.
