2019-02-27 11:36:23,588 - BrowserEngine -INFO -You had select Chrome browser.
2019-02-27 11:36:23,588 - BrowserEngine -INFO -The text url is http://127.0.0.1/forum.php.
2019-02-27 11:36:26,803 - BrowserEngine -INFO -Starting Chrome browser.
2019-02-27 11:36:27,229 - BrowserEngine -INFO -Open url: http://127.0.0.1/forum.php.
2019-02-27 11:36:28,372 - BrowserEngine -INFO -Maximize the current window
2019-02-27 11:36:28,374 - BrowserEngine -INFO -Set implicitly wait 10 seconds.
2019-02-27 11:36:28,410 - BasePage -INFO -找到页面元素--('id', 'ls_username')
2019-02-27 11:36:28,486 - BasePage -INFO -输入内容：admin
2019-02-27 11:36:28,515 - BasePage -INFO -找到页面元素--('id', 'ls_password')
2019-02-27 11:36:28,568 - BasePage -INFO -输入内容：admin
2019-02-27 11:36:28,597 - BasePage -INFO -找到页面元素--('css selector', 'tbody tr:nth-child(2) td:nth-child(3) button')
2019-02-27 11:36:28,646 - BasePage -INFO -点击按钮:('css selector', 'tbody tr:nth-child(2) td:nth-child(3) button')
2019-02-27 11:36:28,651 - BasePage -INFO -激活当前窗口成功
2019-02-27 11:36:31,694 - BasePage -INFO -找到页面元素--('xpath', '//*[@id="category_1"]/table/tbody/tr[1]/td[2]/h2/a')
2019-02-27 11:36:32,074 - BasePage -INFO -点击按钮:('xpath', '//*[@id="category_1"]/table/tbody/tr[1]/td[2]/h2/a')
2019-02-27 11:36:32,078 - BasePage -INFO -激活当前窗口成功
2019-02-27 11:36:35,107 - BasePage -INFO -找到页面元素--('name', 'moderate[]')
2019-02-27 11:36:35,157 - BasePage -INFO -点击按钮:('name', 'moderate[]')
2019-02-27 11:36:35,200 - BasePage -INFO -找到页面元素--('css selector', '#mdly > p:nth-child(6) > strong:nth-child(1) > a')
2019-02-27 11:36:35,371 - BasePage -INFO -点击按钮:('css selector', '#mdly > p:nth-child(6) > strong:nth-child(1) > a')
2019-02-27 11:36:35,422 - BasePage -INFO -找到页面元素--('name', 'modsubmit')
2019-02-27 11:36:35,852 - BasePage -INFO -点击按钮:('name', 'modsubmit')
2019-02-27 11:36:35,859 - BasePage -INFO -激活当前窗口成功
2019-02-27 11:36:35,912 - BasePage -INFO -找到页面元素--('xpath', '//*[@id="um"]/p[1]/a[6]')
2019-02-27 11:36:36,037 - BasePage -INFO -点击按钮:('xpath', '//*[@id="um"]/p[1]/a[6]')
2019-02-27 11:36:36,043 - BasePage -INFO -激活第1个窗口成功
2019-02-27 11:36:36,050 - BasePage -INFO -激活当前窗口成功
2019-02-27 11:36:37,113 - BasePage -INFO -找到页面元素--('id', 'header_forum')
2019-02-27 11:36:37,187 - BasePage -INFO -点击按钮:('id', 'header_forum')
2019-02-27 11:36:37,191 - BasePage -INFO -激活当前窗口成功
2019-02-27 11:36:37,212 - BasePage -INFO -发现frame
2019-02-27 11:36:44,287 - BasePage -ERROR -<pageobjects.discuz02.TwoDiscuz object at 0x00000189FA4AA6D8>页面中没有找到('css selector', 'cpform > table > tbody:nth-child(3) > tr > td:nth-child(2) > div > a')元素
2019-02-27 11:36:44,288 - BasePage -ERROR -点击按钮失败:('css selector', 'cpform > table > tbody:nth-child(3) > tr > td:nth-child(2) > div > a')
2019-02-27 11:36:44,364 - BasePage -INFO -找到页面元素--('id', 'submit_editsubmit')
2019-02-27 11:36:44,580 - BasePage -INFO -点击按钮:('id', 'submit_editsubmit')
2019-02-27 11:36:51,241 - BasePage -ERROR -<pageobjects.discuz02.TwoDiscuz object at 0x00000189FA4AA6D8>页面中没有找到('css selector', 'frameuinfo > p.btnlink > a')元素
2019-02-27 11:36:51,241 - BasePage -ERROR -点击按钮失败:('css selector', 'frameuinfo > p.btnlink > a')
2019-02-27 11:36:51,244 - BasePage -INFO -激活当前窗口成功
2019-02-27 11:36:51,247 - BasePage -INFO -激活当前窗口成功
2019-02-27 11:36:58,329 - BasePage -ERROR -<pageobjects.discuz01.OneDiscuz object at 0x00000189F961BE80>页面中没有找到('css selector', 'um > p:nth-child(2) > a:nth-child(12)')元素
2019-02-27 11:36:58,331 - BasePage -ERROR -点击按钮失败:('css selector', 'um > p:nth-child(2) > a:nth-child(12)')
2019-02-27 11:37:05,420 - BasePage -ERROR -<pageobjects.discuz01.OneDiscuz object at 0x00000189F961BE80>页面中没有找到('id', 'ls_username')元素
2019-02-27 11:37:05,421 - BasePage -ERROR -failed输入内容：'NoneType' object has no attribute 'send_keys'
2019-02-27 11:37:12,470 - BasePage -ERROR -<pageobjects.discuz01.OneDiscuz object at 0x00000189F961BE80>页面中没有找到('id', 'ls_password')元素
2019-02-27 11:37:12,471 - BasePage -ERROR -failed输入内容：'NoneType' object has no attribute 'send_keys'
2019-02-27 11:37:19,510 - BasePage -ERROR -<pageobjects.discuz01.OneDiscuz object at 0x00000189F961BE80>页面中没有找到('css selector', 'tbody tr:nth-child(2) td:nth-child(3) button')元素
2019-02-27 11:37:19,510 - BasePage -ERROR -点击按钮失败:('css selector', 'tbody tr:nth-child(2) td:nth-child(3) button')
2019-02-27 11:37:19,511 - BrowserEngine -INFO -Now Close and quit the browser.
