2019-02-27 20:04:56,668 - BrowserEngine -INFO -You had select Chrome browser.
2019-02-27 20:04:56,668 - BrowserEngine -INFO -You had select Chrome browser.
2019-02-27 20:04:56,668 - BrowserEngine -INFO -You had select Chrome browser.
2019-02-27 20:04:56,669 - BrowserEngine -INFO -The text url is http://127.0.0.1/forum.php.
2019-02-27 20:04:56,669 - BrowserEngine -INFO -The text url is http://127.0.0.1/forum.php.
2019-02-27 20:04:56,669 - BrowserEngine -INFO -The text url is http://127.0.0.1/forum.php.
2019-02-27 20:04:59,871 - BrowserEngine -INFO -Starting Chrome browser.
2019-02-27 20:04:59,871 - BrowserEngine -INFO -Starting Chrome browser.
2019-02-27 20:04:59,871 - BrowserEngine -INFO -Starting Chrome browser.
2019-02-27 20:05:00,280 - BrowserEngine -INFO -Open url: http://127.0.0.1/forum.php.
2019-02-27 20:05:00,280 - BrowserEngine -INFO -Open url: http://127.0.0.1/forum.php.
2019-02-27 20:05:00,280 - BrowserEngine -INFO -Open url: http://127.0.0.1/forum.php.
2019-02-27 20:05:01,396 - BrowserEngine -INFO -Maximize the current window
2019-02-27 20:05:01,396 - BrowserEngine -INFO -Maximize the current window
2019-02-27 20:05:01,396 - BrowserEngine -INFO -Maximize the current window
2019-02-27 20:05:01,397 - BrowserEngine -INFO -Set implicitly wait 10 seconds.
2019-02-27 20:05:01,397 - BrowserEngine -INFO -Set implicitly wait 10 seconds.
2019-02-27 20:05:01,397 - BrowserEngine -INFO -Set implicitly wait 10 seconds.
2019-02-27 20:05:01,426 - BasePage -INFO -找到页面元素--('id', 'ls_username')
2019-02-27 20:05:01,426 - BasePage -INFO -找到页面元素--('id', 'ls_username')
2019-02-27 20:05:01,426 - BasePage -INFO -找到页面元素--('id', 'ls_username')
2019-02-27 20:05:01,491 - BasePage -INFO -输入内容：123456
2019-02-27 20:05:01,491 - BasePage -INFO -输入内容：123456
2019-02-27 20:05:01,491 - BasePage -INFO -输入内容：123456
2019-02-27 20:05:01,518 - BasePage -INFO -找到页面元素--('id', 'ls_password')
2019-02-27 20:05:01,518 - BasePage -INFO -找到页面元素--('id', 'ls_password')
2019-02-27 20:05:01,518 - BasePage -INFO -找到页面元素--('id', 'ls_password')
2019-02-27 20:05:01,571 - BasePage -INFO -输入内容：123456
2019-02-27 20:05:01,571 - BasePage -INFO -输入内容：123456
2019-02-27 20:05:01,571 - BasePage -INFO -输入内容：123456
2019-02-27 20:05:01,600 - BasePage -INFO -找到页面元素--('css selector', 'tbody tr:nth-child(2) td:nth-child(3) button')
2019-02-27 20:05:01,600 - BasePage -INFO -找到页面元素--('css selector', 'tbody tr:nth-child(2) td:nth-child(3) button')
2019-02-27 20:05:01,600 - BasePage -INFO -找到页面元素--('css selector', 'tbody tr:nth-child(2) td:nth-child(3) button')
2019-02-27 20:05:01,650 - BasePage -INFO -点击按钮:('css selector', 'tbody tr:nth-child(2) td:nth-child(3) button')
2019-02-27 20:05:01,650 - BasePage -INFO -点击按钮:('css selector', 'tbody tr:nth-child(2) td:nth-child(3) button')
2019-02-27 20:05:01,650 - BasePage -INFO -点击按钮:('css selector', 'tbody tr:nth-child(2) td:nth-child(3) button')
2019-02-27 20:05:01,656 - BasePage -INFO -激活当前窗口成功
2019-02-27 20:05:01,656 - BasePage -INFO -激活当前窗口成功
2019-02-27 20:05:01,656 - BasePage -INFO -激活当前窗口成功
2019-02-27 20:05:04,701 - BasePage -INFO -找到页面元素--('xpath', '//*[@id="category_1"]/table/tbody/tr[1]/td[2]/h2/a')
2019-02-27 20:05:04,701 - BasePage -INFO -找到页面元素--('xpath', '//*[@id="category_1"]/table/tbody/tr[1]/td[2]/h2/a')
2019-02-27 20:05:04,701 - BasePage -INFO -找到页面元素--('xpath', '//*[@id="category_1"]/table/tbody/tr[1]/td[2]/h2/a')
2019-02-27 20:05:04,977 - BasePage -INFO -点击按钮:('xpath', '//*[@id="category_1"]/table/tbody/tr[1]/td[2]/h2/a')
2019-02-27 20:05:04,977 - BasePage -INFO -点击按钮:('xpath', '//*[@id="category_1"]/table/tbody/tr[1]/td[2]/h2/a')
2019-02-27 20:05:04,977 - BasePage -INFO -点击按钮:('xpath', '//*[@id="category_1"]/table/tbody/tr[1]/td[2]/h2/a')
2019-02-27 20:05:05,094 - BasePage -INFO -找到页面元素--('id', 'newspecial')
2019-02-27 20:05:05,094 - BasePage -INFO -找到页面元素--('id', 'newspecial')
2019-02-27 20:05:05,094 - BasePage -INFO -找到页面元素--('id', 'newspecial')
2019-02-27 20:05:05,134 - BasePage -INFO -悬停成功
2019-02-27 20:05:05,134 - BasePage -INFO -悬停成功
2019-02-27 20:05:05,134 - BasePage -INFO -悬停成功
2019-02-27 20:05:05,163 - BasePage -INFO -找到页面元素--('css selector', '#newspecial_menu > li.poll > a')
2019-02-27 20:05:05,163 - BasePage -INFO -找到页面元素--('css selector', '#newspecial_menu > li.poll > a')
2019-02-27 20:05:05,163 - BasePage -INFO -找到页面元素--('css selector', '#newspecial_menu > li.poll > a')
2019-02-27 20:05:05,511 - BasePage -INFO -点击按钮:('css selector', '#newspecial_menu > li.poll > a')
2019-02-27 20:05:05,511 - BasePage -INFO -点击按钮:('css selector', '#newspecial_menu > li.poll > a')
2019-02-27 20:05:05,511 - BasePage -INFO -点击按钮:('css selector', '#newspecial_menu > li.poll > a')
2019-02-27 20:05:05,517 - BasePage -INFO -激活当前窗口成功
2019-02-27 20:05:05,517 - BasePage -INFO -激活当前窗口成功
2019-02-27 20:05:05,517 - BasePage -INFO -激活当前窗口成功
2019-02-27 20:05:05,549 - BasePage -INFO -找到页面元素--('name', 'subject')
2019-02-27 20:05:05,549 - BasePage -INFO -找到页面元素--('name', 'subject')
2019-02-27 20:05:05,549 - BasePage -INFO -找到页面元素--('name', 'subject')
2019-02-27 20:05:05,609 - BasePage -INFO -输入内容：学习
2019-02-27 20:05:05,609 - BasePage -INFO -输入内容：学习
2019-02-27 20:05:05,609 - BasePage -INFO -输入内容：学习
2019-02-27 20:05:05,638 - BasePage -INFO -找到页面元素--('css selector', '#pollm_c_1 > p:nth-child(1) > input')
2019-02-27 20:05:05,638 - BasePage -INFO -找到页面元素--('css selector', '#pollm_c_1 > p:nth-child(1) > input')
2019-02-27 20:05:05,638 - BasePage -INFO -找到页面元素--('css selector', '#pollm_c_1 > p:nth-child(1) > input')
2019-02-27 20:05:05,708 - BasePage -INFO -输入内容：python
2019-02-27 20:05:05,708 - BasePage -INFO -输入内容：python
2019-02-27 20:05:05,708 - BasePage -INFO -输入内容：python
2019-02-27 20:05:05,739 - BasePage -INFO -找到页面元素--('css selector', '#pollm_c_1 > p:nth-child(2) > input')
2019-02-27 20:05:05,739 - BasePage -INFO -找到页面元素--('css selector', '#pollm_c_1 > p:nth-child(2) > input')
2019-02-27 20:05:05,739 - BasePage -INFO -找到页面元素--('css selector', '#pollm_c_1 > p:nth-child(2) > input')
2019-02-27 20:05:05,802 - BasePage -INFO -输入内容：软件测试
2019-02-27 20:05:05,802 - BasePage -INFO -输入内容：软件测试
2019-02-27 20:05:05,802 - BasePage -INFO -输入内容：软件测试
2019-02-27 20:05:05,830 - BasePage -INFO -找到页面元素--('css selector', '#pollm_c_1 > p:nth-child(3) > input')
2019-02-27 20:05:05,830 - BasePage -INFO -找到页面元素--('css selector', '#pollm_c_1 > p:nth-child(3) > input')
2019-02-27 20:05:05,830 - BasePage -INFO -找到页面元素--('css selector', '#pollm_c_1 > p:nth-child(3) > input')
2019-02-27 20:05:05,887 - BasePage -INFO -输入内容：UI自动化测试
2019-02-27 20:05:05,887 - BasePage -INFO -输入内容：UI自动化测试
2019-02-27 20:05:05,887 - BasePage -INFO -输入内容：UI自动化测试
2019-02-27 20:05:05,915 - BasePage -INFO -找到页面元素--('id', 'postsubmit')
2019-02-27 20:05:05,915 - BasePage -INFO -找到页面元素--('id', 'postsubmit')
2019-02-27 20:05:05,915 - BasePage -INFO -找到页面元素--('id', 'postsubmit')
2019-02-27 20:05:06,014 - BasePage -INFO -点击按钮:('id', 'postsubmit')
2019-02-27 20:05:06,014 - BasePage -INFO -点击按钮:('id', 'postsubmit')
2019-02-27 20:05:06,014 - BasePage -INFO -点击按钮:('id', 'postsubmit')
2019-02-27 20:05:07,666 - BasePage -INFO -找到页面元素--('id', 'option_1')
2019-02-27 20:05:07,666 - BasePage -INFO -找到页面元素--('id', 'option_1')
2019-02-27 20:05:07,666 - BasePage -INFO -找到页面元素--('id', 'option_1')
2019-02-27 20:05:07,721 - BasePage -INFO -点击按钮:('id', 'option_1')
2019-02-27 20:05:07,721 - BasePage -INFO -点击按钮:('id', 'option_1')
2019-02-27 20:05:07,721 - BasePage -INFO -点击按钮:('id', 'option_1')
2019-02-27 20:05:07,756 - BasePage -INFO -找到页面元素--('name', 'pollsubmit')
2019-02-27 20:05:07,756 - BasePage -INFO -找到页面元素--('name', 'pollsubmit')
2019-02-27 20:05:07,756 - BasePage -INFO -找到页面元素--('name', 'pollsubmit')
2019-02-27 20:05:08,492 - BasePage -INFO -点击按钮:('name', 'pollsubmit')
2019-02-27 20:05:08,492 - BasePage -INFO -点击按钮:('name', 'pollsubmit')
2019-02-27 20:05:08,492 - BasePage -INFO -点击按钮:('name', 'pollsubmit')
2019-02-27 20:05:08,496 - BasePage -INFO -激活当前窗口成功
2019-02-27 20:05:08,496 - BasePage -INFO -激活当前窗口成功
2019-02-27 20:05:08,496 - BasePage -INFO -激活当前窗口成功
2019-02-27 20:05:08,527 - BasePage -INFO -找到页面元素--('id', 'thread_subject')
2019-02-27 20:05:08,527 - BasePage -INFO -找到页面元素--('id', 'thread_subject')
2019-02-27 20:05:08,527 - BasePage -INFO -找到页面元素--('id', 'thread_subject')
2019-02-27 20:05:08,556 - BasePage -ERROR -获取('id', 'thread_subject')元素text失败。
2019-02-27 20:05:08,556 - BasePage -ERROR -获取('id', 'thread_subject')元素text失败。
2019-02-27 20:05:08,556 - BasePage -ERROR -获取('id', 'thread_subject')元素text失败。
2019-02-27 20:05:08,599 - BasePage -INFO -找到页面元素--('css selector', 'td.pvt label')
2019-02-27 20:05:08,599 - BasePage -INFO -找到页面元素--('css selector', 'td.pvt label')
2019-02-27 20:05:08,599 - BasePage -INFO -找到页面元素--('css selector', 'td.pvt label')
2019-02-27 20:05:08,684 - BasePage -INFO -找到页面元素--('css selector', 'div.pcbs form  tr > td:nth-child(2)')
2019-02-27 20:05:08,684 - BasePage -INFO -找到页面元素--('css selector', 'div.pcbs form  tr > td:nth-child(2)')
2019-02-27 20:05:08,684 - BasePage -INFO -找到页面元素--('css selector', 'div.pcbs form  tr > td:nth-child(2)')
2019-02-27 20:05:08,695 - BasePage -ERROR -<pageobjects.discuz04.FourDiscuz object at 0x000002044E6C4D68>页面中没有找到(<selenium.webdriver.remote.webelement.WebElement (session="ad68a1b0fc2ae70f1ae9179b1a1e63db", element="0.42416239709589254-2")>,)元素
2019-02-27 20:05:08,695 - BasePage -ERROR -<pageobjects.discuz04.FourDiscuz object at 0x000002044E6C4D68>页面中没有找到(<selenium.webdriver.remote.webelement.WebElement (session="ad68a1b0fc2ae70f1ae9179b1a1e63db", element="0.42416239709589254-2")>,)元素
2019-02-27 20:05:08,695 - BasePage -ERROR -<pageobjects.discuz04.FourDiscuz object at 0x000002044E6C4D68>页面中没有找到(<selenium.webdriver.remote.webelement.WebElement (session="ad68a1b0fc2ae70f1ae9179b1a1e63db", element="0.42416239709589254-2")>,)元素
2019-02-27 20:05:08,695 - BasePage -ERROR -获取(<selenium.webdriver.remote.webelement.WebElement (session="ad68a1b0fc2ae70f1ae9179b1a1e63db", element="0.42416239709589254-2")>,)元素text失败。
2019-02-27 20:05:08,695 - BasePage -ERROR -获取(<selenium.webdriver.remote.webelement.WebElement (session="ad68a1b0fc2ae70f1ae9179b1a1e63db", element="0.42416239709589254-2")>,)元素text失败。
2019-02-27 20:05:08,695 - BasePage -ERROR -获取(<selenium.webdriver.remote.webelement.WebElement (session="ad68a1b0fc2ae70f1ae9179b1a1e63db", element="0.42416239709589254-2")>,)元素text失败。
2019-02-27 20:05:08,699 - BasePage -ERROR -<pageobjects.discuz04.FourDiscuz object at 0x000002044E6C4D68>页面中没有找到(<selenium.webdriver.remote.webelement.WebElement (session="ad68a1b0fc2ae70f1ae9179b1a1e63db", element="0.42416239709589254-5")>,)元素
2019-02-27 20:05:08,699 - BasePage -ERROR -<pageobjects.discuz04.FourDiscuz object at 0x000002044E6C4D68>页面中没有找到(<selenium.webdriver.remote.webelement.WebElement (session="ad68a1b0fc2ae70f1ae9179b1a1e63db", element="0.42416239709589254-5")>,)元素
2019-02-27 20:05:08,699 - BasePage -ERROR -<pageobjects.discuz04.FourDiscuz object at 0x000002044E6C4D68>页面中没有找到(<selenium.webdriver.remote.webelement.WebElement (session="ad68a1b0fc2ae70f1ae9179b1a1e63db", element="0.42416239709589254-5")>,)元素
2019-02-27 20:05:08,699 - BasePage -ERROR -获取(<selenium.webdriver.remote.webelement.WebElement (session="ad68a1b0fc2ae70f1ae9179b1a1e63db", element="0.42416239709589254-5")>,)元素text失败。
2019-02-27 20:05:08,699 - BasePage -ERROR -获取(<selenium.webdriver.remote.webelement.WebElement (session="ad68a1b0fc2ae70f1ae9179b1a1e63db", element="0.42416239709589254-5")>,)元素text失败。
2019-02-27 20:05:08,699 - BasePage -ERROR -获取(<selenium.webdriver.remote.webelement.WebElement (session="ad68a1b0fc2ae70f1ae9179b1a1e63db", element="0.42416239709589254-5")>,)元素text失败。
2019-02-27 20:05:08,703 - BasePage -ERROR -<pageobjects.discuz04.FourDiscuz object at 0x000002044E6C4D68>页面中没有找到(<selenium.webdriver.remote.webelement.WebElement (session="ad68a1b0fc2ae70f1ae9179b1a1e63db", element="0.42416239709589254-3")>,)元素
2019-02-27 20:05:08,703 - BasePage -ERROR -<pageobjects.discuz04.FourDiscuz object at 0x000002044E6C4D68>页面中没有找到(<selenium.webdriver.remote.webelement.WebElement (session="ad68a1b0fc2ae70f1ae9179b1a1e63db", element="0.42416239709589254-3")>,)元素
2019-02-27 20:05:08,703 - BasePage -ERROR -<pageobjects.discuz04.FourDiscuz object at 0x000002044E6C4D68>页面中没有找到(<selenium.webdriver.remote.webelement.WebElement (session="ad68a1b0fc2ae70f1ae9179b1a1e63db", element="0.42416239709589254-3")>,)元素
2019-02-27 20:05:08,704 - BasePage -ERROR -获取(<selenium.webdriver.remote.webelement.WebElement (session="ad68a1b0fc2ae70f1ae9179b1a1e63db", element="0.42416239709589254-3")>,)元素text失败。
2019-02-27 20:05:08,704 - BasePage -ERROR -获取(<selenium.webdriver.remote.webelement.WebElement (session="ad68a1b0fc2ae70f1ae9179b1a1e63db", element="0.42416239709589254-3")>,)元素text失败。
2019-02-27 20:05:08,704 - BasePage -ERROR -获取(<selenium.webdriver.remote.webelement.WebElement (session="ad68a1b0fc2ae70f1ae9179b1a1e63db", element="0.42416239709589254-3")>,)元素text失败。
2019-02-27 20:05:08,707 - BasePage -ERROR -<pageobjects.discuz04.FourDiscuz object at 0x000002044E6C4D68>页面中没有找到(<selenium.webdriver.remote.webelement.WebElement (session="ad68a1b0fc2ae70f1ae9179b1a1e63db", element="0.42416239709589254-6")>,)元素
2019-02-27 20:05:08,707 - BasePage -ERROR -<pageobjects.discuz04.FourDiscuz object at 0x000002044E6C4D68>页面中没有找到(<selenium.webdriver.remote.webelement.WebElement (session="ad68a1b0fc2ae70f1ae9179b1a1e63db", element="0.42416239709589254-6")>,)元素
2019-02-27 20:05:08,707 - BasePage -ERROR -<pageobjects.discuz04.FourDiscuz object at 0x000002044E6C4D68>页面中没有找到(<selenium.webdriver.remote.webelement.WebElement (session="ad68a1b0fc2ae70f1ae9179b1a1e63db", element="0.42416239709589254-6")>,)元素
2019-02-27 20:05:08,707 - BasePage -ERROR -获取(<selenium.webdriver.remote.webelement.WebElement (session="ad68a1b0fc2ae70f1ae9179b1a1e63db", element="0.42416239709589254-6")>,)元素text失败。
2019-02-27 20:05:08,707 - BasePage -ERROR -获取(<selenium.webdriver.remote.webelement.WebElement (session="ad68a1b0fc2ae70f1ae9179b1a1e63db", element="0.42416239709589254-6")>,)元素text失败。
2019-02-27 20:05:08,707 - BasePage -ERROR -获取(<selenium.webdriver.remote.webelement.WebElement (session="ad68a1b0fc2ae70f1ae9179b1a1e63db", element="0.42416239709589254-6")>,)元素text失败。
2019-02-27 20:05:08,707 - BrowserEngine -INFO -Now Close and quit the browser.
2019-02-27 20:05:08,707 - BrowserEngine -INFO -Now Close and quit the browser.
2019-02-27 20:05:08,707 - BrowserEngine -INFO -Now Close and quit the browser.
