2019-02-28 09:11:06,078 - BrowserEngine -INFO -You had select Chrome browser.
2019-02-28 09:11:06,078 - BrowserEngine -INFO -The text url is http://127.0.0.1/forum.php.
2019-02-28 09:11:09,280 - BrowserEngine -INFO -Starting Chrome browser.
2019-02-28 09:11:09,630 - BrowserEngine -INFO -Open url: http://127.0.0.1/forum.php.
2019-02-28 09:11:10,763 - BrowserEngine -INFO -Maximize the current window
2019-02-28 09:11:10,763 - BrowserEngine -INFO -Set implicitly wait 10 seconds.
2019-02-28 09:11:10,791 - BasePage -INFO -找到页面元素--('id', 'ls_username')
2019-02-28 09:11:10,859 - BasePage -INFO -输入内容：123456
2019-02-28 09:11:10,887 - BasePage -INFO -找到页面元素--('id', 'ls_password')
2019-02-28 09:11:10,936 - BasePage -INFO -输入内容：123456
2019-02-28 09:11:10,968 - BasePage -INFO -找到页面元素--('css selector', 'tbody tr:nth-child(2) td:nth-child(3) button')
2019-02-28 09:11:11,017 - BasePage -INFO -点击按钮:('css selector', 'tbody tr:nth-child(2) td:nth-child(3) button')
2019-02-28 09:11:11,021 - BasePage -INFO -激活当前窗口成功
2019-02-28 09:11:14,060 - BasePage -INFO -找到页面元素--('xpath', '//*[@id="category_1"]/table/tbody/tr[1]/td[2]/h2/a')
2019-02-28 09:11:14,446 - BasePage -INFO -点击按钮:('xpath', '//*[@id="category_1"]/table/tbody/tr[1]/td[2]/h2/a')
2019-02-28 09:11:14,496 - BasePage -INFO -找到页面元素--('id', 'newspecial')
2019-02-28 09:11:14,840 - BasePage -INFO -点击按钮:('id', 'newspecial')
2019-02-28 09:11:14,876 - BasePage -INFO -找到页面元素--('name', 'subject')
2019-02-28 09:11:14,949 - BasePage -INFO -输入内容：新帖1
2019-02-28 09:11:14,965 - BasePage -INFO -发现frame
2019-02-28 09:11:14,989 - BasePage -INFO -找到页面元素--('css selector', 'body')
2019-02-28 09:11:15,039 - BasePage -INFO -输入内容：新帖的内容
2019-02-28 09:11:15,043 - BasePage -INFO -激活当前窗口成功
2019-02-28 09:11:15,076 - BasePage -INFO -找到页面元素--('id', 'postsubmit')
2019-02-28 09:11:15,183 - BasePage -INFO -点击按钮:('id', 'postsubmit')
2019-02-28 09:11:31,190 - BasePage -INFO -激活当前窗口成功
2019-02-28 09:11:31,252 - BasePage -INFO -找到页面元素--('id', 'fastpostmessage')
2019-02-28 09:11:31,338 - BasePage -INFO -输入内容：回复新帖1内容....
2019-02-28 09:11:31,374 - BasePage -INFO -找到页面元素--('id', 'fastpostsubmit')
2019-02-28 09:11:31,610 - BasePage -INFO -点击按钮:('id', 'fastpostsubmit')
2019-02-28 09:11:31,638 - BasePage -INFO -找到页面元素--('css selector', '#um > p:nth-child(2) > a:nth-child(13)')
2019-02-28 09:11:31,938 - BasePage -INFO -点击按钮:('css selector', '#um > p:nth-child(2) > a:nth-child(13)')
2019-02-28 09:11:31,938 - BrowserEngine -INFO -Now Close and quit the browser.
2019-02-28 09:11:55,108 - BrowserEngine -INFO -You had select Chrome browser.
2019-02-28 09:11:55,108 - BrowserEngine -INFO -The text url is http://127.0.0.1/forum.php.
2019-02-28 09:11:58,406 - BrowserEngine -INFO -Starting Chrome browser.
2019-02-28 09:11:58,825 - BrowserEngine -INFO -Open url: http://127.0.0.1/forum.php.
2019-02-28 09:11:59,948 - BrowserEngine -INFO -Maximize the current window
2019-02-28 09:11:59,948 - BrowserEngine -INFO -Set implicitly wait 10 seconds.
2019-02-28 09:12:05,485 - BasePage -ERROR -<pageobjects.baidu_homepage.HomePage object at 0x0000021CAB6AA240>页面中没有找到('name', 'wd')元素
2019-02-28 09:12:05,485 - BasePage -ERROR -failed输入内容：'NoneType' object has no attribute 'send_keys'
2019-02-28 09:12:11,001 - BasePage -ERROR -<pageobjects.baidu_homepage.HomePage object at 0x0000021CAB6AA240>页面中没有找到('id', 'su')元素
2019-02-28 09:12:11,001 - BasePage -ERROR -点击按钮失败:('id', 'su')
2019-02-28 09:12:11,001 - BrowserEngine -INFO -Now Close and quit the browser.
2019-02-28 09:12:13,095 - BrowserEngine -INFO -You had select Chrome browser.
2019-02-28 09:12:13,095 - BrowserEngine -INFO -The text url is http://127.0.0.1/forum.php.
2019-02-28 09:12:16,291 - BrowserEngine -INFO -Starting Chrome browser.
2019-02-28 09:12:16,660 - BrowserEngine -INFO -Open url: http://127.0.0.1/forum.php.
2019-02-28 09:12:17,791 - BrowserEngine -INFO -Maximize the current window
2019-02-28 09:12:17,791 - BrowserEngine -INFO -Set implicitly wait 10 seconds.
2019-02-28 09:12:17,869 - BasePage -INFO -找到页面元素--('id', 'ls_username')
2019-02-28 09:12:17,942 - BasePage -INFO -输入内容：123456
2019-02-28 09:12:17,970 - BasePage -INFO -找到页面元素--('id', 'ls_password')
2019-02-28 09:12:18,024 - BasePage -INFO -输入内容：123456
2019-02-28 09:12:18,052 - BasePage -INFO -找到页面元素--('css selector', 'tbody tr:nth-child(2) td:nth-child(3) button')
2019-02-28 09:12:18,101 - BasePage -INFO -点击按钮:('css selector', 'tbody tr:nth-child(2) td:nth-child(3) button')
2019-02-28 09:12:18,105 - BasePage -INFO -激活当前窗口成功
2019-02-28 09:12:21,123 - BasePage -INFO -找到页面元素--('xpath', '//*[@id="category_1"]/table/tbody/tr[1]/td[2]/h2/a')
2019-02-28 09:12:21,409 - BasePage -INFO -点击按钮:('xpath', '//*[@id="category_1"]/table/tbody/tr[1]/td[2]/h2/a')
2019-02-28 09:12:21,449 - BasePage -INFO -找到页面元素--('id', 'newspecial')
2019-02-28 09:12:21,917 - BasePage -INFO -点击按钮:('id', 'newspecial')
2019-02-28 09:12:21,953 - BasePage -ERROR -<pageobjects.discuz01.OneDiscuz object at 0x0000021CAB6E1668>页面中没有找到('name', 'subject')元素
2019-02-28 09:12:21,953 - BasePage -ERROR -failed输入内容：'NoneType' object has no attribute 'send_keys'
2019-02-28 09:12:21,957 - BrowserEngine -INFO -Now Close and quit the browser.
