2019-02-27 13:58:29,126 - BrowserEngine -INFO -You had select Chrome browser.
2019-02-27 13:58:29,126 - BrowserEngine -INFO -The text url is http://127.0.0.1/forum.php.
2019-02-27 13:58:33,041 - BrowserEngine -INFO -Starting Chrome browser.
2019-02-27 13:58:34,253 - BrowserEngine -INFO -Open url: http://127.0.0.1/forum.php.
2019-02-27 13:58:35,393 - BrowserEngine -INFO -Maximize the current window
2019-02-27 13:58:35,393 - BrowserEngine -INFO -Set implicitly wait 10 seconds.
2019-02-27 13:58:40,908 - BasePage -ERROR -<pageobjects.discuz01.OneDiscuz object at 0x000002847296BE80>页面中没有找到('id', 'ls_username')元素
2019-02-27 13:58:41,001 - BasePage -ERROR -failed输入内容：'NoneType' object has no attribute 'send_keys'
2019-02-27 13:58:46,549 - BasePage -ERROR -<pageobjects.discuz01.OneDiscuz object at 0x000002847296BE80>页面中没有找到('id', 'ls_password')元素
2019-02-27 13:58:46,549 - BasePage -ERROR -failed输入内容：'NoneType' object has no attribute 'send_keys'
2019-02-27 13:58:50,191 - BasePage -ERROR -<pageobjects.discuz01.OneDiscuz object at 0x000002847296BE80>页面中没有找到('css selector', 'tbody tr:nth-child(2) td:nth-child(3) button')元素
2019-02-27 13:58:50,191 - BasePage -ERROR -点击按钮失败:('css selector', 'tbody tr:nth-child(2) td:nth-child(3) button')
2019-02-27 13:58:50,426 - BasePage -ERROR -激活当前窗口失败
2019-02-27 13:58:59,565 - BasePage -ERROR -<pageobjects.discuz01.OneDiscuz object at 0x000002847296BE80>页面中没有找到('xpath', '//*[@id="category_1"]/table/tbody/tr[1]/td[2]/h2/a')元素
2019-02-27 13:58:59,565 - BasePage -ERROR -点击按钮失败:('xpath', '//*[@id="category_1"]/table/tbody/tr[1]/td[2]/h2/a')
2019-02-27 13:58:59,847 - BasePage -ERROR -激活当前窗口失败
2019-02-27 13:59:08,957 - BasePage -ERROR -<pageobjects.discuz02.TwoDiscuz object at 0x00000284737B3E80>页面中没有找到('name', 'moderate[]')元素
2019-02-27 13:59:08,957 - BasePage -ERROR -点击按钮失败:('name', 'moderate[]')
2019-02-27 13:59:15,067 - BasePage -ERROR -<pageobjects.discuz02.TwoDiscuz object at 0x00000284737B3E80>页面中没有找到('css selector', '#mdly > p:nth-child(6) > strong:nth-child(1) > a')元素
2019-02-27 13:59:15,067 - BasePage -ERROR -点击按钮失败:('css selector', '#mdly > p:nth-child(6) > strong:nth-child(1) > a')
2019-02-27 13:59:21,175 - BasePage -ERROR -<pageobjects.discuz02.TwoDiscuz object at 0x00000284737B3E80>页面中没有找到('name', 'modsubmit')元素
2019-02-27 13:59:21,175 - BasePage -ERROR -点击按钮失败:('name', 'modsubmit')
2019-02-27 13:59:21,426 - BasePage -ERROR -激活当前窗口失败
2019-02-27 13:59:27,520 - BasePage -ERROR -<pageobjects.discuz02.TwoDiscuz object at 0x00000284737B3E80>页面中没有找到('xpath', '//*[@id="um"]/p[1]/a[6]')元素
2019-02-27 13:59:27,520 - BasePage -ERROR -点击按钮失败:('xpath', '//*[@id="um"]/p[1]/a[6]')
2019-02-27 13:59:27,770 - BasePage -INFO -激活第1个窗口失败
2019-02-27 13:59:29,567 - BasePage -ERROR -激活当前窗口失败
2019-02-27 13:59:35,669 - BasePage -ERROR -<pageobjects.discuz02.TwoDiscuz object at 0x00000284737B3E80>页面中没有找到('id', 'header_forum')元素
2019-02-27 13:59:35,669 - BasePage -ERROR -点击按钮失败:('id', 'header_forum')
2019-02-27 13:59:35,920 - BasePage -ERROR -激活当前窗口失败
2019-02-27 13:59:42,030 - BrowserEngine -INFO -Now Close and quit the browser.
