2019-02-27 20:58:15,209 - BrowserEngine -INFO -You had select Chrome browser.
2019-02-27 20:58:15,209 - BrowserEngine -INFO -The text url is http://127.0.0.1/forum.php.
2019-02-27 20:58:18,531 - BrowserEngine -INFO -Starting Chrome browser.
2019-02-27 20:58:18,991 - BrowserEngine -INFO -Open url: http://127.0.0.1/forum.php.
2019-02-27 20:58:20,109 - BrowserEngine -INFO -Maximize the current window
2019-02-27 20:58:20,110 - BrowserEngine -INFO -Set implicitly wait 10 seconds.
2019-02-27 20:58:25,670 - BasePage -ERROR -<pageobjects.baidu_homepage.HomePage object at 0x000001F3EABEE320>页面中没有找到('name', 'wd')元素
2019-02-27 20:58:25,671 - BasePage -ERROR -failed输入内容：'NoneType' object has no attribute 'send_keys'
2019-02-27 20:58:31,205 - BasePage -ERROR -<pageobjects.baidu_homepage.HomePage object at 0x000001F3EABEE320>页面中没有找到('id', 'su')元素
2019-02-27 20:58:31,205 - BasePage -ERROR -点击按钮失败:('id', 'su')
2019-02-27 20:58:31,205 - BrowserEngine -INFO -Now Close and quit the browser.
2019-02-27 20:58:33,299 - BrowserEngine -INFO -You had select Chrome browser.
2019-02-27 20:58:33,299 - BrowserEngine -INFO -The text url is http://127.0.0.1/forum.php.
2019-02-27 20:58:36,538 - BrowserEngine -INFO -Starting Chrome browser.
2019-02-27 20:58:36,974 - BrowserEngine -INFO -Open url: http://127.0.0.1/forum.php.
2019-02-27 20:58:38,088 - BrowserEngine -INFO -Maximize the current window
2019-02-27 20:58:38,090 - BrowserEngine -INFO -Set implicitly wait 10 seconds.
2019-02-27 20:58:38,128 - BasePage -INFO -找到页面元素--('id', 'ls_username')
2019-02-27 20:58:38,209 - BasePage -INFO -输入内容：123456
2019-02-27 20:58:38,243 - BasePage -INFO -找到页面元素--('id', 'ls_password')
2019-02-27 20:58:38,306 - BasePage -INFO -输入内容：123456
2019-02-27 20:58:38,342 - BasePage -INFO -找到页面元素--('css selector', 'tbody tr:nth-child(2) td:nth-child(3) button')
2019-02-27 20:58:38,398 - BasePage -INFO -点击按钮:('css selector', 'tbody tr:nth-child(2) td:nth-child(3) button')
2019-02-27 20:58:38,404 - BasePage -INFO -激活当前窗口成功
2019-02-27 20:58:41,435 - BasePage -INFO -找到页面元素--('xpath', '//*[@id="category_1"]/table/tbody/tr[1]/td[2]/h2/a')
2019-02-27 20:58:41,733 - BasePage -INFO -点击按钮:('xpath', '//*[@id="category_1"]/table/tbody/tr[1]/td[2]/h2/a')
2019-02-27 20:58:41,764 - BasePage -INFO -找到页面元素--('id', 'newspecial')
2019-02-27 20:58:42,167 - BasePage -INFO -点击按钮:('id', 'newspecial')
2019-02-27 20:58:42,207 - BasePage -INFO -找到页面元素--('name', 'subject')
2019-02-27 20:58:42,280 - BasePage -INFO -输入内容：新帖1
2019-02-27 20:58:42,295 - BasePage -INFO -发现frame
2019-02-27 20:58:42,323 - BasePage -INFO -找到页面元素--('css selector', 'body')
2019-02-27 20:58:42,384 - BasePage -INFO -输入内容：新帖的内容
2019-02-27 20:58:42,388 - BasePage -INFO -激活当前窗口成功
2019-02-27 20:58:42,414 - BasePage -INFO -找到页面元素--('id', 'postsubmit')
2019-02-27 20:58:42,520 - BasePage -INFO -点击按钮:('id', 'postsubmit')
2019-02-27 20:58:42,525 - BasePage -INFO -激活当前窗口成功
2019-02-27 20:58:43,447 - BasePage -INFO -找到页面元素--('id', 'fastpostmessage')
2019-02-27 20:58:43,533 - BasePage -INFO -输入内容：回复新帖1内容....
2019-02-27 20:58:43,567 - BasePage -INFO -找到页面元素--('id', 'fastpostsubmit')
2019-02-27 20:58:43,810 - BasePage -INFO -点击按钮:('id', 'fastpostsubmit')
2019-02-27 20:58:43,814 - BasePage -INFO -激活当前窗口成功
2019-02-27 20:58:50,869 - BasePage -ERROR -<pageobjects.discuz01.OneDiscuz object at 0x000001F3EAC17F98>页面中没有找到('css selector', 'um > p:nth-child(2) > a:nth-child(12)')元素
2019-02-27 20:58:50,869 - BasePage -ERROR -点击按钮失败:('css selector', 'um > p:nth-child(2) > a:nth-child(12)')
2019-02-27 20:58:50,870 - BrowserEngine -INFO -Now Close and quit the browser.
2019-02-27 20:58:53,542 - BrowserEngine -INFO -You had select Chrome browser.
2019-02-27 20:58:53,542 - BrowserEngine -INFO -The text url is http://127.0.0.1/forum.php.
2019-02-27 20:58:56,850 - BrowserEngine -INFO -Starting Chrome browser.
2019-02-27 20:58:57,269 - BrowserEngine -INFO -Open url: http://127.0.0.1/forum.php.
2019-02-27 20:58:58,384 - BrowserEngine -INFO -Maximize the current window
2019-02-27 20:58:58,385 - BrowserEngine -INFO -Set implicitly wait 10 seconds.
2019-02-27 20:58:58,415 - BasePage -INFO -找到页面元素--('id', 'ls_username')
2019-02-27 20:58:58,483 - BasePage -INFO -输入内容：admin
2019-02-27 20:58:58,514 - BasePage -INFO -找到页面元素--('id', 'ls_password')
2019-02-27 20:58:58,564 - BasePage -INFO -输入内容：admin
2019-02-27 20:58:58,596 - BasePage -INFO -找到页面元素--('css selector', 'tbody tr:nth-child(2) td:nth-child(3) button')
2019-02-27 20:58:58,646 - BasePage -INFO -点击按钮:('css selector', 'tbody tr:nth-child(2) td:nth-child(3) button')
2019-02-27 20:58:58,650 - BasePage -INFO -激活当前窗口成功
2019-02-27 20:59:01,686 - BasePage -INFO -找到页面元素--('xpath', '//*[@id="category_1"]/table/tbody/tr[1]/td[2]/h2/a')
2019-02-27 20:59:02,041 - BasePage -INFO -点击按钮:('xpath', '//*[@id="category_1"]/table/tbody/tr[1]/td[2]/h2/a')
2019-02-27 20:59:02,045 - BasePage -INFO -激活当前窗口成功
2019-02-27 20:59:05,080 - BasePage -INFO -找到页面元素--('name', 'moderate[]')
2019-02-27 20:59:05,138 - BasePage -INFO -点击按钮:('name', 'moderate[]')
2019-02-27 20:59:05,181 - BasePage -INFO -找到页面元素--('css selector', '#mdly > p:nth-child(6) > strong:nth-child(1) > a')
2019-02-27 20:59:05,372 - BasePage -INFO -点击按钮:('css selector', '#mdly > p:nth-child(6) > strong:nth-child(1) > a')
2019-02-27 20:59:05,427 - BasePage -INFO -找到页面元素--('name', 'modsubmit')
2019-02-27 20:59:05,840 - BasePage -INFO -点击按钮:('name', 'modsubmit')
2019-02-27 20:59:05,845 - BasePage -INFO -激活当前窗口成功
2019-02-27 20:59:05,895 - BasePage -INFO -找到页面元素--('xpath', '//*[@id="um"]/p[1]/a[6]')
2019-02-27 20:59:06,002 - BasePage -INFO -点击按钮:('xpath', '//*[@id="um"]/p[1]/a[6]')
2019-02-27 20:59:06,007 - BasePage -INFO -激活第1个窗口成功
2019-02-27 20:59:07,062 - BasePage -INFO -找到页面元素--('name', 'admin_password')
2019-02-27 20:59:07,113 - BasePage -INFO -输入内容：admin
2019-02-27 20:59:07,143 - BasePage -INFO -找到页面元素--('name', 'submit')
2019-02-27 20:59:29,871 - BasePage -INFO -点击按钮:('name', 'submit')
2019-02-27 20:59:29,876 - BasePage -INFO -激活当前窗口成功
2019-02-27 20:59:29,906 - BasePage -INFO -找到页面元素--('id', 'header_forum')
2019-02-27 20:59:30,115 - BasePage -INFO -点击按钮:('id', 'header_forum')
2019-02-27 20:59:30,120 - BasePage -INFO -激活当前窗口成功
2019-02-27 20:59:30,133 - BasePage -INFO -发现frame
2019-02-27 20:59:30,165 - BasePage -INFO -找到页面元素--('css selector', '#cpform > table > tbody:nth-child(3) > tr > td:nth-child(2) > div > a')
2019-02-27 20:59:30,278 - BasePage -INFO -点击按钮:('css selector', '#cpform > table > tbody:nth-child(3) > tr > td:nth-child(2) > div > a')
2019-02-27 20:59:30,310 - BasePage -INFO -找到页面元素--('id', 'submit_editsubmit')
2019-02-27 20:59:30,526 - BasePage -INFO -点击按钮:('id', 'submit_editsubmit')
2019-02-27 20:59:30,531 - BasePage -INFO -激活当前窗口成功
2019-02-27 20:59:30,559 - BasePage -INFO -找到页面元素--('css selector', '#frameuinfo> p:nth-child(1) > a')
2019-02-27 20:59:30,943 - BasePage -INFO -点击按钮:('css selector', '#frameuinfo> p:nth-child(1) > a')
2019-02-27 20:59:30,947 - BasePage -INFO -激活当前窗口成功
2019-02-27 20:59:30,987 - BasePage -INFO -找到页面元素--('css selector', '#um > p:nth-child(2) > a:nth-child(18)')
2019-02-27 20:59:31,233 - BasePage -INFO -点击按钮:('css selector', '#um > p:nth-child(2) > a:nth-child(18)')
2019-02-27 20:59:33,413 - BasePage -INFO -找到页面元素--('id', 'ls_username')
2019-02-27 20:59:33,472 - BasePage -INFO -输入内容：123456
2019-02-27 20:59:33,502 - BasePage -INFO -找到页面元素--('id', 'ls_password')
2019-02-27 20:59:33,556 - BasePage -INFO -输入内容：123456
2019-02-27 20:59:33,586 - BasePage -INFO -找到页面元素--('css selector', 'tbody tr:nth-child(2) td:nth-child(3) button')
2019-02-27 20:59:33,636 - BasePage -INFO -点击按钮:('css selector', 'tbody tr:nth-child(2) td:nth-child(3) button')
2019-02-27 20:59:36,641 - BasePage -INFO -激活当前窗口成功
2019-02-27 20:59:36,672 - BasePage -INFO -找到页面元素--('css selector', '#category_1 > table > tbody > tr:nth-child(1) > td:nth-child(2) > h2 > a')
2019-02-27 20:59:36,907 - BasePage -INFO -点击按钮:('css selector', '#category_1 > table > tbody > tr:nth-child(1) > td:nth-child(2) > h2 > a')
2019-02-27 20:59:36,954 - BasePage -INFO -找到页面元素--('id', 'newspecial')
2019-02-27 20:59:37,307 - BasePage -INFO -点击按钮:('id', 'newspecial')
2019-02-27 20:59:37,341 - BasePage -INFO -找到页面元素--('name', 'subject')
2019-02-27 20:59:37,414 - BasePage -INFO -输入内容：新帖2
2019-02-27 20:59:37,432 - BasePage -INFO -发现frame
2019-02-27 20:59:37,466 - BasePage -INFO -找到页面元素--('css selector', 'body')
2019-02-27 20:59:37,539 - BasePage -INFO -输入内容：新帖2的内容
2019-02-27 20:59:37,542 - BasePage -INFO -激活当前窗口成功
2019-02-27 20:59:37,579 - BasePage -INFO -找到页面元素--('id', 'postsubmit')
2019-02-27 20:59:37,697 - BasePage -INFO -点击按钮:('id', 'postsubmit')
2019-02-27 20:59:37,704 - BasePage -INFO -激活当前窗口成功
2019-02-27 20:59:38,672 - BasePage -INFO -找到页面元素--('id', 'fastpostmessage')
2019-02-27 20:59:38,753 - BasePage -INFO -输入内容：新帖2的回复内容
2019-02-27 20:59:38,787 - BasePage -INFO -找到页面元素--('id', 'fastpostsubmit')
2019-02-27 20:59:39,021 - BasePage -INFO -点击按钮:('id', 'fastpostsubmit')
2019-02-27 20:59:39,021 - BrowserEngine -INFO -Now Close and quit the browser.
2019-02-27 20:59:41,136 - BrowserEngine -INFO -You had select Chrome browser.
2019-02-27 20:59:41,136 - BrowserEngine -INFO -The text url is http://127.0.0.1/forum.php.
2019-02-27 20:59:44,341 - BrowserEngine -INFO -Starting Chrome browser.
2019-02-27 20:59:44,786 - BrowserEngine -INFO -Open url: http://127.0.0.1/forum.php.
2019-02-27 20:59:45,898 - BrowserEngine -INFO -Maximize the current window
2019-02-27 20:59:45,899 - BrowserEngine -INFO -Set implicitly wait 10 seconds.
2019-02-27 20:59:45,934 - BasePage -INFO -找到页面元素--('id', 'ls_username')
2019-02-27 20:59:46,001 - BasePage -INFO -输入内容：123456
2019-02-27 20:59:46,030 - BasePage -INFO -找到页面元素--('id', 'ls_password')
2019-02-27 20:59:46,081 - BasePage -INFO -输入内容：123456
2019-02-27 20:59:46,112 - BasePage -INFO -找到页面元素--('css selector', 'tbody tr:nth-child(2) td:nth-child(3) button')
2019-02-27 20:59:46,170 - BasePage -INFO -点击按钮:('css selector', 'tbody tr:nth-child(2) td:nth-child(3) button')
2019-02-27 20:59:50,207 - BasePage -INFO -找到页面元素--('css selector', '#scbar_txt')
2019-02-27 20:59:50,276 - BasePage -INFO -输入内容：haotest
2019-02-27 20:59:50,312 - BasePage -INFO -找到页面元素--('id', 'scbar_btn')
2019-02-27 20:59:50,393 - BasePage -INFO -点击按钮:('id', 'scbar_btn')
2019-02-27 20:59:50,408 - BasePage -INFO -激活第1个窗口成功
2019-02-27 20:59:50,417 - BasePage -INFO -激活当前窗口成功
2019-02-27 20:59:51,469 - BasePage -INFO -找到页面元素--('css selector', 'h3 a')
2019-02-27 20:59:51,546 - BasePage -INFO -点击按钮:('css selector', 'h3 a')
2019-02-27 20:59:51,553 - BasePage -INFO -激活第2个窗口成功
2019-02-27 20:59:51,557 - BasePage -INFO -激活当前窗口成功
2019-02-27 20:59:52,609 - BasePage -INFO -找到页面元素--('id', 'thread_subject')
2019-02-27 20:59:52,637 - BasePage -INFO -获取<selenium.webdriver.remote.webelement.WebElement (session="34e7ffa3d4e5fa9242bd0d88fbfe9789", element="0.9605177134968064-1")>元素text成功。
2019-02-27 20:59:52,637 - BrowserEngine -INFO -Now Close and quit the browser.
2019-02-27 20:59:54,746 - BrowserEngine -INFO -You had select Chrome browser.
2019-02-27 20:59:54,746 - BrowserEngine -INFO -The text url is http://127.0.0.1/forum.php.
2019-02-27 20:59:59,554 - BrowserEngine -INFO -Starting Chrome browser.
2019-02-27 20:59:59,982 - BrowserEngine -INFO -Open url: http://127.0.0.1/forum.php.
2019-02-27 21:00:01,095 - BrowserEngine -INFO -Maximize the current window
2019-02-27 21:00:01,097 - BrowserEngine -INFO -Set implicitly wait 10 seconds.
2019-02-27 21:00:01,125 - BasePage -INFO -找到页面元素--('id', 'ls_username')
2019-02-27 21:00:01,193 - BasePage -INFO -输入内容：123456
2019-02-27 21:00:01,222 - BasePage -INFO -找到页面元素--('id', 'ls_password')
2019-02-27 21:00:01,277 - BasePage -INFO -输入内容：123456
2019-02-27 21:00:01,309 - BasePage -INFO -找到页面元素--('css selector', 'tbody tr:nth-child(2) td:nth-child(3) button')
2019-02-27 21:00:01,357 - BasePage -INFO -点击按钮:('css selector', 'tbody tr:nth-child(2) td:nth-child(3) button')
2019-02-27 21:00:01,361 - BasePage -INFO -激活当前窗口成功
2019-02-27 21:00:04,392 - BasePage -INFO -找到页面元素--('xpath', '//*[@id="category_1"]/table/tbody/tr[1]/td[2]/h2/a')
2019-02-27 21:00:04,666 - BasePage -INFO -点击按钮:('xpath', '//*[@id="category_1"]/table/tbody/tr[1]/td[2]/h2/a')
2019-02-27 21:00:04,743 - BasePage -INFO -找到页面元素--('id', 'newspecial')
2019-02-27 21:00:04,782 - BasePage -INFO -悬停成功
2019-02-27 21:00:04,819 - BasePage -INFO -找到页面元素--('css selector', '#newspecial_menu > li.poll > a')
2019-02-27 21:00:05,237 - BasePage -INFO -点击按钮:('css selector', '#newspecial_menu > li.poll > a')
2019-02-27 21:00:05,243 - BasePage -INFO -激活当前窗口成功
2019-02-27 21:00:05,285 - BasePage -INFO -找到页面元素--('name', 'subject')
2019-02-27 21:00:05,360 - BasePage -INFO -输入内容：学习
2019-02-27 21:00:05,393 - BasePage -INFO -找到页面元素--('css selector', '#pollm_c_1 > p:nth-child(1) > input')
2019-02-27 21:00:05,483 - BasePage -INFO -输入内容：python
2019-02-27 21:00:05,519 - BasePage -INFO -找到页面元素--('css selector', '#pollm_c_1 > p:nth-child(2) > input')
2019-02-27 21:00:05,576 - BasePage -INFO -输入内容：软件测试
2019-02-27 21:00:05,610 - BasePage -INFO -找到页面元素--('css selector', '#pollm_c_1 > p:nth-child(3) > input')
2019-02-27 21:00:05,703 - BasePage -INFO -输入内容：UI自动化测试
2019-02-27 21:00:05,731 - BasePage -INFO -找到页面元素--('id', 'postsubmit')
2019-02-27 21:00:05,863 - BasePage -INFO -点击按钮:('id', 'postsubmit')
2019-02-27 21:00:06,907 - BasePage -INFO -找到页面元素--('id', 'option_1')
2019-02-27 21:00:06,984 - BasePage -INFO -点击按钮:('id', 'option_1')
2019-02-27 21:00:07,021 - BasePage -INFO -找到页面元素--('name', 'pollsubmit')
2019-02-27 21:00:07,709 - BasePage -INFO -点击按钮:('name', 'pollsubmit')
2019-02-27 21:00:07,712 - BasePage -INFO -激活当前窗口成功
2019-02-27 21:00:07,752 - BasePage -INFO -找到页面元素--('id', 'thread_subject')
2019-02-27 21:00:07,784 - BasePage -INFO -获取<selenium.webdriver.remote.webelement.WebElement (session="39b76b2b4aeb113271805378139f2e82", element="0.13342233221522903-1")>元素text成功。
2019-02-27 21:00:07,836 - BasePage -INFO -找到页面元素--('css selector', 'td.pvt label')
2019-02-27 21:00:07,926 - BasePage -INFO -找到页面元素--('css selector', 'div.pcbs form  tr > td:nth-child(2)')
2019-02-27 21:00:07,957 - BasePage -INFO -获取<selenium.webdriver.remote.webelement.WebElement (session="39b76b2b4aeb113271805378139f2e82", element="0.13342233221522903-2")>元素text成功。
2019-02-27 21:00:07,974 - BasePage -INFO -获取<selenium.webdriver.remote.webelement.WebElement (session="39b76b2b4aeb113271805378139f2e82", element="0.13342233221522903-5")>元素text成功。
2019-02-27 21:00:07,994 - BasePage -INFO -获取<selenium.webdriver.remote.webelement.WebElement (session="39b76b2b4aeb113271805378139f2e82", element="0.13342233221522903-3")>元素text成功。
2019-02-27 21:00:08,017 - BasePage -INFO -获取<selenium.webdriver.remote.webelement.WebElement (session="39b76b2b4aeb113271805378139f2e82", element="0.13342233221522903-7")>元素text成功。
2019-02-27 21:00:08,017 - BrowserEngine -INFO -Now Close and quit the browser.
