2019-02-27 09:49:39,912 - BrowserEngine -INFO -You had select Chrome browser.
2019-02-27 09:49:39,912 - BrowserEngine -INFO -The text url is http://127.0.0.1/forum.php.
2019-02-27 09:49:43,119 - BrowserEngine -INFO -Starting Chrome browser.
2019-02-27 09:49:43,583 - BrowserEngine -INFO -Open url: http://127.0.0.1/forum.php.
2019-02-27 09:49:44,699 - BrowserEngine -INFO -Maximize the current window
2019-02-27 09:49:44,701 - BrowserEngine -INFO -Set implicitly wait 10 seconds.
2019-02-27 09:49:44,734 - BasePage -INFO -找到页面元素--('id', 'ls_username')
2019-02-27 09:49:44,806 - BasePage -INFO -输入内容：123456
2019-02-27 09:49:44,840 - BasePage -INFO -找到页面元素--('id', 'ls_password')
2019-02-27 09:49:44,898 - BasePage -INFO -输入内容：123456
2019-02-27 09:49:44,928 - BasePage -INFO -找到页面元素--('css selector', 'tbody tr:nth-child(2) td:nth-child(3) button')
2019-02-27 09:49:44,979 - BasePage -INFO -点击按钮:('css selector', 'tbody tr:nth-child(2) td:nth-child(3) button')
2019-02-27 09:49:44,984 - BasePage -INFO -激活当前窗口成功
2019-02-27 09:49:48,024 - BasePage -INFO -找到页面元素--('xpath', '//*[@id="category_1"]/table/tbody/tr[1]/td[2]/h2/a')
2019-02-27 09:49:48,390 - BasePage -INFO -点击按钮:('xpath', '//*[@id="category_1"]/table/tbody/tr[1]/td[2]/h2/a')
2019-02-27 09:49:48,443 - BasePage -INFO -找到页面元素--('id', 'newspecial')
2019-02-27 09:49:48,876 - BasePage -INFO -点击按钮:('id', 'newspecial')
2019-02-27 09:49:48,938 - BasePage -INFO -找到页面元素--('name', 'subject')
2019-02-27 09:49:49,033 - BasePage -INFO -输入内容：新帖1
2019-02-27 09:49:49,048 - BasePage -INFO -发现frame
2019-02-27 09:49:49,085 - BasePage -INFO -找到页面元素--('css selector', 'body')
2019-02-27 09:49:49,154 - BasePage -INFO -输入内容：新帖的内容
2019-02-27 09:49:49,157 - BasePage -INFO -激活当前窗口成功
2019-02-27 09:49:49,194 - BasePage -INFO -找到页面元素--('id', 'postsubmit')
2019-02-27 09:49:49,352 - BasePage -INFO -点击按钮:('id', 'postsubmit')
2019-02-27 09:49:49,358 - BasePage -INFO -激活当前窗口成功
2019-02-27 09:49:50,391 - BasePage -INFO -找到页面元素--('id', 'fastpostmessage')
2019-02-27 09:49:50,491 - BasePage -INFO -输入内容：回复新帖1内容....
2019-02-27 09:49:50,529 - BasePage -INFO -找到页面元素--('id', 'fastpostsubmit')
2019-02-27 09:49:50,811 - BasePage -INFO -点击按钮:('id', 'fastpostsubmit')
2019-02-27 09:49:50,817 - BasePage -INFO -激活当前窗口成功
2019-02-27 09:49:57,939 - BasePage -ERROR -<pageobjects.discuz01.OneDiscuz object at 0x0000017F663A7240>页面中没有找到('css selector', 'um > p:nth-child(2) > a:nth-child(12)')元素
2019-02-27 09:49:57,939 - BasePage -ERROR -点击按钮失败:('css selector', 'um > p:nth-child(2) > a:nth-child(12)')
2019-02-27 09:49:57,940 - BrowserEngine -INFO -Now Close and quit the browser.
