2019-02-27 20:42:05,421 - BrowserEngine -INFO -You had select Chrome browser.
2019-02-27 20:42:05,421 - BrowserEngine -INFO -The text url is http://127.0.0.1/forum.php.
2019-02-27 20:42:08,605 - BrowserEngine -INFO -Starting Chrome browser.
2019-02-27 20:42:09,110 - BrowserEngine -INFO -Open url: http://127.0.0.1/forum.php.
2019-02-27 20:42:10,229 - BrowserEngine -INFO -Maximize the current window
2019-02-27 20:42:10,231 - BrowserEngine -INFO -Set implicitly wait 10 seconds.
2019-02-27 20:42:10,269 - BasePage -INFO -找到页面元素--('id', 'ls_username')
2019-02-27 20:42:10,333 - BasePage -INFO -输入内容：123456
2019-02-27 20:42:10,361 - BasePage -INFO -找到页面元素--('id', 'ls_password')
2019-02-27 20:42:10,414 - BasePage -INFO -输入内容：123456
2019-02-27 20:42:10,442 - BasePage -INFO -找到页面元素--('css selector', 'tbody tr:nth-child(2) td:nth-child(3) button')
2019-02-27 20:42:10,492 - BasePage -INFO -点击按钮:('css selector', 'tbody tr:nth-child(2) td:nth-child(3) button')
2019-02-27 20:42:10,522 - BasePage -INFO -找到页面元素--('css selector', '#scbar_txt')
2019-02-27 20:42:10,890 - BasePage -INFO -输入内容：haotest
2019-02-27 20:42:10,931 - BasePage -INFO -找到页面元素--('id', 'scbar_btn')
2019-02-27 20:42:11,016 - BasePage -INFO -点击按钮:('id', 'scbar_btn')
2019-02-27 20:42:11,024 - BasePage -INFO -激活第1个窗口成功
2019-02-27 20:42:11,028 - BasePage -INFO -激活当前窗口成功
2019-02-27 20:42:19,154 - BasePage -ERROR -<pageobjects.discuz03.ThreeDiscuz object at 0x0000020CE6F565F8>页面中没有找到('css selector', 'h3 a')元素
2019-02-27 20:42:19,154 - BasePage -ERROR -点击按钮失败:('css selector', 'h3 a')
2019-02-27 20:42:19,160 - BasePage -INFO -激活第2个窗口失败
2019-02-27 20:42:19,173 - BasePage -INFO -激活当前窗口成功
2019-02-27 20:42:26,217 - BasePage -ERROR -<pageobjects.discuz03.ThreeDiscuz object at 0x0000020CE6F565F8>页面中没有找到('id', 'thread_subject')元素
2019-02-27 20:42:26,217 - BrowserEngine -INFO -Now Close and quit the browser.
