2019-02-27 20:47:22,774 - BrowserEngine -INFO -You had select Chrome browser.
2019-02-27 20:47:22,774 - BrowserEngine -INFO -The text url is http://127.0.0.1/forum.php.
2019-02-27 20:47:25,636 - BrowserEngine -INFO -Starting Chrome browser.
2019-02-27 20:47:26,076 - BrowserEngine -INFO -Open url: http://127.0.0.1/forum.php.
2019-02-27 20:47:27,195 - BrowserEngine -INFO -Maximize the current window
2019-02-27 20:47:27,197 - BrowserEngine -INFO -Set implicitly wait 10 seconds.
2019-02-27 20:47:27,226 - BasePage -INFO -找到页面元素--('id', 'ls_username')
2019-02-27 20:47:27,293 - BasePage -INFO -输入内容：123456
2019-02-27 20:47:27,326 - BasePage -INFO -找到页面元素--('id', 'ls_password')
2019-02-27 20:47:27,389 - BasePage -INFO -输入内容：123456
2019-02-27 20:47:27,425 - BasePage -INFO -找到页面元素--('css selector', 'tbody tr:nth-child(2) td:nth-child(3) button')
2019-02-27 20:47:27,475 - BasePage -INFO -点击按钮:('css selector', 'tbody tr:nth-child(2) td:nth-child(3) button')
2019-02-27 20:47:31,522 - BasePage -INFO -找到页面元素--('css selector', '#scbar_txt')
2019-02-27 20:47:31,580 - BasePage -INFO -输入内容：haotest
2019-02-27 20:47:31,608 - BasePage -INFO -找到页面元素--('id', 'scbar_btn')
2019-02-27 20:47:31,672 - BasePage -INFO -点击按钮:('id', 'scbar_btn')
2019-02-27 20:47:31,676 - BasePage -INFO -激活第1个窗口成功
2019-02-27 20:47:31,679 - BasePage -INFO -激活当前窗口成功
2019-02-27 20:47:32,725 - BasePage -INFO -找到页面元素--('css selector', 'h3 a')
2019-02-27 20:47:32,795 - BasePage -INFO -点击按钮:('css selector', 'h3 a')
2019-02-27 20:47:32,801 - BasePage -INFO -激活第2个窗口成功
2019-02-27 20:47:32,804 - BasePage -INFO -激活当前窗口成功
2019-02-27 20:47:33,867 - BasePage -INFO -找到页面元素--('id', 'thread_subject')
2019-02-27 20:47:33,890 - BasePage -INFO -获取<selenium.webdriver.remote.webelement.WebElement (session="5f1d01cb775f3e6c2316453478ed7074", element="0.8676484908721762-1")>元素text成功。
2019-02-27 20:47:33,890 - BrowserEngine -INFO -Now Close and quit the browser.
