2019-03-01 11:09:56,966 - BrowserEngine -INFO -You had select Chrome browser.
2019-03-01 11:09:56,966 - BrowserEngine -INFO -The text url is http://127.0.0.1/forum.php.
2019-03-01 11:10:00,150 - BrowserEngine -INFO -Starting Chrome browser.
2019-03-01 11:10:00,738 - BrowserEngine -INFO -Open url: http://127.0.0.1/forum.php.
2019-03-01 11:10:01,860 - BrowserEngine -INFO -Maximize the current window
2019-03-01 11:10:01,864 - BrowserEngine -INFO -Set implicitly wait 10 seconds.
2019-03-01 11:10:01,909 - BasePage -INFO -找到页面元素--('id', 'ls_username')
2019-03-01 11:10:01,976 - BasePage -INFO -输入内容：123456
2019-03-01 11:10:02,003 - BasePage -INFO -找到页面元素--('id', 'ls_password')
2019-03-01 11:10:02,057 - BasePage -INFO -输入内容：123456
2019-03-01 11:10:02,088 - BasePage -INFO -找到页面元素--('css selector', 'tbody tr:nth-child(2) td:nth-child(3) button')
2019-03-01 11:10:02,137 - BasePage -INFO -点击按钮:('css selector', 'tbody tr:nth-child(2) td:nth-child(3) button')
2019-03-01 11:10:02,143 - BasePage -INFO -激活当前窗口成功
2019-03-01 11:10:02,558 - BasePage -INFO -找到页面元素--('css selector', '#um > p:nth-child(2) > strong > a')
2019-03-01 11:10:02,594 - BasePage -INFO -获取<selenium.webdriver.remote.webelement.WebElement (session="4ad4d2254999bd7140ee4a36bb56b23d", element="0.5219502887419136-1")>元素text成功。
2019-03-01 11:10:05,636 - BasePage -INFO -找到页面元素--('xpath', '//*[@id="category_1"]/table/tbody/tr[1]/td[2]/h2/a')
2019-03-01 11:10:05,659 - BasePage -INFO -获取<selenium.webdriver.remote.webelement.WebElement (session="4ad4d2254999bd7140ee4a36bb56b23d", element="0.5219502887419136-2")>元素text成功。
2019-03-01 11:10:05,674 - BasePage -INFO -找到页面元素--('xpath', '//*[@id="category_1"]/table/tbody/tr[1]/td[2]/h2/a')
2019-03-01 11:10:05,987 - BasePage -INFO -点击按钮:('xpath', '//*[@id="category_1"]/table/tbody/tr[1]/td[2]/h2/a')
2019-03-01 11:10:05,991 - BasePage -INFO -激活当前窗口成功
2019-03-01 11:10:06,025 - BasePage -INFO -找到页面元素--('css selector', '#ct > div > div.bm.bml.pbn > div > h1 > a')
2019-03-01 11:10:06,048 - BasePage -INFO -获取<selenium.webdriver.remote.webelement.WebElement (session="4ad4d2254999bd7140ee4a36bb56b23d", element="0.2981089185155621-1")>元素text成功。
2019-03-01 11:10:06,072 - BasePage -INFO -找到页面元素--('id', 'newspecial')
2019-03-01 11:10:06,097 - BasePage -INFO -悬停成功
2019-03-01 11:10:06,130 - BasePage -INFO -找到页面元素--('css selector', '#newspecial_menu > li:nth-child(1) > a')
2019-03-01 11:10:06,425 - BasePage -INFO -点击按钮:('css selector', '#newspecial_menu > li:nth-child(1) > a')
2019-03-01 11:10:06,454 - BasePage -INFO -找到页面元素--('name', 'subject')
2019-03-01 11:10:06,517 - BasePage -INFO -输入内容：新帖1
2019-03-01 11:10:06,530 - BasePage -INFO -发现frame
2019-03-01 11:10:06,553 - BasePage -INFO -找到页面元素--('css selector', 'body')
2019-03-01 11:10:06,604 - BasePage -INFO -输入内容：新帖的内容
2019-03-01 11:10:06,607 - BasePage -INFO -激活当前窗口成功
2019-03-01 11:10:06,635 - BasePage -INFO -找到页面元素--('id', 'postsubmit')
2019-03-01 11:10:06,732 - BasePage -INFO -点击按钮:('id', 'postsubmit')
2019-03-01 11:10:06,737 - BasePage -INFO -激活当前窗口成功
2019-03-01 11:10:08,057 - BasePage -INFO -找到页面元素--('id', 'thread_subject')
2019-03-01 11:10:08,093 - BasePage -INFO -获取<selenium.webdriver.remote.webelement.WebElement (session="4ad4d2254999bd7140ee4a36bb56b23d", element="0.7448364990318419-1")>元素text成功。
2019-03-01 11:10:24,099 - BasePage -INFO -激活当前窗口成功
2019-03-01 11:10:24,133 - BasePage -INFO -找到页面元素--('id', 'fastpostmessage')
2019-03-01 11:10:24,228 - BasePage -INFO -输入内容：回复新帖1内容....
2019-03-01 11:10:24,261 - BasePage -INFO -找到页面元素--('id', 'fastpostsubmit')
2019-03-01 11:10:24,536 - BasePage -INFO -点击按钮:('id', 'fastpostsubmit')
2019-03-01 11:10:24,540 - BasePage -INFO -激活当前窗口成功
2019-03-01 11:10:31,621 - BasePage -ERROR -<pageobjects.discuz01.OneDiscuz object at 0x0000022A7EAF9518>页面中没有找到('css selector', '#pid92 > tbody > tr:nth-child(1) > td.plc > div.pct > div > div.t_fsz > table')元素
2019-03-01 11:10:31,925 - BasePage -INFO -获得截图并保存到：/screenshorts中
2019-03-01 11:10:31,925 - BrowserEngine -INFO -Now Close and quit the browser.
