2019-02-27 11:43:03,255 - BrowserEngine -INFO -You had select Chrome browser.
2019-02-27 11:43:03,255 - BrowserEngine -INFO -The text url is http://127.0.0.1/forum.php.
2019-02-27 11:43:06,471 - BrowserEngine -INFO -Starting Chrome browser.
2019-02-27 11:43:06,898 - BrowserEngine -INFO -Open url: http://127.0.0.1/forum.php.
2019-02-27 11:43:08,015 - BrowserEngine -INFO -Maximize the current window
2019-02-27 11:43:08,016 - BrowserEngine -INFO -Set implicitly wait 10 seconds.
2019-02-27 11:43:08,051 - BasePage -INFO -找到页面元素--('id', 'ls_username')
2019-02-27 11:43:08,130 - BasePage -INFO -输入内容：admin
2019-02-27 11:43:08,167 - BasePage -INFO -找到页面元素--('id', 'ls_password')
2019-02-27 11:43:08,219 - BasePage -INFO -输入内容：admin
2019-02-27 11:43:08,256 - BasePage -INFO -找到页面元素--('css selector', 'tbody tr:nth-child(2) td:nth-child(3) button')
2019-02-27 11:43:08,306 - BasePage -INFO -点击按钮:('css selector', 'tbody tr:nth-child(2) td:nth-child(3) button')
2019-02-27 11:43:08,312 - BasePage -INFO -激活当前窗口成功
2019-02-27 11:43:11,345 - BasePage -INFO -找到页面元素--('xpath', '//*[@id="category_1"]/table/tbody/tr[1]/td[2]/h2/a')
2019-02-27 11:43:11,675 - BasePage -INFO -点击按钮:('xpath', '//*[@id="category_1"]/table/tbody/tr[1]/td[2]/h2/a')
2019-02-27 11:43:11,683 - BasePage -INFO -激活当前窗口成功
2019-02-27 11:43:14,714 - BasePage -INFO -找到页面元素--('name', 'moderate[]')
2019-02-27 11:43:14,765 - BasePage -INFO -点击按钮:('name', 'moderate[]')
2019-02-27 11:43:14,809 - BasePage -INFO -找到页面元素--('css selector', '#mdly > p:nth-child(6) > strong:nth-child(1) > a')
2019-02-27 11:43:14,997 - BasePage -INFO -点击按钮:('css selector', '#mdly > p:nth-child(6) > strong:nth-child(1) > a')
2019-02-27 11:43:15,056 - BasePage -INFO -找到页面元素--('name', 'modsubmit')
2019-02-27 11:43:15,496 - BasePage -INFO -点击按钮:('name', 'modsubmit')
2019-02-27 11:43:15,508 - BasePage -INFO -激活当前窗口成功
2019-02-27 11:43:15,577 - BasePage -INFO -找到页面元素--('xpath', '//*[@id="um"]/p[1]/a[6]')
2019-02-27 11:43:15,681 - BasePage -INFO -点击按钮:('xpath', '//*[@id="um"]/p[1]/a[6]')
2019-02-27 11:43:15,688 - BasePage -INFO -激活第1个窗口成功
2019-02-27 11:43:15,691 - BasePage -INFO -激活当前窗口成功
2019-02-27 11:43:41,285 - BasePage -INFO -找到页面元素--('id', 'header_forum')
2019-02-27 11:43:41,495 - BasePage -INFO -点击按钮:('id', 'header_forum')
2019-02-27 11:43:41,500 - BasePage -INFO -激活当前窗口成功
2019-02-27 11:43:41,523 - BasePage -INFO -发现frame
2019-02-27 11:43:48,566 - BasePage -ERROR -<pageobjects.discuz02.TwoDiscuz object at 0x0000012E4EF1AB38>页面中没有找到('css selector', 'cpform > table > tbody:nth-child(3) > tr > td:nth-child(2) > div > a')元素
2019-02-27 11:43:48,566 - BasePage -ERROR -点击按钮失败:('css selector', 'cpform > table > tbody:nth-child(3) > tr > td:nth-child(2) > div > a')
2019-02-27 11:43:48,595 - BasePage -INFO -找到页面元素--('id', 'submit_editsubmit')
2019-02-27 11:43:48,823 - BasePage -INFO -点击按钮:('id', 'submit_editsubmit')
2019-02-27 11:43:48,827 - BasePage -INFO -激活当前窗口成功
2019-02-27 11:43:55,550 - BasePage -ERROR -<pageobjects.discuz02.TwoDiscuz object at 0x0000012E4EF1AB38>页面中没有找到('id', '#frameuinfo> p:nth-child(1) > a')元素
2019-02-27 11:43:55,551 - BasePage -ERROR -点击按钮失败:('id', '#frameuinfo> p:nth-child(1) > a')
2019-02-27 11:43:55,565 - BasePage -INFO -激活当前窗口成功
2019-02-27 11:43:55,578 - BasePage -INFO -激活当前窗口成功
2019-02-27 11:44:02,622 - BasePage -ERROR -<pageobjects.discuz01.OneDiscuz object at 0x0000012E4EF1A6D8>页面中没有找到('css selector', 'um > p:nth-child(2) > a:nth-child(12)')元素
2019-02-27 11:44:02,622 - BasePage -ERROR -点击按钮失败:('css selector', 'um > p:nth-child(2) > a:nth-child(12)')
2019-02-27 11:44:09,678 - BasePage -ERROR -<pageobjects.discuz01.OneDiscuz object at 0x0000012E4EF1A6D8>页面中没有找到('id', 'ls_username')元素
2019-02-27 11:44:09,678 - BasePage -ERROR -failed输入内容：'NoneType' object has no attribute 'send_keys'
2019-02-27 11:44:16,773 - BasePage -ERROR -<pageobjects.discuz01.OneDiscuz object at 0x0000012E4EF1A6D8>页面中没有找到('id', 'ls_password')元素
2019-02-27 11:44:16,773 - BasePage -ERROR -failed输入内容：'NoneType' object has no attribute 'send_keys'
2019-02-27 11:44:23,880 - BasePage -ERROR -<pageobjects.discuz01.OneDiscuz object at 0x0000012E4EF1A6D8>页面中没有找到('css selector', 'tbody tr:nth-child(2) td:nth-child(3) button')元素
2019-02-27 11:44:23,881 - BasePage -ERROR -点击按钮失败:('css selector', 'tbody tr:nth-child(2) td:nth-child(3) button')
2019-02-27 11:44:23,886 - BrowserEngine -INFO -Now Close and quit the browser.
