2019-02-27 14:24:27,406 - BrowserEngine -INFO -You had select Chrome browser.
2019-02-27 14:24:27,406 - BrowserEngine -INFO -The text url is http://127.0.0.1/forum.php.
2019-02-27 14:24:30,776 - BrowserEngine -INFO -Starting Chrome browser.
2019-02-27 14:24:31,209 - BrowserEngine -INFO -Open url: http://127.0.0.1/forum.php.
2019-02-27 14:24:32,337 - BrowserEngine -INFO -Maximize the current window
2019-02-27 14:24:32,338 - BrowserEngine -INFO -Set implicitly wait 10 seconds.
2019-02-27 14:24:32,382 - BasePage -INFO -找到页面元素--('id', 'ls_username')
2019-02-27 14:24:32,468 - BasePage -INFO -输入内容：admin
2019-02-27 14:24:32,505 - BasePage -INFO -找到页面元素--('id', 'ls_password')
2019-02-27 14:24:32,565 - BasePage -INFO -输入内容：admin
2019-02-27 14:24:32,605 - BasePage -INFO -找到页面元素--('css selector', 'tbody tr:nth-child(2) td:nth-child(3) button')
2019-02-27 14:24:32,665 - BasePage -INFO -点击按钮:('css selector', 'tbody tr:nth-child(2) td:nth-child(3) button')
2019-02-27 14:24:32,671 - BasePage -INFO -激活当前窗口成功
2019-02-27 14:24:35,701 - BasePage -INFO -找到页面元素--('xpath', '//*[@id="category_1"]/table/tbody/tr[1]/td[2]/h2/a')
2019-02-27 14:24:35,987 - BasePage -INFO -点击按钮:('xpath', '//*[@id="category_1"]/table/tbody/tr[1]/td[2]/h2/a')
2019-02-27 14:24:35,990 - BasePage -INFO -激活当前窗口成功
2019-02-27 14:24:39,018 - BasePage -INFO -找到页面元素--('name', 'moderate[]')
2019-02-27 14:24:39,069 - BasePage -INFO -点击按钮:('name', 'moderate[]')
2019-02-27 14:24:39,103 - BasePage -INFO -找到页面元素--('css selector', '#mdly > p:nth-child(6) > strong:nth-child(1) > a')
2019-02-27 14:24:39,262 - BasePage -INFO -点击按钮:('css selector', '#mdly > p:nth-child(6) > strong:nth-child(1) > a')
2019-02-27 14:24:39,310 - BasePage -INFO -找到页面元素--('name', 'modsubmit')
2019-02-27 14:24:39,695 - BasePage -INFO -点击按钮:('name', 'modsubmit')
2019-02-27 14:24:39,701 - BasePage -INFO -激活当前窗口成功
2019-02-27 14:24:39,739 - BasePage -INFO -找到页面元素--('xpath', '//*[@id="um"]/p[1]/a[6]')
2019-02-27 14:24:39,844 - BasePage -INFO -点击按钮:('xpath', '//*[@id="um"]/p[1]/a[6]')
2019-02-27 14:24:39,850 - BasePage -INFO -激活第1个窗口成功
2019-02-27 14:24:39,854 - BasePage -INFO -激活当前窗口成功
2019-02-27 14:25:07,734 - BasePage -INFO -找到页面元素--('id', 'header_forum')
2019-02-27 14:25:07,920 - BasePage -INFO -点击按钮:('id', 'header_forum')
2019-02-27 14:25:07,924 - BasePage -INFO -激活当前窗口成功
2019-02-27 14:25:07,936 - BasePage -INFO -发现frame
2019-02-27 14:25:07,960 - BasePage -INFO -找到页面元素--('css selector', '#cpform > table > tbody:nth-child(3) > tr > td:nth-child(2) > div > a')
2019-02-27 14:25:08,070 - BasePage -INFO -点击按钮:('css selector', '#cpform > table > tbody:nth-child(3) > tr > td:nth-child(2) > div > a')
2019-02-27 14:25:08,099 - BasePage -INFO -找到页面元素--('id', 'submit_editsubmit')
2019-02-27 14:25:08,301 - BasePage -INFO -点击按钮:('id', 'submit_editsubmit')
2019-02-27 14:25:08,305 - BasePage -INFO -激活当前窗口成功
2019-02-27 14:25:08,333 - BasePage -INFO -找到页面元素--('css selector', '#frameuinfo> p:nth-child(1) > a')
2019-02-27 14:25:08,675 - BasePage -INFO -点击按钮:('css selector', '#frameuinfo> p:nth-child(1) > a')
2019-02-27 14:25:08,698 - BasePage -INFO -Closing and quit the browser
2019-02-27 14:25:08,700 - BasePage -INFO -激活第1个窗口失败
2019-02-27 14:25:08,703 - BasePage -ERROR -<pageobjects.discuz02.TwoDiscuz object at 0x00000272ED2D7588>页面中没有找到('css selector', 'um > p:nth-child(2) > a:nth-child(18)')元素
2019-02-27 14:25:08,703 - BasePage -ERROR -点击按钮失败:('css selector', 'um > p:nth-child(2) > a:nth-child(18)')
2019-02-27 14:25:08,705 - BasePage -ERROR -<pageobjects.discuz01.OneDiscuz object at 0x00000272ED2E9940>页面中没有找到('id', 'ls_username')元素
2019-02-27 14:25:08,705 - BasePage -ERROR -failed输入内容：'NoneType' object has no attribute 'send_keys'
2019-02-27 14:25:08,707 - BasePage -ERROR -<pageobjects.discuz01.OneDiscuz object at 0x00000272ED2E9940>页面中没有找到('id', 'ls_password')元素
2019-02-27 14:25:08,707 - BasePage -ERROR -failed输入内容：'NoneType' object has no attribute 'send_keys'
2019-02-27 14:25:08,713 - BasePage -ERROR -<pageobjects.discuz01.OneDiscuz object at 0x00000272ED2E9940>页面中没有找到('css selector', 'tbody tr:nth-child(2) td:nth-child(3) button')元素
2019-02-27 14:25:08,713 - BasePage -ERROR -点击按钮失败:('css selector', 'tbody tr:nth-child(2) td:nth-child(3) button')
2019-02-27 14:25:08,715 - BasePage -ERROR -激活当前窗口失败
2019-02-27 14:25:08,718 - BasePage -ERROR -<pageobjects.discuz02.TwoDiscuz object at 0x00000272ED2D7588>页面中没有找到('css selector', '#category_1 > table > tbody > tr:nth-child(2) > td:nth-child(2) > h2 > a')元素
2019-02-27 14:25:08,718 - BasePage -ERROR -点击按钮失败:('css selector', '#category_1 > table > tbody > tr:nth-child(2) > td:nth-child(2) > h2 > a')
2019-02-27 14:25:08,720 - BasePage -ERROR -<pageobjects.discuz01.OneDiscuz object at 0x00000272ED2E9940>页面中没有找到('id', 'newspecial')元素
2019-02-27 14:25:08,720 - BasePage -ERROR -点击按钮失败:('id', 'newspecial')
2019-02-27 14:25:08,721 - BasePage -ERROR -<pageobjects.discuz01.OneDiscuz object at 0x00000272ED2E9940>页面中没有找到('name', 'subject')元素
2019-02-27 14:25:08,722 - BasePage -ERROR -failed输入内容：'NoneType' object has no attribute 'send_keys'
2019-02-27 14:25:08,723 - BrowserEngine -INFO -Now Close and quit the browser.
